@!@!@STARTMSG 2262:0 @!@!@
TLC2 Version 2.16 of 31 December 2020 (rev: cdddf55)
@!@!@ENDMSG 2262 @!@!@
@!@!@STARTMSG 2187:0 @!@!@
Running breadth-first search Model-Checking with fp 12 and seed -8604278348351695491 with 8 workers on 8 cores with 3547MB heap and 7973MB offheap memory [pid: 3351] (Linux 6.14.0-33-generic amd64, AdoptOpenJDK 14.0.1 x86_64, OffHeapDiskFPSet, DiskStateQueue).
@!@!@ENDMSG 2187 @!@!@
@!@!@STARTMSG 2220:0 @!@!@
Starting SANY...
@!@!@ENDMSG 2220 @!@!@
Parsing file /home/floyd/Desktop/Uni/Master/2_Semester/Masters Project/TLA+ Toolbox/SplitLess/SplitLess_replica_group_expenses.toolbox/Model_1/MC.tla
Parsing file /home/floyd/Desktop/Uni/Master/2_Semester/Masters Project/TLA+ Toolbox/SplitLess/SplitLess_replica_group_expenses.toolbox/Model_1/SplitLess_replica_group_expenses.tla
Parsing file /home/floyd/Desktop/Uni/Master/2_Semester/Masters Project/TLA+ Toolbox/toolbox/plugins/org.lamport.tlatools_1.0.0.202012311918/tla2sany/StandardModules/TLC.tla
Parsing file /home/floyd/Desktop/Uni/Master/2_Semester/Masters Project/TLA+ Toolbox/toolbox/plugins/org.lamport.tlatools_1.0.0.202012311918/tla2sany/StandardModules/Naturals.tla
Parsing file /home/floyd/Desktop/Uni/Master/2_Semester/Masters Project/TLA+ Toolbox/toolbox/plugins/org.lamport.tlatools_1.0.0.202012311918/tla2sany/StandardModules/Sequences.tla
Parsing file /home/floyd/Desktop/Uni/Master/2_Semester/Masters Project/TLA+ Toolbox/toolbox/plugins/org.lamport.tlatools_1.0.0.202012311918/tla2sany/StandardModules/FiniteSets.tla
Semantic processing of module Naturals
Semantic processing of module Sequences
Semantic processing of module FiniteSets
Semantic processing of module SplitLess_replica_group_expenses
Semantic processing of module TLC
Semantic processing of module MC
@!@!@STARTMSG 2219:0 @!@!@
SANY finished.
@!@!@ENDMSG 2219 @!@!@
@!@!@STARTMSG 2185:0 @!@!@
Starting... (2025-11-03 10:06:50)
@!@!@ENDMSG 2185 @!@!@
@!@!@STARTMSG 2189:0 @!@!@
Computing initial states...
@!@!@ENDMSG 2189 @!@!@
@!@!@STARTMSG 2190:0 @!@!@
Finished computing initial states: 1 distinct state generated at 2025-11-03 10:06:51.
@!@!@ENDMSG 2190 @!@!@
@!@!@STARTMSG 2200:0 @!@!@
Progress(7) at 2025-11-03 10:06:54: 99,578 states generated (99,578 s/min), 35,050 distinct states found (35,050 ds/min), 29,292 states left on queue.
@!@!@ENDMSG 2200 @!@!@
@!@!@STARTMSG 2110:1 @!@!@
Invariant Inv_GroupBalanceZero is violated.
@!@!@ENDMSG 2110 @!@!@
@!@!@STARTMSG 2121:1 @!@!@
The behavior up to this point is:
@!@!@ENDMSG 2121 @!@!@
@!@!@STARTMSG 2217:4 @!@!@
1: <Initial predicate>
/\ actionCounter = 0
/\ replicas = (r1 :> [id |-> r1, recordedExpenses |-> (eid1 :> NO_EXPENSE @@ eid2 :> NO_EXPENSE), groups |-> (gid1 :> NO_GROUP @@ gid2 :> NO_GROUP)] @@ r2 :> [id |-> r2, recordedExpenses |-> (eid1 :> NO_EXPENSE @@ eid2 :> NO_EXPENSE), groups |-> (gid1 :> NO_GROUP @@ gid2 :> NO_GROUP)])

@!@!@ENDMSG 2217 @!@!@
@!@!@STARTMSG 2217:4 @!@!@
2: <CreateGroup line 123, col 9 to line 135, col 43 of module SplitLess_replica_group_expenses>
/\ actionCounter = 0
/\ replicas = (r1 :> [id |-> r1, recordedExpenses |-> (eid1 :> NO_EXPENSE @@ eid2 :> NO_EXPENSE), groups |-> (gid1 :> [id |-> gid1, members |-> (a :> 1 @@ b :> 0), totalGifted |-> 0, individualGiftsSent |-> (a :> 0 @@ b :> 0)] @@ gid2 :> NO_GROUP)] @@ r2 :> [id |-> r2, recordedExpenses |-> (eid1 :> NO_EXPENSE @@ eid2 :> NO_EXPENSE), groups |-> (gid1 :> NO_GROUP @@ gid2 :> NO_GROUP)])

@!@!@ENDMSG 2217 @!@!@
@!@!@STARTMSG 2217:4 @!@!@
3: <CreateExpense line 178, col 9 to line 193, col 51 of module SplitLess_replica_group_expenses>
/\ actionCounter = 1
/\ replicas = (r1 :> [id |-> r1, recordedExpenses |-> (eid1 :> [id |-> eid1, group |-> NO_GROUP, version |-> 0, payer |-> a, amount |-> 1, shares |-> (a :> 1 @@ b :> 0), deleted |-> FALSE] @@ eid2 :> NO_EXPENSE), groups |-> (gid1 :> [id |-> gid1, members |-> (a :> 1 @@ b :> 0), totalGifted |-> 0, individualGiftsSent |-> (a :> 0 @@ b :> 0)] @@ gid2 :> NO_GROUP)] @@ r2 :> [id |-> r2, recordedExpenses |-> (eid1 :> NO_EXPENSE @@ eid2 :> NO_EXPENSE), groups |-> (gid1 :> NO_GROUP @@ gid2 :> NO_GROUP)])

@!@!@ENDMSG 2217 @!@!@
@!@!@STARTMSG 2217:4 @!@!@
4: <AddExpenseToGroup line 200, col 9 to line 215, col 51 of module SplitLess_replica_group_expenses>
/\ actionCounter = 2
/\ replicas = (r1 :> [id |-> r1, recordedExpenses |-> (eid1 :> [id |-> eid1, group |-> gid1, version |-> 0, payer |-> a, amount |-> 1, shares |-> (a :> 1 @@ b :> 0), deleted |-> FALSE] @@ eid2 :> NO_EXPENSE), groups |-> (gid1 :> [id |-> gid1, members |-> (a :> 1 @@ b :> 0), totalGifted |-> 0, individualGiftsSent |-> (a :> 0 @@ b :> 0)] @@ gid2 :> NO_GROUP)] @@ r2 :> [id |-> r2, recordedExpenses |-> (eid1 :> NO_EXPENSE @@ eid2 :> NO_EXPENSE), groups |-> (gid1 :> NO_GROUP @@ gid2 :> NO_GROUP)])

@!@!@ENDMSG 2217 @!@!@
@!@!@STARTMSG 2217:4 @!@!@
5: <MergeReplicas line 330, col 5 to line 349, col 35 of module SplitLess_replica_group_expenses>
/\ actionCounter = 2
/\ replicas = (r1 :> [id |-> r1, recordedExpenses |-> (eid1 :> [id |-> eid1, group |-> gid1, version |-> 0, payer |-> a, amount |-> 1, shares |-> (a :> 1 @@ b :> 0), deleted |-> FALSE] @@ eid2 :> NO_EXPENSE), groups |-> (gid1 :> [id |-> gid1, members |-> (a :> 1 @@ b :> 0), totalGifted |-> 0, individualGiftsSent |-> (a :> 0 @@ b :> 0)] @@ gid2 :> NO_GROUP)] @@ r2 :> [id |-> r2, recordedExpenses |-> (eid1 :> [id |-> eid1, group |-> gid1, version |-> 0, payer |-> a, amount |-> 1, shares |-> (a :> 1 @@ b :> 0), deleted |-> FALSE] @@ eid2 :> NO_EXPENSE), groups |-> (gid1 :> [id |-> gid1, members |-> (a :> 1 @@ b :> 0), totalGifted |-> 0, individualGiftsSent |-> (a :> 0 @@ b :> 0)] @@ gid2 :> NO_GROUP)])

@!@!@ENDMSG 2217 @!@!@
@!@!@STARTMSG 2217:4 @!@!@
6: <RemoveExpenseFromGroup line 222, col 9 to line 234, col 47 of module SplitLess_replica_group_expenses>
/\ actionCounter = 3
/\ replicas = (r1 :> [id |-> r1, recordedExpenses |-> (eid1 :> [id |-> eid1, group |-> NO_GROUP, version |-> 0, payer |-> a, amount |-> 1, shares |-> (a :> 1 @@ b :> 0), deleted |-> FALSE] @@ eid2 :> NO_EXPENSE), groups |-> (gid1 :> [id |-> gid1, members |-> (a :> 1 @@ b :> 0), totalGifted |-> 0, individualGiftsSent |-> (a :> 0 @@ b :> 0)] @@ gid2 :> NO_GROUP)] @@ r2 :> [id |-> r2, recordedExpenses |-> (eid1 :> [id |-> eid1, group |-> gid1, version |-> 0, payer |-> a, amount |-> 1, shares |-> (a :> 1 @@ b :> 0), deleted |-> FALSE] @@ eid2 :> NO_EXPENSE), groups |-> (gid1 :> [id |-> gid1, members |-> (a :> 1 @@ b :> 0), totalGifted |-> 0, individualGiftsSent |-> (a :> 0 @@ b :> 0)] @@ gid2 :> NO_GROUP)])

@!@!@ENDMSG 2217 @!@!@
@!@!@STARTMSG 2217:4 @!@!@
7: <ModifyExpenseParameters line 241, col 9 to line 262, col 51 of module SplitLess_replica_group_expenses>
/\ actionCounter = 4
/\ replicas = (r1 :> [id |-> r1, recordedExpenses |-> (eid1 :> [id |-> eid1, group |-> NO_GROUP, version |-> 1, payer |-> a, amount |-> 1, shares |-> (a :> 0 @@ b :> 1), deleted |-> FALSE] @@ eid2 :> NO_EXPENSE), groups |-> (gid1 :> [id |-> gid1, members |-> (a :> 1 @@ b :> 0), totalGifted |-> 0, individualGiftsSent |-> (a :> 0 @@ b :> 0)] @@ gid2 :> NO_GROUP)] @@ r2 :> [id |-> r2, recordedExpenses |-> (eid1 :> [id |-> eid1, group |-> gid1, version |-> 0, payer |-> a, amount |-> 1, shares |-> (a :> 1 @@ b :> 0), deleted |-> FALSE] @@ eid2 :> NO_EXPENSE), groups |-> (gid1 :> [id |-> gid1, members |-> (a :> 1 @@ b :> 0), totalGifted |-> 0, individualGiftsSent |-> (a :> 0 @@ b :> 0)] @@ gid2 :> NO_GROUP)])

@!@!@ENDMSG 2217 @!@!@
@!@!@STARTMSG 2217:4 @!@!@
8: <MergeReplicas line 330, col 5 to line 349, col 35 of module SplitLess_replica_group_expenses>
/\ actionCounter = 4
/\ replicas = (r1 :> [id |-> r1, recordedExpenses |-> (eid1 :> [id |-> eid1, group |-> NO_GROUP, version |-> 1, payer |-> a, amount |-> 1, shares |-> (a :> 0 @@ b :> 1), deleted |-> FALSE] @@ eid2 :> NO_EXPENSE), groups |-> (gid1 :> [id |-> gid1, members |-> (a :> 1 @@ b :> 0), totalGifted |-> 0, individualGiftsSent |-> (a :> 0 @@ b :> 0)] @@ gid2 :> NO_GROUP)] @@ r2 :> [id |-> r2, recordedExpenses |-> (eid1 :> [id |-> eid1, group |-> gid1, version |-> 1, payer |-> a, amount |-> 1, shares |-> (a :> 0 @@ b :> 1), deleted |-> FALSE] @@ eid2 :> NO_EXPENSE), groups |-> (gid1 :> [id |-> gid1, members |-> (a :> 1 @@ b :> 0), totalGifted |-> 1, individualGiftsSent |-> (a :> 1 @@ b :> 0)] @@ gid2 :> NO_GROUP)])

@!@!@ENDMSG 2217 @!@!@
@!@!@STARTMSG 2201:0 @!@!@
The coverage statistics at 2025-11-03 10:07:12
@!@!@ENDMSG 2201 @!@!@
@!@!@STARTMSG 2773:0 @!@!@
<Init line 44, col 1 to line 44, col 4 of module SplitLess_replica_group_expenses>: 2:2
@!@!@ENDMSG 2773 @!@!@
@!@!@STARTMSG 2221:0 @!@!@
  line 45, col 8 to line 52, col 27 of module SplitLess_replica_group_expenses: 2
@!@!@ENDMSG 2221 @!@!@
@!@!@STARTMSG 2772:0 @!@!@
<CreateGroup line 119, col 1 to line 119, col 11 of module SplitLess_replica_group_expenses (123 9 135 43)>: 7966:83495
@!@!@ENDMSG 2772 @!@!@
@!@!@STARTMSG 2221:0 @!@!@
  line 123, col 12 to line 123, col 40 of module SplitLess_replica_group_expenses: 829192
@!@!@ENDMSG 2221 @!@!@
@!@!@STARTMSG 2221:0 @!@!@
  |line 123, col 12 to line 123, col 34 of module SplitLess_replica_group_expenses: 745697
@!@!@ENDMSG 2221 @!@!@
@!@!@STARTMSG 2221:0 @!@!@
  |line 123, col 38 to line 123, col 40 of module SplitLess_replica_group_expenses: 745697
@!@!@ENDMSG 2221 @!@!@
@!@!@STARTMSG 2221:0 @!@!@
  line 125, col 51 to line 125, col 91 of module SplitLess_replica_group_expenses: 688148
@!@!@ENDMSG 2221 @!@!@
@!@!@STARTMSG 2221:0 @!@!@
  |line 125, col 51 to line 125, col 80 of module SplitLess_replica_group_expenses: 521158
@!@!@ENDMSG 2221 @!@!@
@!@!@STARTMSG 2221:0 @!@!@
  |line 125, col 84 to line 125, col 91 of module SplitLess_replica_group_expenses: 521158
@!@!@ENDMSG 2221 @!@!@
@!@!@STARTMSG 2221:0 @!@!@
  line 125, col 28 to line 125, col 47 of module SplitLess_replica_group_expenses: 372849
@!@!@ENDMSG 2221 @!@!@
@!@!@STARTMSG 2221:0 @!@!@
  line 133, col 18 to line 133, col 66 of module SplitLess_replica_group_expenses: 83495
@!@!@ENDMSG 2221 @!@!@
@!@!@STARTMSG 2221:0 @!@!@
  line 135, col 18 to line 135, col 43 of module SplitLess_replica_group_expenses: 83495
@!@!@ENDMSG 2221 @!@!@
@!@!@STARTMSG 2772:0 @!@!@
<AddMember line 137, col 1 to line 137, col 9 of module SplitLess_replica_group_expenses (141 9 149 51)>: 8557:75808
@!@!@ENDMSG 2772 @!@!@
@!@!@STARTMSG 2221:0 @!@!@
  line 141, col 12 to line 141, col 40 of module SplitLess_replica_group_expenses: 1567200
@!@!@ENDMSG 2221 @!@!@
@!@!@STARTMSG 2221:0 @!@!@
  |line 141, col 12 to line 141, col 34 of module SplitLess_replica_group_expenses: 1491392
@!@!@ENDMSG 2221 @!@!@
@!@!@STARTMSG 2221:0 @!@!@
  |line 141, col 38 to line 141, col 40 of module SplitLess_replica_group_expenses: 1491392
@!@!@ENDMSG 2221 @!@!@
@!@!@STARTMSG 2221:0 @!@!@
  line 142, col 12 to line 142, col 47 of module SplitLess_replica_group_expenses: 821504
@!@!@ENDMSG 2221 @!@!@
@!@!@STARTMSG 2221:0 @!@!@
  |line 142, col 12 to line 142, col 36 of module SplitLess_replica_group_expenses: 745696
@!@!@ENDMSG 2221 @!@!@
@!@!@STARTMSG 2221:0 @!@!@
  |line 142, col 40 to line 142, col 47 of module SplitLess_replica_group_expenses: 745696
@!@!@ENDMSG 2221 @!@!@
@!@!@STARTMSG 2221:0 @!@!@
  line 66, col 3 to line 66, col 23 of module SplitLess_replica_group_expenses: 512024
@!@!@ENDMSG 2221 @!@!@
@!@!@STARTMSG 2221:0 @!@!@
  |line 66, col 3 to line 66, col 19 of module SplitLess_replica_group_expenses: 436216
@!@!@ENDMSG 2221 @!@!@
@!@!@STARTMSG 2221:0 @!@!@
  line 143, col 21 to line 143, col 60 of module SplitLess_replica_group_expenses: 436216
@!@!@ENDMSG 2221 @!@!@
@!@!@STARTMSG 2221:0 @!@!@
  line 144, col 12 to line 144, col 66 of module SplitLess_replica_group_expenses: 339050
@!@!@ENDMSG 2221 @!@!@
@!@!@STARTMSG 2221:0 @!@!@
  |line 144, col 13 to line 144, col 66 of module SplitLess_replica_group_expenses: 263242
@!@!@ENDMSG 2221 @!@!@
@!@!@STARTMSG 2221:0 @!@!@
  line 148, col 15 to line 149, col 51 of module SplitLess_replica_group_expenses: 75808
@!@!@ENDMSG 2221 @!@!@
@!@!@STARTMSG 2772:0 @!@!@
<LeaveGroup line 151, col 1 to line 151, col 10 of module SplitLess_replica_group_expenses (155 9 166 51)>: 16594:130709
@!@!@ENDMSG 2772 @!@!@
@!@!@STARTMSG 2221:0 @!@!@
  line 155, col 12 to line 155, col 40 of module SplitLess_replica_group_expenses: 876405
@!@!@ENDMSG 2221 @!@!@
@!@!@STARTMSG 2221:0 @!@!@
  |line 155, col 12 to line 155, col 34 of module SplitLess_replica_group_expenses: 745696
@!@!@ENDMSG 2221 @!@!@
@!@!@STARTMSG 2221:0 @!@!@
  |line 155, col 38 to line 155, col 40 of module SplitLess_replica_group_expenses: 745696
@!@!@ENDMSG 2221 @!@!@
@!@!@STARTMSG 2221:0 @!@!@
  line 156, col 12 to line 156, col 47 of module SplitLess_replica_group_expenses: 503557
@!@!@ENDMSG 2221 @!@!@
@!@!@STARTMSG 2221:0 @!@!@
  |line 156, col 12 to line 156, col 36 of module SplitLess_replica_group_expenses: 372848
@!@!@ENDMSG 2221 @!@!@
@!@!@STARTMSG 2221:0 @!@!@
  |line 156, col 40 to line 156, col 47 of module SplitLess_replica_group_expenses: 372848
@!@!@ENDMSG 2221 @!@!@
@!@!@STARTMSG 2221:0 @!@!@
  line 66, col 3 to line 66, col 23 of module SplitLess_replica_group_expenses: 348817
@!@!@ENDMSG 2221 @!@!@
@!@!@STARTMSG 2221:0 @!@!@
  |line 66, col 3 to line 66, col 19 of module SplitLess_replica_group_expenses: 218108
@!@!@ENDMSG 2221 @!@!@
@!@!@STARTMSG 2221:0 @!@!@
  line 157, col 21 to line 157, col 60 of module SplitLess_replica_group_expenses: 218108
@!@!@ENDMSG 2221 @!@!@
@!@!@STARTMSG 2221:0 @!@!@
  line 158, col 12 to line 158, col 50 of module SplitLess_replica_group_expenses: 130709
@!@!@ENDMSG 2221 @!@!@
@!@!@STARTMSG 2221:0 @!@!@
  |line 158, col 12 to line 158, col 45 of module SplitLess_replica_group_expenses: 131621
@!@!@ENDMSG 2221 @!@!@
@!@!@STARTMSG 2221:0 @!@!@
  ||line 79, col 30 to line 79, col 75 of module SplitLess_replica_group_expenses: 131621
@!@!@ENDMSG 2221 @!@!@
@!@!@STARTMSG 2775:0 @!@!@
  |||line 60, col 3 to line 63, col 46 of module SplitLess_replica_group_expenses: 131621:283084
@!@!@ENDMSG 2775 @!@!@
@!@!@STARTMSG 2221:0 @!@!@
  ||||line 61, col 7 to line 63, col 44 of module SplitLess_replica_group_expenses: 263242
@!@!@ENDMSG 2221 @!@!@
@!@!@STARTMSG 2221:0 @!@!@
  |||||line 61, col 10 to line 61, col 45 of module SplitLess_replica_group_expenses: 263242
@!@!@ENDMSG 2221 @!@!@
@!@!@STARTMSG 2221:0 @!@!@
  |||||line 62, col 10 to line 62, col 48 of module SplitLess_replica_group_expenses: 156781
@!@!@ENDMSG 2221 @!@!@
@!@!@STARTMSG 2221:0 @!@!@
  |||||line 63, col 10 to line 63, col 44 of module SplitLess_replica_group_expenses: 135151
@!@!@ENDMSG 2221 @!@!@
@!@!@STARTMSG 2221:0 @!@!@
  ||||line 60, col 13 to line 60, col 32 of module SplitLess_replica_group_expenses: 131621
@!@!@ENDMSG 2221 @!@!@
@!@!@STARTMSG 2221:0 @!@!@
  |||line 79, col 46 to line 79, col 48 of module SplitLess_replica_group_expenses: 101529
@!@!@ENDMSG 2221 @!@!@
@!@!@STARTMSG 2221:0 @!@!@
  |||line 79, col 51 to line 79, col 74 of module SplitLess_replica_group_expenses: 131621
@!@!@ENDMSG 2221 @!@!@
@!@!@STARTMSG 2221:0 @!@!@
  ||line 80, col 12 to line 84, col 55 of module SplitLess_replica_group_expenses: 131621
@!@!@ENDMSG 2221 @!@!@
@!@!@STARTMSG 2221:0 @!@!@
  |||line 80, col 12 to line 83, col 95 of module SplitLess_replica_group_expenses: 131621
@!@!@ENDMSG 2221 @!@!@
@!@!@STARTMSG 2221:0 @!@!@
  ||||line 80, col 12 to line 82, col 79 of module SplitLess_replica_group_expenses: 131621
@!@!@ENDMSG 2221 @!@!@
@!@!@STARTMSG 2221:0 @!@!@
  |||||line 73, col 7 to line 75, col 65 of module SplitLess_replica_group_expenses: 141542
@!@!@ENDMSG 2221 @!@!@
@!@!@STARTMSG 2221:0 @!@!@
  ||||||line 73, col 10 to line 73, col 22 of module SplitLess_replica_group_expenses: 141542
@!@!@ENDMSG 2221 @!@!@
@!@!@STARTMSG 2221:0 @!@!@
  ||||||line 74, col 21 to line 74, col 48 of module SplitLess_replica_group_expenses: 9921
@!@!@ENDMSG 2221 @!@!@
@!@!@STARTMSG 2221:0 @!@!@
  ||||||line 75, col 15 to line 75, col 65 of module SplitLess_replica_group_expenses: 9921
@!@!@ENDMSG 2221 @!@!@
@!@!@STARTMSG 2775:0 @!@!@
  |||||line 80, col 24 to line 82, col 78 of module SplitLess_replica_group_expenses: 131621:9921
@!@!@ENDMSG 2775 @!@!@
@!@!@STARTMSG 2221:0 @!@!@
  ||||line 83, col 14 to line 83, col 95 of module SplitLess_replica_group_expenses: 131621
@!@!@ENDMSG 2221 @!@!@
@!@!@STARTMSG 2221:0 @!@!@
  |||||line 73, col 7 to line 75, col 65 of module SplitLess_replica_group_expenses: 141542
@!@!@ENDMSG 2221 @!@!@
@!@!@STARTMSG 2221:0 @!@!@
  ||||||line 73, col 10 to line 73, col 22 of module SplitLess_replica_group_expenses: 141542
@!@!@ENDMSG 2221 @!@!@
@!@!@STARTMSG 2221:0 @!@!@
  ||||||line 74, col 21 to line 74, col 48 of module SplitLess_replica_group_expenses: 9921
@!@!@ENDMSG 2221 @!@!@
@!@!@STARTMSG 2221:0 @!@!@
  ||||||line 75, col 15 to line 75, col 65 of module SplitLess_replica_group_expenses: 9921
@!@!@ENDMSG 2221 @!@!@
@!@!@STARTMSG 2775:0 @!@!@
  |||||line 83, col 26 to line 83, col 94 of module SplitLess_replica_group_expenses: 131621:9921
@!@!@ENDMSG 2775 @!@!@
@!@!@STARTMSG 2221:0 @!@!@
  |||line 84, col 14 to line 84, col 55 of module SplitLess_replica_group_expenses: 131621
@!@!@ENDMSG 2221 @!@!@
@!@!@STARTMSG 2221:0 @!@!@
  ||line 158, col 20 to line 158, col 24 of module SplitLess_replica_group_expenses: 131621
@!@!@ENDMSG 2221 @!@!@
@!@!@STARTMSG 2221:0 @!@!@
  ||line 158, col 27 to line 158, col 29 of module SplitLess_replica_group_expenses: 131621
@!@!@ENDMSG 2221 @!@!@
@!@!@STARTMSG 2221:0 @!@!@
  ||line 158, col 32 to line 158, col 44 of module SplitLess_replica_group_expenses: 131621
@!@!@ENDMSG 2221 @!@!@
@!@!@STARTMSG 2221:0 @!@!@
  line 165, col 18 to line 165, col 66 of module SplitLess_replica_group_expenses: 130709
@!@!@ENDMSG 2221 @!@!@
@!@!@STARTMSG 2221:0 @!@!@
  |line 165, col 30 to line 165, col 66 of module SplitLess_replica_group_expenses: 130709
@!@!@ENDMSG 2221 @!@!@
@!@!@STARTMSG 2221:0 @!@!@
  ||line 165, col 31 to line 165, col 38 of module SplitLess_replica_group_expenses: 130709
@!@!@ENDMSG 2221 @!@!@
@!@!@STARTMSG 2221:0 @!@!@
  ||line 165, col 47 to line 165, col 65 of module SplitLess_replica_group_expenses: 130709
@!@!@ENDMSG 2221 @!@!@
@!@!@STARTMSG 2221:0 @!@!@
  ||line 165, col 56 to line 165, col 65 of module SplitLess_replica_group_expenses: 130709
@!@!@ENDMSG 2221 @!@!@
@!@!@STARTMSG 2221:0 @!@!@
  |||line 164, col 16 to line 164, col 60 of module SplitLess_replica_group_expenses: 130709
@!@!@ENDMSG 2221 @!@!@
@!@!@STARTMSG 2221:0 @!@!@
  ||||line 164, col 18 to line 164, col 30 of module SplitLess_replica_group_expenses: 130709
@!@!@ENDMSG 2221 @!@!@
@!@!@STARTMSG 2221:0 @!@!@
  ||||line 164, col 50 to line 164, col 58 of module SplitLess_replica_group_expenses: 130709
@!@!@ENDMSG 2221 @!@!@
@!@!@STARTMSG 2221:0 @!@!@
  |||||line 162, col 27 to line 162, col 84 of module SplitLess_replica_group_expenses: 130709
@!@!@ENDMSG 2221 @!@!@
@!@!@STARTMSG 2775:0 @!@!@
  ||||||line 107, col 7 to line 112, col 7 of module SplitLess_replica_group_expenses: 130709:261418
@!@!@ENDMSG 2775 @!@!@
@!@!@STARTMSG 2221:0 @!@!@
  ||||||line 162, col 39 to line 162, col 51 of module SplitLess_replica_group_expenses: 130709
@!@!@ENDMSG 2221 @!@!@
@!@!@STARTMSG 2221:0 @!@!@
  ||||||line 162, col 54 to line 162, col 83 of module SplitLess_replica_group_expenses: 92120
@!@!@ENDMSG 2221 @!@!@
@!@!@STARTMSG 2221:0 @!@!@
  line 166, col 18 to line 166, col 51 of module SplitLess_replica_group_expenses: 130709
@!@!@ENDMSG 2221 @!@!@
@!@!@STARTMSG 2772:0 @!@!@
<CreateExpense line 173, col 1 to line 173, col 13 of module SplitLess_replica_group_expenses (178 9 193 51)>: 30441:200973
@!@!@ENDMSG 2772 @!@!@
@!@!@STARTMSG 2221:0 @!@!@
  line 178, col 12 to line 178, col 40 of module SplitLess_replica_group_expenses: 3183734
@!@!@ENDMSG 2221 @!@!@
@!@!@STARTMSG 2221:0 @!@!@
  |line 178, col 12 to line 178, col 34 of module SplitLess_replica_group_expenses: 2982761
@!@!@ENDMSG 2221 @!@!@
@!@!@STARTMSG 2221:0 @!@!@
  |line 178, col 38 to line 178, col 40 of module SplitLess_replica_group_expenses: 2982761
@!@!@ENDMSG 2221 @!@!@
@!@!@STARTMSG 2221:0 @!@!@
  line 179, col 12 to line 179, col 34 of module SplitLess_replica_group_expenses: 200973
@!@!@ENDMSG 2221 @!@!@
@!@!@STARTMSG 2221:0 @!@!@
  |line 179, col 12 to line 179, col 30 of module SplitLess_replica_group_expenses: 1491381
@!@!@ENDMSG 2221 @!@!@
@!@!@STARTMSG 2221:0 @!@!@
  ||line 73, col 7 to line 75, col 65 of module SplitLess_replica_group_expenses: 4474143
@!@!@ENDMSG 2221 @!@!@
@!@!@STARTMSG 2221:0 @!@!@
  |||line 73, col 10 to line 73, col 22 of module SplitLess_replica_group_expenses: 4474143
@!@!@ENDMSG 2221 @!@!@
@!@!@STARTMSG 2221:0 @!@!@
  |||line 74, col 21 to line 74, col 48 of module SplitLess_replica_group_expenses: 2982762
@!@!@ENDMSG 2221 @!@!@
@!@!@STARTMSG 2221:0 @!@!@
  |||line 75, col 15 to line 75, col 65 of module SplitLess_replica_group_expenses: 2982762
@!@!@ENDMSG 2221 @!@!@
@!@!@STARTMSG 2221:0 @!@!@
  ||line 179, col 24 to line 179, col 29 of module SplitLess_replica_group_expenses: 1491381
@!@!@ENDMSG 2221 @!@!@
@!@!@STARTMSG 2221:0 @!@!@
  line 181, col 51 to line 181, col 103 of module SplitLess_replica_group_expenses: 1962780
@!@!@ENDMSG 2221 @!@!@
@!@!@STARTMSG 2221:0 @!@!@
  |line 181, col 51 to line 181, col 90 of module SplitLess_replica_group_expenses: 1560834
@!@!@ENDMSG 2221 @!@!@
@!@!@STARTMSG 2221:0 @!@!@
  |line 181, col 94 to line 181, col 103 of module SplitLess_replica_group_expenses: 1560834
@!@!@ENDMSG 2221 @!@!@
@!@!@STARTMSG 2221:0 @!@!@
  line 181, col 28 to line 181, col 47 of module SplitLess_replica_group_expenses: 1118535
@!@!@ENDMSG 2221 @!@!@
@!@!@STARTMSG 2221:0 @!@!@
  line 192, col 18 to line 192, col 66 of module SplitLess_replica_group_expenses: 200973
@!@!@ENDMSG 2221 @!@!@
@!@!@STARTMSG 2221:0 @!@!@
  |line 192, col 30 to line 192, col 66 of module SplitLess_replica_group_expenses: 200973
@!@!@ENDMSG 2221 @!@!@
@!@!@STARTMSG 2221:0 @!@!@
  ||line 192, col 31 to line 192, col 38 of module SplitLess_replica_group_expenses: 200973
@!@!@ENDMSG 2221 @!@!@
@!@!@STARTMSG 2221:0 @!@!@
  ||line 192, col 47 to line 192, col 65 of module SplitLess_replica_group_expenses: 200973
@!@!@ENDMSG 2221 @!@!@
@!@!@STARTMSG 2221:0 @!@!@
  ||line 192, col 56 to line 192, col 65 of module SplitLess_replica_group_expenses: 200973
@!@!@ENDMSG 2221 @!@!@
@!@!@STARTMSG 2221:0 @!@!@
  |||line 191, col 16 to line 191, col 91 of module SplitLess_replica_group_expenses: 200973
@!@!@ENDMSG 2221 @!@!@
@!@!@STARTMSG 2221:0 @!@!@
  ||||line 191, col 18 to line 191, col 30 of module SplitLess_replica_group_expenses: 200973
@!@!@ENDMSG 2221 @!@!@
@!@!@STARTMSG 2221:0 @!@!@
  ||||line 191, col 60 to line 191, col 89 of module SplitLess_replica_group_expenses: 200973
@!@!@ENDMSG 2221 @!@!@
@!@!@STARTMSG 2221:0 @!@!@
  |||||line 191, col 70 to line 191, col 88 of module SplitLess_replica_group_expenses: 200973
@!@!@ENDMSG 2221 @!@!@
@!@!@STARTMSG 2221:0 @!@!@
  |||||line 191, col 79 to line 191, col 88 of module SplitLess_replica_group_expenses: 200973
@!@!@ENDMSG 2221 @!@!@
@!@!@STARTMSG 2221:0 @!@!@
  ||||||line 183, col 15 to line 189, col 35 of module SplitLess_replica_group_expenses: 200973
@!@!@ENDMSG 2221 @!@!@
@!@!@STARTMSG 2221:0 @!@!@
  |||||||line 183, col 17 to line 183, col 26 of module SplitLess_replica_group_expenses: 200973
@!@!@ENDMSG 2221 @!@!@
@!@!@STARTMSG 2221:0 @!@!@
  |||||||line 184, col 17 to line 184, col 34 of module SplitLess_replica_group_expenses: 200973
@!@!@ENDMSG 2221 @!@!@
@!@!@STARTMSG 2221:0 @!@!@
  |||||||line 186, col 17 to line 186, col 31 of module SplitLess_replica_group_expenses: 200973
@!@!@ENDMSG 2221 @!@!@
@!@!@STARTMSG 2221:0 @!@!@
  |||||||line 187, col 28 to line 187, col 46 of module SplitLess_replica_group_expenses: 200973
@!@!@ENDMSG 2221 @!@!@
@!@!@STARTMSG 2221:0 @!@!@
  ||||||||line 73, col 7 to line 75, col 65 of module SplitLess_replica_group_expenses: 602919
@!@!@ENDMSG 2221 @!@!@
@!@!@STARTMSG 2221:0 @!@!@
  |||||||||line 73, col 10 to line 73, col 22 of module SplitLess_replica_group_expenses: 602919
@!@!@ENDMSG 2221 @!@!@
@!@!@STARTMSG 2221:0 @!@!@
  |||||||||line 74, col 21 to line 74, col 48 of module SplitLess_replica_group_expenses: 401946
@!@!@ENDMSG 2221 @!@!@
@!@!@STARTMSG 2221:0 @!@!@
  |||||||||line 75, col 15 to line 75, col 65 of module SplitLess_replica_group_expenses: 401946
@!@!@ENDMSG 2221 @!@!@
@!@!@STARTMSG 2221:0 @!@!@
  ||||||||line 187, col 40 to line 187, col 45 of module SplitLess_replica_group_expenses: 200973
@!@!@ENDMSG 2221 @!@!@
@!@!@STARTMSG 2221:0 @!@!@
  |||||||line 188, col 17 to line 188, col 33 of module SplitLess_replica_group_expenses: 200973
@!@!@ENDMSG 2221 @!@!@
@!@!@STARTMSG 2221:0 @!@!@
  |||||||line 189, col 17 to line 189, col 33 of module SplitLess_replica_group_expenses: 200973
@!@!@ENDMSG 2221 @!@!@
@!@!@STARTMSG 2221:0 @!@!@
  line 193, col 18 to line 193, col 51 of module SplitLess_replica_group_expenses: 200973
@!@!@ENDMSG 2221 @!@!@
@!@!@STARTMSG 2772:0 @!@!@
<AddExpenseToGroup line 195, col 1 to line 195, col 17 of module SplitLess_replica_group_expenses (200 9 215 51)>: 14347:55538
@!@!@ENDMSG 2772 @!@!@
@!@!@STARTMSG 2221:0 @!@!@
  line 200, col 12 to line 200, col 40 of module SplitLess_replica_group_expenses: 1546899
@!@!@ENDMSG 2221 @!@!@
@!@!@STARTMSG 2221:0 @!@!@
  |line 200, col 12 to line 200, col 34 of module SplitLess_replica_group_expenses: 1491361
@!@!@ENDMSG 2221 @!@!@
@!@!@STARTMSG 2221:0 @!@!@
  |line 200, col 38 to line 200, col 40 of module SplitLess_replica_group_expenses: 1491361
@!@!@ENDMSG 2221 @!@!@
@!@!@STARTMSG 2221:0 @!@!@
  line 201, col 12 to line 201, col 47 of module SplitLess_replica_group_expenses: 801219
@!@!@ENDMSG 2221 @!@!@
@!@!@STARTMSG 2221:0 @!@!@
  |line 201, col 12 to line 201, col 36 of module SplitLess_replica_group_expenses: 745681
@!@!@ENDMSG 2221 @!@!@
@!@!@STARTMSG 2221:0 @!@!@
  |line 201, col 40 to line 201, col 47 of module SplitLess_replica_group_expenses: 745681
@!@!@ENDMSG 2221 @!@!@
@!@!@STARTMSG 2221:0 @!@!@
  line 202, col 12 to line 202, col 59 of module SplitLess_replica_group_expenses: 491751
@!@!@ENDMSG 2221 @!@!@
@!@!@STARTMSG 2221:0 @!@!@
  |line 202, col 12 to line 202, col 46 of module SplitLess_replica_group_expenses: 436213
@!@!@ENDMSG 2221 @!@!@
@!@!@STARTMSG 2221:0 @!@!@
  |line 202, col 50 to line 202, col 59 of module SplitLess_replica_group_expenses: 436213
@!@!@ENDMSG 2221 @!@!@
@!@!@STARTMSG 2221:0 @!@!@
  line 66, col 3 to line 66, col 23 of module SplitLess_replica_group_expenses: 311246
@!@!@ENDMSG 2221 @!@!@
@!@!@STARTMSG 2221:0 @!@!@
  |line 66, col 3 to line 66, col 19 of module SplitLess_replica_group_expenses: 255708
@!@!@ENDMSG 2221 @!@!@
@!@!@STARTMSG 2221:0 @!@!@
  line 203, col 21 to line 203, col 60 of module SplitLess_replica_group_expenses: 255708
@!@!@ENDMSG 2221 @!@!@
@!@!@STARTMSG 2221:0 @!@!@
  line 204, col 12 to line 204, col 60 of module SplitLess_replica_group_expenses: 212319
@!@!@ENDMSG 2221 @!@!@
@!@!@STARTMSG 2221:0 @!@!@
  |line 204, col 12 to line 204, col 52 of module SplitLess_replica_group_expenses: 156781
@!@!@ENDMSG 2221 @!@!@
@!@!@STARTMSG 2221:0 @!@!@
  |line 204, col 56 to line 204, col 60 of module SplitLess_replica_group_expenses: 156781
@!@!@ENDMSG 2221 @!@!@
@!@!@STARTMSG 2221:0 @!@!@
  line 205, col 12 to line 205, col 63 of module SplitLess_replica_group_expenses: 163512
@!@!@ENDMSG 2221 @!@!@
@!@!@STARTMSG 2221:0 @!@!@
  |line 205, col 12 to line 205, col 52 of module SplitLess_replica_group_expenses: 107974
@!@!@ENDMSG 2221 @!@!@
@!@!@STARTMSG 2221:0 @!@!@
  |line 205, col 56 to line 205, col 63 of module SplitLess_replica_group_expenses: 107974
@!@!@ENDMSG 2221 @!@!@
@!@!@STARTMSG 2221:0 @!@!@
  line 206, col 12 to line 207, col 86 of module SplitLess_replica_group_expenses: 151092
@!@!@ENDMSG 2221 @!@!@
@!@!@STARTMSG 2775:0 @!@!@
  |line 206, col 12 to line 206, col 76 of module SplitLess_replica_group_expenses: 95554:174409
@!@!@ENDMSG 2775 @!@!@
@!@!@STARTMSG 2221:0 @!@!@
  ||line 206, col 27 to line 206, col 75 of module SplitLess_replica_group_expenses: 191108
@!@!@ENDMSG 2221 @!@!@
@!@!@STARTMSG 2221:0 @!@!@
  ||line 206, col 19 to line 206, col 23 of module SplitLess_replica_group_expenses: 95554
@!@!@ENDMSG 2221 @!@!@
@!@!@STARTMSG 2221:0 @!@!@
  |line 207, col 25 to line 207, col 86 of module SplitLess_replica_group_expenses: 95554
@!@!@ENDMSG 2221 @!@!@
@!@!@STARTMSG 2221:0 @!@!@
  ||line 207, col 40 to line 207, col 85 of module SplitLess_replica_group_expenses: 191108
@!@!@ENDMSG 2221 @!@!@
@!@!@STARTMSG 2221:0 @!@!@
  ||line 207, col 32 to line 207, col 36 of module SplitLess_replica_group_expenses: 95554
@!@!@ENDMSG 2221 @!@!@
@!@!@STARTMSG 2221:0 @!@!@
  line 214, col 15 to line 215, col 51 of module SplitLess_replica_group_expenses: 55538
@!@!@ENDMSG 2221 @!@!@
@!@!@STARTMSG 2772:0 @!@!@
<RemoveExpenseFromGroup line 217, col 1 to line 217, col 22 of module SplitLess_replica_group_expenses (222 9 234 47)>: 1406:9489
@!@!@ENDMSG 2772 @!@!@
@!@!@STARTMSG 2221:0 @!@!@
  line 222, col 12 to line 222, col 40 of module SplitLess_replica_group_expenses: 1500834
@!@!@ENDMSG 2221 @!@!@
@!@!@STARTMSG 2221:0 @!@!@
  |line 222, col 12 to line 222, col 34 of module SplitLess_replica_group_expenses: 1491345
@!@!@ENDMSG 2221 @!@!@
@!@!@STARTMSG 2221:0 @!@!@
  |line 222, col 38 to line 222, col 40 of module SplitLess_replica_group_expenses: 1491345
@!@!@ENDMSG 2221 @!@!@
@!@!@STARTMSG 2221:0 @!@!@
  line 223, col 12 to line 223, col 47 of module SplitLess_replica_group_expenses: 755162
@!@!@ENDMSG 2221 @!@!@
@!@!@STARTMSG 2221:0 @!@!@
  |line 223, col 12 to line 223, col 36 of module SplitLess_replica_group_expenses: 745673
@!@!@ENDMSG 2221 @!@!@
@!@!@STARTMSG 2221:0 @!@!@
  |line 223, col 40 to line 223, col 47 of module SplitLess_replica_group_expenses: 745673
@!@!@ENDMSG 2221 @!@!@
@!@!@STARTMSG 2221:0 @!@!@
  line 224, col 12 to line 224, col 59 of module SplitLess_replica_group_expenses: 445698
@!@!@ENDMSG 2221 @!@!@
@!@!@STARTMSG 2221:0 @!@!@
  |line 224, col 12 to line 224, col 46 of module SplitLess_replica_group_expenses: 436209
@!@!@ENDMSG 2221 @!@!@
@!@!@STARTMSG 2221:0 @!@!@
  |line 224, col 50 to line 224, col 59 of module SplitLess_replica_group_expenses: 436209
@!@!@ENDMSG 2221 @!@!@
@!@!@STARTMSG 2221:0 @!@!@
  line 66, col 3 to line 66, col 23 of module SplitLess_replica_group_expenses: 265195
@!@!@ENDMSG 2221 @!@!@
@!@!@STARTMSG 2221:0 @!@!@
  |line 66, col 3 to line 66, col 19 of module SplitLess_replica_group_expenses: 255706
@!@!@ENDMSG 2221 @!@!@
@!@!@STARTMSG 2221:0 @!@!@
  line 225, col 21 to line 225, col 60 of module SplitLess_replica_group_expenses: 255706
@!@!@ENDMSG 2221 @!@!@
@!@!@STARTMSG 2221:0 @!@!@
  line 226, col 12 to line 226, col 58 of module SplitLess_replica_group_expenses: 166269
@!@!@ENDMSG 2221 @!@!@
@!@!@STARTMSG 2221:0 @!@!@
  |line 226, col 12 to line 226, col 52 of module SplitLess_replica_group_expenses: 156780
@!@!@ENDMSG 2221 @!@!@
@!@!@STARTMSG 2221:0 @!@!@
  |line 226, col 56 to line 226, col 58 of module SplitLess_replica_group_expenses: 156780
@!@!@ENDMSG 2221 @!@!@
@!@!@STARTMSG 2221:0 @!@!@
  line 227, col 12 to line 227, col 60 of module SplitLess_replica_group_expenses: 20358
@!@!@ENDMSG 2221 @!@!@
@!@!@STARTMSG 2221:0 @!@!@
  |line 227, col 12 to line 227, col 52 of module SplitLess_replica_group_expenses: 10869
@!@!@ENDMSG 2221 @!@!@
@!@!@STARTMSG 2221:0 @!@!@
  |line 227, col 56 to line 227, col 60 of module SplitLess_replica_group_expenses: 10869
@!@!@ENDMSG 2221 @!@!@
@!@!@STARTMSG 2221:0 @!@!@
  line 233, col 15 to line 234, col 47 of module SplitLess_replica_group_expenses: 9489
@!@!@ENDMSG 2221 @!@!@
@!@!@STARTMSG 2772:0 @!@!@
<ModifyExpenseParameters line 236, col 1 to line 236, col 23 of module SplitLess_replica_group_expenses (241 9 262 51)>: 76394:448836
@!@!@ENDMSG 2772 @!@!@
@!@!@STARTMSG 2221:0 @!@!@
  line 241, col 12 to line 241, col 40 of module SplitLess_replica_group_expenses: 3431497
@!@!@ENDMSG 2221 @!@!@
@!@!@STARTMSG 2221:0 @!@!@
  |line 241, col 12 to line 241, col 34 of module SplitLess_replica_group_expenses: 2982661
@!@!@ENDMSG 2221 @!@!@
@!@!@STARTMSG 2221:0 @!@!@
  |line 241, col 38 to line 241, col 40 of module SplitLess_replica_group_expenses: 2982661
@!@!@ENDMSG 2221 @!@!@
@!@!@STARTMSG 2221:0 @!@!@
  line 242, col 12 to line 242, col 59 of module SplitLess_replica_group_expenses: 1940167
@!@!@ENDMSG 2221 @!@!@
@!@!@STARTMSG 2221:0 @!@!@
  |line 242, col 12 to line 242, col 46 of module SplitLess_replica_group_expenses: 1491331
@!@!@ENDMSG 2221 @!@!@
@!@!@STARTMSG 2221:0 @!@!@
  |line 242, col 50 to line 242, col 59 of module SplitLess_replica_group_expenses: 1491331
@!@!@ENDMSG 2221 @!@!@
@!@!@STARTMSG 2221:0 @!@!@
  line 243, col 12 to line 243, col 60 of module SplitLess_replica_group_expenses: 1340098
@!@!@ENDMSG 2221 @!@!@
@!@!@STARTMSG 2221:0 @!@!@
  |line 243, col 12 to line 243, col 52 of module SplitLess_replica_group_expenses: 891262
@!@!@ENDMSG 2221 @!@!@
@!@!@STARTMSG 2221:0 @!@!@
  |line 243, col 56 to line 243, col 60 of module SplitLess_replica_group_expenses: 891262
@!@!@ENDMSG 2221 @!@!@
@!@!@STARTMSG 2221:0 @!@!@
  line 244, col 12 to line 244, col 34 of module SplitLess_replica_group_expenses: 448836
@!@!@ENDMSG 2221 @!@!@
@!@!@STARTMSG 2221:0 @!@!@
  |line 244, col 12 to line 244, col 30 of module SplitLess_replica_group_expenses: 611698
@!@!@ENDMSG 2221 @!@!@
@!@!@STARTMSG 2221:0 @!@!@
  ||line 73, col 7 to line 75, col 65 of module SplitLess_replica_group_expenses: 1835094
@!@!@ENDMSG 2221 @!@!@
@!@!@STARTMSG 2221:0 @!@!@
  |||line 73, col 10 to line 73, col 22 of module SplitLess_replica_group_expenses: 1835094
@!@!@ENDMSG 2221 @!@!@
@!@!@STARTMSG 2221:0 @!@!@
  |||line 74, col 21 to line 74, col 48 of module SplitLess_replica_group_expenses: 1223396
@!@!@ENDMSG 2221 @!@!@
@!@!@STARTMSG 2221:0 @!@!@
  |||line 75, col 15 to line 75, col 65 of module SplitLess_replica_group_expenses: 1223396
@!@!@ENDMSG 2221 @!@!@
@!@!@STARTMSG 2221:0 @!@!@
  ||line 244, col 24 to line 244, col 29 of module SplitLess_replica_group_expenses: 611698
@!@!@ENDMSG 2221 @!@!@
@!@!@STARTMSG 2221:0 @!@!@
  line 245, col 15 to line 245, col 66 of module SplitLess_replica_group_expenses: 458773
@!@!@ENDMSG 2221 @!@!@
@!@!@STARTMSG 2221:0 @!@!@
  line 246, col 17 to line 247, col 126 of module SplitLess_replica_group_expenses: 51809
@!@!@ENDMSG 2221 @!@!@
@!@!@STARTMSG 2775:0 @!@!@
  |line 246, col 17 to line 246, col 45 of module SplitLess_replica_group_expenses: 30873:59959
@!@!@ENDMSG 2775 @!@!@
@!@!@STARTMSG 2221:0 @!@!@
  ||line 246, col 32 to line 246, col 44 of module SplitLess_replica_group_expenses: 61746
@!@!@ENDMSG 2221 @!@!@
@!@!@STARTMSG 2221:0 @!@!@
  ||line 246, col 24 to line 246, col 28 of module SplitLess_replica_group_expenses: 30873
@!@!@ENDMSG 2221 @!@!@
@!@!@STARTMSG 2221:0 @!@!@
  |line 247, col 27 to line 247, col 126 of module SplitLess_replica_group_expenses: 30873
@!@!@ENDMSG 2221 @!@!@
@!@!@STARTMSG 2221:0 @!@!@
  ||line 247, col 42 to line 247, col 125 of module SplitLess_replica_group_expenses: 61746
@!@!@ENDMSG 2221 @!@!@
@!@!@STARTMSG 2221:0 @!@!@
  ||line 247, col 34 to line 247, col 38 of module SplitLess_replica_group_expenses: 30873
@!@!@ENDMSG 2221 @!@!@
@!@!@STARTMSG 2221:0 @!@!@
  line 248, col 17 to line 248, col 20 of module SplitLess_replica_group_expenses: 427900
@!@!@ENDMSG 2221 @!@!@
@!@!@STARTMSG 2221:0 @!@!@
  line 261, col 18 to line 261, col 66 of module SplitLess_replica_group_expenses: 448836
@!@!@ENDMSG 2221 @!@!@
@!@!@STARTMSG 2221:0 @!@!@
  |line 261, col 30 to line 261, col 66 of module SplitLess_replica_group_expenses: 448836
@!@!@ENDMSG 2221 @!@!@
@!@!@STARTMSG 2221:0 @!@!@
  ||line 261, col 31 to line 261, col 38 of module SplitLess_replica_group_expenses: 448836
@!@!@ENDMSG 2221 @!@!@
@!@!@STARTMSG 2221:0 @!@!@
  ||line 261, col 47 to line 261, col 65 of module SplitLess_replica_group_expenses: 448836
@!@!@ENDMSG 2221 @!@!@
@!@!@STARTMSG 2221:0 @!@!@
  ||line 261, col 56 to line 261, col 65 of module SplitLess_replica_group_expenses: 448836
@!@!@ENDMSG 2221 @!@!@
@!@!@STARTMSG 2221:0 @!@!@
  |||line 259, col 16 to line 260, col 60 of module SplitLess_replica_group_expenses: 448836
@!@!@ENDMSG 2221 @!@!@
@!@!@STARTMSG 2221:0 @!@!@
  ||||line 259, col 18 to line 259, col 30 of module SplitLess_replica_group_expenses: 448836
@!@!@ENDMSG 2221 @!@!@
@!@!@STARTMSG 2221:0 @!@!@
  ||||line 259, col 60 to line 259, col 70 of module SplitLess_replica_group_expenses: 448836
@!@!@ENDMSG 2221 @!@!@
@!@!@STARTMSG 2221:0 @!@!@
  |||||line 250, col 16 to line 253, col 42 of module SplitLess_replica_group_expenses: 448836
@!@!@ENDMSG 2221 @!@!@
@!@!@STARTMSG 2221:0 @!@!@
  ||||||line 250, col 18 to line 250, col 47 of module SplitLess_replica_group_expenses: 448836
@!@!@ENDMSG 2221 @!@!@
@!@!@STARTMSG 2221:0 @!@!@
  ||||||line 251, col 19 to line 251, col 40 of module SplitLess_replica_group_expenses: 448836
@!@!@ENDMSG 2221 @!@!@
@!@!@STARTMSG 2221:0 @!@!@
  ||||||line 252, col 19 to line 252, col 53 of module SplitLess_replica_group_expenses: 448836
@!@!@ENDMSG 2221 @!@!@
@!@!@STARTMSG 2221:0 @!@!@
  ||||||line 252, col 35 to line 252, col 53 of module SplitLess_replica_group_expenses: 448836
@!@!@ENDMSG 2221 @!@!@
@!@!@STARTMSG 2221:0 @!@!@
  |||||||line 73, col 7 to line 75, col 65 of module SplitLess_replica_group_expenses: 1346508
@!@!@ENDMSG 2221 @!@!@
@!@!@STARTMSG 2221:0 @!@!@
  ||||||||line 73, col 10 to line 73, col 22 of module SplitLess_replica_group_expenses: 1346508
@!@!@ENDMSG 2221 @!@!@
@!@!@STARTMSG 2221:0 @!@!@
  ||||||||line 74, col 21 to line 74, col 48 of module SplitLess_replica_group_expenses: 897672
@!@!@ENDMSG 2221 @!@!@
@!@!@STARTMSG 2221:0 @!@!@
  ||||||||line 75, col 15 to line 75, col 65 of module SplitLess_replica_group_expenses: 897672
@!@!@ENDMSG 2221 @!@!@
@!@!@STARTMSG 2221:0 @!@!@
  |||||||line 252, col 47 to line 252, col 52 of module SplitLess_replica_group_expenses: 448836
@!@!@ENDMSG 2221 @!@!@
@!@!@STARTMSG 2221:0 @!@!@
  ||||||line 253, col 19 to line 253, col 40 of module SplitLess_replica_group_expenses: 448836
@!@!@ENDMSG 2221 @!@!@
@!@!@STARTMSG 2221:0 @!@!@
  ||||line 260, col 50 to line 260, col 58 of module SplitLess_replica_group_expenses: 448836
@!@!@ENDMSG 2221 @!@!@
@!@!@STARTMSG 2221:0 @!@!@
  |||||line 255, col 16 to line 257, col 66 of module SplitLess_replica_group_expenses: 448836
@!@!@ENDMSG 2221 @!@!@
@!@!@STARTMSG 2221:0 @!@!@
  ||||||line 255, col 19 to line 255, col 70 of module SplitLess_replica_group_expenses: 448836
@!@!@ENDMSG 2221 @!@!@
@!@!@STARTMSG 2221:0 @!@!@
  ||||||line 256, col 21 to line 256, col 40 of module SplitLess_replica_group_expenses: 427900
@!@!@ENDMSG 2221 @!@!@
@!@!@STARTMSG 2221:0 @!@!@
  ||||||line 257, col 21 to line 257, col 66 of module SplitLess_replica_group_expenses: 20936
@!@!@ENDMSG 2221 @!@!@
@!@!@STARTMSG 2775:0 @!@!@
  |||||||line 107, col 7 to line 112, col 7 of module SplitLess_replica_group_expenses: 20936:41872
@!@!@ENDMSG 2775 @!@!@
@!@!@STARTMSG 2221:0 @!@!@
  |||||||line 257, col 33 to line 257, col 52 of module SplitLess_replica_group_expenses: 20936
@!@!@ENDMSG 2221 @!@!@
@!@!@STARTMSG 2221:0 @!@!@
  |||||||line 257, col 55 to line 257, col 65 of module SplitLess_replica_group_expenses: 20936
@!@!@ENDMSG 2221 @!@!@
@!@!@STARTMSG 2221:0 @!@!@
  ||||||||line 250, col 16 to line 253, col 42 of module SplitLess_replica_group_expenses: 20936
@!@!@ENDMSG 2221 @!@!@
@!@!@STARTMSG 2221:0 @!@!@
  |||||||||line 250, col 18 to line 250, col 47 of module SplitLess_replica_group_expenses: 20936
@!@!@ENDMSG 2221 @!@!@
@!@!@STARTMSG 2221:0 @!@!@
  |||||||||line 251, col 19 to line 251, col 40 of module SplitLess_replica_group_expenses: 20936
@!@!@ENDMSG 2221 @!@!@
@!@!@STARTMSG 2221:0 @!@!@
  |||||||||line 252, col 19 to line 252, col 53 of module SplitLess_replica_group_expenses: 20936
@!@!@ENDMSG 2221 @!@!@
@!@!@STARTMSG 2221:0 @!@!@
  |||||||||line 252, col 35 to line 252, col 53 of module SplitLess_replica_group_expenses: 20936
@!@!@ENDMSG 2221 @!@!@
@!@!@STARTMSG 2221:0 @!@!@
  ||||||||||line 73, col 7 to line 75, col 65 of module SplitLess_replica_group_expenses: 62808
@!@!@ENDMSG 2221 @!@!@
@!@!@STARTMSG 2221:0 @!@!@
  |||||||||||line 73, col 10 to line 73, col 22 of module SplitLess_replica_group_expenses: 62808
@!@!@ENDMSG 2221 @!@!@
@!@!@STARTMSG 2221:0 @!@!@
  |||||||||||line 74, col 21 to line 74, col 48 of module SplitLess_replica_group_expenses: 41872
@!@!@ENDMSG 2221 @!@!@
@!@!@STARTMSG 2221:0 @!@!@
  |||||||||||line 75, col 15 to line 75, col 65 of module SplitLess_replica_group_expenses: 41872
@!@!@ENDMSG 2221 @!@!@
@!@!@STARTMSG 2221:0 @!@!@
  ||||||||||line 252, col 47 to line 252, col 52 of module SplitLess_replica_group_expenses: 20936
@!@!@ENDMSG 2221 @!@!@
@!@!@STARTMSG 2221:0 @!@!@
  |||||||||line 253, col 19 to line 253, col 40 of module SplitLess_replica_group_expenses: 20936
@!@!@ENDMSG 2221 @!@!@
@!@!@STARTMSG 2221:0 @!@!@
  line 262, col 18 to line 262, col 51 of module SplitLess_replica_group_expenses: 448836
@!@!@ENDMSG 2221 @!@!@
@!@!@STARTMSG 2772:0 @!@!@
<DeleteExpense line 264, col 1 to line 264, col 13 of module SplitLess_replica_group_expenses (268 9 283 51)>: 42542:125977
@!@!@ENDMSG 2772 @!@!@
@!@!@STARTMSG 2221:0 @!@!@
  line 268, col 12 to line 268, col 40 of module SplitLess_replica_group_expenses: 871641
@!@!@ENDMSG 2221 @!@!@
@!@!@STARTMSG 2221:0 @!@!@
  |line 268, col 12 to line 268, col 34 of module SplitLess_replica_group_expenses: 745664
@!@!@ENDMSG 2221 @!@!@
@!@!@STARTMSG 2221:0 @!@!@
  |line 268, col 38 to line 268, col 40 of module SplitLess_replica_group_expenses: 745664
@!@!@ENDMSG 2221 @!@!@
@!@!@STARTMSG 2221:0 @!@!@
  line 269, col 12 to line 269, col 59 of module SplitLess_replica_group_expenses: 498809
@!@!@ENDMSG 2221 @!@!@
@!@!@STARTMSG 2221:0 @!@!@
  |line 269, col 12 to line 269, col 46 of module SplitLess_replica_group_expenses: 372832
@!@!@ENDMSG 2221 @!@!@
@!@!@STARTMSG 2221:0 @!@!@
  |line 269, col 50 to line 269, col 59 of module SplitLess_replica_group_expenses: 372832
@!@!@ENDMSG 2221 @!@!@
@!@!@STARTMSG 2221:0 @!@!@
  line 270, col 12 to line 270, col 60 of module SplitLess_replica_group_expenses: 348792
@!@!@ENDMSG 2221 @!@!@
@!@!@STARTMSG 2221:0 @!@!@
  |line 270, col 12 to line 270, col 52 of module SplitLess_replica_group_expenses: 222815
@!@!@ENDMSG 2221 @!@!@
@!@!@STARTMSG 2221:0 @!@!@
  |line 270, col 56 to line 270, col 60 of module SplitLess_replica_group_expenses: 222815
@!@!@ENDMSG 2221 @!@!@
@!@!@STARTMSG 2221:0 @!@!@
  line 271, col 12 to line 271, col 62 of module SplitLess_replica_group_expenses: 278901
@!@!@ENDMSG 2221 @!@!@
@!@!@STARTMSG 2221:0 @!@!@
  |line 271, col 12 to line 271, col 54 of module SplitLess_replica_group_expenses: 152924
@!@!@ENDMSG 2221 @!@!@
@!@!@STARTMSG 2221:0 @!@!@
  |line 271, col 58 to line 271, col 62 of module SplitLess_replica_group_expenses: 152924
@!@!@ENDMSG 2221 @!@!@
@!@!@STARTMSG 2221:0 @!@!@
  line 272, col 15 to line 272, col 66 of module SplitLess_replica_group_expenses: 126754
@!@!@ENDMSG 2221 @!@!@
@!@!@STARTMSG 2221:0 @!@!@
  line 66, col 3 to line 66, col 23 of module SplitLess_replica_group_expenses: 17969
@!@!@ENDMSG 2221 @!@!@
@!@!@STARTMSG 2221:0 @!@!@
  |line 66, col 3 to line 66, col 19 of module SplitLess_replica_group_expenses: 9373
@!@!@ENDMSG 2221 @!@!@
@!@!@STARTMSG 2221:0 @!@!@
  line 273, col 29 to line 273, col 106 of module SplitLess_replica_group_expenses: 9373
@!@!@ENDMSG 2221 @!@!@
@!@!@STARTMSG 2221:0 @!@!@
  line 274, col 17 to line 274, col 20 of module SplitLess_replica_group_expenses: 117381
@!@!@ENDMSG 2221 @!@!@
@!@!@STARTMSG 2221:0 @!@!@
  line 282, col 18 to line 282, col 66 of module SplitLess_replica_group_expenses: 125977
@!@!@ENDMSG 2221 @!@!@
@!@!@STARTMSG 2221:0 @!@!@
  |line 282, col 30 to line 282, col 66 of module SplitLess_replica_group_expenses: 125977
@!@!@ENDMSG 2221 @!@!@
@!@!@STARTMSG 2221:0 @!@!@
  ||line 282, col 31 to line 282, col 38 of module SplitLess_replica_group_expenses: 125977
@!@!@ENDMSG 2221 @!@!@
@!@!@STARTMSG 2221:0 @!@!@
  ||line 282, col 47 to line 282, col 65 of module SplitLess_replica_group_expenses: 125977
@!@!@ENDMSG 2221 @!@!@
@!@!@STARTMSG 2221:0 @!@!@
  ||line 282, col 56 to line 282, col 65 of module SplitLess_replica_group_expenses: 125977
@!@!@ENDMSG 2221 @!@!@
@!@!@STARTMSG 2221:0 @!@!@
  |||line 280, col 16 to line 281, col 60 of module SplitLess_replica_group_expenses: 125977
@!@!@ENDMSG 2221 @!@!@
@!@!@STARTMSG 2221:0 @!@!@
  ||||line 280, col 18 to line 280, col 30 of module SplitLess_replica_group_expenses: 125977
@!@!@ENDMSG 2221 @!@!@
@!@!@STARTMSG 2221:0 @!@!@
  ||||line 280, col 39 to line 280, col 70 of module SplitLess_replica_group_expenses: 125977
@!@!@ENDMSG 2221 @!@!@
@!@!@STARTMSG 2221:0 @!@!@
  ||||line 281, col 50 to line 281, col 58 of module SplitLess_replica_group_expenses: 125977
@!@!@ENDMSG 2221 @!@!@
@!@!@STARTMSG 2221:0 @!@!@
  |||||line 278, col 16 to line 278, col 61 of module SplitLess_replica_group_expenses: 125977
@!@!@ENDMSG 2221 @!@!@
@!@!@STARTMSG 2775:0 @!@!@
  ||||||line 107, col 7 to line 112, col 7 of module SplitLess_replica_group_expenses: 125977:251954
@!@!@ENDMSG 2775 @!@!@
@!@!@STARTMSG 2221:0 @!@!@
  ||||||line 278, col 28 to line 278, col 47 of module SplitLess_replica_group_expenses: 125977
@!@!@ENDMSG 2221 @!@!@
@!@!@STARTMSG 2221:0 @!@!@
  ||||||line 278, col 50 to line 278, col 60 of module SplitLess_replica_group_expenses: 88016
@!@!@ENDMSG 2221 @!@!@
@!@!@STARTMSG 2221:0 @!@!@
  line 283, col 18 to line 283, col 51 of module SplitLess_replica_group_expenses: 125977
@!@!@ENDMSG 2221 @!@!@
@!@!@STARTMSG 2772:0 @!@!@
<MergeReplicas line 328, col 1 to line 328, col 13 of module SplitLess_replica_group_expenses (330 5 349 35)>: 52516:186412
@!@!@ENDMSG 2772 @!@!@
@!@!@STARTMSG 2221:0 @!@!@
  line 330, col 8 to line 330, col 24 of module SplitLess_replica_group_expenses: 559234
@!@!@ENDMSG 2221 @!@!@
@!@!@STARTMSG 2221:0 @!@!@
  |line 330, col 8 to line 330, col 13 of module SplitLess_replica_group_expenses: 372824
@!@!@ENDMSG 2221 @!@!@
@!@!@STARTMSG 2221:0 @!@!@
  |line 330, col 17 to line 330, col 24 of module SplitLess_replica_group_expenses: 372824
@!@!@ENDMSG 2221 @!@!@
@!@!@STARTMSG 2221:0 @!@!@
  line 348, col 10 to line 348, col 61 of module SplitLess_replica_group_expenses: 186410
@!@!@ENDMSG 2221 @!@!@
@!@!@STARTMSG 2221:0 @!@!@
  |line 348, col 22 to line 348, col 61 of module SplitLess_replica_group_expenses: 186412
@!@!@ENDMSG 2221 @!@!@
@!@!@STARTMSG 2221:0 @!@!@
  line 349, col 13 to line 349, col 35 of module SplitLess_replica_group_expenses: 186410
@!@!@ENDMSG 2221 @!@!@
@!@!@STARTMSG 2772:0 @!@!@
<Next line 355, col 1 to line 355, col 4 of module SplitLess_replica_group_expenses (365 8 365 44)>: 0:93204
@!@!@ENDMSG 2772 @!@!@
@!@!@STARTMSG 2221:0 @!@!@
  line 365, col 8 to line 365, col 44 of module SplitLess_replica_group_expenses: 93204
@!@!@ENDMSG 2221 @!@!@
@!@!@STARTMSG 2774:0 @!@!@
<TypeOK line 378, col 1 to line 378, col 6 of module SplitLess_replica_group_expenses>
@!@!@ENDMSG 2774 @!@!@
@!@!@STARTMSG 2221:0 @!@!@
  line 379, col 3 to line 383, col 60 of module SplitLess_replica_group_expenses: 802846
@!@!@ENDMSG 2221 @!@!@
@!@!@STARTMSG 2221:0 @!@!@
  |line 380, col 5 to line 383, col 60 of module SplitLess_replica_group_expenses: 1605692
@!@!@ENDMSG 2221 @!@!@
@!@!@STARTMSG 2221:0 @!@!@
  |line 379, col 14 to line 379, col 33 of module SplitLess_replica_group_expenses: 802846
@!@!@ENDMSG 2221 @!@!@
@!@!@STARTMSG 2774:0 @!@!@
<Inv_Conservation_of_amount line 385, col 1 to line 385, col 26 of module SplitLess_replica_group_expenses>
@!@!@ENDMSG 2774 @!@!@
@!@!@STARTMSG 2221:0 @!@!@
  line 386, col 3 to line 390, col 43 of module SplitLess_replica_group_expenses: 802846
@!@!@ENDMSG 2221 @!@!@
@!@!@STARTMSG 2221:0 @!@!@
  |line 387, col 5 to line 390, col 43 of module SplitLess_replica_group_expenses: 1605692
@!@!@ENDMSG 2221 @!@!@
@!@!@STARTMSG 2221:0 @!@!@
  ||line 388, col 7 to line 390, col 43 of module SplitLess_replica_group_expenses: 3211384
@!@!@ENDMSG 2221 @!@!@
@!@!@STARTMSG 2221:0 @!@!@
  |||line 388, col 7 to line 388, col 54 of module SplitLess_replica_group_expenses: 3211384
@!@!@ENDMSG 2221 @!@!@
@!@!@STARTMSG 2221:0 @!@!@
  |||line 389, col 18 to line 389, col 52 of module SplitLess_replica_group_expenses: 2090266
@!@!@ENDMSG 2221 @!@!@
@!@!@STARTMSG 2221:0 @!@!@
  |||line 390, col 12 to line 390, col 43 of module SplitLess_replica_group_expenses: 2090266
@!@!@ENDMSG 2221 @!@!@
@!@!@STARTMSG 2221:0 @!@!@
  ||||line 390, col 12 to line 390, col 19 of module SplitLess_replica_group_expenses: 2090266
@!@!@ENDMSG 2221 @!@!@
@!@!@STARTMSG 2221:0 @!@!@
  ||||line 390, col 23 to line 390, col 43 of module SplitLess_replica_group_expenses: 2090266
@!@!@ENDMSG 2221 @!@!@
@!@!@STARTMSG 2221:0 @!@!@
  |||||line 73, col 7 to line 75, col 65 of module SplitLess_replica_group_expenses: 6270798
@!@!@ENDMSG 2221 @!@!@
@!@!@STARTMSG 2221:0 @!@!@
  ||||||line 73, col 10 to line 73, col 22 of module SplitLess_replica_group_expenses: 6270798
@!@!@ENDMSG 2221 @!@!@
@!@!@STARTMSG 2221:0 @!@!@
  ||||||line 74, col 21 to line 74, col 48 of module SplitLess_replica_group_expenses: 4180532
@!@!@ENDMSG 2221 @!@!@
@!@!@STARTMSG 2221:0 @!@!@
  ||||||line 75, col 15 to line 75, col 65 of module SplitLess_replica_group_expenses: 4180532
@!@!@ENDMSG 2221 @!@!@
@!@!@STARTMSG 2221:0 @!@!@
  |||||line 390, col 35 to line 390, col 42 of module SplitLess_replica_group_expenses: 2090266
@!@!@ENDMSG 2221 @!@!@
@!@!@STARTMSG 2221:0 @!@!@
  ||line 387, col 16 to line 387, col 35 of module SplitLess_replica_group_expenses: 1605692
@!@!@ENDMSG 2221 @!@!@
@!@!@STARTMSG 2221:0 @!@!@
  |line 386, col 14 to line 386, col 33 of module SplitLess_replica_group_expenses: 802846
@!@!@ENDMSG 2221 @!@!@
@!@!@STARTMSG 2774:0 @!@!@
<Inv_ExpenseGroupExists line 392, col 1 to line 392, col 22 of module SplitLess_replica_group_expenses>
@!@!@ENDMSG 2774 @!@!@
@!@!@STARTMSG 2221:0 @!@!@
  line 393, col 3 to line 399, col 85 of module SplitLess_replica_group_expenses: 802846
@!@!@ENDMSG 2221 @!@!@
@!@!@STARTMSG 2221:0 @!@!@
  |line 394, col 5 to line 399, col 85 of module SplitLess_replica_group_expenses: 1605692
@!@!@ENDMSG 2221 @!@!@
@!@!@STARTMSG 2221:0 @!@!@
  ||line 395, col 7 to line 399, col 85 of module SplitLess_replica_group_expenses: 3211384
@!@!@ENDMSG 2221 @!@!@
@!@!@STARTMSG 2221:0 @!@!@
  |||line 395, col 7 to line 397, col 61 of module SplitLess_replica_group_expenses: 3211384
@!@!@ENDMSG 2221 @!@!@
@!@!@STARTMSG 2221:0 @!@!@
  ||||line 395, col 10 to line 395, col 57 of module SplitLess_replica_group_expenses: 3211384
@!@!@ENDMSG 2221 @!@!@
@!@!@STARTMSG 2221:0 @!@!@
  ||||line 396, col 10 to line 396, col 60 of module SplitLess_replica_group_expenses: 2090266
@!@!@ENDMSG 2221 @!@!@
@!@!@STARTMSG 2221:0 @!@!@
  ||||line 397, col 10 to line 397, col 61 of module SplitLess_replica_group_expenses: 1697166
@!@!@ENDMSG 2221 @!@!@
@!@!@STARTMSG 2221:0 @!@!@
  |||line 399, col 10 to line 399, col 85 of module SplitLess_replica_group_expenses: 155446
@!@!@ENDMSG 2221 @!@!@
@!@!@STARTMSG 2221:0 @!@!@
  ||line 394, col 16 to line 394, col 35 of module SplitLess_replica_group_expenses: 1605692
@!@!@ENDMSG 2221 @!@!@
@!@!@STARTMSG 2221:0 @!@!@
  |line 393, col 14 to line 393, col 33 of module SplitLess_replica_group_expenses: 802846
@!@!@ENDMSG 2221 @!@!@
@!@!@STARTMSG 2774:0 @!@!@
<Inv_GroupBalanceZero line 402, col 1 to line 402, col 20 of module SplitLess_replica_group_expenses>
@!@!@ENDMSG 2774 @!@!@
@!@!@STARTMSG 2221:0 @!@!@
  line 403, col 3 to line 411, col 60 of module SplitLess_replica_group_expenses: 802846
@!@!@ENDMSG 2221 @!@!@
@!@!@STARTMSG 2221:0 @!@!@
  |line 404, col 5 to line 411, col 60 of module SplitLess_replica_group_expenses: 1605692
@!@!@ENDMSG 2221 @!@!@
@!@!@STARTMSG 2221:0 @!@!@
  ||line 405, col 7 to line 411, col 60 of module SplitLess_replica_group_expenses: 3211382
@!@!@ENDMSG 2221 @!@!@
@!@!@STARTMSG 2221:0 @!@!@
  |||line 405, col 7 to line 405, col 42 of module SplitLess_replica_group_expenses: 3211382
@!@!@ENDMSG 2221 @!@!@
@!@!@STARTMSG 2775:0 @!@!@
  |||line 408, col 15 to line 408, col 82 of module SplitLess_replica_group_expenses: 1978483:4770362
@!@!@ENDMSG 2775 @!@!@
@!@!@STARTMSG 2221:0 @!@!@
  ||||line 408, col 31 to line 408, col 81 of module SplitLess_replica_group_expenses: 3956966
@!@!@ENDMSG 2221 @!@!@
@!@!@STARTMSG 2221:0 @!@!@
  ||||line 408, col 23 to line 408, col 27 of module SplitLess_replica_group_expenses: 1978483
@!@!@ENDMSG 2221 @!@!@
@!@!@STARTMSG 2221:0 @!@!@
  |||line 410, col 15 to line 410, col 80 of module SplitLess_replica_group_expenses: 1978483
@!@!@ENDMSG 2221 @!@!@
@!@!@STARTMSG 2221:0 @!@!@
  ||||line 73, col 7 to line 75, col 65 of module SplitLess_replica_group_expenses: 4770362
@!@!@ENDMSG 2221 @!@!@
@!@!@STARTMSG 2221:0 @!@!@
  |||||line 73, col 10 to line 73, col 22 of module SplitLess_replica_group_expenses: 4770362
@!@!@ENDMSG 2221 @!@!@
@!@!@STARTMSG 2221:0 @!@!@
  |||||line 74, col 21 to line 74, col 48 of module SplitLess_replica_group_expenses: 2791879
@!@!@ENDMSG 2221 @!@!@
@!@!@STARTMSG 2221:0 @!@!@
  |||||line 75, col 15 to line 75, col 65 of module SplitLess_replica_group_expenses: 2791879
@!@!@ENDMSG 2221 @!@!@
@!@!@STARTMSG 2775:0 @!@!@
  ||||line 410, col 27 to line 410, col 79 of module SplitLess_replica_group_expenses: 1978483:2791879
@!@!@ENDMSG 2775 @!@!@
@!@!@STARTMSG 2221:0 @!@!@
  |||line 411, col 12 to line 411, col 60 of module SplitLess_replica_group_expenses: 1978483
@!@!@ENDMSG 2221 @!@!@
@!@!@STARTMSG 2221:0 @!@!@
  ||line 404, col 16 to line 404, col 33 of module SplitLess_replica_group_expenses: 1605692
@!@!@ENDMSG 2221 @!@!@
@!@!@STARTMSG 2221:0 @!@!@
  |line 403, col 14 to line 403, col 33 of module SplitLess_replica_group_expenses: 802846
@!@!@ENDMSG 2221 @!@!@
@!@!@STARTMSG 2202:0 @!@!@
End of statistics.
@!@!@ENDMSG 2202 @!@!@
@!@!@STARTMSG 2200:0 @!@!@
Progress(9) at 2025-11-03 10:07:12: 1,410,371 states generated (3,791,489 s/min), 250,764 distinct states found (674,126 ds/min), 157,556 states left on queue.
@!@!@ENDMSG 2200 @!@!@
@!@!@STARTMSG 2199:0 @!@!@
1410371 states generated, 250764 distinct states found, 157556 states left on queue.
@!@!@ENDMSG 2199 @!@!@
@!@!@STARTMSG 2194:0 @!@!@
The depth of the complete state graph search is 9.
@!@!@ENDMSG 2194 @!@!@
@!@!@STARTMSG 2268:0 @!@!@
The average outdegree of the complete state graph is 3 (minimum is 0, the maximum 18 and the 95th percentile is 9).
@!@!@ENDMSG 2268 @!@!@
@!@!@STARTMSG 2186:0 @!@!@
Finished in 22363ms at (2025-11-03 10:07:12)
@!@!@ENDMSG 2186 @!@!@
