@!@!@STARTMSG 2262:0 @!@!@
TLC2 Version 2.16 of 31 December 2020 (rev: cdddf55)
@!@!@ENDMSG 2262 @!@!@
@!@!@STARTMSG 2187:0 @!@!@
Running breadth-first search Model-Checking with fp 73 and seed 5423573794701123094 with 8 workers on 8 cores with 4350MB heap and 9783MB offheap memory [pid: 13877] (Linux 6.14.0-37-generic amd64, AdoptOpenJDK 14.0.1 x86_64, OffHeapDiskFPSet, DiskStateQueue).
@!@!@ENDMSG 2187 @!@!@
@!@!@STARTMSG 2220:0 @!@!@
Starting SANY...
@!@!@ENDMSG 2220 @!@!@
Parsing file /home/floyd/Desktop/Uni/Master/2_Semester/Masters_Project/SplitLess/TLA/SplitLess/SplitLess_replica_group_expenses.toolbox/Model_1/MC.tla
Parsing file /home/floyd/Desktop/Uni/Master/2_Semester/Masters_Project/SplitLess/TLA/SplitLess/SplitLess_replica_group_expenses.toolbox/Model_1/SplitLess_replica_group_expenses.tla
Parsing file /home/floyd/Desktop/Uni/Master/2_Semester/Masters_Project/SplitLess/TLA/toolbox/plugins/org.lamport.tlatools_1.0.0.202012311918/tla2sany/StandardModules/TLC.tla
Parsing file /home/floyd/Desktop/Uni/Master/2_Semester/Masters_Project/SplitLess/TLA/toolbox/plugins/org.lamport.tlatools_1.0.0.202012311918/tla2sany/StandardModules/Naturals.tla
Parsing file /home/floyd/Desktop/Uni/Master/2_Semester/Masters_Project/SplitLess/TLA/toolbox/plugins/org.lamport.tlatools_1.0.0.202012311918/tla2sany/StandardModules/Sequences.tla
Parsing file /home/floyd/Desktop/Uni/Master/2_Semester/Masters_Project/SplitLess/TLA/toolbox/plugins/org.lamport.tlatools_1.0.0.202012311918/tla2sany/StandardModules/FiniteSets.tla
Semantic processing of module Naturals
Semantic processing of module Sequences
Semantic processing of module FiniteSets
Semantic processing of module SplitLess_replica_group_expenses
Semantic processing of module TLC
Semantic processing of module MC
@!@!@STARTMSG 2219:0 @!@!@
SANY finished.
@!@!@ENDMSG 2219 @!@!@
@!@!@STARTMSG 2185:0 @!@!@
Starting... (2025-12-13 12:31:04)
@!@!@ENDMSG 2185 @!@!@
@!@!@STARTMSG 2284:3 @!@!@
Declaring state or action constraints during liveness checking is dangerous: Please read section 14.3.5 on page 247 of Specifying Systems (https://lamport.azurewebsites.net/tla/book.html) and optionally the discussion at https://discuss.tlapl.us/msg00994.html for more details.
@!@!@ENDMSG 2284 @!@!@
@!@!@STARTMSG 2212:0 @!@!@
Implied-temporal checking--satisfiability problem has 1 branches.
@!@!@ENDMSG 2212 @!@!@
@!@!@STARTMSG 2189:0 @!@!@
Computing initial states...
@!@!@ENDMSG 2189 @!@!@
@!@!@STARTMSG 2190:0 @!@!@
Finished computing initial states: 1 distinct state generated at 2025-12-13 12:31:05.
@!@!@ENDMSG 2190 @!@!@
@!@!@STARTMSG 2192:0 @!@!@
Checking temporal properties for the current state space with 2038 total distinct states at (2025-12-13 12:31:08)
@!@!@ENDMSG 2192 @!@!@
@!@!@STARTMSG 2267:0 @!@!@
Finished checking temporal properties in 00s at 2025-12-13 12:31:09
@!@!@ENDMSG 2267 @!@!@
@!@!@STARTMSG 2200:0 @!@!@
Progress(7) at 2025-12-13 12:31:09: 25,625 states generated (25,625 s/min), 9,990 distinct states found (9,990 ds/min), 7,950 states left on queue.
@!@!@ENDMSG 2200 @!@!@
@!@!@STARTMSG 2192:0 @!@!@
Checking temporal properties for the current state space with 105902 total distinct states at (2025-12-13 12:32:09)
@!@!@ENDMSG 2192 @!@!@
@!@!@STARTMSG 2267:0 @!@!@
Finished checking temporal properties in 11s at 2025-12-13 12:32:20
@!@!@ENDMSG 2267 @!@!@
@!@!@STARTMSG 2200:0 @!@!@
Progress(10) at 2025-12-13 12:32:20: 1,171,401 states generated (1,145,776 s/min), 180,787 distinct states found (170,797 ds/min), 74,879 states left on queue.
@!@!@ENDMSG 2200 @!@!@
@!@!@STARTMSG 2200:0 @!@!@
Progress(16) at 2025-12-13 12:33:06: 2,414,492 states generated, 226,221 distinct states found, 0 states left on queue.
@!@!@ENDMSG 2200 @!@!@
@!@!@STARTMSG 2192:0 @!@!@
Checking temporal properties for the complete state space with 226221 total distinct states at (2025-12-13 12:33:06)
@!@!@ENDMSG 2192 @!@!@
@!@!@STARTMSG 2267:0 @!@!@
Finished checking temporal properties in 31s at 2025-12-13 12:33:38
@!@!@ENDMSG 2267 @!@!@
@!@!@STARTMSG 2193:0 @!@!@
Model checking completed. No error has been found.
  Estimates of the probability that TLC did not check all reachable states
  because two distinct states had the same fingerprint:
  calculated (optimistic):  val = 2.7E-8
  based on the actual fingerprints:  val = 1.4E-9
@!@!@ENDMSG 2193 @!@!@
@!@!@STARTMSG 2201:0 @!@!@
The coverage statistics at 2025-12-13 12:33:48
@!@!@ENDMSG 2201 @!@!@
@!@!@STARTMSG 2773:0 @!@!@
<Init line 46, col 1 to line 46, col 4 of module SplitLess_replica_group_expenses>: 1:1
@!@!@ENDMSG 2773 @!@!@
@!@!@STARTMSG 2221:0 @!@!@
  line 47, col 8 to line 54, col 27 of module SplitLess_replica_group_expenses: 1
@!@!@ENDMSG 2221 @!@!@
@!@!@STARTMSG 2772:0 @!@!@
<CreateGroup line 124, col 1 to line 124, col 11 of module SplitLess_replica_group_expenses (128 9 139 51)>: 2971:80210
@!@!@ENDMSG 2772 @!@!@
@!@!@STARTMSG 2221:0 @!@!@
  line 128, col 12 to line 128, col 40 of module SplitLess_replica_group_expenses: 985094
@!@!@ENDMSG 2221 @!@!@
@!@!@STARTMSG 2221:0 @!@!@
  |line 128, col 12 to line 128, col 34 of module SplitLess_replica_group_expenses: 904884
@!@!@ENDMSG 2221 @!@!@
@!@!@STARTMSG 2221:0 @!@!@
  |line 128, col 38 to line 128, col 40 of module SplitLess_replica_group_expenses: 904884
@!@!@ENDMSG 2221 @!@!@
@!@!@STARTMSG 2221:0 @!@!@
  line 130, col 51 to line 130, col 91 of module SplitLess_replica_group_expenses: 764020
@!@!@ENDMSG 2221 @!@!@
@!@!@STARTMSG 2221:0 @!@!@
  |line 130, col 51 to line 130, col 80 of module SplitLess_replica_group_expenses: 603600
@!@!@ENDMSG 2221 @!@!@
@!@!@STARTMSG 2221:0 @!@!@
  |line 130, col 84 to line 130, col 91 of module SplitLess_replica_group_expenses: 603600
@!@!@ENDMSG 2221 @!@!@
@!@!@STARTMSG 2221:0 @!@!@
  line 130, col 28 to line 130, col 47 of module SplitLess_replica_group_expenses: 452442
@!@!@ENDMSG 2221 @!@!@
@!@!@STARTMSG 2221:0 @!@!@
  line 138, col 15 to line 139, col 51 of module SplitLess_replica_group_expenses: 80210
@!@!@ENDMSG 2221 @!@!@
@!@!@STARTMSG 2772:0 @!@!@
<AddMember line 141, col 1 to line 141, col 9 of module SplitLess_replica_group_expenses (145 9 153 51)>: 4115:85656
@!@!@ENDMSG 2772 @!@!@
@!@!@STARTMSG 2221:0 @!@!@
  line 145, col 12 to line 145, col 40 of module SplitLess_replica_group_expenses: 1895424
@!@!@ENDMSG 2221 @!@!@
@!@!@STARTMSG 2221:0 @!@!@
  |line 145, col 12 to line 145, col 34 of module SplitLess_replica_group_expenses: 1809768
@!@!@ENDMSG 2221 @!@!@
@!@!@STARTMSG 2221:0 @!@!@
  |line 145, col 38 to line 145, col 40 of module SplitLess_replica_group_expenses: 1809768
@!@!@ENDMSG 2221 @!@!@
@!@!@STARTMSG 2221:0 @!@!@
  line 146, col 12 to line 146, col 47 of module SplitLess_replica_group_expenses: 990540
@!@!@ENDMSG 2221 @!@!@
@!@!@STARTMSG 2221:0 @!@!@
  |line 146, col 12 to line 146, col 36 of module SplitLess_replica_group_expenses: 904884
@!@!@ENDMSG 2221 @!@!@
@!@!@STARTMSG 2221:0 @!@!@
  |line 146, col 40 to line 146, col 47 of module SplitLess_replica_group_expenses: 904884
@!@!@ENDMSG 2221 @!@!@
@!@!@STARTMSG 2221:0 @!@!@
  line 71, col 3 to line 71, col 23 of module SplitLess_replica_group_expenses: 688224
@!@!@ENDMSG 2221 @!@!@
@!@!@STARTMSG 2221:0 @!@!@
  |line 71, col 3 to line 71, col 19 of module SplitLess_replica_group_expenses: 602568
@!@!@ENDMSG 2221 @!@!@
@!@!@STARTMSG 2221:0 @!@!@
  line 147, col 21 to line 147, col 60 of module SplitLess_replica_group_expenses: 602568
@!@!@ENDMSG 2221 @!@!@
@!@!@STARTMSG 2221:0 @!@!@
  line 148, col 12 to line 148, col 66 of module SplitLess_replica_group_expenses: 391260
@!@!@ENDMSG 2221 @!@!@
@!@!@STARTMSG 2221:0 @!@!@
  |line 148, col 13 to line 148, col 66 of module SplitLess_replica_group_expenses: 305604
@!@!@ENDMSG 2221 @!@!@
@!@!@STARTMSG 2221:0 @!@!@
  line 152, col 15 to line 153, col 51 of module SplitLess_replica_group_expenses: 85656
@!@!@ENDMSG 2221 @!@!@
@!@!@STARTMSG 2772:0 @!@!@
<LeaveGroup line 155, col 1 to line 155, col 10 of module SplitLess_replica_group_expenses (159 9 170 51)>: 9844:149602
@!@!@ENDMSG 2772 @!@!@
@!@!@STARTMSG 2221:0 @!@!@
  line 159, col 12 to line 159, col 40 of module SplitLess_replica_group_expenses: 1054486
@!@!@ENDMSG 2221 @!@!@
@!@!@STARTMSG 2221:0 @!@!@
  |line 159, col 12 to line 159, col 34 of module SplitLess_replica_group_expenses: 904884
@!@!@ENDMSG 2221 @!@!@
@!@!@STARTMSG 2221:0 @!@!@
  |line 159, col 38 to line 159, col 40 of module SplitLess_replica_group_expenses: 904884
@!@!@ENDMSG 2221 @!@!@
@!@!@STARTMSG 2221:0 @!@!@
  line 160, col 12 to line 160, col 47 of module SplitLess_replica_group_expenses: 602044
@!@!@ENDMSG 2221 @!@!@
@!@!@STARTMSG 2221:0 @!@!@
  |line 160, col 12 to line 160, col 36 of module SplitLess_replica_group_expenses: 452442
@!@!@ENDMSG 2221 @!@!@
@!@!@STARTMSG 2221:0 @!@!@
  |line 160, col 40 to line 160, col 47 of module SplitLess_replica_group_expenses: 452442
@!@!@ENDMSG 2221 @!@!@
@!@!@STARTMSG 2221:0 @!@!@
  line 71, col 3 to line 71, col 23 of module SplitLess_replica_group_expenses: 450886
@!@!@ENDMSG 2221 @!@!@
@!@!@STARTMSG 2221:0 @!@!@
  |line 71, col 3 to line 71, col 19 of module SplitLess_replica_group_expenses: 301284
@!@!@ENDMSG 2221 @!@!@
@!@!@STARTMSG 2221:0 @!@!@
  line 161, col 21 to line 161, col 60 of module SplitLess_replica_group_expenses: 301284
@!@!@ENDMSG 2221 @!@!@
@!@!@STARTMSG 2221:0 @!@!@
  line 162, col 12 to line 162, col 50 of module SplitLess_replica_group_expenses: 149602
@!@!@ENDMSG 2221 @!@!@
@!@!@STARTMSG 2221:0 @!@!@
  |line 162, col 12 to line 162, col 45 of module SplitLess_replica_group_expenses: 152802
@!@!@ENDMSG 2221 @!@!@
@!@!@STARTMSG 2221:0 @!@!@
  ||line 84, col 30 to line 84, col 75 of module SplitLess_replica_group_expenses: 152802
@!@!@ENDMSG 2221 @!@!@
@!@!@STARTMSG 2775:0 @!@!@
  |||line 62, col 3 to line 68, col 70 of module SplitLess_replica_group_expenses: 152802:340068
@!@!@ENDMSG 2775 @!@!@
@!@!@STARTMSG 2221:0 @!@!@
  ||||line 63, col 7 to line 68, col 69 of module SplitLess_replica_group_expenses: 305604
@!@!@ENDMSG 2221 @!@!@
@!@!@STARTMSG 2221:0 @!@!@
  |||||line 63, col 10 to line 63, col 45 of module SplitLess_replica_group_expenses: 305604
@!@!@ENDMSG 2221 @!@!@
@!@!@STARTMSG 2221:0 @!@!@
  |||||line 64, col 10 to line 64, col 48 of module SplitLess_replica_group_expenses: 254000
@!@!@ENDMSG 2221 @!@!@
@!@!@STARTMSG 2221:0 @!@!@
  |||||line 65, col 10 to line 65, col 44 of module SplitLess_replica_group_expenses: 202340
@!@!@ENDMSG 2221 @!@!@
@!@!@STARTMSG 2221:0 @!@!@
  |||||line 66, col 10 to line 68, col 69 of module SplitLess_replica_group_expenses: 28612
@!@!@ENDMSG 2221 @!@!@
@!@!@STARTMSG 2221:0 @!@!@
  ||||||line 67, col 12 to line 68, col 69 of module SplitLess_replica_group_expenses: 51534
@!@!@ENDMSG 2221 @!@!@
@!@!@STARTMSG 2221:0 @!@!@
  |||||||line 67, col 13 to line 67, col 49 of module SplitLess_replica_group_expenses: 51534
@!@!@ENDMSG 2221 @!@!@
@!@!@STARTMSG 2221:0 @!@!@
  |||||||line 68, col 17 to line 68, col 69 of module SplitLess_replica_group_expenses: 33494
@!@!@ENDMSG 2221 @!@!@
@!@!@STARTMSG 2221:0 @!@!@
  ||||||line 66, col 19 to line 66, col 55 of module SplitLess_replica_group_expenses: 28612
@!@!@ENDMSG 2221 @!@!@
@!@!@STARTMSG 2221:0 @!@!@
  ||||line 62, col 13 to line 62, col 32 of module SplitLess_replica_group_expenses: 152802
@!@!@ENDMSG 2221 @!@!@
@!@!@STARTMSG 2221:0 @!@!@
  |||line 84, col 46 to line 84, col 48 of module SplitLess_replica_group_expenses: 135478
@!@!@ENDMSG 2221 @!@!@
@!@!@STARTMSG 2221:0 @!@!@
  |||line 84, col 51 to line 84, col 74 of module SplitLess_replica_group_expenses: 152802
@!@!@ENDMSG 2221 @!@!@
@!@!@STARTMSG 2221:0 @!@!@
  ||line 85, col 12 to line 89, col 55 of module SplitLess_replica_group_expenses: 152802
@!@!@ENDMSG 2221 @!@!@
@!@!@STARTMSG 2221:0 @!@!@
  |||line 85, col 12 to line 88, col 95 of module SplitLess_replica_group_expenses: 152802
@!@!@ENDMSG 2221 @!@!@
@!@!@STARTMSG 2221:0 @!@!@
  ||||line 85, col 12 to line 87, col 79 of module SplitLess_replica_group_expenses: 152802
@!@!@ENDMSG 2221 @!@!@
@!@!@STARTMSG 2221:0 @!@!@
  |||||line 78, col 7 to line 80, col 65 of module SplitLess_replica_group_expenses: 170034
@!@!@ENDMSG 2221 @!@!@
@!@!@STARTMSG 2221:0 @!@!@
  ||||||line 78, col 10 to line 78, col 22 of module SplitLess_replica_group_expenses: 170034
@!@!@ENDMSG 2221 @!@!@
@!@!@STARTMSG 2221:0 @!@!@
  ||||||line 79, col 21 to line 79, col 48 of module SplitLess_replica_group_expenses: 17232
@!@!@ENDMSG 2221 @!@!@
@!@!@STARTMSG 2221:0 @!@!@
  ||||||line 80, col 15 to line 80, col 65 of module SplitLess_replica_group_expenses: 17232
@!@!@ENDMSG 2221 @!@!@
@!@!@STARTMSG 2775:0 @!@!@
  |||||line 85, col 24 to line 87, col 78 of module SplitLess_replica_group_expenses: 152802:17232
@!@!@ENDMSG 2775 @!@!@
@!@!@STARTMSG 2221:0 @!@!@
  ||||line 88, col 14 to line 88, col 95 of module SplitLess_replica_group_expenses: 152802
@!@!@ENDMSG 2221 @!@!@
@!@!@STARTMSG 2221:0 @!@!@
  |||||line 78, col 7 to line 80, col 65 of module SplitLess_replica_group_expenses: 170034
@!@!@ENDMSG 2221 @!@!@
@!@!@STARTMSG 2221:0 @!@!@
  ||||||line 78, col 10 to line 78, col 22 of module SplitLess_replica_group_expenses: 170034
@!@!@ENDMSG 2221 @!@!@
@!@!@STARTMSG 2221:0 @!@!@
  ||||||line 79, col 21 to line 79, col 48 of module SplitLess_replica_group_expenses: 17232
@!@!@ENDMSG 2221 @!@!@
@!@!@STARTMSG 2221:0 @!@!@
  ||||||line 80, col 15 to line 80, col 65 of module SplitLess_replica_group_expenses: 17232
@!@!@ENDMSG 2221 @!@!@
@!@!@STARTMSG 2775:0 @!@!@
  |||||line 88, col 26 to line 88, col 94 of module SplitLess_replica_group_expenses: 152802:17232
@!@!@ENDMSG 2775 @!@!@
@!@!@STARTMSG 2221:0 @!@!@
  |||line 89, col 14 to line 89, col 55 of module SplitLess_replica_group_expenses: 152802
@!@!@ENDMSG 2221 @!@!@
@!@!@STARTMSG 2221:0 @!@!@
  ||line 162, col 20 to line 162, col 24 of module SplitLess_replica_group_expenses: 152802
@!@!@ENDMSG 2221 @!@!@
@!@!@STARTMSG 2221:0 @!@!@
  ||line 162, col 27 to line 162, col 29 of module SplitLess_replica_group_expenses: 152802
@!@!@ENDMSG 2221 @!@!@
@!@!@STARTMSG 2221:0 @!@!@
  ||line 162, col 32 to line 162, col 44 of module SplitLess_replica_group_expenses: 152802
@!@!@ENDMSG 2221 @!@!@
@!@!@STARTMSG 2221:0 @!@!@
  line 169, col 15 to line 170, col 51 of module SplitLess_replica_group_expenses: 149602
@!@!@ENDMSG 2221 @!@!@
@!@!@STARTMSG 2772:0 @!@!@
<CreateExpense line 177, col 1 to line 177, col 13 of module SplitLess_replica_group_expenses (182 9 197 51)>: 7708:112260
@!@!@ENDMSG 2772 @!@!@
@!@!@STARTMSG 2221:0 @!@!@
  line 182, col 12 to line 182, col 40 of module SplitLess_replica_group_expenses: 7351332
@!@!@ENDMSG 2221 @!@!@
@!@!@STARTMSG 2221:0 @!@!@
  |line 182, col 12 to line 182, col 34 of module SplitLess_replica_group_expenses: 7239072
@!@!@ENDMSG 2221 @!@!@
@!@!@STARTMSG 2221:0 @!@!@
  |line 182, col 38 to line 182, col 40 of module SplitLess_replica_group_expenses: 7239072
@!@!@ENDMSG 2221 @!@!@
@!@!@STARTMSG 2221:0 @!@!@
  line 183, col 12 to line 183, col 34 of module SplitLess_replica_group_expenses: 112260
@!@!@ENDMSG 2221 @!@!@
@!@!@STARTMSG 2221:0 @!@!@
  |line 183, col 12 to line 183, col 30 of module SplitLess_replica_group_expenses: 3619536
@!@!@ENDMSG 2221 @!@!@
@!@!@STARTMSG 2221:0 @!@!@
  ||line 78, col 7 to line 80, col 65 of module SplitLess_replica_group_expenses: 10858608
@!@!@ENDMSG 2221 @!@!@
@!@!@STARTMSG 2221:0 @!@!@
  |||line 78, col 10 to line 78, col 22 of module SplitLess_replica_group_expenses: 10858608
@!@!@ENDMSG 2221 @!@!@
@!@!@STARTMSG 2221:0 @!@!@
  |||line 79, col 21 to line 79, col 48 of module SplitLess_replica_group_expenses: 7239072
@!@!@ENDMSG 2221 @!@!@
@!@!@STARTMSG 2221:0 @!@!@
  |||line 80, col 15 to line 80, col 65 of module SplitLess_replica_group_expenses: 7239072
@!@!@ENDMSG 2221 @!@!@
@!@!@STARTMSG 2221:0 @!@!@
  ||line 183, col 24 to line 183, col 29 of module SplitLess_replica_group_expenses: 3619536
@!@!@ENDMSG 2221 @!@!@
@!@!@STARTMSG 2221:0 @!@!@
  line 184, col 51 to line 184, col 103 of module SplitLess_replica_group_expenses: 3406704
@!@!@ENDMSG 2221 @!@!@
@!@!@STARTMSG 2221:0 @!@!@
  |line 184, col 51 to line 184, col 90 of module SplitLess_replica_group_expenses: 3182184
@!@!@ENDMSG 2221 @!@!@
@!@!@STARTMSG 2221:0 @!@!@
  |line 184, col 94 to line 184, col 103 of module SplitLess_replica_group_expenses: 3182184
@!@!@ENDMSG 2221 @!@!@
@!@!@STARTMSG 2221:0 @!@!@
  line 184, col 28 to line 184, col 47 of module SplitLess_replica_group_expenses: 2714652
@!@!@ENDMSG 2221 @!@!@
@!@!@STARTMSG 2221:0 @!@!@
  line 196, col 18 to line 196, col 66 of module SplitLess_replica_group_expenses: 112260
@!@!@ENDMSG 2221 @!@!@
@!@!@STARTMSG 2221:0 @!@!@
  |line 196, col 30 to line 196, col 66 of module SplitLess_replica_group_expenses: 112260
@!@!@ENDMSG 2221 @!@!@
@!@!@STARTMSG 2221:0 @!@!@
  ||line 196, col 31 to line 196, col 38 of module SplitLess_replica_group_expenses: 112260
@!@!@ENDMSG 2221 @!@!@
@!@!@STARTMSG 2221:0 @!@!@
  ||line 196, col 47 to line 196, col 65 of module SplitLess_replica_group_expenses: 112260
@!@!@ENDMSG 2221 @!@!@
@!@!@STARTMSG 2221:0 @!@!@
  ||line 196, col 56 to line 196, col 65 of module SplitLess_replica_group_expenses: 112260
@!@!@ENDMSG 2221 @!@!@
@!@!@STARTMSG 2221:0 @!@!@
  |||line 195, col 16 to line 195, col 91 of module SplitLess_replica_group_expenses: 112260
@!@!@ENDMSG 2221 @!@!@
@!@!@STARTMSG 2221:0 @!@!@
  ||||line 195, col 18 to line 195, col 30 of module SplitLess_replica_group_expenses: 112260
@!@!@ENDMSG 2221 @!@!@
@!@!@STARTMSG 2221:0 @!@!@
  ||||line 195, col 60 to line 195, col 89 of module SplitLess_replica_group_expenses: 112260
@!@!@ENDMSG 2221 @!@!@
@!@!@STARTMSG 2221:0 @!@!@
  |||||line 195, col 70 to line 195, col 88 of module SplitLess_replica_group_expenses: 112260
@!@!@ENDMSG 2221 @!@!@
@!@!@STARTMSG 2221:0 @!@!@
  |||||line 195, col 79 to line 195, col 88 of module SplitLess_replica_group_expenses: 112260
@!@!@ENDMSG 2221 @!@!@
@!@!@STARTMSG 2221:0 @!@!@
  ||||||line 186, col 15 to line 193, col 35 of module SplitLess_replica_group_expenses: 112260
@!@!@ENDMSG 2221 @!@!@
@!@!@STARTMSG 2221:0 @!@!@
  |||||||line 186, col 17 to line 186, col 26 of module SplitLess_replica_group_expenses: 112260
@!@!@ENDMSG 2221 @!@!@
@!@!@STARTMSG 2221:0 @!@!@
  |||||||line 187, col 17 to line 187, col 34 of module SplitLess_replica_group_expenses: 112260
@!@!@ENDMSG 2221 @!@!@
@!@!@STARTMSG 2221:0 @!@!@
  |||||||line 189, col 17 to line 189, col 31 of module SplitLess_replica_group_expenses: 112260
@!@!@ENDMSG 2221 @!@!@
@!@!@STARTMSG 2221:0 @!@!@
  |||||||line 190, col 28 to line 190, col 46 of module SplitLess_replica_group_expenses: 112260
@!@!@ENDMSG 2221 @!@!@
@!@!@STARTMSG 2221:0 @!@!@
  ||||||||line 78, col 7 to line 80, col 65 of module SplitLess_replica_group_expenses: 336780
@!@!@ENDMSG 2221 @!@!@
@!@!@STARTMSG 2221:0 @!@!@
  |||||||||line 78, col 10 to line 78, col 22 of module SplitLess_replica_group_expenses: 336780
@!@!@ENDMSG 2221 @!@!@
@!@!@STARTMSG 2221:0 @!@!@
  |||||||||line 79, col 21 to line 79, col 48 of module SplitLess_replica_group_expenses: 224520
@!@!@ENDMSG 2221 @!@!@
@!@!@STARTMSG 2221:0 @!@!@
  |||||||||line 80, col 15 to line 80, col 65 of module SplitLess_replica_group_expenses: 224520
@!@!@ENDMSG 2221 @!@!@
@!@!@STARTMSG 2221:0 @!@!@
  ||||||||line 190, col 40 to line 190, col 45 of module SplitLess_replica_group_expenses: 112260
@!@!@ENDMSG 2221 @!@!@
@!@!@STARTMSG 2221:0 @!@!@
  |||||||line 191, col 17 to line 191, col 33 of module SplitLess_replica_group_expenses: 112260
@!@!@ENDMSG 2221 @!@!@
@!@!@STARTMSG 2221:0 @!@!@
  |||||||line 192, col 17 to line 192, col 108 of module SplitLess_replica_group_expenses: 112260
@!@!@ENDMSG 2221 @!@!@
@!@!@STARTMSG 2221:0 @!@!@
  |||||||line 193, col 17 to line 193, col 33 of module SplitLess_replica_group_expenses: 112260
@!@!@ENDMSG 2221 @!@!@
@!@!@STARTMSG 2221:0 @!@!@
  line 197, col 18 to line 197, col 51 of module SplitLess_replica_group_expenses: 112260
@!@!@ENDMSG 2221 @!@!@
@!@!@STARTMSG 2772:0 @!@!@
<AddExpenseToGroup line 199, col 1 to line 199, col 17 of module SplitLess_replica_group_expenses (204 9 219 51)>: 7303:76120
@!@!@ENDMSG 2772 @!@!@
@!@!@STARTMSG 2221:0 @!@!@
  line 204, col 12 to line 204, col 40 of module SplitLess_replica_group_expenses: 1885888
@!@!@ENDMSG 2221 @!@!@
@!@!@STARTMSG 2221:0 @!@!@
  |line 204, col 12 to line 204, col 34 of module SplitLess_replica_group_expenses: 1809768
@!@!@ENDMSG 2221 @!@!@
@!@!@STARTMSG 2221:0 @!@!@
  |line 204, col 38 to line 204, col 40 of module SplitLess_replica_group_expenses: 1809768
@!@!@ENDMSG 2221 @!@!@
@!@!@STARTMSG 2221:0 @!@!@
  line 205, col 12 to line 205, col 47 of module SplitLess_replica_group_expenses: 981004
@!@!@ENDMSG 2221 @!@!@
@!@!@STARTMSG 2221:0 @!@!@
  |line 205, col 12 to line 205, col 36 of module SplitLess_replica_group_expenses: 904884
@!@!@ENDMSG 2221 @!@!@
@!@!@STARTMSG 2221:0 @!@!@
  |line 205, col 40 to line 205, col 47 of module SplitLess_replica_group_expenses: 904884
@!@!@ENDMSG 2221 @!@!@
@!@!@STARTMSG 2221:0 @!@!@
  line 206, col 12 to line 206, col 59 of module SplitLess_replica_group_expenses: 678688
@!@!@ENDMSG 2221 @!@!@
@!@!@STARTMSG 2221:0 @!@!@
  |line 206, col 12 to line 206, col 46 of module SplitLess_replica_group_expenses: 602568
@!@!@ENDMSG 2221 @!@!@
@!@!@STARTMSG 2221:0 @!@!@
  |line 206, col 50 to line 206, col 59 of module SplitLess_replica_group_expenses: 602568
@!@!@ENDMSG 2221 @!@!@
@!@!@STARTMSG 2221:0 @!@!@
  line 71, col 3 to line 71, col 23 of module SplitLess_replica_group_expenses: 567940
@!@!@ENDMSG 2221 @!@!@
@!@!@STARTMSG 2221:0 @!@!@
  |line 71, col 3 to line 71, col 19 of module SplitLess_replica_group_expenses: 491820
@!@!@ENDMSG 2221 @!@!@
@!@!@STARTMSG 2221:0 @!@!@
  line 207, col 21 to line 207, col 60 of module SplitLess_replica_group_expenses: 491820
@!@!@ENDMSG 2221 @!@!@
@!@!@STARTMSG 2221:0 @!@!@
  line 208, col 12 to line 208, col 60 of module SplitLess_replica_group_expenses: 330120
@!@!@ENDMSG 2221 @!@!@
@!@!@STARTMSG 2221:0 @!@!@
  |line 208, col 12 to line 208, col 52 of module SplitLess_replica_group_expenses: 254000
@!@!@ENDMSG 2221 @!@!@
@!@!@STARTMSG 2221:0 @!@!@
  |line 208, col 56 to line 208, col 60 of module SplitLess_replica_group_expenses: 254000
@!@!@ENDMSG 2221 @!@!@
@!@!@STARTMSG 2221:0 @!@!@
  line 209, col 12 to line 209, col 63 of module SplitLess_replica_group_expenses: 231596
@!@!@ENDMSG 2221 @!@!@
@!@!@STARTMSG 2221:0 @!@!@
  |line 209, col 12 to line 209, col 52 of module SplitLess_replica_group_expenses: 155476
@!@!@ENDMSG 2221 @!@!@
@!@!@STARTMSG 2221:0 @!@!@
  |line 209, col 56 to line 209, col 63 of module SplitLess_replica_group_expenses: 155476
@!@!@ENDMSG 2221 @!@!@
@!@!@STARTMSG 2221:0 @!@!@
  line 210, col 12 to line 211, col 86 of module SplitLess_replica_group_expenses: 203384
@!@!@ENDMSG 2221 @!@!@
@!@!@STARTMSG 2775:0 @!@!@
  |line 210, col 12 to line 210, col 76 of module SplitLess_replica_group_expenses: 127264:232834
@!@!@ENDMSG 2775 @!@!@
@!@!@STARTMSG 2221:0 @!@!@
  ||line 210, col 27 to line 210, col 75 of module SplitLess_replica_group_expenses: 254528
@!@!@ENDMSG 2221 @!@!@
@!@!@STARTMSG 2221:0 @!@!@
  ||line 210, col 19 to line 210, col 23 of module SplitLess_replica_group_expenses: 127264
@!@!@ENDMSG 2221 @!@!@
@!@!@STARTMSG 2221:0 @!@!@
  |line 211, col 25 to line 211, col 86 of module SplitLess_replica_group_expenses: 127264
@!@!@ENDMSG 2221 @!@!@
@!@!@STARTMSG 2221:0 @!@!@
  ||line 211, col 40 to line 211, col 85 of module SplitLess_replica_group_expenses: 254528
@!@!@ENDMSG 2221 @!@!@
@!@!@STARTMSG 2221:0 @!@!@
  ||line 211, col 32 to line 211, col 36 of module SplitLess_replica_group_expenses: 127264
@!@!@ENDMSG 2221 @!@!@
@!@!@STARTMSG 2221:0 @!@!@
  line 218, col 15 to line 219, col 51 of module SplitLess_replica_group_expenses: 76120
@!@!@ENDMSG 2221 @!@!@
@!@!@STARTMSG 2772:0 @!@!@
<RemoveExpenseFromGroup line 221, col 1 to line 221, col 22 of module SplitLess_replica_group_expenses (226 9 238 47)>: 1867:28212
@!@!@ENDMSG 2772 @!@!@
@!@!@STARTMSG 2221:0 @!@!@
  line 226, col 12 to line 226, col 40 of module SplitLess_replica_group_expenses: 1837980
@!@!@ENDMSG 2221 @!@!@
@!@!@STARTMSG 2221:0 @!@!@
  |line 226, col 12 to line 226, col 34 of module SplitLess_replica_group_expenses: 1809768
@!@!@ENDMSG 2221 @!@!@
@!@!@STARTMSG 2221:0 @!@!@
  |line 226, col 38 to line 226, col 40 of module SplitLess_replica_group_expenses: 1809768
@!@!@ENDMSG 2221 @!@!@
@!@!@STARTMSG 2221:0 @!@!@
  line 227, col 12 to line 227, col 47 of module SplitLess_replica_group_expenses: 933096
@!@!@ENDMSG 2221 @!@!@
@!@!@STARTMSG 2221:0 @!@!@
  |line 227, col 12 to line 227, col 36 of module SplitLess_replica_group_expenses: 904884
@!@!@ENDMSG 2221 @!@!@
@!@!@STARTMSG 2221:0 @!@!@
  |line 227, col 40 to line 227, col 47 of module SplitLess_replica_group_expenses: 904884
@!@!@ENDMSG 2221 @!@!@
@!@!@STARTMSG 2221:0 @!@!@
  line 228, col 12 to line 228, col 59 of module SplitLess_replica_group_expenses: 630780
@!@!@ENDMSG 2221 @!@!@
@!@!@STARTMSG 2221:0 @!@!@
  |line 228, col 12 to line 228, col 46 of module SplitLess_replica_group_expenses: 602568
@!@!@ENDMSG 2221 @!@!@
@!@!@STARTMSG 2221:0 @!@!@
  |line 228, col 50 to line 228, col 59 of module SplitLess_replica_group_expenses: 602568
@!@!@ENDMSG 2221 @!@!@
@!@!@STARTMSG 2221:0 @!@!@
  line 71, col 3 to line 71, col 23 of module SplitLess_replica_group_expenses: 520032
@!@!@ENDMSG 2221 @!@!@
@!@!@STARTMSG 2221:0 @!@!@
  |line 71, col 3 to line 71, col 19 of module SplitLess_replica_group_expenses: 491820
@!@!@ENDMSG 2221 @!@!@
@!@!@STARTMSG 2221:0 @!@!@
  line 229, col 21 to line 229, col 60 of module SplitLess_replica_group_expenses: 491820
@!@!@ENDMSG 2221 @!@!@
@!@!@STARTMSG 2221:0 @!@!@
  line 230, col 12 to line 230, col 58 of module SplitLess_replica_group_expenses: 282212
@!@!@ENDMSG 2221 @!@!@
@!@!@STARTMSG 2221:0 @!@!@
  |line 230, col 12 to line 230, col 52 of module SplitLess_replica_group_expenses: 254000
@!@!@ENDMSG 2221 @!@!@
@!@!@STARTMSG 2221:0 @!@!@
  |line 230, col 56 to line 230, col 58 of module SplitLess_replica_group_expenses: 254000
@!@!@ENDMSG 2221 @!@!@
@!@!@STARTMSG 2221:0 @!@!@
  line 231, col 12 to line 231, col 60 of module SplitLess_replica_group_expenses: 62852
@!@!@ENDMSG 2221 @!@!@
@!@!@STARTMSG 2221:0 @!@!@
  |line 231, col 12 to line 231, col 52 of module SplitLess_replica_group_expenses: 34640
@!@!@ENDMSG 2221 @!@!@
@!@!@STARTMSG 2221:0 @!@!@
  |line 231, col 56 to line 231, col 60 of module SplitLess_replica_group_expenses: 34640
@!@!@ENDMSG 2221 @!@!@
@!@!@STARTMSG 2221:0 @!@!@
  line 237, col 18 to line 237, col 66 of module SplitLess_replica_group_expenses: 28212
@!@!@ENDMSG 2221 @!@!@
@!@!@STARTMSG 2221:0 @!@!@
  |line 237, col 30 to line 237, col 66 of module SplitLess_replica_group_expenses: 28212
@!@!@ENDMSG 2221 @!@!@
@!@!@STARTMSG 2221:0 @!@!@
  ||line 237, col 31 to line 237, col 38 of module SplitLess_replica_group_expenses: 28212
@!@!@ENDMSG 2221 @!@!@
@!@!@STARTMSG 2221:0 @!@!@
  ||line 237, col 47 to line 237, col 65 of module SplitLess_replica_group_expenses: 28212
@!@!@ENDMSG 2221 @!@!@
@!@!@STARTMSG 2221:0 @!@!@
  ||line 237, col 56 to line 237, col 65 of module SplitLess_replica_group_expenses: 28212
@!@!@ENDMSG 2221 @!@!@
@!@!@STARTMSG 2221:0 @!@!@
  |||line 235, col 30 to line 236, col 70 of module SplitLess_replica_group_expenses: 28212
@!@!@ENDMSG 2221 @!@!@
@!@!@STARTMSG 2221:0 @!@!@
  ||||line 235, col 32 to line 235, col 44 of module SplitLess_replica_group_expenses: 28212
@!@!@ENDMSG 2221 @!@!@
@!@!@STARTMSG 2221:0 @!@!@
  ||||line 235, col 53 to line 235, col 84 of module SplitLess_replica_group_expenses: 28212
@!@!@ENDMSG 2221 @!@!@
@!@!@STARTMSG 2221:0 @!@!@
  ||||line 236, col 60 to line 236, col 68 of module SplitLess_replica_group_expenses: 28212
@!@!@ENDMSG 2221 @!@!@
@!@!@STARTMSG 2221:0 @!@!@
  |||||line 234, col 29 to line 234, col 74 of module SplitLess_replica_group_expenses: 28212
@!@!@ENDMSG 2221 @!@!@
@!@!@STARTMSG 2775:0 @!@!@
  ||||||line 112, col 7 to line 117, col 7 of module SplitLess_replica_group_expenses: 28212:28212
@!@!@ENDMSG 2775 @!@!@
@!@!@STARTMSG 2221:0 @!@!@
  ||||||line 234, col 41 to line 234, col 60 of module SplitLess_replica_group_expenses: 28212
@!@!@ENDMSG 2221 @!@!@
@!@!@STARTMSG 2221:0 @!@!@
  ||||||line 234, col 63 to line 234, col 73 of module SplitLess_replica_group_expenses: 11788
@!@!@ENDMSG 2221 @!@!@
@!@!@STARTMSG 2221:0 @!@!@
  line 238, col 14 to line 238, col 47 of module SplitLess_replica_group_expenses: 28212
@!@!@ENDMSG 2221 @!@!@
@!@!@STARTMSG 2772:0 @!@!@
<ModifyExpenseParameters line 240, col 1 to line 240, col 23 of module SplitLess_replica_group_expenses (245 9 268 51)>: 82497:896744
@!@!@ENDMSG 2772 @!@!@
@!@!@STARTMSG 2221:0 @!@!@
  line 245, col 12 to line 245, col 40 of module SplitLess_replica_group_expenses: 8135816
@!@!@ENDMSG 2221 @!@!@
@!@!@STARTMSG 2221:0 @!@!@
  |line 245, col 12 to line 245, col 34 of module SplitLess_replica_group_expenses: 7239072
@!@!@ENDMSG 2221 @!@!@
@!@!@STARTMSG 2221:0 @!@!@
  |line 245, col 38 to line 245, col 40 of module SplitLess_replica_group_expenses: 7239072
@!@!@ENDMSG 2221 @!@!@
@!@!@STARTMSG 2221:0 @!@!@
  line 246, col 12 to line 246, col 59 of module SplitLess_replica_group_expenses: 4516280
@!@!@ENDMSG 2221 @!@!@
@!@!@STARTMSG 2221:0 @!@!@
  |line 246, col 12 to line 246, col 46 of module SplitLess_replica_group_expenses: 3619536
@!@!@ENDMSG 2221 @!@!@
@!@!@STARTMSG 2221:0 @!@!@
  |line 246, col 50 to line 246, col 59 of module SplitLess_replica_group_expenses: 3619536
@!@!@ENDMSG 2221 @!@!@
@!@!@STARTMSG 2221:0 @!@!@
  line 247, col 12 to line 247, col 60 of module SplitLess_replica_group_expenses: 3892904
@!@!@ENDMSG 2221 @!@!@
@!@!@STARTMSG 2221:0 @!@!@
  |line 247, col 12 to line 247, col 52 of module SplitLess_replica_group_expenses: 2996160
@!@!@ENDMSG 2221 @!@!@
@!@!@STARTMSG 2221:0 @!@!@
  |line 247, col 56 to line 247, col 60 of module SplitLess_replica_group_expenses: 2996160
@!@!@ENDMSG 2221 @!@!@
@!@!@STARTMSG 2221:0 @!@!@
  line 248, col 12 to line 248, col 34 of module SplitLess_replica_group_expenses: 896744
@!@!@ENDMSG 2221 @!@!@
@!@!@STARTMSG 2221:0 @!@!@
  |line 248, col 12 to line 248, col 30 of module SplitLess_replica_group_expenses: 1734928
@!@!@ENDMSG 2221 @!@!@
@!@!@STARTMSG 2221:0 @!@!@
  ||line 78, col 7 to line 80, col 65 of module SplitLess_replica_group_expenses: 5204784
@!@!@ENDMSG 2221 @!@!@
@!@!@STARTMSG 2221:0 @!@!@
  |||line 78, col 10 to line 78, col 22 of module SplitLess_replica_group_expenses: 5204784
@!@!@ENDMSG 2221 @!@!@
@!@!@STARTMSG 2221:0 @!@!@
  |||line 79, col 21 to line 79, col 48 of module SplitLess_replica_group_expenses: 3469856
@!@!@ENDMSG 2221 @!@!@
@!@!@STARTMSG 2221:0 @!@!@
  |||line 80, col 15 to line 80, col 65 of module SplitLess_replica_group_expenses: 3469856
@!@!@ENDMSG 2221 @!@!@
@!@!@STARTMSG 2221:0 @!@!@
  ||line 248, col 24 to line 248, col 29 of module SplitLess_replica_group_expenses: 1734928
@!@!@ENDMSG 2221 @!@!@
@!@!@STARTMSG 2221:0 @!@!@
  line 249, col 12 to line 249, col 55 of module SplitLess_replica_group_expenses: 2197940
@!@!@ENDMSG 2221 @!@!@
@!@!@STARTMSG 2221:0 @!@!@
  |line 249, col 13 to line 249, col 55 of module SplitLess_replica_group_expenses: 1301196
@!@!@ENDMSG 2221 @!@!@
@!@!@STARTMSG 2221:0 @!@!@
  line 250, col 15 to line 250, col 66 of module SplitLess_replica_group_expenses: 925812
@!@!@ENDMSG 2221 @!@!@
@!@!@STARTMSG 2221:0 @!@!@
  line 251, col 17 to line 252, col 126 of module SplitLess_replica_group_expenses: 133772
@!@!@ENDMSG 2221 @!@!@
@!@!@STARTMSG 2775:0 @!@!@
  |line 251, col 17 to line 251, col 45 of module SplitLess_replica_group_expenses: 81420:153048
@!@!@ENDMSG 2775 @!@!@
@!@!@STARTMSG 2221:0 @!@!@
  ||line 251, col 32 to line 251, col 44 of module SplitLess_replica_group_expenses: 162840
@!@!@ENDMSG 2221 @!@!@
@!@!@STARTMSG 2221:0 @!@!@
  ||line 251, col 24 to line 251, col 28 of module SplitLess_replica_group_expenses: 81420
@!@!@ENDMSG 2221 @!@!@
@!@!@STARTMSG 2221:0 @!@!@
  |line 252, col 27 to line 252, col 126 of module SplitLess_replica_group_expenses: 81420
@!@!@ENDMSG 2221 @!@!@
@!@!@STARTMSG 2221:0 @!@!@
  ||line 252, col 42 to line 252, col 125 of module SplitLess_replica_group_expenses: 162840
@!@!@ENDMSG 2221 @!@!@
@!@!@STARTMSG 2221:0 @!@!@
  ||line 252, col 34 to line 252, col 38 of module SplitLess_replica_group_expenses: 81420
@!@!@ENDMSG 2221 @!@!@
@!@!@STARTMSG 2221:0 @!@!@
  line 253, col 17 to line 253, col 20 of module SplitLess_replica_group_expenses: 844392
@!@!@ENDMSG 2221 @!@!@
@!@!@STARTMSG 2221:0 @!@!@
  line 267, col 18 to line 267, col 66 of module SplitLess_replica_group_expenses: 896744
@!@!@ENDMSG 2221 @!@!@
@!@!@STARTMSG 2221:0 @!@!@
  |line 267, col 30 to line 267, col 66 of module SplitLess_replica_group_expenses: 896744
@!@!@ENDMSG 2221 @!@!@
@!@!@STARTMSG 2221:0 @!@!@
  ||line 267, col 31 to line 267, col 38 of module SplitLess_replica_group_expenses: 896744
@!@!@ENDMSG 2221 @!@!@
@!@!@STARTMSG 2221:0 @!@!@
  ||line 267, col 47 to line 267, col 65 of module SplitLess_replica_group_expenses: 896744
@!@!@ENDMSG 2221 @!@!@
@!@!@STARTMSG 2221:0 @!@!@
  ||line 267, col 56 to line 267, col 65 of module SplitLess_replica_group_expenses: 896744
@!@!@ENDMSG 2221 @!@!@
@!@!@STARTMSG 2221:0 @!@!@
  |||line 265, col 16 to line 266, col 60 of module SplitLess_replica_group_expenses: 896744
@!@!@ENDMSG 2221 @!@!@
@!@!@STARTMSG 2221:0 @!@!@
  ||||line 265, col 18 to line 265, col 30 of module SplitLess_replica_group_expenses: 896744
@!@!@ENDMSG 2221 @!@!@
@!@!@STARTMSG 2221:0 @!@!@
  ||||line 265, col 60 to line 265, col 70 of module SplitLess_replica_group_expenses: 896744
@!@!@ENDMSG 2221 @!@!@
@!@!@STARTMSG 2221:0 @!@!@
  |||||line 255, col 16 to line 259, col 42 of module SplitLess_replica_group_expenses: 896744
@!@!@ENDMSG 2221 @!@!@
@!@!@STARTMSG 2221:0 @!@!@
  ||||||line 255, col 18 to line 255, col 47 of module SplitLess_replica_group_expenses: 896744
@!@!@ENDMSG 2221 @!@!@
@!@!@STARTMSG 2221:0 @!@!@
  ||||||line 256, col 19 to line 256, col 40 of module SplitLess_replica_group_expenses: 896744
@!@!@ENDMSG 2221 @!@!@
@!@!@STARTMSG 2221:0 @!@!@
  ||||||line 257, col 19 to line 257, col 115 of module SplitLess_replica_group_expenses: 896744
@!@!@ENDMSG 2221 @!@!@
@!@!@STARTMSG 2221:0 @!@!@
  ||||||line 258, col 19 to line 258, col 53 of module SplitLess_replica_group_expenses: 896744
@!@!@ENDMSG 2221 @!@!@
@!@!@STARTMSG 2221:0 @!@!@
  ||||||line 258, col 35 to line 258, col 53 of module SplitLess_replica_group_expenses: 896744
@!@!@ENDMSG 2221 @!@!@
@!@!@STARTMSG 2221:0 @!@!@
  |||||||line 78, col 7 to line 80, col 65 of module SplitLess_replica_group_expenses: 2690232
@!@!@ENDMSG 2221 @!@!@
@!@!@STARTMSG 2221:0 @!@!@
  ||||||||line 78, col 10 to line 78, col 22 of module SplitLess_replica_group_expenses: 2690232
@!@!@ENDMSG 2221 @!@!@
@!@!@STARTMSG 2221:0 @!@!@
  ||||||||line 79, col 21 to line 79, col 48 of module SplitLess_replica_group_expenses: 1793488
@!@!@ENDMSG 2221 @!@!@
@!@!@STARTMSG 2221:0 @!@!@
  ||||||||line 80, col 15 to line 80, col 65 of module SplitLess_replica_group_expenses: 1793488
@!@!@ENDMSG 2221 @!@!@
@!@!@STARTMSG 2221:0 @!@!@
  |||||||line 258, col 47 to line 258, col 52 of module SplitLess_replica_group_expenses: 896744
@!@!@ENDMSG 2221 @!@!@
@!@!@STARTMSG 2221:0 @!@!@
  ||||||line 259, col 19 to line 259, col 40 of module SplitLess_replica_group_expenses: 896744
@!@!@ENDMSG 2221 @!@!@
@!@!@STARTMSG 2221:0 @!@!@
  ||||line 266, col 50 to line 266, col 58 of module SplitLess_replica_group_expenses: 896744
@!@!@ENDMSG 2221 @!@!@
@!@!@STARTMSG 2221:0 @!@!@
  |||||line 261, col 16 to line 263, col 66 of module SplitLess_replica_group_expenses: 896744
@!@!@ENDMSG 2221 @!@!@
@!@!@STARTMSG 2221:0 @!@!@
  ||||||line 261, col 19 to line 261, col 70 of module SplitLess_replica_group_expenses: 896744
@!@!@ENDMSG 2221 @!@!@
@!@!@STARTMSG 2221:0 @!@!@
  ||||||line 262, col 21 to line 262, col 40 of module SplitLess_replica_group_expenses: 844392
@!@!@ENDMSG 2221 @!@!@
@!@!@STARTMSG 2221:0 @!@!@
  ||||||line 263, col 21 to line 263, col 66 of module SplitLess_replica_group_expenses: 52352
@!@!@ENDMSG 2221 @!@!@
@!@!@STARTMSG 2775:0 @!@!@
  |||||||line 112, col 7 to line 117, col 7 of module SplitLess_replica_group_expenses: 52352:52352
@!@!@ENDMSG 2775 @!@!@
@!@!@STARTMSG 2221:0 @!@!@
  |||||||line 263, col 33 to line 263, col 52 of module SplitLess_replica_group_expenses: 52352
@!@!@ENDMSG 2221 @!@!@
@!@!@STARTMSG 2221:0 @!@!@
  |||||||line 263, col 55 to line 263, col 65 of module SplitLess_replica_group_expenses: 10952
@!@!@ENDMSG 2221 @!@!@
@!@!@STARTMSG 2221:0 @!@!@
  ||||||||line 255, col 16 to line 259, col 42 of module SplitLess_replica_group_expenses: 10952
@!@!@ENDMSG 2221 @!@!@
@!@!@STARTMSG 2221:0 @!@!@
  |||||||||line 255, col 18 to line 255, col 47 of module SplitLess_replica_group_expenses: 10952
@!@!@ENDMSG 2221 @!@!@
@!@!@STARTMSG 2221:0 @!@!@
  |||||||||line 256, col 19 to line 256, col 40 of module SplitLess_replica_group_expenses: 10952
@!@!@ENDMSG 2221 @!@!@
@!@!@STARTMSG 2221:0 @!@!@
  |||||||||line 257, col 19 to line 257, col 115 of module SplitLess_replica_group_expenses: 10952
@!@!@ENDMSG 2221 @!@!@
@!@!@STARTMSG 2221:0 @!@!@
  |||||||||line 258, col 19 to line 258, col 53 of module SplitLess_replica_group_expenses: 10952
@!@!@ENDMSG 2221 @!@!@
@!@!@STARTMSG 2221:0 @!@!@
  |||||||||line 258, col 35 to line 258, col 53 of module SplitLess_replica_group_expenses: 10952
@!@!@ENDMSG 2221 @!@!@
@!@!@STARTMSG 2221:0 @!@!@
  ||||||||||line 78, col 7 to line 80, col 65 of module SplitLess_replica_group_expenses: 32856
@!@!@ENDMSG 2221 @!@!@
@!@!@STARTMSG 2221:0 @!@!@
  |||||||||||line 78, col 10 to line 78, col 22 of module SplitLess_replica_group_expenses: 32856
@!@!@ENDMSG 2221 @!@!@
@!@!@STARTMSG 2221:0 @!@!@
  |||||||||||line 79, col 21 to line 79, col 48 of module SplitLess_replica_group_expenses: 21904
@!@!@ENDMSG 2221 @!@!@
@!@!@STARTMSG 2221:0 @!@!@
  |||||||||||line 80, col 15 to line 80, col 65 of module SplitLess_replica_group_expenses: 21904
@!@!@ENDMSG 2221 @!@!@
@!@!@STARTMSG 2221:0 @!@!@
  ||||||||||line 258, col 47 to line 258, col 52 of module SplitLess_replica_group_expenses: 10952
@!@!@ENDMSG 2221 @!@!@
@!@!@STARTMSG 2221:0 @!@!@
  |||||||||line 259, col 19 to line 259, col 40 of module SplitLess_replica_group_expenses: 10952
@!@!@ENDMSG 2221 @!@!@
@!@!@STARTMSG 2221:0 @!@!@
  line 268, col 18 to line 268, col 51 of module SplitLess_replica_group_expenses: 896744
@!@!@ENDMSG 2221 @!@!@
@!@!@STARTMSG 2772:0 @!@!@
<DeleteExpense line 270, col 1 to line 270, col 13 of module SplitLess_replica_group_expenses (274 9 289 51)>: 61923:304004
@!@!@ENDMSG 2772 @!@!@
@!@!@STARTMSG 2221:0 @!@!@
  line 274, col 12 to line 274, col 40 of module SplitLess_replica_group_expenses: 2113772
@!@!@ENDMSG 2221 @!@!@
@!@!@STARTMSG 2221:0 @!@!@
  |line 274, col 12 to line 274, col 34 of module SplitLess_replica_group_expenses: 1809768
@!@!@ENDMSG 2221 @!@!@
@!@!@STARTMSG 2221:0 @!@!@
  |line 274, col 38 to line 274, col 40 of module SplitLess_replica_group_expenses: 1809768
@!@!@ENDMSG 2221 @!@!@
@!@!@STARTMSG 2221:0 @!@!@
  line 275, col 12 to line 275, col 59 of module SplitLess_replica_group_expenses: 1208888
@!@!@ENDMSG 2221 @!@!@
@!@!@STARTMSG 2221:0 @!@!@
  |line 275, col 12 to line 275, col 46 of module SplitLess_replica_group_expenses: 904884
@!@!@ENDMSG 2221 @!@!@
@!@!@STARTMSG 2221:0 @!@!@
  |line 275, col 50 to line 275, col 59 of module SplitLess_replica_group_expenses: 904884
@!@!@ENDMSG 2221 @!@!@
@!@!@STARTMSG 2221:0 @!@!@
  line 276, col 12 to line 276, col 60 of module SplitLess_replica_group_expenses: 1053044
@!@!@ENDMSG 2221 @!@!@
@!@!@STARTMSG 2221:0 @!@!@
  |line 276, col 12 to line 276, col 52 of module SplitLess_replica_group_expenses: 749040
@!@!@ENDMSG 2221 @!@!@
@!@!@STARTMSG 2221:0 @!@!@
  |line 276, col 56 to line 276, col 60 of module SplitLess_replica_group_expenses: 749040
@!@!@ENDMSG 2221 @!@!@
@!@!@STARTMSG 2221:0 @!@!@
  line 277, col 12 to line 277, col 62 of module SplitLess_replica_group_expenses: 737736
@!@!@ENDMSG 2221 @!@!@
@!@!@STARTMSG 2221:0 @!@!@
  |line 277, col 12 to line 277, col 54 of module SplitLess_replica_group_expenses: 433732
@!@!@ENDMSG 2221 @!@!@
@!@!@STARTMSG 2221:0 @!@!@
  |line 277, col 58 to line 277, col 62 of module SplitLess_replica_group_expenses: 433732
@!@!@ENDMSG 2221 @!@!@
@!@!@STARTMSG 2221:0 @!@!@
  line 278, col 15 to line 278, col 66 of module SplitLess_replica_group_expenses: 308604
@!@!@ENDMSG 2221 @!@!@
@!@!@STARTMSG 2221:0 @!@!@
  line 71, col 3 to line 71, col 23 of module SplitLess_replica_group_expenses: 49680
@!@!@ENDMSG 2221 @!@!@
@!@!@STARTMSG 2221:0 @!@!@
  |line 71, col 3 to line 71, col 19 of module SplitLess_replica_group_expenses: 27140
@!@!@ENDMSG 2221 @!@!@
@!@!@STARTMSG 2221:0 @!@!@
  line 279, col 29 to line 279, col 106 of module SplitLess_replica_group_expenses: 27140
@!@!@ENDMSG 2221 @!@!@
@!@!@STARTMSG 2221:0 @!@!@
  line 280, col 17 to line 280, col 20 of module SplitLess_replica_group_expenses: 281464
@!@!@ENDMSG 2221 @!@!@
@!@!@STARTMSG 2221:0 @!@!@
  line 288, col 18 to line 288, col 66 of module SplitLess_replica_group_expenses: 304004
@!@!@ENDMSG 2221 @!@!@
@!@!@STARTMSG 2221:0 @!@!@
  |line 288, col 30 to line 288, col 66 of module SplitLess_replica_group_expenses: 304004
@!@!@ENDMSG 2221 @!@!@
@!@!@STARTMSG 2221:0 @!@!@
  ||line 288, col 31 to line 288, col 38 of module SplitLess_replica_group_expenses: 304004
@!@!@ENDMSG 2221 @!@!@
@!@!@STARTMSG 2221:0 @!@!@
  ||line 288, col 47 to line 288, col 65 of module SplitLess_replica_group_expenses: 304004
@!@!@ENDMSG 2221 @!@!@
@!@!@STARTMSG 2221:0 @!@!@
  ||line 288, col 56 to line 288, col 65 of module SplitLess_replica_group_expenses: 304004
@!@!@ENDMSG 2221 @!@!@
@!@!@STARTMSG 2221:0 @!@!@
  |||line 286, col 16 to line 287, col 60 of module SplitLess_replica_group_expenses: 304004
@!@!@ENDMSG 2221 @!@!@
@!@!@STARTMSG 2221:0 @!@!@
  ||||line 286, col 18 to line 286, col 30 of module SplitLess_replica_group_expenses: 304004
@!@!@ENDMSG 2221 @!@!@
@!@!@STARTMSG 2221:0 @!@!@
  ||||line 286, col 39 to line 286, col 70 of module SplitLess_replica_group_expenses: 304004
@!@!@ENDMSG 2221 @!@!@
@!@!@STARTMSG 2221:0 @!@!@
  ||||line 287, col 50 to line 287, col 58 of module SplitLess_replica_group_expenses: 304004
@!@!@ENDMSG 2221 @!@!@
@!@!@STARTMSG 2221:0 @!@!@
  |||||line 284, col 16 to line 284, col 61 of module SplitLess_replica_group_expenses: 304004
@!@!@ENDMSG 2221 @!@!@
@!@!@STARTMSG 2775:0 @!@!@
  ||||||line 112, col 7 to line 117, col 7 of module SplitLess_replica_group_expenses: 304004:304004
@!@!@ENDMSG 2775 @!@!@
@!@!@STARTMSG 2221:0 @!@!@
  ||||||line 284, col 28 to line 284, col 47 of module SplitLess_replica_group_expenses: 304004
@!@!@ENDMSG 2221 @!@!@
@!@!@STARTMSG 2221:0 @!@!@
  ||||||line 284, col 50 to line 284, col 60 of module SplitLess_replica_group_expenses: 156572
@!@!@ENDMSG 2221 @!@!@
@!@!@STARTMSG 2221:0 @!@!@
  line 289, col 18 to line 289, col 51 of module SplitLess_replica_group_expenses: 304004
@!@!@ENDMSG 2221 @!@!@
@!@!@STARTMSG 2772:0 @!@!@
<AcknowledgeShare line 291, col 1 to line 291, col 16 of module SplitLess_replica_group_expenses (295 9 311 40)>: 1975:2196
@!@!@ENDMSG 2772 @!@!@
@!@!@STARTMSG 2221:0 @!@!@
  line 295, col 12 to line 295, col 40 of module SplitLess_replica_group_expenses: 1811964
@!@!@ENDMSG 2221 @!@!@
@!@!@STARTMSG 2221:0 @!@!@
  |line 295, col 12 to line 295, col 34 of module SplitLess_replica_group_expenses: 1809768
@!@!@ENDMSG 2221 @!@!@
@!@!@STARTMSG 2221:0 @!@!@
  |line 295, col 38 to line 295, col 40 of module SplitLess_replica_group_expenses: 1809768
@!@!@ENDMSG 2221 @!@!@
@!@!@STARTMSG 2221:0 @!@!@
  line 296, col 12 to line 296, col 59 of module SplitLess_replica_group_expenses: 907080
@!@!@ENDMSG 2221 @!@!@
@!@!@STARTMSG 2221:0 @!@!@
  |line 296, col 12 to line 296, col 46 of module SplitLess_replica_group_expenses: 904884
@!@!@ENDMSG 2221 @!@!@
@!@!@STARTMSG 2221:0 @!@!@
  |line 296, col 50 to line 296, col 59 of module SplitLess_replica_group_expenses: 904884
@!@!@ENDMSG 2221 @!@!@
@!@!@STARTMSG 2221:0 @!@!@
  line 297, col 12 to line 297, col 62 of module SplitLess_replica_group_expenses: 751236
@!@!@ENDMSG 2221 @!@!@
@!@!@STARTMSG 2221:0 @!@!@
  |line 297, col 12 to line 297, col 54 of module SplitLess_replica_group_expenses: 749040
@!@!@ENDMSG 2221 @!@!@
@!@!@STARTMSG 2221:0 @!@!@
  |line 297, col 58 to line 297, col 62 of module SplitLess_replica_group_expenses: 749040
@!@!@ENDMSG 2221 @!@!@
@!@!@STARTMSG 2221:0 @!@!@
  line 298, col 12 to line 298, col 63 of module SplitLess_replica_group_expenses: 594440
@!@!@ENDMSG 2221 @!@!@
@!@!@STARTMSG 2221:0 @!@!@
  |line 298, col 12 to line 298, col 52 of module SplitLess_replica_group_expenses: 592244
@!@!@ENDMSG 2221 @!@!@
@!@!@STARTMSG 2221:0 @!@!@
  |line 298, col 56 to line 298, col 63 of module SplitLess_replica_group_expenses: 592244
@!@!@ENDMSG 2221 @!@!@
@!@!@STARTMSG 2221:0 @!@!@
  line 71, col 3 to line 71, col 23 of module SplitLess_replica_group_expenses: 40488
@!@!@ENDMSG 2221 @!@!@
@!@!@STARTMSG 2221:0 @!@!@
  |line 71, col 3 to line 71, col 19 of module SplitLess_replica_group_expenses: 38292
@!@!@ENDMSG 2221 @!@!@
@!@!@STARTMSG 2221:0 @!@!@
  line 299, col 21 to line 299, col 98 of module SplitLess_replica_group_expenses: 38292
@!@!@ENDMSG 2221 @!@!@
@!@!@STARTMSG 2221:0 @!@!@
  line 300, col 12 to line 300, col 64 of module SplitLess_replica_group_expenses: 2196
@!@!@ENDMSG 2221 @!@!@
@!@!@STARTMSG 2221:0 @!@!@
  |line 300, col 12 to line 300, col 60 of module SplitLess_replica_group_expenses: 28612
@!@!@ENDMSG 2221 @!@!@
@!@!@STARTMSG 2221:0 @!@!@
  line 301, col 12 to line 301, col 81 of module SplitLess_replica_group_expenses: 24856
@!@!@ENDMSG 2221 @!@!@
@!@!@STARTMSG 2221:0 @!@!@
  |line 301, col 12 to line 301, col 73 of module SplitLess_replica_group_expenses: 22660
@!@!@ENDMSG 2221 @!@!@
@!@!@STARTMSG 2221:0 @!@!@
  |line 301, col 77 to line 301, col 81 of module SplitLess_replica_group_expenses: 22660
@!@!@ENDMSG 2221 @!@!@
@!@!@STARTMSG 2221:0 @!@!@
  line 309, col 18 to line 309, col 66 of module SplitLess_replica_group_expenses: 2196
@!@!@ENDMSG 2221 @!@!@
@!@!@STARTMSG 2221:0 @!@!@
  |line 309, col 30 to line 309, col 66 of module SplitLess_replica_group_expenses: 2196
@!@!@ENDMSG 2221 @!@!@
@!@!@STARTMSG 2221:0 @!@!@
  ||line 309, col 31 to line 309, col 38 of module SplitLess_replica_group_expenses: 2196
@!@!@ENDMSG 2221 @!@!@
@!@!@STARTMSG 2221:0 @!@!@
  ||line 309, col 47 to line 309, col 65 of module SplitLess_replica_group_expenses: 2196
@!@!@ENDMSG 2221 @!@!@
@!@!@STARTMSG 2221:0 @!@!@
  ||line 309, col 56 to line 309, col 65 of module SplitLess_replica_group_expenses: 2196
@!@!@ENDMSG 2221 @!@!@
@!@!@STARTMSG 2221:0 @!@!@
  |||line 307, col 16 to line 308, col 60 of module SplitLess_replica_group_expenses: 2196
@!@!@ENDMSG 2221 @!@!@
@!@!@STARTMSG 2221:0 @!@!@
  ||||line 307, col 18 to line 307, col 30 of module SplitLess_replica_group_expenses: 2196
@!@!@ENDMSG 2221 @!@!@
@!@!@STARTMSG 2221:0 @!@!@
  ||||line 307, col 39 to line 307, col 70 of module SplitLess_replica_group_expenses: 2196
@!@!@ENDMSG 2221 @!@!@
@!@!@STARTMSG 2221:0 @!@!@
  ||||line 308, col 50 to line 308, col 58 of module SplitLess_replica_group_expenses: 2196
@!@!@ENDMSG 2221 @!@!@
@!@!@STARTMSG 2221:0 @!@!@
  |||||line 305, col 16 to line 305, col 61 of module SplitLess_replica_group_expenses: 2196
@!@!@ENDMSG 2221 @!@!@
@!@!@STARTMSG 2775:0 @!@!@
  ||||||line 112, col 7 to line 117, col 7 of module SplitLess_replica_group_expenses: 2196:2196
@!@!@ENDMSG 2775 @!@!@
@!@!@STARTMSG 2221:0 @!@!@
  ||||||line 305, col 28 to line 305, col 47 of module SplitLess_replica_group_expenses: 2196
@!@!@ENDMSG 2221 @!@!@
@!@!@STARTMSG 2221:0 @!@!@
  ||||||line 305, col 50 to line 305, col 60 of module SplitLess_replica_group_expenses: 384
@!@!@ENDMSG 2221 @!@!@
@!@!@STARTMSG 2221:0 @!@!@
  line 311, col 18 to line 311, col 40 of module SplitLess_replica_group_expenses: 2196
@!@!@ENDMSG 2221 @!@!@
@!@!@STARTMSG 2772:0 @!@!@
<PayerAbsorbsLeftMemberShare line 315, col 1 to line 315, col 27 of module SplitLess_replica_group_expenses (320 9 351 46)>: 375:392
@!@!@ENDMSG 2772 @!@!@
@!@!@STARTMSG 2221:0 @!@!@
  line 320, col 12 to line 320, col 40 of module SplitLess_replica_group_expenses: 3619928
@!@!@ENDMSG 2221 @!@!@
@!@!@STARTMSG 2221:0 @!@!@
  |line 320, col 12 to line 320, col 34 of module SplitLess_replica_group_expenses: 3619536
@!@!@ENDMSG 2221 @!@!@
@!@!@STARTMSG 2221:0 @!@!@
  |line 320, col 38 to line 320, col 40 of module SplitLess_replica_group_expenses: 3619536
@!@!@ENDMSG 2221 @!@!@
@!@!@STARTMSG 2221:0 @!@!@
  line 321, col 12 to line 321, col 29 of module SplitLess_replica_group_expenses: 1810160
@!@!@ENDMSG 2221 @!@!@
@!@!@STARTMSG 2221:0 @!@!@
  |line 321, col 12 to line 321, col 16 of module SplitLess_replica_group_expenses: 1809768
@!@!@ENDMSG 2221 @!@!@
@!@!@STARTMSG 2221:0 @!@!@
  |line 321, col 20 to line 321, col 29 of module SplitLess_replica_group_expenses: 1809768
@!@!@ENDMSG 2221 @!@!@
@!@!@STARTMSG 2221:0 @!@!@
  line 322, col 12 to line 322, col 59 of module SplitLess_replica_group_expenses: 905276
@!@!@ENDMSG 2221 @!@!@
@!@!@STARTMSG 2221:0 @!@!@
  |line 322, col 12 to line 322, col 46 of module SplitLess_replica_group_expenses: 904884
@!@!@ENDMSG 2221 @!@!@
@!@!@STARTMSG 2221:0 @!@!@
  |line 322, col 50 to line 322, col 59 of module SplitLess_replica_group_expenses: 904884
@!@!@ENDMSG 2221 @!@!@
@!@!@STARTMSG 2221:0 @!@!@
  line 323, col 12 to line 323, col 62 of module SplitLess_replica_group_expenses: 749432
@!@!@ENDMSG 2221 @!@!@
@!@!@STARTMSG 2221:0 @!@!@
  |line 323, col 12 to line 323, col 54 of module SplitLess_replica_group_expenses: 749040
@!@!@ENDMSG 2221 @!@!@
@!@!@STARTMSG 2221:0 @!@!@
  |line 323, col 58 to line 323, col 62 of module SplitLess_replica_group_expenses: 749040
@!@!@ENDMSG 2221 @!@!@
@!@!@STARTMSG 2221:0 @!@!@
  line 324, col 12 to line 324, col 60 of module SplitLess_replica_group_expenses: 592636
@!@!@ENDMSG 2221 @!@!@
@!@!@STARTMSG 2221:0 @!@!@
  |line 324, col 12 to line 324, col 52 of module SplitLess_replica_group_expenses: 592244
@!@!@ENDMSG 2221 @!@!@
@!@!@STARTMSG 2221:0 @!@!@
  |line 324, col 56 to line 324, col 60 of module SplitLess_replica_group_expenses: 592244
@!@!@ENDMSG 2221 @!@!@
@!@!@STARTMSG 2221:0 @!@!@
  line 325, col 12 to line 325, col 63 of module SplitLess_replica_group_expenses: 308996
@!@!@ENDMSG 2221 @!@!@
@!@!@STARTMSG 2221:0 @!@!@
  |line 325, col 12 to line 325, col 52 of module SplitLess_replica_group_expenses: 308604
@!@!@ENDMSG 2221 @!@!@
@!@!@STARTMSG 2221:0 @!@!@
  |line 325, col 56 to line 325, col 63 of module SplitLess_replica_group_expenses: 308604
@!@!@ENDMSG 2221 @!@!@
@!@!@STARTMSG 2221:0 @!@!@
  line 327, col 18 to line 327, col 53 of module SplitLess_replica_group_expenses: 27532
@!@!@ENDMSG 2221 @!@!@
@!@!@STARTMSG 2221:0 @!@!@
  |line 327, col 18 to line 327, col 42 of module SplitLess_replica_group_expenses: 27140
@!@!@ENDMSG 2221 @!@!@
@!@!@STARTMSG 2221:0 @!@!@
  |line 327, col 46 to line 327, col 53 of module SplitLess_replica_group_expenses: 27140
@!@!@ENDMSG 2221 @!@!@
@!@!@STARTMSG 2221:0 @!@!@
  line 71, col 3 to line 71, col 23 of module SplitLess_replica_group_expenses: 27532
@!@!@ENDMSG 2221 @!@!@
@!@!@STARTMSG 2221:0 @!@!@
  |line 71, col 3 to line 71, col 19 of module SplitLess_replica_group_expenses: 27140
@!@!@ENDMSG 2221 @!@!@
@!@!@STARTMSG 2221:0 @!@!@
  line 328, col 27 to line 328, col 66 of module SplitLess_replica_group_expenses: 27140
@!@!@ENDMSG 2221 @!@!@
@!@!@STARTMSG 2221:0 @!@!@
  line 329, col 18 to line 329, col 73 of module SplitLess_replica_group_expenses: 22932
@!@!@ENDMSG 2221 @!@!@
@!@!@STARTMSG 2221:0 @!@!@
  |line 329, col 19 to line 329, col 73 of module SplitLess_replica_group_expenses: 22540
@!@!@ENDMSG 2221 @!@!@
@!@!@STARTMSG 2221:0 @!@!@
  line 74, col 3 to line 74, col 19 of module SplitLess_replica_group_expenses: 392
@!@!@ENDMSG 2221 @!@!@
@!@!@STARTMSG 2221:0 @!@!@
  |line 74, col 3 to line 74, col 15 of module SplitLess_replica_group_expenses: 8740
@!@!@ENDMSG 2221 @!@!@
@!@!@STARTMSG 2221:0 @!@!@
  line 330, col 32 to line 330, col 76 of module SplitLess_replica_group_expenses: 8740
@!@!@ENDMSG 2221 @!@!@
@!@!@STARTMSG 2221:0 @!@!@
  line 331, col 18 to line 331, col 75 of module SplitLess_replica_group_expenses: 392
@!@!@ENDMSG 2221 @!@!@
@!@!@STARTMSG 2221:0 @!@!@
  |line 331, col 18 to line 331, col 71 of module SplitLess_replica_group_expenses: 1424
@!@!@ENDMSG 2221 @!@!@
@!@!@STARTMSG 2221:0 @!@!@
  line 332, col 18 to line 332, col 92 of module SplitLess_replica_group_expenses: 784
@!@!@ENDMSG 2221 @!@!@
@!@!@STARTMSG 2221:0 @!@!@
  |line 332, col 18 to line 332, col 84 of module SplitLess_replica_group_expenses: 392
@!@!@ENDMSG 2221 @!@!@
@!@!@STARTMSG 2221:0 @!@!@
  |line 332, col 88 to line 332, col 92 of module SplitLess_replica_group_expenses: 392
@!@!@ENDMSG 2221 @!@!@
@!@!@STARTMSG 2221:0 @!@!@
  line 350, col 24 to line 350, col 72 of module SplitLess_replica_group_expenses: 392
@!@!@ENDMSG 2221 @!@!@
@!@!@STARTMSG 2221:0 @!@!@
  line 351, col 24 to line 351, col 46 of module SplitLess_replica_group_expenses: 392
@!@!@ENDMSG 2221 @!@!@
@!@!@STARTMSG 2772:0 @!@!@
<RejoinToAcknowledge line 355, col 1 to line 355, col 19 of module SplitLess_replica_group_expenses (359 9 373 40)>: 417:432
@!@!@ENDMSG 2772 @!@!@
@!@!@STARTMSG 2221:0 @!@!@
  line 359, col 12 to line 359, col 42 of module SplitLess_replica_group_expenses: 1810200
@!@!@ENDMSG 2221 @!@!@
@!@!@STARTMSG 2221:0 @!@!@
  |line 359, col 12 to line 359, col 36 of module SplitLess_replica_group_expenses: 1809768
@!@!@ENDMSG 2221 @!@!@
@!@!@STARTMSG 2221:0 @!@!@
  |line 359, col 40 to line 359, col 42 of module SplitLess_replica_group_expenses: 1809768
@!@!@ENDMSG 2221 @!@!@
@!@!@STARTMSG 2221:0 @!@!@
  line 360, col 12 to line 360, col 47 of module SplitLess_replica_group_expenses: 905316
@!@!@ENDMSG 2221 @!@!@
@!@!@STARTMSG 2221:0 @!@!@
  |line 360, col 12 to line 360, col 36 of module SplitLess_replica_group_expenses: 904884
@!@!@ENDMSG 2221 @!@!@
@!@!@STARTMSG 2221:0 @!@!@
  |line 360, col 40 to line 360, col 47 of module SplitLess_replica_group_expenses: 904884
@!@!@ENDMSG 2221 @!@!@
@!@!@STARTMSG 2221:0 @!@!@
  line 71, col 3 to line 71, col 23 of module SplitLess_replica_group_expenses: 603000
@!@!@ENDMSG 2221 @!@!@
@!@!@STARTMSG 2221:0 @!@!@
  |line 71, col 3 to line 71, col 19 of module SplitLess_replica_group_expenses: 602568
@!@!@ENDMSG 2221 @!@!@
@!@!@STARTMSG 2221:0 @!@!@
  line 361, col 21 to line 361, col 62 of module SplitLess_replica_group_expenses: 602568
@!@!@ENDMSG 2221 @!@!@
@!@!@STARTMSG 2221:0 @!@!@
  line 362, col 12 to line 362, col 65 of module SplitLess_replica_group_expenses: 306036
@!@!@ENDMSG 2221 @!@!@
@!@!@STARTMSG 2221:0 @!@!@
  |line 362, col 13 to line 362, col 65 of module SplitLess_replica_group_expenses: 305604
@!@!@ENDMSG 2221 @!@!@
@!@!@STARTMSG 2221:0 @!@!@
  line 74, col 3 to line 74, col 19 of module SplitLess_replica_group_expenses: 432
@!@!@ENDMSG 2221 @!@!@
@!@!@STARTMSG 2221:0 @!@!@
  |line 74, col 3 to line 74, col 15 of module SplitLess_replica_group_expenses: 85656
@!@!@ENDMSG 2221 @!@!@
@!@!@STARTMSG 2221:0 @!@!@
  line 363, col 26 to line 363, col 68 of module SplitLess_replica_group_expenses: 85656
@!@!@ENDMSG 2221 @!@!@
@!@!@STARTMSG 2221:0 @!@!@
  line 365, col 17 to line 365, col 64 of module SplitLess_replica_group_expenses: 11108
@!@!@ENDMSG 2221 @!@!@
@!@!@STARTMSG 2221:0 @!@!@
  |line 365, col 17 to line 365, col 51 of module SplitLess_replica_group_expenses: 10676
@!@!@ENDMSG 2221 @!@!@
@!@!@STARTMSG 2221:0 @!@!@
  |line 365, col 55 to line 365, col 64 of module SplitLess_replica_group_expenses: 10676
@!@!@ENDMSG 2221 @!@!@
@!@!@STARTMSG 2221:0 @!@!@
  line 366, col 17 to line 366, col 63 of module SplitLess_replica_group_expenses: 8308
@!@!@ENDMSG 2221 @!@!@
@!@!@STARTMSG 2221:0 @!@!@
  |line 366, col 17 to line 366, col 57 of module SplitLess_replica_group_expenses: 7876
@!@!@ENDMSG 2221 @!@!@
@!@!@STARTMSG 2221:0 @!@!@
  |line 366, col 61 to line 366, col 63 of module SplitLess_replica_group_expenses: 7876
@!@!@ENDMSG 2221 @!@!@
@!@!@STARTMSG 2221:0 @!@!@
  line 367, col 17 to line 367, col 72 of module SplitLess_replica_group_expenses: 432
@!@!@ENDMSG 2221 @!@!@
@!@!@STARTMSG 2221:0 @!@!@
  |line 367, col 17 to line 367, col 68 of module SplitLess_replica_group_expenses: 2012
@!@!@ENDMSG 2221 @!@!@
@!@!@STARTMSG 2221:0 @!@!@
  line 368, col 17 to line 368, col 89 of module SplitLess_replica_group_expenses: 1132
@!@!@ENDMSG 2221 @!@!@
@!@!@STARTMSG 2221:0 @!@!@
  |line 368, col 17 to line 368, col 81 of module SplitLess_replica_group_expenses: 700
@!@!@ENDMSG 2221 @!@!@
@!@!@STARTMSG 2221:0 @!@!@
  |line 368, col 85 to line 368, col 89 of module SplitLess_replica_group_expenses: 700
@!@!@ENDMSG 2221 @!@!@
@!@!@STARTMSG 2221:0 @!@!@
  line 364, col 23 to line 364, col 42 of module SplitLess_replica_group_expenses: 5338
@!@!@ENDMSG 2221 @!@!@
@!@!@STARTMSG 2221:0 @!@!@
  line 372, col 18 to line 372, col 66 of module SplitLess_replica_group_expenses: 432
@!@!@ENDMSG 2221 @!@!@
@!@!@STARTMSG 2221:0 @!@!@
  line 373, col 18 to line 373, col 40 of module SplitLess_replica_group_expenses: 432
@!@!@ENDMSG 2221 @!@!@
@!@!@STARTMSG 2772:0 @!@!@
<MergeReplicas line 426, col 1 to line 426, col 13 of module SplitLess_replica_group_expenses (428 5 447 35)>: 45225:452442
@!@!@ENDMSG 2772 @!@!@
@!@!@STARTMSG 2221:0 @!@!@
  line 428, col 8 to line 428, col 24 of module SplitLess_replica_group_expenses: 1357326
@!@!@ENDMSG 2221 @!@!@
@!@!@STARTMSG 2221:0 @!@!@
  |line 428, col 8 to line 428, col 13 of module SplitLess_replica_group_expenses: 904884
@!@!@ENDMSG 2221 @!@!@
@!@!@STARTMSG 2221:0 @!@!@
  |line 428, col 17 to line 428, col 24 of module SplitLess_replica_group_expenses: 904884
@!@!@ENDMSG 2221 @!@!@
@!@!@STARTMSG 2221:0 @!@!@
  line 446, col 10 to line 446, col 61 of module SplitLess_replica_group_expenses: 452442
@!@!@ENDMSG 2221 @!@!@
@!@!@STARTMSG 2221:0 @!@!@
  line 447, col 13 to line 447, col 35 of module SplitLess_replica_group_expenses: 452442
@!@!@ENDMSG 2221 @!@!@
@!@!@STARTMSG 2772:0 @!@!@
<Next line 453, col 1 to line 453, col 4 of module SplitLess_replica_group_expenses (466 8 466 44)>: 0:226221
@!@!@ENDMSG 2772 @!@!@
@!@!@STARTMSG 2221:0 @!@!@
  line 466, col 8 to line 466, col 44 of module SplitLess_replica_group_expenses: 226221
@!@!@ENDMSG 2221 @!@!@
@!@!@STARTMSG 2774:0 @!@!@
<TypeOK line 474, col 1 to line 474, col 6 of module SplitLess_replica_group_expenses>
@!@!@ENDMSG 2774 @!@!@
@!@!@STARTMSG 2221:0 @!@!@
  line 475, col 3 to line 479, col 60 of module SplitLess_replica_group_expenses: 1413101
@!@!@ENDMSG 2221 @!@!@
@!@!@STARTMSG 2221:0 @!@!@
  |line 476, col 5 to line 479, col 60 of module SplitLess_replica_group_expenses: 2826202
@!@!@ENDMSG 2221 @!@!@
@!@!@STARTMSG 2221:0 @!@!@
  |line 475, col 14 to line 475, col 33 of module SplitLess_replica_group_expenses: 1413101
@!@!@ENDMSG 2221 @!@!@
@!@!@STARTMSG 2774:0 @!@!@
<Inv_Conservation_of_amount line 481, col 1 to line 481, col 26 of module SplitLess_replica_group_expenses>
@!@!@ENDMSG 2774 @!@!@
@!@!@STARTMSG 2221:0 @!@!@
  line 482, col 3 to line 486, col 43 of module SplitLess_replica_group_expenses: 1413101
@!@!@ENDMSG 2221 @!@!@
@!@!@STARTMSG 2221:0 @!@!@
  |line 483, col 5 to line 486, col 43 of module SplitLess_replica_group_expenses: 2826202
@!@!@ENDMSG 2221 @!@!@
@!@!@STARTMSG 2221:0 @!@!@
  ||line 484, col 7 to line 486, col 43 of module SplitLess_replica_group_expenses: 5652404
@!@!@ENDMSG 2221 @!@!@
@!@!@STARTMSG 2221:0 @!@!@
  |||line 484, col 7 to line 484, col 54 of module SplitLess_replica_group_expenses: 5652404
@!@!@ENDMSG 2221 @!@!@
@!@!@STARTMSG 2221:0 @!@!@
  |||line 485, col 18 to line 485, col 52 of module SplitLess_replica_group_expenses: 4790056
@!@!@ENDMSG 2221 @!@!@
@!@!@STARTMSG 2221:0 @!@!@
  |||line 486, col 12 to line 486, col 43 of module SplitLess_replica_group_expenses: 4790056
@!@!@ENDMSG 2221 @!@!@
@!@!@STARTMSG 2221:0 @!@!@
  ||||line 486, col 12 to line 486, col 19 of module SplitLess_replica_group_expenses: 4790056
@!@!@ENDMSG 2221 @!@!@
@!@!@STARTMSG 2221:0 @!@!@
  ||||line 486, col 23 to line 486, col 43 of module SplitLess_replica_group_expenses: 4790056
@!@!@ENDMSG 2221 @!@!@
@!@!@STARTMSG 2221:0 @!@!@
  |||||line 78, col 7 to line 80, col 65 of module SplitLess_replica_group_expenses: 14370168
@!@!@ENDMSG 2221 @!@!@
@!@!@STARTMSG 2221:0 @!@!@
  ||||||line 78, col 10 to line 78, col 22 of module SplitLess_replica_group_expenses: 14370168
@!@!@ENDMSG 2221 @!@!@
@!@!@STARTMSG 2221:0 @!@!@
  ||||||line 79, col 21 to line 79, col 48 of module SplitLess_replica_group_expenses: 9580112
@!@!@ENDMSG 2221 @!@!@
@!@!@STARTMSG 2221:0 @!@!@
  ||||||line 80, col 15 to line 80, col 65 of module SplitLess_replica_group_expenses: 9580112
@!@!@ENDMSG 2221 @!@!@
@!@!@STARTMSG 2221:0 @!@!@
  |||||line 486, col 35 to line 486, col 42 of module SplitLess_replica_group_expenses: 4790056
@!@!@ENDMSG 2221 @!@!@
@!@!@STARTMSG 2221:0 @!@!@
  ||line 483, col 16 to line 483, col 35 of module SplitLess_replica_group_expenses: 2826202
@!@!@ENDMSG 2221 @!@!@
@!@!@STARTMSG 2221:0 @!@!@
  |line 482, col 14 to line 482, col 33 of module SplitLess_replica_group_expenses: 1413101
@!@!@ENDMSG 2221 @!@!@
@!@!@STARTMSG 2774:0 @!@!@
<Inv_ExpenseGroupExists line 488, col 1 to line 488, col 22 of module SplitLess_replica_group_expenses>
@!@!@ENDMSG 2774 @!@!@
@!@!@STARTMSG 2221:0 @!@!@
  line 489, col 3 to line 495, col 85 of module SplitLess_replica_group_expenses: 1413101
@!@!@ENDMSG 2221 @!@!@
@!@!@STARTMSG 2221:0 @!@!@
  |line 490, col 5 to line 495, col 85 of module SplitLess_replica_group_expenses: 2826202
@!@!@ENDMSG 2221 @!@!@
@!@!@STARTMSG 2221:0 @!@!@
  ||line 491, col 7 to line 495, col 85 of module SplitLess_replica_group_expenses: 5652404
@!@!@ENDMSG 2221 @!@!@
@!@!@STARTMSG 2221:0 @!@!@
  |||line 491, col 7 to line 493, col 61 of module SplitLess_replica_group_expenses: 5652404
@!@!@ENDMSG 2221 @!@!@
@!@!@STARTMSG 2221:0 @!@!@
  ||||line 491, col 10 to line 491, col 57 of module SplitLess_replica_group_expenses: 5652404
@!@!@ENDMSG 2221 @!@!@
@!@!@STARTMSG 2221:0 @!@!@
  ||||line 492, col 10 to line 492, col 60 of module SplitLess_replica_group_expenses: 4790056
@!@!@ENDMSG 2221 @!@!@
@!@!@STARTMSG 2221:0 @!@!@
  ||||line 493, col 10 to line 493, col 61 of module SplitLess_replica_group_expenses: 3861812
@!@!@ENDMSG 2221 @!@!@
@!@!@STARTMSG 2221:0 @!@!@
  |||line 495, col 10 to line 495, col 85 of module SplitLess_replica_group_expenses: 334604
@!@!@ENDMSG 2221 @!@!@
@!@!@STARTMSG 2221:0 @!@!@
  ||line 490, col 16 to line 490, col 35 of module SplitLess_replica_group_expenses: 2826202
@!@!@ENDMSG 2221 @!@!@
@!@!@STARTMSG 2221:0 @!@!@
  |line 489, col 14 to line 489, col 33 of module SplitLess_replica_group_expenses: 1413101
@!@!@ENDMSG 2221 @!@!@
@!@!@STARTMSG 2774:0 @!@!@
<Inv_GroupBalanceZero line 498, col 1 to line 498, col 20 of module SplitLess_replica_group_expenses>
@!@!@ENDMSG 2774 @!@!@
@!@!@STARTMSG 2221:0 @!@!@
  line 499, col 3 to line 507, col 60 of module SplitLess_replica_group_expenses: 1413101
@!@!@ENDMSG 2221 @!@!@
@!@!@STARTMSG 2221:0 @!@!@
  |line 500, col 5 to line 507, col 60 of module SplitLess_replica_group_expenses: 2826202
@!@!@ENDMSG 2221 @!@!@
@!@!@STARTMSG 2221:0 @!@!@
  ||line 501, col 7 to line 507, col 60 of module SplitLess_replica_group_expenses: 2826202
@!@!@ENDMSG 2221 @!@!@
@!@!@STARTMSG 2221:0 @!@!@
  |||line 501, col 7 to line 501, col 42 of module SplitLess_replica_group_expenses: 2826202
@!@!@ENDMSG 2221 @!@!@
@!@!@STARTMSG 2775:0 @!@!@
  |||line 504, col 15 to line 504, col 82 of module SplitLess_replica_group_expenses: 2042520:4919760
@!@!@ENDMSG 2775 @!@!@
@!@!@STARTMSG 2221:0 @!@!@
  ||||line 504, col 31 to line 504, col 81 of module SplitLess_replica_group_expenses: 4085040
@!@!@ENDMSG 2221 @!@!@
@!@!@STARTMSG 2221:0 @!@!@
  ||||line 504, col 23 to line 504, col 27 of module SplitLess_replica_group_expenses: 2042520
@!@!@ENDMSG 2221 @!@!@
@!@!@STARTMSG 2221:0 @!@!@
  |||line 506, col 15 to line 506, col 80 of module SplitLess_replica_group_expenses: 2042520
@!@!@ENDMSG 2221 @!@!@
@!@!@STARTMSG 2221:0 @!@!@
  ||||line 78, col 7 to line 80, col 65 of module SplitLess_replica_group_expenses: 4919760
@!@!@ENDMSG 2221 @!@!@
@!@!@STARTMSG 2221:0 @!@!@
  |||||line 78, col 10 to line 78, col 22 of module SplitLess_replica_group_expenses: 4919760
@!@!@ENDMSG 2221 @!@!@
@!@!@STARTMSG 2221:0 @!@!@
  |||||line 79, col 21 to line 79, col 48 of module SplitLess_replica_group_expenses: 2877240
@!@!@ENDMSG 2221 @!@!@
@!@!@STARTMSG 2221:0 @!@!@
  |||||line 80, col 15 to line 80, col 65 of module SplitLess_replica_group_expenses: 2877240
@!@!@ENDMSG 2221 @!@!@
@!@!@STARTMSG 2775:0 @!@!@
  ||||line 506, col 27 to line 506, col 79 of module SplitLess_replica_group_expenses: 2042520:2877240
@!@!@ENDMSG 2775 @!@!@
@!@!@STARTMSG 2221:0 @!@!@
  |||line 507, col 12 to line 507, col 60 of module SplitLess_replica_group_expenses: 2042520
@!@!@ENDMSG 2221 @!@!@
@!@!@STARTMSG 2221:0 @!@!@
  ||line 500, col 16 to line 500, col 33 of module SplitLess_replica_group_expenses: 2826202
@!@!@ENDMSG 2221 @!@!@
@!@!@STARTMSG 2221:0 @!@!@
  |line 499, col 14 to line 499, col 33 of module SplitLess_replica_group_expenses: 1413101
@!@!@ENDMSG 2221 @!@!@
@!@!@STARTMSG 2202:0 @!@!@
End of statistics.
@!@!@ENDMSG 2202 @!@!@
@!@!@STARTMSG 2200:0 @!@!@
Progress(16) at 2025-12-13 12:33:48: 2,414,492 states generated (881,748 s/min), 226,221 distinct states found (82,613 ds/min), 0 states left on queue.
@!@!@ENDMSG 2200 @!@!@
@!@!@STARTMSG 2199:0 @!@!@
2414492 states generated, 226221 distinct states found, 0 states left on queue.
@!@!@ENDMSG 2199 @!@!@
@!@!@STARTMSG 2194:0 @!@!@
The depth of the complete state graph search is 16.
@!@!@ENDMSG 2194 @!@!@
@!@!@STARTMSG 2268:0 @!@!@
The average outdegree of the complete state graph is 1 (minimum is 0, the maximum 15 and the 95th percentile is 5).
@!@!@ENDMSG 2268 @!@!@
@!@!@STARTMSG 2186:0 @!@!@
Finished in 164327ms at (2025-12-13 12:33:48)
@!@!@ENDMSG 2186 @!@!@
