@!@!@STARTMSG 2262:0 @!@!@
TLC2 Version 2.16 of 31 December 2020 (rev: cdddf55)
@!@!@ENDMSG 2262 @!@!@
@!@!@STARTMSG 2187:0 @!@!@
Running breadth-first search Model-Checking with fp 128 and seed 5816489742990566540 with 8 workers on 8 cores with 3547MB heap and 7973MB offheap memory [pid: 3205] (Linux 6.14.0-33-generic amd64, AdoptOpenJDK 14.0.1 x86_64, OffHeapDiskFPSet, DiskStateQueue).
@!@!@ENDMSG 2187 @!@!@
@!@!@STARTMSG 2220:0 @!@!@
Starting SANY...
@!@!@ENDMSG 2220 @!@!@
Parsing file /home/floyd/Desktop/Uni/Master/2_Semester/Masters Project/TLA+ Toolbox/SplitLess/SplitLess_replica_group_expenses.toolbox/Model_1/MC.tla
Parsing file /home/floyd/Desktop/Uni/Master/2_Semester/Masters Project/TLA+ Toolbox/SplitLess/SplitLess_replica_group_expenses.toolbox/Model_1/SplitLess_replica_group_expenses.tla
Parsing file /home/floyd/Desktop/Uni/Master/2_Semester/Masters Project/TLA+ Toolbox/toolbox/plugins/org.lamport.tlatools_1.0.0.202012311918/tla2sany/StandardModules/TLC.tla
Parsing file /home/floyd/Desktop/Uni/Master/2_Semester/Masters Project/TLA+ Toolbox/toolbox/plugins/org.lamport.tlatools_1.0.0.202012311918/tla2sany/StandardModules/Naturals.tla
Parsing file /home/floyd/Desktop/Uni/Master/2_Semester/Masters Project/TLA+ Toolbox/toolbox/plugins/org.lamport.tlatools_1.0.0.202012311918/tla2sany/StandardModules/Sequences.tla
Parsing file /home/floyd/Desktop/Uni/Master/2_Semester/Masters Project/TLA+ Toolbox/toolbox/plugins/org.lamport.tlatools_1.0.0.202012311918/tla2sany/StandardModules/FiniteSets.tla
Semantic processing of module Naturals
Semantic processing of module Sequences
Semantic processing of module FiniteSets
Semantic processing of module SplitLess_replica_group_expenses
Semantic processing of module TLC
Semantic processing of module MC
@!@!@STARTMSG 2219:0 @!@!@
SANY finished.
@!@!@ENDMSG 2219 @!@!@
@!@!@STARTMSG 2185:0 @!@!@
Starting... (2025-11-03 10:05:43)
@!@!@ENDMSG 2185 @!@!@
@!@!@STARTMSG 2189:0 @!@!@
Computing initial states...
@!@!@ENDMSG 2189 @!@!@
@!@!@STARTMSG 2190:0 @!@!@
Finished computing initial states: 1 distinct state generated at 2025-11-03 10:05:44.
@!@!@ENDMSG 2190 @!@!@
@!@!@STARTMSG 2200:0 @!@!@
Progress(7) at 2025-11-03 10:05:47: 85,340 states generated (85,340 s/min), 18,045 distinct states found (18,045 ds/min), 12,670 states left on queue.
@!@!@ENDMSG 2200 @!@!@
@!@!@STARTMSG 2193:0 @!@!@
Model checking completed. No error has been found.
  Estimates of the probability that TLC did not check all reachable states
  because two distinct states had the same fingerprint:
  calculated (optimistic):  val = 8.8E-10
  based on the actual fingerprints:  val = 8.9E-11
@!@!@ENDMSG 2193 @!@!@
@!@!@STARTMSG 2201:0 @!@!@
The coverage statistics at 2025-11-03 10:06:01
@!@!@ENDMSG 2201 @!@!@
@!@!@STARTMSG 2773:0 @!@!@
<Init line 44, col 1 to line 44, col 4 of module SplitLess_replica_group_expenses>: 1:1
@!@!@ENDMSG 2773 @!@!@
@!@!@STARTMSG 2221:0 @!@!@
  line 45, col 8 to line 52, col 27 of module SplitLess_replica_group_expenses: 1
@!@!@ENDMSG 2221 @!@!@
@!@!@STARTMSG 2772:0 @!@!@
<CreateGroup line 119, col 1 to line 119, col 11 of module SplitLess_replica_group_expenses (123 9 134 51)>: 1809:67296
@!@!@ENDMSG 2772 @!@!@
@!@!@STARTMSG 2221:0 @!@!@
  line 123, col 12 to line 123, col 40 of module SplitLess_replica_group_expenses: 337280
@!@!@ENDMSG 2221 @!@!@
@!@!@STARTMSG 2221:0 @!@!@
  |line 123, col 12 to line 123, col 34 of module SplitLess_replica_group_expenses: 269984
@!@!@ENDMSG 2221 @!@!@
@!@!@STARTMSG 2221:0 @!@!@
  |line 123, col 38 to line 123, col 40 of module SplitLess_replica_group_expenses: 269984
@!@!@ENDMSG 2221 @!@!@
@!@!@STARTMSG 2221:0 @!@!@
  line 125, col 51 to line 125, col 91 of module SplitLess_replica_group_expenses: 352356
@!@!@ENDMSG 2221 @!@!@
@!@!@STARTMSG 2221:0 @!@!@
  |line 125, col 51 to line 125, col 80 of module SplitLess_replica_group_expenses: 217764
@!@!@ENDMSG 2221 @!@!@
@!@!@STARTMSG 2221:0 @!@!@
  |line 125, col 84 to line 125, col 91 of module SplitLess_replica_group_expenses: 217764
@!@!@ENDMSG 2221 @!@!@
@!@!@STARTMSG 2221:0 @!@!@
  line 125, col 28 to line 125, col 47 of module SplitLess_replica_group_expenses: 134992
@!@!@ENDMSG 2221 @!@!@
@!@!@STARTMSG 2221:0 @!@!@
  line 133, col 15 to line 134, col 51 of module SplitLess_replica_group_expenses: 67296
@!@!@ENDMSG 2221 @!@!@
@!@!@STARTMSG 2772:0 @!@!@
<AddMember line 136, col 1 to line 136, col 9 of module SplitLess_replica_group_expenses (140 9 148 51)>: 950:24876
@!@!@ENDMSG 2772 @!@!@
@!@!@STARTMSG 2221:0 @!@!@
  line 140, col 12 to line 140, col 40 of module SplitLess_replica_group_expenses: 564844
@!@!@ENDMSG 2221 @!@!@
@!@!@STARTMSG 2221:0 @!@!@
  |line 140, col 12 to line 140, col 34 of module SplitLess_replica_group_expenses: 539968
@!@!@ENDMSG 2221 @!@!@
@!@!@STARTMSG 2221:0 @!@!@
  |line 140, col 38 to line 140, col 40 of module SplitLess_replica_group_expenses: 539968
@!@!@ENDMSG 2221 @!@!@
@!@!@STARTMSG 2221:0 @!@!@
  line 141, col 12 to line 141, col 47 of module SplitLess_replica_group_expenses: 294860
@!@!@ENDMSG 2221 @!@!@
@!@!@STARTMSG 2221:0 @!@!@
  |line 141, col 12 to line 141, col 36 of module SplitLess_replica_group_expenses: 269984
@!@!@ENDMSG 2221 @!@!@
@!@!@STARTMSG 2221:0 @!@!@
  |line 141, col 40 to line 141, col 47 of module SplitLess_replica_group_expenses: 269984
@!@!@ENDMSG 2221 @!@!@
@!@!@STARTMSG 2221:0 @!@!@
  line 66, col 3 to line 66, col 23 of module SplitLess_replica_group_expenses: 129316
@!@!@ENDMSG 2221 @!@!@
@!@!@STARTMSG 2221:0 @!@!@
  |line 66, col 3 to line 66, col 19 of module SplitLess_replica_group_expenses: 104440
@!@!@ENDMSG 2221 @!@!@
@!@!@STARTMSG 2221:0 @!@!@
  line 142, col 21 to line 142, col 60 of module SplitLess_replica_group_expenses: 104440
@!@!@ENDMSG 2221 @!@!@
@!@!@STARTMSG 2221:0 @!@!@
  line 143, col 12 to line 143, col 66 of module SplitLess_replica_group_expenses: 84788
@!@!@ENDMSG 2221 @!@!@
@!@!@STARTMSG 2221:0 @!@!@
  |line 143, col 13 to line 143, col 66 of module SplitLess_replica_group_expenses: 59912
@!@!@ENDMSG 2221 @!@!@
@!@!@STARTMSG 2221:0 @!@!@
  line 147, col 15 to line 148, col 51 of module SplitLess_replica_group_expenses: 24876
@!@!@ENDMSG 2221 @!@!@
@!@!@STARTMSG 2772:0 @!@!@
<LeaveGroup line 150, col 1 to line 150, col 10 of module SplitLess_replica_group_expenses (154 9 165 51)>: 1222:29892
@!@!@ENDMSG 2772 @!@!@
@!@!@STARTMSG 2221:0 @!@!@
  line 154, col 12 to line 154, col 40 of module SplitLess_replica_group_expenses: 299876
@!@!@ENDMSG 2221 @!@!@
@!@!@STARTMSG 2221:0 @!@!@
  |line 154, col 12 to line 154, col 34 of module SplitLess_replica_group_expenses: 269984
@!@!@ENDMSG 2221 @!@!@
@!@!@STARTMSG 2221:0 @!@!@
  |line 154, col 38 to line 154, col 40 of module SplitLess_replica_group_expenses: 269984
@!@!@ENDMSG 2221 @!@!@
@!@!@STARTMSG 2221:0 @!@!@
  line 155, col 12 to line 155, col 47 of module SplitLess_replica_group_expenses: 164884
@!@!@ENDMSG 2221 @!@!@
@!@!@STARTMSG 2221:0 @!@!@
  |line 155, col 12 to line 155, col 36 of module SplitLess_replica_group_expenses: 134992
@!@!@ENDMSG 2221 @!@!@
@!@!@STARTMSG 2221:0 @!@!@
  |line 155, col 40 to line 155, col 47 of module SplitLess_replica_group_expenses: 134992
@!@!@ENDMSG 2221 @!@!@
@!@!@STARTMSG 2221:0 @!@!@
  line 66, col 3 to line 66, col 23 of module SplitLess_replica_group_expenses: 82112
@!@!@ENDMSG 2221 @!@!@
@!@!@STARTMSG 2221:0 @!@!@
  |line 66, col 3 to line 66, col 19 of module SplitLess_replica_group_expenses: 52220
@!@!@ENDMSG 2221 @!@!@
@!@!@STARTMSG 2221:0 @!@!@
  line 156, col 21 to line 156, col 60 of module SplitLess_replica_group_expenses: 52220
@!@!@ENDMSG 2221 @!@!@
@!@!@STARTMSG 2221:0 @!@!@
  line 157, col 12 to line 157, col 50 of module SplitLess_replica_group_expenses: 29892
@!@!@ENDMSG 2221 @!@!@
@!@!@STARTMSG 2221:0 @!@!@
  |line 157, col 12 to line 157, col 45 of module SplitLess_replica_group_expenses: 29956
@!@!@ENDMSG 2221 @!@!@
@!@!@STARTMSG 2221:0 @!@!@
  ||line 79, col 30 to line 79, col 75 of module SplitLess_replica_group_expenses: 29956
@!@!@ENDMSG 2221 @!@!@
@!@!@STARTMSG 2775:0 @!@!@
  |||line 60, col 3 to line 63, col 46 of module SplitLess_replica_group_expenses: 29956:62200
@!@!@ENDMSG 2775 @!@!@
@!@!@STARTMSG 2221:0 @!@!@
  ||||line 61, col 7 to line 63, col 44 of module SplitLess_replica_group_expenses: 59912
@!@!@ENDMSG 2221 @!@!@
@!@!@STARTMSG 2221:0 @!@!@
  |||||line 61, col 10 to line 61, col 45 of module SplitLess_replica_group_expenses: 59912
@!@!@ENDMSG 2221 @!@!@
@!@!@STARTMSG 2221:0 @!@!@
  |||||line 62, col 10 to line 62, col 48 of module SplitLess_replica_group_expenses: 37416
@!@!@ENDMSG 2221 @!@!@
@!@!@STARTMSG 2221:0 @!@!@
  |||||line 63, col 10 to line 63, col 44 of module SplitLess_replica_group_expenses: 33176
@!@!@ENDMSG 2221 @!@!@
@!@!@STARTMSG 2221:0 @!@!@
  ||||line 60, col 13 to line 60, col 32 of module SplitLess_replica_group_expenses: 29956
@!@!@ENDMSG 2221 @!@!@
@!@!@STARTMSG 2221:0 @!@!@
  |||line 79, col 46 to line 79, col 48 of module SplitLess_replica_group_expenses: 24284
@!@!@ENDMSG 2221 @!@!@
@!@!@STARTMSG 2221:0 @!@!@
  |||line 79, col 51 to line 79, col 74 of module SplitLess_replica_group_expenses: 29956
@!@!@ENDMSG 2221 @!@!@
@!@!@STARTMSG 2221:0 @!@!@
  ||line 80, col 12 to line 84, col 55 of module SplitLess_replica_group_expenses: 29956
@!@!@ENDMSG 2221 @!@!@
@!@!@STARTMSG 2221:0 @!@!@
  |||line 80, col 12 to line 83, col 95 of module SplitLess_replica_group_expenses: 29956
@!@!@ENDMSG 2221 @!@!@
@!@!@STARTMSG 2221:0 @!@!@
  ||||line 80, col 12 to line 82, col 79 of module SplitLess_replica_group_expenses: 29956
@!@!@ENDMSG 2221 @!@!@
@!@!@STARTMSG 2221:0 @!@!@
  |||||line 73, col 7 to line 75, col 65 of module SplitLess_replica_group_expenses: 31100
@!@!@ENDMSG 2221 @!@!@
@!@!@STARTMSG 2221:0 @!@!@
  ||||||line 73, col 10 to line 73, col 22 of module SplitLess_replica_group_expenses: 31100
@!@!@ENDMSG 2221 @!@!@
@!@!@STARTMSG 2221:0 @!@!@
  ||||||line 74, col 21 to line 74, col 48 of module SplitLess_replica_group_expenses: 1144
@!@!@ENDMSG 2221 @!@!@
@!@!@STARTMSG 2221:0 @!@!@
  ||||||line 75, col 15 to line 75, col 65 of module SplitLess_replica_group_expenses: 1144
@!@!@ENDMSG 2221 @!@!@
@!@!@STARTMSG 2775:0 @!@!@
  |||||line 80, col 24 to line 82, col 78 of module SplitLess_replica_group_expenses: 29956:1144
@!@!@ENDMSG 2775 @!@!@
@!@!@STARTMSG 2221:0 @!@!@
  ||||line 83, col 14 to line 83, col 95 of module SplitLess_replica_group_expenses: 29956
@!@!@ENDMSG 2221 @!@!@
@!@!@STARTMSG 2221:0 @!@!@
  |||||line 73, col 7 to line 75, col 65 of module SplitLess_replica_group_expenses: 31100
@!@!@ENDMSG 2221 @!@!@
@!@!@STARTMSG 2221:0 @!@!@
  ||||||line 73, col 10 to line 73, col 22 of module SplitLess_replica_group_expenses: 31100
@!@!@ENDMSG 2221 @!@!@
@!@!@STARTMSG 2221:0 @!@!@
  ||||||line 74, col 21 to line 74, col 48 of module SplitLess_replica_group_expenses: 1144
@!@!@ENDMSG 2221 @!@!@
@!@!@STARTMSG 2221:0 @!@!@
  ||||||line 75, col 15 to line 75, col 65 of module SplitLess_replica_group_expenses: 1144
@!@!@ENDMSG 2221 @!@!@
@!@!@STARTMSG 2775:0 @!@!@
  |||||line 83, col 26 to line 83, col 94 of module SplitLess_replica_group_expenses: 29956:1144
@!@!@ENDMSG 2775 @!@!@
@!@!@STARTMSG 2221:0 @!@!@
  |||line 84, col 14 to line 84, col 55 of module SplitLess_replica_group_expenses: 29956
@!@!@ENDMSG 2221 @!@!@
@!@!@STARTMSG 2221:0 @!@!@
  ||line 157, col 20 to line 157, col 24 of module SplitLess_replica_group_expenses: 29956
@!@!@ENDMSG 2221 @!@!@
@!@!@STARTMSG 2221:0 @!@!@
  ||line 157, col 27 to line 157, col 29 of module SplitLess_replica_group_expenses: 29956
@!@!@ENDMSG 2221 @!@!@
@!@!@STARTMSG 2221:0 @!@!@
  ||line 157, col 32 to line 157, col 44 of module SplitLess_replica_group_expenses: 29956
@!@!@ENDMSG 2221 @!@!@
@!@!@STARTMSG 2221:0 @!@!@
  line 164, col 18 to line 164, col 66 of module SplitLess_replica_group_expenses: 29892
@!@!@ENDMSG 2221 @!@!@
@!@!@STARTMSG 2221:0 @!@!@
  |line 164, col 30 to line 164, col 66 of module SplitLess_replica_group_expenses: 29892
@!@!@ENDMSG 2221 @!@!@
@!@!@STARTMSG 2221:0 @!@!@
  ||line 164, col 31 to line 164, col 38 of module SplitLess_replica_group_expenses: 29892
@!@!@ENDMSG 2221 @!@!@
@!@!@STARTMSG 2221:0 @!@!@
  ||line 164, col 47 to line 164, col 65 of module SplitLess_replica_group_expenses: 29892
@!@!@ENDMSG 2221 @!@!@
@!@!@STARTMSG 2221:0 @!@!@
  ||line 164, col 56 to line 164, col 65 of module SplitLess_replica_group_expenses: 29892
@!@!@ENDMSG 2221 @!@!@
@!@!@STARTMSG 2221:0 @!@!@
  |||line 163, col 16 to line 163, col 60 of module SplitLess_replica_group_expenses: 29892
@!@!@ENDMSG 2221 @!@!@
@!@!@STARTMSG 2221:0 @!@!@
  ||||line 163, col 18 to line 163, col 30 of module SplitLess_replica_group_expenses: 29892
@!@!@ENDMSG 2221 @!@!@
@!@!@STARTMSG 2221:0 @!@!@
  ||||line 163, col 50 to line 163, col 58 of module SplitLess_replica_group_expenses: 29892
@!@!@ENDMSG 2221 @!@!@
@!@!@STARTMSG 2221:0 @!@!@
  |||||line 161, col 27 to line 161, col 84 of module SplitLess_replica_group_expenses: 29892
@!@!@ENDMSG 2221 @!@!@
@!@!@STARTMSG 2775:0 @!@!@
  ||||||line 107, col 7 to line 112, col 7 of module SplitLess_replica_group_expenses: 29892:59784
@!@!@ENDMSG 2775 @!@!@
@!@!@STARTMSG 2221:0 @!@!@
  ||||||line 161, col 39 to line 161, col 51 of module SplitLess_replica_group_expenses: 29892
@!@!@ENDMSG 2221 @!@!@
@!@!@STARTMSG 2221:0 @!@!@
  ||||||line 161, col 54 to line 161, col 83 of module SplitLess_replica_group_expenses: 12692
@!@!@ENDMSG 2221 @!@!@
@!@!@STARTMSG 2221:0 @!@!@
  line 165, col 18 to line 165, col 51 of module SplitLess_replica_group_expenses: 29892
@!@!@ENDMSG 2221 @!@!@
@!@!@STARTMSG 2772:0 @!@!@
<CreateExpense line 172, col 1 to line 172, col 13 of module SplitLess_replica_group_expenses (177 9 192 51)>: 5044:70392
@!@!@ENDMSG 2772 @!@!@
@!@!@STARTMSG 2221:0 @!@!@
  line 177, col 12 to line 177, col 40 of module SplitLess_replica_group_expenses: 1150328
@!@!@ENDMSG 2221 @!@!@
@!@!@STARTMSG 2221:0 @!@!@
  |line 177, col 12 to line 177, col 34 of module SplitLess_replica_group_expenses: 1079936
@!@!@ENDMSG 2221 @!@!@
@!@!@STARTMSG 2221:0 @!@!@
  |line 177, col 38 to line 177, col 40 of module SplitLess_replica_group_expenses: 1079936
@!@!@ENDMSG 2221 @!@!@
@!@!@STARTMSG 2221:0 @!@!@
  line 178, col 12 to line 178, col 34 of module SplitLess_replica_group_expenses: 70392
@!@!@ENDMSG 2221 @!@!@
@!@!@STARTMSG 2221:0 @!@!@
  |line 178, col 12 to line 178, col 30 of module SplitLess_replica_group_expenses: 539968
@!@!@ENDMSG 2221 @!@!@
@!@!@STARTMSG 2221:0 @!@!@
  ||line 73, col 7 to line 75, col 65 of module SplitLess_replica_group_expenses: 1619904
@!@!@ENDMSG 2221 @!@!@
@!@!@STARTMSG 2221:0 @!@!@
  |||line 73, col 10 to line 73, col 22 of module SplitLess_replica_group_expenses: 1619904
@!@!@ENDMSG 2221 @!@!@
@!@!@STARTMSG 2221:0 @!@!@
  |||line 74, col 21 to line 74, col 48 of module SplitLess_replica_group_expenses: 1079936
@!@!@ENDMSG 2221 @!@!@
@!@!@STARTMSG 2221:0 @!@!@
  |||line 75, col 15 to line 75, col 65 of module SplitLess_replica_group_expenses: 1079936
@!@!@ENDMSG 2221 @!@!@
@!@!@STARTMSG 2221:0 @!@!@
  ||line 178, col 24 to line 178, col 29 of module SplitLess_replica_group_expenses: 539968
@!@!@ENDMSG 2221 @!@!@
@!@!@STARTMSG 2221:0 @!@!@
  line 180, col 51 to line 180, col 103 of module SplitLess_replica_group_expenses: 679356
@!@!@ENDMSG 2221 @!@!@
@!@!@STARTMSG 2221:0 @!@!@
  |line 180, col 51 to line 180, col 90 of module SplitLess_replica_group_expenses: 538572
@!@!@ENDMSG 2221 @!@!@
@!@!@STARTMSG 2221:0 @!@!@
  |line 180, col 94 to line 180, col 103 of module SplitLess_replica_group_expenses: 538572
@!@!@ENDMSG 2221 @!@!@
@!@!@STARTMSG 2221:0 @!@!@
  line 180, col 28 to line 180, col 47 of module SplitLess_replica_group_expenses: 404976
@!@!@ENDMSG 2221 @!@!@
@!@!@STARTMSG 2221:0 @!@!@
  line 191, col 18 to line 191, col 66 of module SplitLess_replica_group_expenses: 70392
@!@!@ENDMSG 2221 @!@!@
@!@!@STARTMSG 2221:0 @!@!@
  |line 191, col 30 to line 191, col 66 of module SplitLess_replica_group_expenses: 70392
@!@!@ENDMSG 2221 @!@!@
@!@!@STARTMSG 2221:0 @!@!@
  ||line 191, col 31 to line 191, col 38 of module SplitLess_replica_group_expenses: 70392
@!@!@ENDMSG 2221 @!@!@
@!@!@STARTMSG 2221:0 @!@!@
  ||line 191, col 47 to line 191, col 65 of module SplitLess_replica_group_expenses: 70392
@!@!@ENDMSG 2221 @!@!@
@!@!@STARTMSG 2221:0 @!@!@
  ||line 191, col 56 to line 191, col 65 of module SplitLess_replica_group_expenses: 70392
@!@!@ENDMSG 2221 @!@!@
@!@!@STARTMSG 2221:0 @!@!@
  |||line 190, col 16 to line 190, col 91 of module SplitLess_replica_group_expenses: 70392
@!@!@ENDMSG 2221 @!@!@
@!@!@STARTMSG 2221:0 @!@!@
  ||||line 190, col 18 to line 190, col 30 of module SplitLess_replica_group_expenses: 70392
@!@!@ENDMSG 2221 @!@!@
@!@!@STARTMSG 2221:0 @!@!@
  ||||line 190, col 60 to line 190, col 89 of module SplitLess_replica_group_expenses: 70392
@!@!@ENDMSG 2221 @!@!@
@!@!@STARTMSG 2221:0 @!@!@
  |||||line 190, col 70 to line 190, col 88 of module SplitLess_replica_group_expenses: 70392
@!@!@ENDMSG 2221 @!@!@
@!@!@STARTMSG 2221:0 @!@!@
  |||||line 190, col 79 to line 190, col 88 of module SplitLess_replica_group_expenses: 70392
@!@!@ENDMSG 2221 @!@!@
@!@!@STARTMSG 2221:0 @!@!@
  ||||||line 182, col 15 to line 188, col 35 of module SplitLess_replica_group_expenses: 70392
@!@!@ENDMSG 2221 @!@!@
@!@!@STARTMSG 2221:0 @!@!@
  |||||||line 182, col 17 to line 182, col 26 of module SplitLess_replica_group_expenses: 70392
@!@!@ENDMSG 2221 @!@!@
@!@!@STARTMSG 2221:0 @!@!@
  |||||||line 183, col 17 to line 183, col 34 of module SplitLess_replica_group_expenses: 70392
@!@!@ENDMSG 2221 @!@!@
@!@!@STARTMSG 2221:0 @!@!@
  |||||||line 185, col 17 to line 185, col 31 of module SplitLess_replica_group_expenses: 70392
@!@!@ENDMSG 2221 @!@!@
@!@!@STARTMSG 2221:0 @!@!@
  |||||||line 186, col 28 to line 186, col 46 of module SplitLess_replica_group_expenses: 70392
@!@!@ENDMSG 2221 @!@!@
@!@!@STARTMSG 2221:0 @!@!@
  ||||||||line 73, col 7 to line 75, col 65 of module SplitLess_replica_group_expenses: 211176
@!@!@ENDMSG 2221 @!@!@
@!@!@STARTMSG 2221:0 @!@!@
  |||||||||line 73, col 10 to line 73, col 22 of module SplitLess_replica_group_expenses: 211176
@!@!@ENDMSG 2221 @!@!@
@!@!@STARTMSG 2221:0 @!@!@
  |||||||||line 74, col 21 to line 74, col 48 of module SplitLess_replica_group_expenses: 140784
@!@!@ENDMSG 2221 @!@!@
@!@!@STARTMSG 2221:0 @!@!@
  |||||||||line 75, col 15 to line 75, col 65 of module SplitLess_replica_group_expenses: 140784
@!@!@ENDMSG 2221 @!@!@
@!@!@STARTMSG 2221:0 @!@!@
  ||||||||line 186, col 40 to line 186, col 45 of module SplitLess_replica_group_expenses: 70392
@!@!@ENDMSG 2221 @!@!@
@!@!@STARTMSG 2221:0 @!@!@
  |||||||line 187, col 17 to line 187, col 33 of module SplitLess_replica_group_expenses: 70392
@!@!@ENDMSG 2221 @!@!@
@!@!@STARTMSG 2221:0 @!@!@
  |||||||line 188, col 17 to line 188, col 33 of module SplitLess_replica_group_expenses: 70392
@!@!@ENDMSG 2221 @!@!@
@!@!@STARTMSG 2221:0 @!@!@
  line 192, col 18 to line 192, col 51 of module SplitLess_replica_group_expenses: 70392
@!@!@ENDMSG 2221 @!@!@
@!@!@STARTMSG 2772:0 @!@!@
<AddExpenseToGroup line 194, col 1 to line 194, col 17 of module SplitLess_replica_group_expenses (199 9 214 51)>: 663:9624
@!@!@ENDMSG 2772 @!@!@
@!@!@STARTMSG 2221:0 @!@!@
  line 199, col 12 to line 199, col 40 of module SplitLess_replica_group_expenses: 549592
@!@!@ENDMSG 2221 @!@!@
@!@!@STARTMSG 2221:0 @!@!@
  |line 199, col 12 to line 199, col 34 of module SplitLess_replica_group_expenses: 539968
@!@!@ENDMSG 2221 @!@!@
@!@!@STARTMSG 2221:0 @!@!@
  |line 199, col 38 to line 199, col 40 of module SplitLess_replica_group_expenses: 539968
@!@!@ENDMSG 2221 @!@!@
@!@!@STARTMSG 2221:0 @!@!@
  line 200, col 12 to line 200, col 47 of module SplitLess_replica_group_expenses: 279608
@!@!@ENDMSG 2221 @!@!@
@!@!@STARTMSG 2221:0 @!@!@
  |line 200, col 12 to line 200, col 36 of module SplitLess_replica_group_expenses: 269984
@!@!@ENDMSG 2221 @!@!@
@!@!@STARTMSG 2221:0 @!@!@
  |line 200, col 40 to line 200, col 47 of module SplitLess_replica_group_expenses: 269984
@!@!@ENDMSG 2221 @!@!@
@!@!@STARTMSG 2221:0 @!@!@
  line 201, col 12 to line 201, col 59 of module SplitLess_replica_group_expenses: 114064
@!@!@ENDMSG 2221 @!@!@
@!@!@STARTMSG 2221:0 @!@!@
  |line 201, col 12 to line 201, col 46 of module SplitLess_replica_group_expenses: 104440
@!@!@ENDMSG 2221 @!@!@
@!@!@STARTMSG 2221:0 @!@!@
  |line 201, col 50 to line 201, col 59 of module SplitLess_replica_group_expenses: 104440
@!@!@ENDMSG 2221 @!@!@
@!@!@STARTMSG 2221:0 @!@!@
  line 66, col 3 to line 66, col 23 of module SplitLess_replica_group_expenses: 72944
@!@!@ENDMSG 2221 @!@!@
@!@!@STARTMSG 2221:0 @!@!@
  |line 66, col 3 to line 66, col 19 of module SplitLess_replica_group_expenses: 63320
@!@!@ENDMSG 2221 @!@!@
@!@!@STARTMSG 2221:0 @!@!@
  line 202, col 21 to line 202, col 60 of module SplitLess_replica_group_expenses: 63320
@!@!@ENDMSG 2221 @!@!@
@!@!@STARTMSG 2221:0 @!@!@
  line 203, col 12 to line 203, col 60 of module SplitLess_replica_group_expenses: 47040
@!@!@ENDMSG 2221 @!@!@
@!@!@STARTMSG 2221:0 @!@!@
  |line 203, col 12 to line 203, col 52 of module SplitLess_replica_group_expenses: 37416
@!@!@ENDMSG 2221 @!@!@
@!@!@STARTMSG 2221:0 @!@!@
  |line 203, col 56 to line 203, col 60 of module SplitLess_replica_group_expenses: 37416
@!@!@ENDMSG 2221 @!@!@
@!@!@STARTMSG 2221:0 @!@!@
  line 204, col 12 to line 204, col 63 of module SplitLess_replica_group_expenses: 33488
@!@!@ENDMSG 2221 @!@!@
@!@!@STARTMSG 2221:0 @!@!@
  |line 204, col 12 to line 204, col 52 of module SplitLess_replica_group_expenses: 23864
@!@!@ENDMSG 2221 @!@!@
@!@!@STARTMSG 2221:0 @!@!@
  |line 204, col 56 to line 204, col 63 of module SplitLess_replica_group_expenses: 23864
@!@!@ENDMSG 2221 @!@!@
@!@!@STARTMSG 2221:0 @!@!@
  line 205, col 12 to line 206, col 86 of module SplitLess_replica_group_expenses: 32272
@!@!@ENDMSG 2221 @!@!@
@!@!@STARTMSG 2775:0 @!@!@
  |line 205, col 12 to line 205, col 76 of module SplitLess_replica_group_expenses: 22648:36552
@!@!@ENDMSG 2775 @!@!@
@!@!@STARTMSG 2221:0 @!@!@
  ||line 205, col 27 to line 205, col 75 of module SplitLess_replica_group_expenses: 45296
@!@!@ENDMSG 2221 @!@!@
@!@!@STARTMSG 2221:0 @!@!@
  ||line 205, col 19 to line 205, col 23 of module SplitLess_replica_group_expenses: 22648
@!@!@ENDMSG 2221 @!@!@
@!@!@STARTMSG 2221:0 @!@!@
  |line 206, col 25 to line 206, col 86 of module SplitLess_replica_group_expenses: 22648
@!@!@ENDMSG 2221 @!@!@
@!@!@STARTMSG 2221:0 @!@!@
  ||line 206, col 40 to line 206, col 85 of module SplitLess_replica_group_expenses: 45296
@!@!@ENDMSG 2221 @!@!@
@!@!@STARTMSG 2221:0 @!@!@
  ||line 206, col 32 to line 206, col 36 of module SplitLess_replica_group_expenses: 22648
@!@!@ENDMSG 2221 @!@!@
@!@!@STARTMSG 2221:0 @!@!@
  line 213, col 15 to line 214, col 51 of module SplitLess_replica_group_expenses: 9624
@!@!@ENDMSG 2221 @!@!@
@!@!@STARTMSG 2772:0 @!@!@
<RemoveExpenseFromGroup line 216, col 1 to line 216, col 22 of module SplitLess_replica_group_expenses (221 9 233 47)>: 32:1136
@!@!@ENDMSG 2772 @!@!@
@!@!@STARTMSG 2221:0 @!@!@
  line 221, col 12 to line 221, col 40 of module SplitLess_replica_group_expenses: 541104
@!@!@ENDMSG 2221 @!@!@
@!@!@STARTMSG 2221:0 @!@!@
  |line 221, col 12 to line 221, col 34 of module SplitLess_replica_group_expenses: 539968
@!@!@ENDMSG 2221 @!@!@
@!@!@STARTMSG 2221:0 @!@!@
  |line 221, col 38 to line 221, col 40 of module SplitLess_replica_group_expenses: 539968
@!@!@ENDMSG 2221 @!@!@
@!@!@STARTMSG 2221:0 @!@!@
  line 222, col 12 to line 222, col 47 of module SplitLess_replica_group_expenses: 271120
@!@!@ENDMSG 2221 @!@!@
@!@!@STARTMSG 2221:0 @!@!@
  |line 222, col 12 to line 222, col 36 of module SplitLess_replica_group_expenses: 269984
@!@!@ENDMSG 2221 @!@!@
@!@!@STARTMSG 2221:0 @!@!@
  |line 222, col 40 to line 222, col 47 of module SplitLess_replica_group_expenses: 269984
@!@!@ENDMSG 2221 @!@!@
@!@!@STARTMSG 2221:0 @!@!@
  line 223, col 12 to line 223, col 59 of module SplitLess_replica_group_expenses: 105576
@!@!@ENDMSG 2221 @!@!@
@!@!@STARTMSG 2221:0 @!@!@
  |line 223, col 12 to line 223, col 46 of module SplitLess_replica_group_expenses: 104440
@!@!@ENDMSG 2221 @!@!@
@!@!@STARTMSG 2221:0 @!@!@
  |line 223, col 50 to line 223, col 59 of module SplitLess_replica_group_expenses: 104440
@!@!@ENDMSG 2221 @!@!@
@!@!@STARTMSG 2221:0 @!@!@
  line 66, col 3 to line 66, col 23 of module SplitLess_replica_group_expenses: 64456
@!@!@ENDMSG 2221 @!@!@
@!@!@STARTMSG 2221:0 @!@!@
  |line 66, col 3 to line 66, col 19 of module SplitLess_replica_group_expenses: 63320
@!@!@ENDMSG 2221 @!@!@
@!@!@STARTMSG 2221:0 @!@!@
  line 224, col 21 to line 224, col 60 of module SplitLess_replica_group_expenses: 63320
@!@!@ENDMSG 2221 @!@!@
@!@!@STARTMSG 2221:0 @!@!@
  line 225, col 12 to line 225, col 58 of module SplitLess_replica_group_expenses: 38552
@!@!@ENDMSG 2221 @!@!@
@!@!@STARTMSG 2221:0 @!@!@
  |line 225, col 12 to line 225, col 52 of module SplitLess_replica_group_expenses: 37416
@!@!@ENDMSG 2221 @!@!@
@!@!@STARTMSG 2221:0 @!@!@
  |line 225, col 56 to line 225, col 58 of module SplitLess_replica_group_expenses: 37416
@!@!@ENDMSG 2221 @!@!@
@!@!@STARTMSG 2221:0 @!@!@
  line 226, col 12 to line 226, col 60 of module SplitLess_replica_group_expenses: 2344
@!@!@ENDMSG 2221 @!@!@
@!@!@STARTMSG 2221:0 @!@!@
  |line 226, col 12 to line 226, col 52 of module SplitLess_replica_group_expenses: 1208
@!@!@ENDMSG 2221 @!@!@
@!@!@STARTMSG 2221:0 @!@!@
  |line 226, col 56 to line 226, col 60 of module SplitLess_replica_group_expenses: 1208
@!@!@ENDMSG 2221 @!@!@
@!@!@STARTMSG 2221:0 @!@!@
  line 232, col 15 to line 233, col 47 of module SplitLess_replica_group_expenses: 1136
@!@!@ENDMSG 2221 @!@!@
@!@!@STARTMSG 2772:0 @!@!@
<ModifyExpenseParameters line 235, col 1 to line 235, col 23 of module SplitLess_replica_group_expenses (240 9 261 51)>: 9087:165452
@!@!@ENDMSG 2772 @!@!@
@!@!@STARTMSG 2221:0 @!@!@
  line 240, col 12 to line 240, col 40 of module SplitLess_replica_group_expenses: 1245388
@!@!@ENDMSG 2221 @!@!@
@!@!@STARTMSG 2221:0 @!@!@
  |line 240, col 12 to line 240, col 34 of module SplitLess_replica_group_expenses: 1079936
@!@!@ENDMSG 2221 @!@!@
@!@!@STARTMSG 2221:0 @!@!@
  |line 240, col 38 to line 240, col 40 of module SplitLess_replica_group_expenses: 1079936
@!@!@ENDMSG 2221 @!@!@
@!@!@STARTMSG 2221:0 @!@!@
  line 241, col 12 to line 241, col 59 of module SplitLess_replica_group_expenses: 705420
@!@!@ENDMSG 2221 @!@!@
@!@!@STARTMSG 2221:0 @!@!@
  |line 241, col 12 to line 241, col 46 of module SplitLess_replica_group_expenses: 539968
@!@!@ENDMSG 2221 @!@!@
@!@!@STARTMSG 2221:0 @!@!@
  |line 241, col 50 to line 241, col 59 of module SplitLess_replica_group_expenses: 539968
@!@!@ENDMSG 2221 @!@!@
@!@!@STARTMSG 2221:0 @!@!@
  line 242, col 12 to line 242, col 60 of module SplitLess_replica_group_expenses: 527292
@!@!@ENDMSG 2221 @!@!@
@!@!@STARTMSG 2221:0 @!@!@
  |line 242, col 12 to line 242, col 52 of module SplitLess_replica_group_expenses: 361840
@!@!@ENDMSG 2221 @!@!@
@!@!@STARTMSG 2221:0 @!@!@
  |line 242, col 56 to line 242, col 60 of module SplitLess_replica_group_expenses: 361840
@!@!@ENDMSG 2221 @!@!@
@!@!@STARTMSG 2221:0 @!@!@
  line 243, col 12 to line 243, col 34 of module SplitLess_replica_group_expenses: 165452
@!@!@ENDMSG 2221 @!@!@
@!@!@STARTMSG 2221:0 @!@!@
  |line 243, col 12 to line 243, col 30 of module SplitLess_replica_group_expenses: 223056
@!@!@ENDMSG 2221 @!@!@
@!@!@STARTMSG 2221:0 @!@!@
  ||line 73, col 7 to line 75, col 65 of module SplitLess_replica_group_expenses: 669168
@!@!@ENDMSG 2221 @!@!@
@!@!@STARTMSG 2221:0 @!@!@
  |||line 73, col 10 to line 73, col 22 of module SplitLess_replica_group_expenses: 669168
@!@!@ENDMSG 2221 @!@!@
@!@!@STARTMSG 2221:0 @!@!@
  |||line 74, col 21 to line 74, col 48 of module SplitLess_replica_group_expenses: 446112
@!@!@ENDMSG 2221 @!@!@
@!@!@STARTMSG 2221:0 @!@!@
  |||line 75, col 15 to line 75, col 65 of module SplitLess_replica_group_expenses: 446112
@!@!@ENDMSG 2221 @!@!@
@!@!@STARTMSG 2221:0 @!@!@
  ||line 243, col 24 to line 243, col 29 of module SplitLess_replica_group_expenses: 223056
@!@!@ENDMSG 2221 @!@!@
@!@!@STARTMSG 2221:0 @!@!@
  line 244, col 15 to line 244, col 66 of module SplitLess_replica_group_expenses: 167292
@!@!@ENDMSG 2221 @!@!@
@!@!@STARTMSG 2221:0 @!@!@
  line 245, col 17 to line 246, col 126 of module SplitLess_replica_group_expenses: 5264
@!@!@ENDMSG 2221 @!@!@
@!@!@STARTMSG 2775:0 @!@!@
  |line 245, col 17 to line 245, col 45 of module SplitLess_replica_group_expenses: 3552:5976
@!@!@ENDMSG 2775 @!@!@
@!@!@STARTMSG 2221:0 @!@!@
  ||line 245, col 32 to line 245, col 44 of module SplitLess_replica_group_expenses: 7104
@!@!@ENDMSG 2221 @!@!@
@!@!@STARTMSG 2221:0 @!@!@
  ||line 245, col 24 to line 245, col 28 of module SplitLess_replica_group_expenses: 3552
@!@!@ENDMSG 2221 @!@!@
@!@!@STARTMSG 2221:0 @!@!@
  |line 246, col 27 to line 246, col 126 of module SplitLess_replica_group_expenses: 3552
@!@!@ENDMSG 2221 @!@!@
@!@!@STARTMSG 2221:0 @!@!@
  ||line 246, col 42 to line 246, col 125 of module SplitLess_replica_group_expenses: 7104
@!@!@ENDMSG 2221 @!@!@
@!@!@STARTMSG 2221:0 @!@!@
  ||line 246, col 34 to line 246, col 38 of module SplitLess_replica_group_expenses: 3552
@!@!@ENDMSG 2221 @!@!@
@!@!@STARTMSG 2221:0 @!@!@
  line 247, col 17 to line 247, col 20 of module SplitLess_replica_group_expenses: 163740
@!@!@ENDMSG 2221 @!@!@
@!@!@STARTMSG 2221:0 @!@!@
  line 260, col 18 to line 260, col 66 of module SplitLess_replica_group_expenses: 165452
@!@!@ENDMSG 2221 @!@!@
@!@!@STARTMSG 2221:0 @!@!@
  |line 260, col 30 to line 260, col 66 of module SplitLess_replica_group_expenses: 165452
@!@!@ENDMSG 2221 @!@!@
@!@!@STARTMSG 2221:0 @!@!@
  ||line 260, col 31 to line 260, col 38 of module SplitLess_replica_group_expenses: 165452
@!@!@ENDMSG 2221 @!@!@
@!@!@STARTMSG 2221:0 @!@!@
  ||line 260, col 47 to line 260, col 65 of module SplitLess_replica_group_expenses: 165452
@!@!@ENDMSG 2221 @!@!@
@!@!@STARTMSG 2221:0 @!@!@
  ||line 260, col 56 to line 260, col 65 of module SplitLess_replica_group_expenses: 165452
@!@!@ENDMSG 2221 @!@!@
@!@!@STARTMSG 2221:0 @!@!@
  |||line 258, col 16 to line 259, col 60 of module SplitLess_replica_group_expenses: 165452
@!@!@ENDMSG 2221 @!@!@
@!@!@STARTMSG 2221:0 @!@!@
  ||||line 258, col 18 to line 258, col 30 of module SplitLess_replica_group_expenses: 165452
@!@!@ENDMSG 2221 @!@!@
@!@!@STARTMSG 2221:0 @!@!@
  ||||line 258, col 60 to line 258, col 70 of module SplitLess_replica_group_expenses: 165452
@!@!@ENDMSG 2221 @!@!@
@!@!@STARTMSG 2221:0 @!@!@
  |||||line 249, col 16 to line 252, col 42 of module SplitLess_replica_group_expenses: 165452
@!@!@ENDMSG 2221 @!@!@
@!@!@STARTMSG 2221:0 @!@!@
  ||||||line 249, col 18 to line 249, col 47 of module SplitLess_replica_group_expenses: 165452
@!@!@ENDMSG 2221 @!@!@
@!@!@STARTMSG 2221:0 @!@!@
  ||||||line 250, col 19 to line 250, col 40 of module SplitLess_replica_group_expenses: 165452
@!@!@ENDMSG 2221 @!@!@
@!@!@STARTMSG 2221:0 @!@!@
  ||||||line 251, col 19 to line 251, col 53 of module SplitLess_replica_group_expenses: 165452
@!@!@ENDMSG 2221 @!@!@
@!@!@STARTMSG 2221:0 @!@!@
  ||||||line 251, col 35 to line 251, col 53 of module SplitLess_replica_group_expenses: 165452
@!@!@ENDMSG 2221 @!@!@
@!@!@STARTMSG 2221:0 @!@!@
  |||||||line 73, col 7 to line 75, col 65 of module SplitLess_replica_group_expenses: 496356
@!@!@ENDMSG 2221 @!@!@
@!@!@STARTMSG 2221:0 @!@!@
  ||||||||line 73, col 10 to line 73, col 22 of module SplitLess_replica_group_expenses: 496356
@!@!@ENDMSG 2221 @!@!@
@!@!@STARTMSG 2221:0 @!@!@
  ||||||||line 74, col 21 to line 74, col 48 of module SplitLess_replica_group_expenses: 330904
@!@!@ENDMSG 2221 @!@!@
@!@!@STARTMSG 2221:0 @!@!@
  ||||||||line 75, col 15 to line 75, col 65 of module SplitLess_replica_group_expenses: 330904
@!@!@ENDMSG 2221 @!@!@
@!@!@STARTMSG 2221:0 @!@!@
  |||||||line 251, col 47 to line 251, col 52 of module SplitLess_replica_group_expenses: 165452
@!@!@ENDMSG 2221 @!@!@
@!@!@STARTMSG 2221:0 @!@!@
  ||||||line 252, col 19 to line 252, col 40 of module SplitLess_replica_group_expenses: 165452
@!@!@ENDMSG 2221 @!@!@
@!@!@STARTMSG 2221:0 @!@!@
  ||||line 259, col 50 to line 259, col 58 of module SplitLess_replica_group_expenses: 165452
@!@!@ENDMSG 2221 @!@!@
@!@!@STARTMSG 2221:0 @!@!@
  |||||line 254, col 16 to line 256, col 66 of module SplitLess_replica_group_expenses: 165452
@!@!@ENDMSG 2221 @!@!@
@!@!@STARTMSG 2221:0 @!@!@
  ||||||line 254, col 19 to line 254, col 70 of module SplitLess_replica_group_expenses: 165452
@!@!@ENDMSG 2221 @!@!@
@!@!@STARTMSG 2221:0 @!@!@
  ||||||line 255, col 21 to line 255, col 40 of module SplitLess_replica_group_expenses: 163740
@!@!@ENDMSG 2221 @!@!@
@!@!@STARTMSG 2221:0 @!@!@
  ||||||line 256, col 21 to line 256, col 66 of module SplitLess_replica_group_expenses: 1712
@!@!@ENDMSG 2221 @!@!@
@!@!@STARTMSG 2775:0 @!@!@
  |||||||line 107, col 7 to line 112, col 7 of module SplitLess_replica_group_expenses: 1712:3424
@!@!@ENDMSG 2775 @!@!@
@!@!@STARTMSG 2221:0 @!@!@
  |||||||line 256, col 33 to line 256, col 52 of module SplitLess_replica_group_expenses: 1712
@!@!@ENDMSG 2221 @!@!@
@!@!@STARTMSG 2221:0 @!@!@
  |||||||line 256, col 55 to line 256, col 65 of module SplitLess_replica_group_expenses: 1712
@!@!@ENDMSG 2221 @!@!@
@!@!@STARTMSG 2221:0 @!@!@
  ||||||||line 249, col 16 to line 252, col 42 of module SplitLess_replica_group_expenses: 1712
@!@!@ENDMSG 2221 @!@!@
@!@!@STARTMSG 2221:0 @!@!@
  |||||||||line 249, col 18 to line 249, col 47 of module SplitLess_replica_group_expenses: 1712
@!@!@ENDMSG 2221 @!@!@
@!@!@STARTMSG 2221:0 @!@!@
  |||||||||line 250, col 19 to line 250, col 40 of module SplitLess_replica_group_expenses: 1712
@!@!@ENDMSG 2221 @!@!@
@!@!@STARTMSG 2221:0 @!@!@
  |||||||||line 251, col 19 to line 251, col 53 of module SplitLess_replica_group_expenses: 1712
@!@!@ENDMSG 2221 @!@!@
@!@!@STARTMSG 2221:0 @!@!@
  |||||||||line 251, col 35 to line 251, col 53 of module SplitLess_replica_group_expenses: 1712
@!@!@ENDMSG 2221 @!@!@
@!@!@STARTMSG 2221:0 @!@!@
  ||||||||||line 73, col 7 to line 75, col 65 of module SplitLess_replica_group_expenses: 5136
@!@!@ENDMSG 2221 @!@!@
@!@!@STARTMSG 2221:0 @!@!@
  |||||||||||line 73, col 10 to line 73, col 22 of module SplitLess_replica_group_expenses: 5136
@!@!@ENDMSG 2221 @!@!@
@!@!@STARTMSG 2221:0 @!@!@
  |||||||||||line 74, col 21 to line 74, col 48 of module SplitLess_replica_group_expenses: 3424
@!@!@ENDMSG 2221 @!@!@
@!@!@STARTMSG 2221:0 @!@!@
  |||||||||||line 75, col 15 to line 75, col 65 of module SplitLess_replica_group_expenses: 3424
@!@!@ENDMSG 2221 @!@!@
@!@!@STARTMSG 2221:0 @!@!@
  ||||||||||line 251, col 47 to line 251, col 52 of module SplitLess_replica_group_expenses: 1712
@!@!@ENDMSG 2221 @!@!@
@!@!@STARTMSG 2221:0 @!@!@
  |||||||||line 252, col 19 to line 252, col 40 of module SplitLess_replica_group_expenses: 1712
@!@!@ENDMSG 2221 @!@!@
@!@!@STARTMSG 2221:0 @!@!@
  line 261, col 18 to line 261, col 51 of module SplitLess_replica_group_expenses: 165452
@!@!@ENDMSG 2221 @!@!@
@!@!@STARTMSG 2772:0 @!@!@
<DeleteExpense line 263, col 1 to line 263, col 13 of module SplitLess_replica_group_expenses (267 9 282 51)>: 4839:45896
@!@!@ENDMSG 2772 @!@!@
@!@!@STARTMSG 2221:0 @!@!@
  line 267, col 12 to line 267, col 40 of module SplitLess_replica_group_expenses: 315880
@!@!@ENDMSG 2221 @!@!@
@!@!@STARTMSG 2221:0 @!@!@
  |line 267, col 12 to line 267, col 34 of module SplitLess_replica_group_expenses: 269984
@!@!@ENDMSG 2221 @!@!@
@!@!@STARTMSG 2221:0 @!@!@
  |line 267, col 38 to line 267, col 40 of module SplitLess_replica_group_expenses: 269984
@!@!@ENDMSG 2221 @!@!@
@!@!@STARTMSG 2221:0 @!@!@
  line 268, col 12 to line 268, col 59 of module SplitLess_replica_group_expenses: 180888
@!@!@ENDMSG 2221 @!@!@
@!@!@STARTMSG 2221:0 @!@!@
  |line 268, col 12 to line 268, col 46 of module SplitLess_replica_group_expenses: 134992
@!@!@ENDMSG 2221 @!@!@
@!@!@STARTMSG 2221:0 @!@!@
  |line 268, col 50 to line 268, col 59 of module SplitLess_replica_group_expenses: 134992
@!@!@ENDMSG 2221 @!@!@
@!@!@STARTMSG 2221:0 @!@!@
  line 269, col 12 to line 269, col 60 of module SplitLess_replica_group_expenses: 136356
@!@!@ENDMSG 2221 @!@!@
@!@!@STARTMSG 2221:0 @!@!@
  |line 269, col 12 to line 269, col 52 of module SplitLess_replica_group_expenses: 90460
@!@!@ENDMSG 2221 @!@!@
@!@!@STARTMSG 2221:0 @!@!@
  |line 269, col 56 to line 269, col 60 of module SplitLess_replica_group_expenses: 90460
@!@!@ENDMSG 2221 @!@!@
@!@!@STARTMSG 2221:0 @!@!@
  line 270, col 12 to line 270, col 62 of module SplitLess_replica_group_expenses: 101660
@!@!@ENDMSG 2221 @!@!@
@!@!@STARTMSG 2221:0 @!@!@
  |line 270, col 12 to line 270, col 54 of module SplitLess_replica_group_expenses: 55764
@!@!@ENDMSG 2221 @!@!@
@!@!@STARTMSG 2221:0 @!@!@
  |line 270, col 58 to line 270, col 62 of module SplitLess_replica_group_expenses: 55764
@!@!@ENDMSG 2221 @!@!@
@!@!@STARTMSG 2221:0 @!@!@
  line 271, col 15 to line 271, col 66 of module SplitLess_replica_group_expenses: 45944
@!@!@ENDMSG 2221 @!@!@
@!@!@STARTMSG 2221:0 @!@!@
  line 66, col 3 to line 66, col 23 of module SplitLess_replica_group_expenses: 2192
@!@!@ENDMSG 2221 @!@!@
@!@!@STARTMSG 2221:0 @!@!@
  |line 66, col 3 to line 66, col 19 of module SplitLess_replica_group_expenses: 1120
@!@!@ENDMSG 2221 @!@!@
@!@!@STARTMSG 2221:0 @!@!@
  line 272, col 29 to line 272, col 106 of module SplitLess_replica_group_expenses: 1120
@!@!@ENDMSG 2221 @!@!@
@!@!@STARTMSG 2221:0 @!@!@
  line 273, col 17 to line 273, col 20 of module SplitLess_replica_group_expenses: 44824
@!@!@ENDMSG 2221 @!@!@
@!@!@STARTMSG 2221:0 @!@!@
  line 281, col 18 to line 281, col 66 of module SplitLess_replica_group_expenses: 45896
@!@!@ENDMSG 2221 @!@!@
@!@!@STARTMSG 2221:0 @!@!@
  |line 281, col 30 to line 281, col 66 of module SplitLess_replica_group_expenses: 45896
@!@!@ENDMSG 2221 @!@!@
@!@!@STARTMSG 2221:0 @!@!@
  ||line 281, col 31 to line 281, col 38 of module SplitLess_replica_group_expenses: 45896
@!@!@ENDMSG 2221 @!@!@
@!@!@STARTMSG 2221:0 @!@!@
  ||line 281, col 47 to line 281, col 65 of module SplitLess_replica_group_expenses: 45896
@!@!@ENDMSG 2221 @!@!@
@!@!@STARTMSG 2221:0 @!@!@
  ||line 281, col 56 to line 281, col 65 of module SplitLess_replica_group_expenses: 45896
@!@!@ENDMSG 2221 @!@!@
@!@!@STARTMSG 2221:0 @!@!@
  |||line 279, col 16 to line 280, col 60 of module SplitLess_replica_group_expenses: 45896
@!@!@ENDMSG 2221 @!@!@
@!@!@STARTMSG 2221:0 @!@!@
  ||||line 279, col 18 to line 279, col 30 of module SplitLess_replica_group_expenses: 45896
@!@!@ENDMSG 2221 @!@!@
@!@!@STARTMSG 2221:0 @!@!@
  ||||line 279, col 39 to line 279, col 70 of module SplitLess_replica_group_expenses: 45896
@!@!@ENDMSG 2221 @!@!@
@!@!@STARTMSG 2221:0 @!@!@
  ||||line 280, col 50 to line 280, col 58 of module SplitLess_replica_group_expenses: 45896
@!@!@ENDMSG 2221 @!@!@
@!@!@STARTMSG 2221:0 @!@!@
  |||||line 277, col 16 to line 277, col 61 of module SplitLess_replica_group_expenses: 45896
@!@!@ENDMSG 2221 @!@!@
@!@!@STARTMSG 2775:0 @!@!@
  ||||||line 107, col 7 to line 112, col 7 of module SplitLess_replica_group_expenses: 45896:91792
@!@!@ENDMSG 2775 @!@!@
@!@!@STARTMSG 2221:0 @!@!@
  ||||||line 277, col 28 to line 277, col 47 of module SplitLess_replica_group_expenses: 45896
@!@!@ENDMSG 2221 @!@!@
@!@!@STARTMSG 2221:0 @!@!@
  ||||||line 277, col 50 to line 277, col 60 of module SplitLess_replica_group_expenses: 26996
@!@!@ENDMSG 2221 @!@!@
@!@!@STARTMSG 2221:0 @!@!@
  line 282, col 18 to line 282, col 51 of module SplitLess_replica_group_expenses: 45896
@!@!@ENDMSG 2221 @!@!@
@!@!@STARTMSG 2772:0 @!@!@
<MergeReplicas line 327, col 1 to line 327, col 13 of module SplitLess_replica_group_expenses (329 5 348 35)>: 10101:67496
@!@!@ENDMSG 2772 @!@!@
@!@!@STARTMSG 2221:0 @!@!@
  line 329, col 8 to line 329, col 24 of module SplitLess_replica_group_expenses: 202488
@!@!@ENDMSG 2221 @!@!@
@!@!@STARTMSG 2221:0 @!@!@
  |line 329, col 8 to line 329, col 13 of module SplitLess_replica_group_expenses: 134992
@!@!@ENDMSG 2221 @!@!@
@!@!@STARTMSG 2221:0 @!@!@
  |line 329, col 17 to line 329, col 24 of module SplitLess_replica_group_expenses: 134992
@!@!@ENDMSG 2221 @!@!@
@!@!@STARTMSG 2221:0 @!@!@
  line 347, col 10 to line 347, col 61 of module SplitLess_replica_group_expenses: 67496
@!@!@ENDMSG 2221 @!@!@
@!@!@STARTMSG 2221:0 @!@!@
  line 348, col 13 to line 348, col 35 of module SplitLess_replica_group_expenses: 67496
@!@!@ENDMSG 2221 @!@!@
@!@!@STARTMSG 2772:0 @!@!@
<Next line 354, col 1 to line 354, col 4 of module SplitLess_replica_group_expenses (364 8 364 44)>: 0:33748
@!@!@ENDMSG 2772 @!@!@
@!@!@STARTMSG 2221:0 @!@!@
  line 364, col 8 to line 364, col 44 of module SplitLess_replica_group_expenses: 33748
@!@!@ENDMSG 2221 @!@!@
@!@!@STARTMSG 2774:0 @!@!@
<TypeOK line 377, col 1 to line 377, col 6 of module SplitLess_replica_group_expenses>
@!@!@ENDMSG 2774 @!@!@
@!@!@STARTMSG 2221:0 @!@!@
  line 378, col 3 to line 382, col 60 of module SplitLess_replica_group_expenses: 386252
@!@!@ENDMSG 2221 @!@!@
@!@!@STARTMSG 2221:0 @!@!@
  |line 379, col 5 to line 382, col 60 of module SplitLess_replica_group_expenses: 772504
@!@!@ENDMSG 2221 @!@!@
@!@!@STARTMSG 2221:0 @!@!@
  |line 378, col 14 to line 378, col 33 of module SplitLess_replica_group_expenses: 386252
@!@!@ENDMSG 2221 @!@!@
@!@!@STARTMSG 2774:0 @!@!@
<Inv_Conservation_of_amount line 384, col 1 to line 384, col 26 of module SplitLess_replica_group_expenses>
@!@!@ENDMSG 2774 @!@!@
@!@!@STARTMSG 2221:0 @!@!@
  line 385, col 3 to line 389, col 43 of module SplitLess_replica_group_expenses: 386252
@!@!@ENDMSG 2221 @!@!@
@!@!@STARTMSG 2221:0 @!@!@
  |line 386, col 5 to line 389, col 43 of module SplitLess_replica_group_expenses: 772504
@!@!@ENDMSG 2221 @!@!@
@!@!@STARTMSG 2221:0 @!@!@
  ||line 387, col 7 to line 389, col 43 of module SplitLess_replica_group_expenses: 1545008
@!@!@ENDMSG 2221 @!@!@
@!@!@STARTMSG 2221:0 @!@!@
  |||line 387, col 7 to line 387, col 54 of module SplitLess_replica_group_expenses: 1545008
@!@!@ENDMSG 2221 @!@!@
@!@!@STARTMSG 2221:0 @!@!@
  |||line 388, col 18 to line 388, col 52 of module SplitLess_replica_group_expenses: 1097148
@!@!@ENDMSG 2221 @!@!@
@!@!@STARTMSG 2221:0 @!@!@
  |||line 389, col 12 to line 389, col 43 of module SplitLess_replica_group_expenses: 1097148
@!@!@ENDMSG 2221 @!@!@
@!@!@STARTMSG 2221:0 @!@!@
  ||||line 389, col 12 to line 389, col 19 of module SplitLess_replica_group_expenses: 1097148
@!@!@ENDMSG 2221 @!@!@
@!@!@STARTMSG 2221:0 @!@!@
  ||||line 389, col 23 to line 389, col 43 of module SplitLess_replica_group_expenses: 1097148
@!@!@ENDMSG 2221 @!@!@
@!@!@STARTMSG 2221:0 @!@!@
  |||||line 73, col 7 to line 75, col 65 of module SplitLess_replica_group_expenses: 3291444
@!@!@ENDMSG 2221 @!@!@
@!@!@STARTMSG 2221:0 @!@!@
  ||||||line 73, col 10 to line 73, col 22 of module SplitLess_replica_group_expenses: 3291444
@!@!@ENDMSG 2221 @!@!@
@!@!@STARTMSG 2221:0 @!@!@
  ||||||line 74, col 21 to line 74, col 48 of module SplitLess_replica_group_expenses: 2194296
@!@!@ENDMSG 2221 @!@!@
@!@!@STARTMSG 2221:0 @!@!@
  ||||||line 75, col 15 to line 75, col 65 of module SplitLess_replica_group_expenses: 2194296
@!@!@ENDMSG 2221 @!@!@
@!@!@STARTMSG 2221:0 @!@!@
  |||||line 389, col 35 to line 389, col 42 of module SplitLess_replica_group_expenses: 1097148
@!@!@ENDMSG 2221 @!@!@
@!@!@STARTMSG 2221:0 @!@!@
  ||line 386, col 16 to line 386, col 35 of module SplitLess_replica_group_expenses: 772504
@!@!@ENDMSG 2221 @!@!@
@!@!@STARTMSG 2221:0 @!@!@
  |line 385, col 14 to line 385, col 33 of module SplitLess_replica_group_expenses: 386252
@!@!@ENDMSG 2221 @!@!@
@!@!@STARTMSG 2774:0 @!@!@
<Inv_ExpenseGroupExists line 391, col 1 to line 391, col 22 of module SplitLess_replica_group_expenses>
@!@!@ENDMSG 2774 @!@!@
@!@!@STARTMSG 2221:0 @!@!@
  line 392, col 3 to line 398, col 85 of module SplitLess_replica_group_expenses: 386252
@!@!@ENDMSG 2221 @!@!@
@!@!@STARTMSG 2221:0 @!@!@
  |line 393, col 5 to line 398, col 85 of module SplitLess_replica_group_expenses: 772504
@!@!@ENDMSG 2221 @!@!@
@!@!@STARTMSG 2221:0 @!@!@
  ||line 394, col 7 to line 398, col 85 of module SplitLess_replica_group_expenses: 1545008
@!@!@ENDMSG 2221 @!@!@
@!@!@STARTMSG 2221:0 @!@!@
  |||line 394, col 7 to line 396, col 61 of module SplitLess_replica_group_expenses: 1545008
@!@!@ENDMSG 2221 @!@!@
@!@!@STARTMSG 2221:0 @!@!@
  ||||line 394, col 10 to line 394, col 57 of module SplitLess_replica_group_expenses: 1545008
@!@!@ENDMSG 2221 @!@!@
@!@!@STARTMSG 2221:0 @!@!@
  ||||line 395, col 10 to line 395, col 60 of module SplitLess_replica_group_expenses: 1097148
@!@!@ENDMSG 2221 @!@!@
@!@!@STARTMSG 2221:0 @!@!@
  ||||line 396, col 10 to line 396, col 61 of module SplitLess_replica_group_expenses: 903212
@!@!@ENDMSG 2221 @!@!@
@!@!@STARTMSG 2221:0 @!@!@
  |||line 398, col 10 to line 398, col 85 of module SplitLess_replica_group_expenses: 23576
@!@!@ENDMSG 2221 @!@!@
@!@!@STARTMSG 2221:0 @!@!@
  ||line 393, col 16 to line 393, col 35 of module SplitLess_replica_group_expenses: 772504
@!@!@ENDMSG 2221 @!@!@
@!@!@STARTMSG 2221:0 @!@!@
  |line 392, col 14 to line 392, col 33 of module SplitLess_replica_group_expenses: 386252
@!@!@ENDMSG 2221 @!@!@
@!@!@STARTMSG 2774:0 @!@!@
<Inv_GroupBalanceZero line 401, col 1 to line 401, col 20 of module SplitLess_replica_group_expenses>
@!@!@ENDMSG 2774 @!@!@
@!@!@STARTMSG 2221:0 @!@!@
  line 402, col 3 to line 410, col 60 of module SplitLess_replica_group_expenses: 386252
@!@!@ENDMSG 2221 @!@!@
@!@!@STARTMSG 2221:0 @!@!@
  |line 403, col 5 to line 410, col 60 of module SplitLess_replica_group_expenses: 772504
@!@!@ENDMSG 2221 @!@!@
@!@!@STARTMSG 2221:0 @!@!@
  ||line 404, col 7 to line 410, col 60 of module SplitLess_replica_group_expenses: 1545008
@!@!@ENDMSG 2221 @!@!@
@!@!@STARTMSG 2221:0 @!@!@
  |||line 404, col 7 to line 404, col 42 of module SplitLess_replica_group_expenses: 1545008
@!@!@ENDMSG 2221 @!@!@
@!@!@STARTMSG 2775:0 @!@!@
  |||line 407, col 15 to line 407, col 82 of module SplitLess_replica_group_expenses: 690000:1478992
@!@!@ENDMSG 2775 @!@!@
@!@!@STARTMSG 2221:0 @!@!@
  ||||line 407, col 31 to line 407, col 81 of module SplitLess_replica_group_expenses: 1380000
@!@!@ENDMSG 2221 @!@!@
@!@!@STARTMSG 2221:0 @!@!@
  ||||line 407, col 23 to line 407, col 27 of module SplitLess_replica_group_expenses: 690000
@!@!@ENDMSG 2221 @!@!@
@!@!@STARTMSG 2221:0 @!@!@
  |||line 409, col 15 to line 409, col 80 of module SplitLess_replica_group_expenses: 690000
@!@!@ENDMSG 2221 @!@!@
@!@!@STARTMSG 2221:0 @!@!@
  ||||line 73, col 7 to line 75, col 65 of module SplitLess_replica_group_expenses: 1478992
@!@!@ENDMSG 2221 @!@!@
@!@!@STARTMSG 2221:0 @!@!@
  |||||line 73, col 10 to line 73, col 22 of module SplitLess_replica_group_expenses: 1478992
@!@!@ENDMSG 2221 @!@!@
@!@!@STARTMSG 2221:0 @!@!@
  |||||line 74, col 21 to line 74, col 48 of module SplitLess_replica_group_expenses: 788992
@!@!@ENDMSG 2221 @!@!@
@!@!@STARTMSG 2221:0 @!@!@
  |||||line 75, col 15 to line 75, col 65 of module SplitLess_replica_group_expenses: 788992
@!@!@ENDMSG 2221 @!@!@
@!@!@STARTMSG 2775:0 @!@!@
  ||||line 409, col 27 to line 409, col 79 of module SplitLess_replica_group_expenses: 690000:788992
@!@!@ENDMSG 2775 @!@!@
@!@!@STARTMSG 2221:0 @!@!@
  |||line 410, col 12 to line 410, col 60 of module SplitLess_replica_group_expenses: 690000
@!@!@ENDMSG 2221 @!@!@
@!@!@STARTMSG 2221:0 @!@!@
  ||line 403, col 16 to line 403, col 33 of module SplitLess_replica_group_expenses: 772504
@!@!@ENDMSG 2221 @!@!@
@!@!@STARTMSG 2221:0 @!@!@
  |line 402, col 14 to line 402, col 33 of module SplitLess_replica_group_expenses: 386252
@!@!@ENDMSG 2221 @!@!@
@!@!@STARTMSG 2202:0 @!@!@
End of statistics.
@!@!@ENDMSG 2202 @!@!@
@!@!@STARTMSG 2200:0 @!@!@
Progress(8) at 2025-11-03 10:06:01: 515,809 states generated (1,634,116 s/min), 33,748 distinct states found (106,915 ds/min), 0 states left on queue.
@!@!@ENDMSG 2200 @!@!@
@!@!@STARTMSG 2199:0 @!@!@
515809 states generated, 33748 distinct states found, 0 states left on queue.
@!@!@ENDMSG 2199 @!@!@
@!@!@STARTMSG 2194:0 @!@!@
The depth of the complete state graph search is 8.
@!@!@ENDMSG 2194 @!@!@
@!@!@STARTMSG 2268:0 @!@!@
The average outdegree of the complete state graph is 1 (minimum is 0, the maximum 18 and the 95th percentile is 7).
@!@!@ENDMSG 2268 @!@!@
@!@!@STARTMSG 2186:0 @!@!@
Finished in 18945ms at (2025-11-03 10:06:01)
@!@!@ENDMSG 2186 @!@!@
