@!@!@STARTMSG 2262:0 @!@!@
TLC2 Version 2.16 of 31 December 2020 (rev: cdddf55)
@!@!@ENDMSG 2262 @!@!@
@!@!@STARTMSG 2187:0 @!@!@
Running breadth-first search Model-Checking with fp 111 and seed 7211666748732151013 with 8 workers on 8 cores with 3547MB heap and 7973MB offheap memory [pid: 3479] (Linux 6.14.0-33-generic amd64, AdoptOpenJDK 14.0.1 x86_64, OffHeapDiskFPSet, DiskStateQueue).
@!@!@ENDMSG 2187 @!@!@
@!@!@STARTMSG 2220:0 @!@!@
Starting SANY...
@!@!@ENDMSG 2220 @!@!@
Parsing file /home/floyd/Desktop/Uni/Master/2_Semester/Masters Project/TLA+ Toolbox/SplitLess/SplitLess_replica_group_expenses.toolbox/Model_1/MC.tla
Parsing file /home/floyd/Desktop/Uni/Master/2_Semester/Masters Project/TLA+ Toolbox/SplitLess/SplitLess_replica_group_expenses.toolbox/Model_1/SplitLess_replica_group_expenses.tla
Parsing file /home/floyd/Desktop/Uni/Master/2_Semester/Masters Project/TLA+ Toolbox/toolbox/plugins/org.lamport.tlatools_1.0.0.202012311918/tla2sany/StandardModules/TLC.tla
Parsing file /home/floyd/Desktop/Uni/Master/2_Semester/Masters Project/TLA+ Toolbox/toolbox/plugins/org.lamport.tlatools_1.0.0.202012311918/tla2sany/StandardModules/Naturals.tla
Parsing file /home/floyd/Desktop/Uni/Master/2_Semester/Masters Project/TLA+ Toolbox/toolbox/plugins/org.lamport.tlatools_1.0.0.202012311918/tla2sany/StandardModules/Sequences.tla
Parsing file /home/floyd/Desktop/Uni/Master/2_Semester/Masters Project/TLA+ Toolbox/toolbox/plugins/org.lamport.tlatools_1.0.0.202012311918/tla2sany/StandardModules/FiniteSets.tla
Semantic processing of module Naturals
Semantic processing of module Sequences
Semantic processing of module FiniteSets
Semantic processing of module SplitLess_replica_group_expenses
Semantic processing of module TLC
Semantic processing of module MC
@!@!@STARTMSG 2219:0 @!@!@
SANY finished.
@!@!@ENDMSG 2219 @!@!@
@!@!@STARTMSG 2185:0 @!@!@
Starting... (2025-11-03 10:08:31)
@!@!@ENDMSG 2185 @!@!@
@!@!@STARTMSG 2189:0 @!@!@
Computing initial states...
@!@!@ENDMSG 2189 @!@!@
@!@!@STARTMSG 2190:0 @!@!@
Finished computing initial states: 1 distinct state generated at 2025-11-03 10:08:32.
@!@!@ENDMSG 2190 @!@!@
@!@!@STARTMSG 2200:0 @!@!@
Progress(7) at 2025-11-03 10:08:35: 79,013 states generated (79,013 s/min), 24,812 distinct states found (24,812 ds/min), 19,869 states left on queue.
@!@!@ENDMSG 2200 @!@!@
@!@!@STARTMSG 2110:1 @!@!@
Invariant Inv_GroupBalanceZero is violated.
@!@!@ENDMSG 2110 @!@!@
@!@!@STARTMSG 2121:1 @!@!@
The behavior up to this point is:
@!@!@ENDMSG 2121 @!@!@
@!@!@STARTMSG 2217:4 @!@!@
1: <Initial predicate>
/\ actionCounter = 0
/\ replicas = (r1 :> [id |-> r1, recordedExpenses |-> (eid1 :> NO_EXPENSE @@ eid2 :> NO_EXPENSE), groups |-> (gid1 :> NO_GROUP @@ gid2 :> NO_GROUP)] @@ r2 :> [id |-> r2, recordedExpenses |-> (eid1 :> NO_EXPENSE @@ eid2 :> NO_EXPENSE), groups |-> (gid1 :> NO_GROUP @@ gid2 :> NO_GROUP)])

@!@!@ENDMSG 2217 @!@!@
@!@!@STARTMSG 2217:4 @!@!@
2: <CreateGroup line 123, col 9 to line 134, col 51 of module SplitLess_replica_group_expenses>
/\ actionCounter = 1
/\ replicas = (r1 :> [id |-> r1, recordedExpenses |-> (eid1 :> NO_EXPENSE @@ eid2 :> NO_EXPENSE), groups |-> (gid1 :> NO_GROUP @@ gid2 :> [id |-> gid2, members |-> (a :> 1 @@ b :> 0), totalGifted |-> 0, individualGiftsSent |-> (a :> 0 @@ b :> 0)])] @@ r2 :> [id |-> r2, recordedExpenses |-> (eid1 :> NO_EXPENSE @@ eid2 :> NO_EXPENSE), groups |-> (gid1 :> NO_GROUP @@ gid2 :> NO_GROUP)])

@!@!@ENDMSG 2217 @!@!@
@!@!@STARTMSG 2217:4 @!@!@
3: <CreateExpense line 178, col 9 to line 193, col 51 of module SplitLess_replica_group_expenses>
/\ actionCounter = 2
/\ replicas = (r1 :> [id |-> r1, recordedExpenses |-> (eid1 :> [id |-> eid1, group |-> NO_GROUP, version |-> 0, payer |-> a, amount |-> 1, shares |-> (a :> 1 @@ b :> 0), deleted |-> FALSE] @@ eid2 :> NO_EXPENSE), groups |-> (gid1 :> NO_GROUP @@ gid2 :> [id |-> gid2, members |-> (a :> 1 @@ b :> 0), totalGifted |-> 0, individualGiftsSent |-> (a :> 0 @@ b :> 0)])] @@ r2 :> [id |-> r2, recordedExpenses |-> (eid1 :> NO_EXPENSE @@ eid2 :> NO_EXPENSE), groups |-> (gid1 :> NO_GROUP @@ gid2 :> NO_GROUP)])

@!@!@ENDMSG 2217 @!@!@
@!@!@STARTMSG 2217:4 @!@!@
4: <AddExpenseToGroup line 200, col 9 to line 215, col 51 of module SplitLess_replica_group_expenses>
/\ actionCounter = 3
/\ replicas = (r1 :> [id |-> r1, recordedExpenses |-> (eid1 :> [id |-> eid1, group |-> gid2, version |-> 0, payer |-> a, amount |-> 1, shares |-> (a :> 1 @@ b :> 0), deleted |-> FALSE] @@ eid2 :> NO_EXPENSE), groups |-> (gid1 :> NO_GROUP @@ gid2 :> [id |-> gid2, members |-> (a :> 1 @@ b :> 0), totalGifted |-> 0, individualGiftsSent |-> (a :> 0 @@ b :> 0)])] @@ r2 :> [id |-> r2, recordedExpenses |-> (eid1 :> NO_EXPENSE @@ eid2 :> NO_EXPENSE), groups |-> (gid1 :> NO_GROUP @@ gid2 :> NO_GROUP)])

@!@!@ENDMSG 2217 @!@!@
@!@!@STARTMSG 2217:4 @!@!@
5: <MergeReplicas line 330, col 5 to line 349, col 35 of module SplitLess_replica_group_expenses>
/\ actionCounter = 3
/\ replicas = (r1 :> [id |-> r1, recordedExpenses |-> (eid1 :> [id |-> eid1, group |-> gid2, version |-> 0, payer |-> a, amount |-> 1, shares |-> (a :> 1 @@ b :> 0), deleted |-> FALSE] @@ eid2 :> NO_EXPENSE), groups |-> (gid1 :> NO_GROUP @@ gid2 :> [id |-> gid2, members |-> (a :> 1 @@ b :> 0), totalGifted |-> 0, individualGiftsSent |-> (a :> 0 @@ b :> 0)])] @@ r2 :> [id |-> r2, recordedExpenses |-> (eid1 :> [id |-> eid1, group |-> gid2, version |-> 0, payer |-> a, amount |-> 1, shares |-> (a :> 1 @@ b :> 0), deleted |-> FALSE] @@ eid2 :> NO_EXPENSE), groups |-> (gid1 :> NO_GROUP @@ gid2 :> [id |-> gid2, members |-> (a :> 1 @@ b :> 0), totalGifted |-> 0, individualGiftsSent |-> (a :> 0 @@ b :> 0)])])

@!@!@ENDMSG 2217 @!@!@
@!@!@STARTMSG 2217:4 @!@!@
6: <RemoveExpenseFromGroup line 222, col 9 to line 234, col 47 of module SplitLess_replica_group_expenses>
/\ actionCounter = 4
/\ replicas = (r1 :> [id |-> r1, recordedExpenses |-> (eid1 :> [id |-> eid1, group |-> NO_GROUP, version |-> 0, payer |-> a, amount |-> 1, shares |-> (a :> 1 @@ b :> 0), deleted |-> FALSE] @@ eid2 :> NO_EXPENSE), groups |-> (gid1 :> NO_GROUP @@ gid2 :> [id |-> gid2, members |-> (a :> 1 @@ b :> 0), totalGifted |-> 0, individualGiftsSent |-> (a :> 0 @@ b :> 0)])] @@ r2 :> [id |-> r2, recordedExpenses |-> (eid1 :> [id |-> eid1, group |-> gid2, version |-> 0, payer |-> a, amount |-> 1, shares |-> (a :> 1 @@ b :> 0), deleted |-> FALSE] @@ eid2 :> NO_EXPENSE), groups |-> (gid1 :> NO_GROUP @@ gid2 :> [id |-> gid2, members |-> (a :> 1 @@ b :> 0), totalGifted |-> 0, individualGiftsSent |-> (a :> 0 @@ b :> 0)])])

@!@!@ENDMSG 2217 @!@!@
@!@!@STARTMSG 2217:4 @!@!@
7: <ModifyExpenseParameters line 241, col 9 to line 262, col 51 of module SplitLess_replica_group_expenses>
/\ actionCounter = 5
/\ replicas = (r1 :> [id |-> r1, recordedExpenses |-> (eid1 :> [id |-> eid1, group |-> NO_GROUP, version |-> 1, payer |-> a, amount |-> 1, shares |-> (a :> 0 @@ b :> 1), deleted |-> FALSE] @@ eid2 :> NO_EXPENSE), groups |-> (gid1 :> NO_GROUP @@ gid2 :> [id |-> gid2, members |-> (a :> 1 @@ b :> 0), totalGifted |-> 0, individualGiftsSent |-> (a :> 0 @@ b :> 0)])] @@ r2 :> [id |-> r2, recordedExpenses |-> (eid1 :> [id |-> eid1, group |-> gid2, version |-> 0, payer |-> a, amount |-> 1, shares |-> (a :> 1 @@ b :> 0), deleted |-> FALSE] @@ eid2 :> NO_EXPENSE), groups |-> (gid1 :> NO_GROUP @@ gid2 :> [id |-> gid2, members |-> (a :> 1 @@ b :> 0), totalGifted |-> 0, individualGiftsSent |-> (a :> 0 @@ b :> 0)])])

@!@!@ENDMSG 2217 @!@!@
@!@!@STARTMSG 2217:4 @!@!@
8: <MergeReplicas line 330, col 5 to line 349, col 35 of module SplitLess_replica_group_expenses>
/\ actionCounter = 5
/\ replicas = (r1 :> [id |-> r1, recordedExpenses |-> (eid1 :> [id |-> eid1, group |-> NO_GROUP, version |-> 1, payer |-> a, amount |-> 1, shares |-> (a :> 0 @@ b :> 1), deleted |-> FALSE] @@ eid2 :> NO_EXPENSE), groups |-> (gid1 :> NO_GROUP @@ gid2 :> [id |-> gid2, members |-> (a :> 1 @@ b :> 0), totalGifted |-> 0, individualGiftsSent |-> (a :> 0 @@ b :> 0)])] @@ r2 :> [id |-> r2, recordedExpenses |-> (eid1 :> [id |-> eid1, group |-> gid2, version |-> 1, payer |-> a, amount |-> 1, shares |-> (a :> 0 @@ b :> 1), deleted |-> FALSE] @@ eid2 :> NO_EXPENSE), groups |-> (gid1 :> NO_GROUP @@ gid2 :> [id |-> gid2, members |-> (a :> 1 @@ b :> 0), totalGifted |-> 1, individualGiftsSent |-> (a :> 1 @@ b :> 0)])])

@!@!@ENDMSG 2217 @!@!@
@!@!@STARTMSG 2201:0 @!@!@
The coverage statistics at 2025-11-03 10:08:47
@!@!@ENDMSG 2201 @!@!@
@!@!@STARTMSG 2773:0 @!@!@
<Init line 44, col 1 to line 44, col 4 of module SplitLess_replica_group_expenses>: 2:2
@!@!@ENDMSG 2773 @!@!@
@!@!@STARTMSG 2221:0 @!@!@
  line 45, col 8 to line 52, col 27 of module SplitLess_replica_group_expenses: 2
@!@!@ENDMSG 2221 @!@!@
@!@!@STARTMSG 2772:0 @!@!@
<CreateGroup line 119, col 1 to line 119, col 11 of module SplitLess_replica_group_expenses (123 9 134 51)>: 4774:82110
@!@!@ENDMSG 2772 @!@!@
@!@!@STARTMSG 2221:0 @!@!@
  line 123, col 12 to line 123, col 40 of module SplitLess_replica_group_expenses: 588097
@!@!@ENDMSG 2221 @!@!@
@!@!@STARTMSG 2221:0 @!@!@
  |line 123, col 12 to line 123, col 34 of module SplitLess_replica_group_expenses: 505987
@!@!@ENDMSG 2221 @!@!@
@!@!@STARTMSG 2221:0 @!@!@
  |line 123, col 38 to line 123, col 40 of module SplitLess_replica_group_expenses: 505987
@!@!@ENDMSG 2221 @!@!@
@!@!@STARTMSG 2221:0 @!@!@
  line 125, col 51 to line 125, col 91 of module SplitLess_replica_group_expenses: 534946
@!@!@ENDMSG 2221 @!@!@
@!@!@STARTMSG 2221:0 @!@!@
  |line 125, col 51 to line 125, col 80 of module SplitLess_replica_group_expenses: 370726
@!@!@ENDMSG 2221 @!@!@
@!@!@STARTMSG 2221:0 @!@!@
  |line 125, col 84 to line 125, col 91 of module SplitLess_replica_group_expenses: 370726
@!@!@ENDMSG 2221 @!@!@
@!@!@STARTMSG 2221:0 @!@!@
  line 125, col 28 to line 125, col 47 of module SplitLess_replica_group_expenses: 252994
@!@!@ENDMSG 2221 @!@!@
@!@!@STARTMSG 2221:0 @!@!@
  line 133, col 15 to line 134, col 51 of module SplitLess_replica_group_expenses: 82110
@!@!@ENDMSG 2221 @!@!@
@!@!@STARTMSG 2772:0 @!@!@
<AddMember line 137, col 1 to line 137, col 9 of module SplitLess_replica_group_expenses (141 9 149 51)>: 3924:50059
@!@!@ENDMSG 2772 @!@!@
@!@!@STARTMSG 2221:0 @!@!@
  line 141, col 12 to line 141, col 40 of module SplitLess_replica_group_expenses: 1062027
@!@!@ENDMSG 2221 @!@!@
@!@!@STARTMSG 2221:0 @!@!@
  |line 141, col 12 to line 141, col 34 of module SplitLess_replica_group_expenses: 1011968
@!@!@ENDMSG 2221 @!@!@
@!@!@STARTMSG 2221:0 @!@!@
  |line 141, col 38 to line 141, col 40 of module SplitLess_replica_group_expenses: 1011968
@!@!@ENDMSG 2221 @!@!@
@!@!@STARTMSG 2221:0 @!@!@
  line 142, col 12 to line 142, col 47 of module SplitLess_replica_group_expenses: 556043
@!@!@ENDMSG 2221 @!@!@
@!@!@STARTMSG 2221:0 @!@!@
  |line 142, col 12 to line 142, col 36 of module SplitLess_replica_group_expenses: 505984
@!@!@ENDMSG 2221 @!@!@
@!@!@STARTMSG 2221:0 @!@!@
  |line 142, col 40 to line 142, col 47 of module SplitLess_replica_group_expenses: 505984
@!@!@ENDMSG 2221 @!@!@
@!@!@STARTMSG 2221:0 @!@!@
  line 66, col 3 to line 66, col 23 of module SplitLess_replica_group_expenses: 314325
@!@!@ENDMSG 2221 @!@!@
@!@!@STARTMSG 2221:0 @!@!@
  |line 66, col 3 to line 66, col 19 of module SplitLess_replica_group_expenses: 264266
@!@!@ENDMSG 2221 @!@!@
@!@!@STARTMSG 2221:0 @!@!@
  line 143, col 21 to line 143, col 60 of module SplitLess_replica_group_expenses: 264266
@!@!@ENDMSG 2221 @!@!@
@!@!@STARTMSG 2221:0 @!@!@
  line 144, col 12 to line 144, col 66 of module SplitLess_replica_group_expenses: 202877
@!@!@ENDMSG 2221 @!@!@
@!@!@STARTMSG 2221:0 @!@!@
  |line 144, col 13 to line 144, col 66 of module SplitLess_replica_group_expenses: 152818
@!@!@ENDMSG 2221 @!@!@
@!@!@STARTMSG 2221:0 @!@!@
  line 148, col 15 to line 149, col 51 of module SplitLess_replica_group_expenses: 50059
@!@!@ENDMSG 2221 @!@!@
@!@!@STARTMSG 2772:0 @!@!@
<LeaveGroup line 151, col 1 to line 151, col 10 of module SplitLess_replica_group_expenses (155 9 166 51)>: 6468:75955
@!@!@ENDMSG 2772 @!@!@
@!@!@STARTMSG 2221:0 @!@!@
  line 155, col 12 to line 155, col 40 of module SplitLess_replica_group_expenses: 581939
@!@!@ENDMSG 2221 @!@!@
@!@!@STARTMSG 2221:0 @!@!@
  |line 155, col 12 to line 155, col 34 of module SplitLess_replica_group_expenses: 505984
@!@!@ENDMSG 2221 @!@!@
@!@!@STARTMSG 2221:0 @!@!@
  |line 155, col 38 to line 155, col 40 of module SplitLess_replica_group_expenses: 505984
@!@!@ENDMSG 2221 @!@!@
@!@!@STARTMSG 2221:0 @!@!@
  line 156, col 12 to line 156, col 47 of module SplitLess_replica_group_expenses: 328947
@!@!@ENDMSG 2221 @!@!@
@!@!@STARTMSG 2221:0 @!@!@
  |line 156, col 12 to line 156, col 36 of module SplitLess_replica_group_expenses: 252992
@!@!@ENDMSG 2221 @!@!@
@!@!@STARTMSG 2221:0 @!@!@
  |line 156, col 40 to line 156, col 47 of module SplitLess_replica_group_expenses: 252992
@!@!@ENDMSG 2221 @!@!@
@!@!@STARTMSG 2221:0 @!@!@
  line 66, col 3 to line 66, col 23 of module SplitLess_replica_group_expenses: 208088
@!@!@ENDMSG 2221 @!@!@
@!@!@STARTMSG 2221:0 @!@!@
  |line 66, col 3 to line 66, col 19 of module SplitLess_replica_group_expenses: 132133
@!@!@ENDMSG 2221 @!@!@
@!@!@STARTMSG 2221:0 @!@!@
  line 157, col 21 to line 157, col 60 of module SplitLess_replica_group_expenses: 132133
@!@!@ENDMSG 2221 @!@!@
@!@!@STARTMSG 2221:0 @!@!@
  line 158, col 12 to line 158, col 50 of module SplitLess_replica_group_expenses: 75955
@!@!@ENDMSG 2221 @!@!@
@!@!@STARTMSG 2221:0 @!@!@
  |line 158, col 12 to line 158, col 45 of module SplitLess_replica_group_expenses: 76409
@!@!@ENDMSG 2221 @!@!@
@!@!@STARTMSG 2221:0 @!@!@
  ||line 79, col 30 to line 79, col 75 of module SplitLess_replica_group_expenses: 76409
@!@!@ENDMSG 2221 @!@!@
@!@!@STARTMSG 2775:0 @!@!@
  |||line 60, col 3 to line 63, col 46 of module SplitLess_replica_group_expenses: 76409:163242
@!@!@ENDMSG 2775 @!@!@
@!@!@STARTMSG 2221:0 @!@!@
  ||||line 61, col 7 to line 63, col 44 of module SplitLess_replica_group_expenses: 152818
@!@!@ENDMSG 2221 @!@!@
@!@!@STARTMSG 2221:0 @!@!@
  |||||line 61, col 10 to line 61, col 45 of module SplitLess_replica_group_expenses: 152818
@!@!@ENDMSG 2221 @!@!@
@!@!@STARTMSG 2221:0 @!@!@
  |||||line 62, col 10 to line 62, col 48 of module SplitLess_replica_group_expenses: 92239
@!@!@ENDMSG 2221 @!@!@
@!@!@STARTMSG 2221:0 @!@!@
  |||||line 63, col 10 to line 63, col 44 of module SplitLess_replica_group_expenses: 79586
@!@!@ENDMSG 2221 @!@!@
@!@!@STARTMSG 2221:0 @!@!@
  ||||line 60, col 13 to line 60, col 32 of module SplitLess_replica_group_expenses: 76409
@!@!@ENDMSG 2221 @!@!@
@!@!@STARTMSG 2221:0 @!@!@
  |||line 79, col 46 to line 79, col 48 of module SplitLess_replica_group_expenses: 59794
@!@!@ENDMSG 2221 @!@!@
@!@!@STARTMSG 2221:0 @!@!@
  |||line 79, col 51 to line 79, col 74 of module SplitLess_replica_group_expenses: 76409
@!@!@ENDMSG 2221 @!@!@
@!@!@STARTMSG 2221:0 @!@!@
  ||line 80, col 12 to line 84, col 55 of module SplitLess_replica_group_expenses: 76409
@!@!@ENDMSG 2221 @!@!@
@!@!@STARTMSG 2221:0 @!@!@
  |||line 80, col 12 to line 83, col 95 of module SplitLess_replica_group_expenses: 76409
@!@!@ENDMSG 2221 @!@!@
@!@!@STARTMSG 2221:0 @!@!@
  ||||line 80, col 12 to line 82, col 79 of module SplitLess_replica_group_expenses: 76409
@!@!@ENDMSG 2221 @!@!@
@!@!@STARTMSG 2221:0 @!@!@
  |||||line 73, col 7 to line 75, col 65 of module SplitLess_replica_group_expenses: 81621
@!@!@ENDMSG 2221 @!@!@
@!@!@STARTMSG 2221:0 @!@!@
  ||||||line 73, col 10 to line 73, col 22 of module SplitLess_replica_group_expenses: 81621
@!@!@ENDMSG 2221 @!@!@
@!@!@STARTMSG 2221:0 @!@!@
  ||||||line 74, col 21 to line 74, col 48 of module SplitLess_replica_group_expenses: 5212
@!@!@ENDMSG 2221 @!@!@
@!@!@STARTMSG 2221:0 @!@!@
  ||||||line 75, col 15 to line 75, col 65 of module SplitLess_replica_group_expenses: 5212
@!@!@ENDMSG 2221 @!@!@
@!@!@STARTMSG 2775:0 @!@!@
  |||||line 80, col 24 to line 82, col 78 of module SplitLess_replica_group_expenses: 76409:5212
@!@!@ENDMSG 2775 @!@!@
@!@!@STARTMSG 2221:0 @!@!@
  ||||line 83, col 14 to line 83, col 95 of module SplitLess_replica_group_expenses: 76409
@!@!@ENDMSG 2221 @!@!@
@!@!@STARTMSG 2221:0 @!@!@
  |||||line 73, col 7 to line 75, col 65 of module SplitLess_replica_group_expenses: 81621
@!@!@ENDMSG 2221 @!@!@
@!@!@STARTMSG 2221:0 @!@!@
  ||||||line 73, col 10 to line 73, col 22 of module SplitLess_replica_group_expenses: 81621
@!@!@ENDMSG 2221 @!@!@
@!@!@STARTMSG 2221:0 @!@!@
  ||||||line 74, col 21 to line 74, col 48 of module SplitLess_replica_group_expenses: 5212
@!@!@ENDMSG 2221 @!@!@
@!@!@STARTMSG 2221:0 @!@!@
  ||||||line 75, col 15 to line 75, col 65 of module SplitLess_replica_group_expenses: 5212
@!@!@ENDMSG 2221 @!@!@
@!@!@STARTMSG 2775:0 @!@!@
  |||||line 83, col 26 to line 83, col 94 of module SplitLess_replica_group_expenses: 76409:5212
@!@!@ENDMSG 2775 @!@!@
@!@!@STARTMSG 2221:0 @!@!@
  |||line 84, col 14 to line 84, col 55 of module SplitLess_replica_group_expenses: 76409
@!@!@ENDMSG 2221 @!@!@
@!@!@STARTMSG 2221:0 @!@!@
  ||line 158, col 20 to line 158, col 24 of module SplitLess_replica_group_expenses: 76409
@!@!@ENDMSG 2221 @!@!@
@!@!@STARTMSG 2221:0 @!@!@
  ||line 158, col 27 to line 158, col 29 of module SplitLess_replica_group_expenses: 76409
@!@!@ENDMSG 2221 @!@!@
@!@!@STARTMSG 2221:0 @!@!@
  ||line 158, col 32 to line 158, col 44 of module SplitLess_replica_group_expenses: 76409
@!@!@ENDMSG 2221 @!@!@
@!@!@STARTMSG 2221:0 @!@!@
  line 165, col 18 to line 165, col 66 of module SplitLess_replica_group_expenses: 75955
@!@!@ENDMSG 2221 @!@!@
@!@!@STARTMSG 2221:0 @!@!@
  |line 165, col 30 to line 165, col 66 of module SplitLess_replica_group_expenses: 75955
@!@!@ENDMSG 2221 @!@!@
@!@!@STARTMSG 2221:0 @!@!@
  ||line 165, col 31 to line 165, col 38 of module SplitLess_replica_group_expenses: 75955
@!@!@ENDMSG 2221 @!@!@
@!@!@STARTMSG 2221:0 @!@!@
  ||line 165, col 47 to line 165, col 65 of module SplitLess_replica_group_expenses: 75955
@!@!@ENDMSG 2221 @!@!@
@!@!@STARTMSG 2221:0 @!@!@
  ||line 165, col 56 to line 165, col 65 of module SplitLess_replica_group_expenses: 75955
@!@!@ENDMSG 2221 @!@!@
@!@!@STARTMSG 2221:0 @!@!@
  |||line 164, col 16 to line 164, col 60 of module SplitLess_replica_group_expenses: 75955
@!@!@ENDMSG 2221 @!@!@
@!@!@STARTMSG 2221:0 @!@!@
  ||||line 164, col 18 to line 164, col 30 of module SplitLess_replica_group_expenses: 75955
@!@!@ENDMSG 2221 @!@!@
@!@!@STARTMSG 2221:0 @!@!@
  ||||line 164, col 50 to line 164, col 58 of module SplitLess_replica_group_expenses: 75955
@!@!@ENDMSG 2221 @!@!@
@!@!@STARTMSG 2221:0 @!@!@
  |||||line 162, col 27 to line 162, col 84 of module SplitLess_replica_group_expenses: 75955
@!@!@ENDMSG 2221 @!@!@
@!@!@STARTMSG 2775:0 @!@!@
  ||||||line 107, col 7 to line 112, col 7 of module SplitLess_replica_group_expenses: 75955:151910
@!@!@ENDMSG 2775 @!@!@
@!@!@STARTMSG 2221:0 @!@!@
  ||||||line 162, col 39 to line 162, col 51 of module SplitLess_replica_group_expenses: 75955
@!@!@ENDMSG 2221 @!@!@
@!@!@STARTMSG 2221:0 @!@!@
  ||||||line 162, col 54 to line 162, col 83 of module SplitLess_replica_group_expenses: 48562
@!@!@ENDMSG 2221 @!@!@
@!@!@STARTMSG 2221:0 @!@!@
  line 166, col 18 to line 166, col 51 of module SplitLess_replica_group_expenses: 75955
@!@!@ENDMSG 2221 @!@!@
@!@!@STARTMSG 2772:0 @!@!@
<CreateExpense line 173, col 1 to line 173, col 13 of module SplitLess_replica_group_expenses (178 9 193 51)>: 15908:138753
@!@!@ENDMSG 2772 @!@!@
@!@!@STARTMSG 2221:0 @!@!@
  line 178, col 12 to line 178, col 40 of module SplitLess_replica_group_expenses: 2162666
@!@!@ENDMSG 2221 @!@!@
@!@!@STARTMSG 2221:0 @!@!@
  |line 178, col 12 to line 178, col 34 of module SplitLess_replica_group_expenses: 2023913
@!@!@ENDMSG 2221 @!@!@
@!@!@STARTMSG 2221:0 @!@!@
  |line 178, col 38 to line 178, col 40 of module SplitLess_replica_group_expenses: 2023913
@!@!@ENDMSG 2221 @!@!@
@!@!@STARTMSG 2221:0 @!@!@
  line 179, col 12 to line 179, col 34 of module SplitLess_replica_group_expenses: 138753
@!@!@ENDMSG 2221 @!@!@
@!@!@STARTMSG 2221:0 @!@!@
  |line 179, col 12 to line 179, col 30 of module SplitLess_replica_group_expenses: 1011957
@!@!@ENDMSG 2221 @!@!@
@!@!@STARTMSG 2221:0 @!@!@
  ||line 73, col 7 to line 75, col 65 of module SplitLess_replica_group_expenses: 3035871
@!@!@ENDMSG 2221 @!@!@
@!@!@STARTMSG 2221:0 @!@!@
  |||line 73, col 10 to line 73, col 22 of module SplitLess_replica_group_expenses: 3035871
@!@!@ENDMSG 2221 @!@!@
@!@!@STARTMSG 2221:0 @!@!@
  |||line 74, col 21 to line 74, col 48 of module SplitLess_replica_group_expenses: 2023914
@!@!@ENDMSG 2221 @!@!@
@!@!@STARTMSG 2221:0 @!@!@
  |||line 75, col 15 to line 75, col 65 of module SplitLess_replica_group_expenses: 2023914
@!@!@ENDMSG 2221 @!@!@
@!@!@STARTMSG 2221:0 @!@!@
  ||line 179, col 24 to line 179, col 29 of module SplitLess_replica_group_expenses: 1011957
@!@!@ENDMSG 2221 @!@!@
@!@!@STARTMSG 2221:0 @!@!@
  line 181, col 51 to line 181, col 103 of module SplitLess_replica_group_expenses: 1325520
@!@!@ENDMSG 2221 @!@!@
@!@!@STARTMSG 2221:0 @!@!@
  |line 181, col 51 to line 181, col 90 of module SplitLess_replica_group_expenses: 1048014
@!@!@ENDMSG 2221 @!@!@
@!@!@STARTMSG 2221:0 @!@!@
  |line 181, col 94 to line 181, col 103 of module SplitLess_replica_group_expenses: 1048014
@!@!@ENDMSG 2221 @!@!@
@!@!@STARTMSG 2221:0 @!@!@
  line 181, col 28 to line 181, col 47 of module SplitLess_replica_group_expenses: 758967
@!@!@ENDMSG 2221 @!@!@
@!@!@STARTMSG 2221:0 @!@!@
  line 192, col 18 to line 192, col 66 of module SplitLess_replica_group_expenses: 138753
@!@!@ENDMSG 2221 @!@!@
@!@!@STARTMSG 2221:0 @!@!@
  |line 192, col 30 to line 192, col 66 of module SplitLess_replica_group_expenses: 138753
@!@!@ENDMSG 2221 @!@!@
@!@!@STARTMSG 2221:0 @!@!@
  ||line 192, col 31 to line 192, col 38 of module SplitLess_replica_group_expenses: 138753
@!@!@ENDMSG 2221 @!@!@
@!@!@STARTMSG 2221:0 @!@!@
  ||line 192, col 47 to line 192, col 65 of module SplitLess_replica_group_expenses: 138753
@!@!@ENDMSG 2221 @!@!@
@!@!@STARTMSG 2221:0 @!@!@
  ||line 192, col 56 to line 192, col 65 of module SplitLess_replica_group_expenses: 138753
@!@!@ENDMSG 2221 @!@!@
@!@!@STARTMSG 2221:0 @!@!@
  |||line 191, col 16 to line 191, col 91 of module SplitLess_replica_group_expenses: 138753
@!@!@ENDMSG 2221 @!@!@
@!@!@STARTMSG 2221:0 @!@!@
  ||||line 191, col 18 to line 191, col 30 of module SplitLess_replica_group_expenses: 138753
@!@!@ENDMSG 2221 @!@!@
@!@!@STARTMSG 2221:0 @!@!@
  ||||line 191, col 60 to line 191, col 89 of module SplitLess_replica_group_expenses: 138753
@!@!@ENDMSG 2221 @!@!@
@!@!@STARTMSG 2221:0 @!@!@
  |||||line 191, col 70 to line 191, col 88 of module SplitLess_replica_group_expenses: 138753
@!@!@ENDMSG 2221 @!@!@
@!@!@STARTMSG 2221:0 @!@!@
  |||||line 191, col 79 to line 191, col 88 of module SplitLess_replica_group_expenses: 138753
@!@!@ENDMSG 2221 @!@!@
@!@!@STARTMSG 2221:0 @!@!@
  ||||||line 183, col 15 to line 189, col 35 of module SplitLess_replica_group_expenses: 138753
@!@!@ENDMSG 2221 @!@!@
@!@!@STARTMSG 2221:0 @!@!@
  |||||||line 183, col 17 to line 183, col 26 of module SplitLess_replica_group_expenses: 138753
@!@!@ENDMSG 2221 @!@!@
@!@!@STARTMSG 2221:0 @!@!@
  |||||||line 184, col 17 to line 184, col 34 of module SplitLess_replica_group_expenses: 138753
@!@!@ENDMSG 2221 @!@!@
@!@!@STARTMSG 2221:0 @!@!@
  |||||||line 186, col 17 to line 186, col 31 of module SplitLess_replica_group_expenses: 138753
@!@!@ENDMSG 2221 @!@!@
@!@!@STARTMSG 2221:0 @!@!@
  |||||||line 187, col 28 to line 187, col 46 of module SplitLess_replica_group_expenses: 138753
@!@!@ENDMSG 2221 @!@!@
@!@!@STARTMSG 2221:0 @!@!@
  ||||||||line 73, col 7 to line 75, col 65 of module SplitLess_replica_group_expenses: 416259
@!@!@ENDMSG 2221 @!@!@
@!@!@STARTMSG 2221:0 @!@!@
  |||||||||line 73, col 10 to line 73, col 22 of module SplitLess_replica_group_expenses: 416259
@!@!@ENDMSG 2221 @!@!@
@!@!@STARTMSG 2221:0 @!@!@
  |||||||||line 74, col 21 to line 74, col 48 of module SplitLess_replica_group_expenses: 277506
@!@!@ENDMSG 2221 @!@!@
@!@!@STARTMSG 2221:0 @!@!@
  |||||||||line 75, col 15 to line 75, col 65 of module SplitLess_replica_group_expenses: 277506
@!@!@ENDMSG 2221 @!@!@
@!@!@STARTMSG 2221:0 @!@!@
  ||||||||line 187, col 40 to line 187, col 45 of module SplitLess_replica_group_expenses: 138753
@!@!@ENDMSG 2221 @!@!@
@!@!@STARTMSG 2221:0 @!@!@
  |||||||line 188, col 17 to line 188, col 33 of module SplitLess_replica_group_expenses: 138753
@!@!@ENDMSG 2221 @!@!@
@!@!@STARTMSG 2221:0 @!@!@
  |||||||line 189, col 17 to line 189, col 33 of module SplitLess_replica_group_expenses: 138753
@!@!@ENDMSG 2221 @!@!@
@!@!@STARTMSG 2221:0 @!@!@
  line 193, col 18 to line 193, col 51 of module SplitLess_replica_group_expenses: 138753
@!@!@ENDMSG 2221 @!@!@
@!@!@STARTMSG 2772:0 @!@!@
<AddExpenseToGroup line 195, col 1 to line 195, col 17 of module SplitLess_replica_group_expenses (200 9 215 51)>: 5076:31177
@!@!@ENDMSG 2772 @!@!@
@!@!@STARTMSG 2221:0 @!@!@
  line 200, col 12 to line 200, col 40 of module SplitLess_replica_group_expenses: 1043116
@!@!@ENDMSG 2221 @!@!@
@!@!@STARTMSG 2221:0 @!@!@
  |line 200, col 12 to line 200, col 34 of module SplitLess_replica_group_expenses: 1011939
@!@!@ENDMSG 2221 @!@!@
@!@!@STARTMSG 2221:0 @!@!@
  |line 200, col 38 to line 200, col 40 of module SplitLess_replica_group_expenses: 1011939
@!@!@ENDMSG 2221 @!@!@
@!@!@STARTMSG 2221:0 @!@!@
  line 201, col 12 to line 201, col 47 of module SplitLess_replica_group_expenses: 537147
@!@!@ENDMSG 2221 @!@!@
@!@!@STARTMSG 2221:0 @!@!@
  |line 201, col 12 to line 201, col 36 of module SplitLess_replica_group_expenses: 505970
@!@!@ENDMSG 2221 @!@!@
@!@!@STARTMSG 2221:0 @!@!@
  |line 201, col 40 to line 201, col 47 of module SplitLess_replica_group_expenses: 505970
@!@!@ENDMSG 2221 @!@!@
@!@!@STARTMSG 2221:0 @!@!@
  line 202, col 12 to line 202, col 59 of module SplitLess_replica_group_expenses: 295440
@!@!@ENDMSG 2221 @!@!@
@!@!@STARTMSG 2221:0 @!@!@
  |line 202, col 12 to line 202, col 46 of module SplitLess_replica_group_expenses: 264263
@!@!@ENDMSG 2221 @!@!@
@!@!@STARTMSG 2221:0 @!@!@
  |line 202, col 50 to line 202, col 59 of module SplitLess_replica_group_expenses: 264263
@!@!@ENDMSG 2221 @!@!@
@!@!@STARTMSG 2221:0 @!@!@
  line 66, col 3 to line 66, col 23 of module SplitLess_replica_group_expenses: 187463
@!@!@ENDMSG 2221 @!@!@
@!@!@STARTMSG 2221:0 @!@!@
  |line 66, col 3 to line 66, col 19 of module SplitLess_replica_group_expenses: 156286
@!@!@ENDMSG 2221 @!@!@
@!@!@STARTMSG 2221:0 @!@!@
  line 203, col 21 to line 203, col 60 of module SplitLess_replica_group_expenses: 156286
@!@!@ENDMSG 2221 @!@!@
@!@!@STARTMSG 2221:0 @!@!@
  line 204, col 12 to line 204, col 60 of module SplitLess_replica_group_expenses: 123416
@!@!@ENDMSG 2221 @!@!@
@!@!@STARTMSG 2221:0 @!@!@
  |line 204, col 12 to line 204, col 52 of module SplitLess_replica_group_expenses: 92239
@!@!@ENDMSG 2221 @!@!@
@!@!@STARTMSG 2221:0 @!@!@
  |line 204, col 56 to line 204, col 60 of module SplitLess_replica_group_expenses: 92239
@!@!@ENDMSG 2221 @!@!@
@!@!@STARTMSG 2221:0 @!@!@
  line 205, col 12 to line 205, col 63 of module SplitLess_replica_group_expenses: 96715
@!@!@ENDMSG 2221 @!@!@
@!@!@STARTMSG 2221:0 @!@!@
  |line 205, col 12 to line 205, col 52 of module SplitLess_replica_group_expenses: 65538
@!@!@ENDMSG 2221 @!@!@
@!@!@STARTMSG 2221:0 @!@!@
  |line 205, col 56 to line 205, col 63 of module SplitLess_replica_group_expenses: 65538
@!@!@ENDMSG 2221 @!@!@
@!@!@STARTMSG 2221:0 @!@!@
  line 206, col 12 to line 207, col 86 of module SplitLess_replica_group_expenses: 90703
@!@!@ENDMSG 2221 @!@!@
@!@!@STARTMSG 2775:0 @!@!@
  |line 206, col 12 to line 206, col 76 of module SplitLess_replica_group_expenses: 59526:104034
@!@!@ENDMSG 2775 @!@!@
@!@!@STARTMSG 2221:0 @!@!@
  ||line 206, col 27 to line 206, col 75 of module SplitLess_replica_group_expenses: 119052
@!@!@ENDMSG 2221 @!@!@
@!@!@STARTMSG 2221:0 @!@!@
  ||line 206, col 19 to line 206, col 23 of module SplitLess_replica_group_expenses: 59526
@!@!@ENDMSG 2221 @!@!@
@!@!@STARTMSG 2221:0 @!@!@
  |line 207, col 25 to line 207, col 86 of module SplitLess_replica_group_expenses: 59526
@!@!@ENDMSG 2221 @!@!@
@!@!@STARTMSG 2221:0 @!@!@
  ||line 207, col 40 to line 207, col 85 of module SplitLess_replica_group_expenses: 119052
@!@!@ENDMSG 2221 @!@!@
@!@!@STARTMSG 2221:0 @!@!@
  ||line 207, col 32 to line 207, col 36 of module SplitLess_replica_group_expenses: 59526
@!@!@ENDMSG 2221 @!@!@
@!@!@STARTMSG 2221:0 @!@!@
  line 214, col 15 to line 215, col 51 of module SplitLess_replica_group_expenses: 31177
@!@!@ENDMSG 2221 @!@!@
@!@!@STARTMSG 2772:0 @!@!@
<RemoveExpenseFromGroup line 217, col 1 to line 217, col 22 of module SplitLess_replica_group_expenses (222 9 234 47)>: 507:5059
@!@!@ENDMSG 2772 @!@!@
@!@!@STARTMSG 2221:0 @!@!@
  line 222, col 12 to line 222, col 40 of module SplitLess_replica_group_expenses: 1016982
@!@!@ENDMSG 2221 @!@!@
@!@!@STARTMSG 2221:0 @!@!@
  |line 222, col 12 to line 222, col 34 of module SplitLess_replica_group_expenses: 1011923
@!@!@ENDMSG 2221 @!@!@
@!@!@STARTMSG 2221:0 @!@!@
  |line 222, col 38 to line 222, col 40 of module SplitLess_replica_group_expenses: 1011923
@!@!@ENDMSG 2221 @!@!@
@!@!@STARTMSG 2221:0 @!@!@
  line 223, col 12 to line 223, col 47 of module SplitLess_replica_group_expenses: 511021
@!@!@ENDMSG 2221 @!@!@
@!@!@STARTMSG 2221:0 @!@!@
  |line 223, col 12 to line 223, col 36 of module SplitLess_replica_group_expenses: 505962
@!@!@ENDMSG 2221 @!@!@
@!@!@STARTMSG 2221:0 @!@!@
  |line 223, col 40 to line 223, col 47 of module SplitLess_replica_group_expenses: 505962
@!@!@ENDMSG 2221 @!@!@
@!@!@STARTMSG 2221:0 @!@!@
  line 224, col 12 to line 224, col 59 of module SplitLess_replica_group_expenses: 269318
@!@!@ENDMSG 2221 @!@!@
@!@!@STARTMSG 2221:0 @!@!@
  |line 224, col 12 to line 224, col 46 of module SplitLess_replica_group_expenses: 264259
@!@!@ENDMSG 2221 @!@!@
@!@!@STARTMSG 2221:0 @!@!@
  |line 224, col 50 to line 224, col 59 of module SplitLess_replica_group_expenses: 264259
@!@!@ENDMSG 2221 @!@!@
@!@!@STARTMSG 2221:0 @!@!@
  line 66, col 3 to line 66, col 23 of module SplitLess_replica_group_expenses: 161343
@!@!@ENDMSG 2221 @!@!@
@!@!@STARTMSG 2221:0 @!@!@
  |line 66, col 3 to line 66, col 19 of module SplitLess_replica_group_expenses: 156284
@!@!@ENDMSG 2221 @!@!@
@!@!@STARTMSG 2221:0 @!@!@
  line 225, col 21 to line 225, col 60 of module SplitLess_replica_group_expenses: 156284
@!@!@ENDMSG 2221 @!@!@
@!@!@STARTMSG 2221:0 @!@!@
  line 226, col 12 to line 226, col 58 of module SplitLess_replica_group_expenses: 97297
@!@!@ENDMSG 2221 @!@!@
@!@!@STARTMSG 2221:0 @!@!@
  |line 226, col 12 to line 226, col 52 of module SplitLess_replica_group_expenses: 92238
@!@!@ENDMSG 2221 @!@!@
@!@!@STARTMSG 2221:0 @!@!@
  |line 226, col 56 to line 226, col 58 of module SplitLess_replica_group_expenses: 92238
@!@!@ENDMSG 2221 @!@!@
@!@!@STARTMSG 2221:0 @!@!@
  line 227, col 12 to line 227, col 60 of module SplitLess_replica_group_expenses: 10770
@!@!@ENDMSG 2221 @!@!@
@!@!@STARTMSG 2221:0 @!@!@
  |line 227, col 12 to line 227, col 52 of module SplitLess_replica_group_expenses: 5711
@!@!@ENDMSG 2221 @!@!@
@!@!@STARTMSG 2221:0 @!@!@
  |line 227, col 56 to line 227, col 60 of module SplitLess_replica_group_expenses: 5711
@!@!@ENDMSG 2221 @!@!@
@!@!@STARTMSG 2221:0 @!@!@
  line 233, col 15 to line 234, col 47 of module SplitLess_replica_group_expenses: 5059
@!@!@ENDMSG 2221 @!@!@
@!@!@STARTMSG 2772:0 @!@!@
<ModifyExpenseParameters line 236, col 1 to line 236, col 23 of module SplitLess_replica_group_expenses (241 9 262 51)>: 40799:303724
@!@!@ENDMSG 2772 @!@!@
@!@!@STARTMSG 2221:0 @!@!@
  line 241, col 12 to line 241, col 40 of module SplitLess_replica_group_expenses: 2327537
@!@!@ENDMSG 2221 @!@!@
@!@!@STARTMSG 2221:0 @!@!@
  |line 241, col 12 to line 241, col 34 of module SplitLess_replica_group_expenses: 2023813
@!@!@ENDMSG 2221 @!@!@
@!@!@STARTMSG 2221:0 @!@!@
  |line 241, col 38 to line 241, col 40 of module SplitLess_replica_group_expenses: 2023813
@!@!@ENDMSG 2221 @!@!@
@!@!@STARTMSG 2221:0 @!@!@
  line 242, col 12 to line 242, col 59 of module SplitLess_replica_group_expenses: 1315631
@!@!@ENDMSG 2221 @!@!@
@!@!@STARTMSG 2221:0 @!@!@
  |line 242, col 12 to line 242, col 46 of module SplitLess_replica_group_expenses: 1011907
@!@!@ENDMSG 2221 @!@!@
@!@!@STARTMSG 2221:0 @!@!@
  |line 242, col 50 to line 242, col 59 of module SplitLess_replica_group_expenses: 1011907
@!@!@ENDMSG 2221 @!@!@
@!@!@STARTMSG 2221:0 @!@!@
  line 243, col 12 to line 243, col 60 of module SplitLess_replica_group_expenses: 923038
@!@!@ENDMSG 2221 @!@!@
@!@!@STARTMSG 2221:0 @!@!@
  |line 243, col 12 to line 243, col 52 of module SplitLess_replica_group_expenses: 619314
@!@!@ENDMSG 2221 @!@!@
@!@!@STARTMSG 2221:0 @!@!@
  |line 243, col 56 to line 243, col 60 of module SplitLess_replica_group_expenses: 619314
@!@!@ENDMSG 2221 @!@!@
@!@!@STARTMSG 2221:0 @!@!@
  line 244, col 12 to line 244, col 34 of module SplitLess_replica_group_expenses: 303724
@!@!@ENDMSG 2221 @!@!@
@!@!@STARTMSG 2221:0 @!@!@
  |line 244, col 12 to line 244, col 30 of module SplitLess_replica_group_expenses: 413466
@!@!@ENDMSG 2221 @!@!@
@!@!@STARTMSG 2221:0 @!@!@
  ||line 73, col 7 to line 75, col 65 of module SplitLess_replica_group_expenses: 1240398
@!@!@ENDMSG 2221 @!@!@
@!@!@STARTMSG 2221:0 @!@!@
  |||line 73, col 10 to line 73, col 22 of module SplitLess_replica_group_expenses: 1240398
@!@!@ENDMSG 2221 @!@!@
@!@!@STARTMSG 2221:0 @!@!@
  |||line 74, col 21 to line 74, col 48 of module SplitLess_replica_group_expenses: 826932
@!@!@ENDMSG 2221 @!@!@
@!@!@STARTMSG 2221:0 @!@!@
  |||line 75, col 15 to line 75, col 65 of module SplitLess_replica_group_expenses: 826932
@!@!@ENDMSG 2221 @!@!@
@!@!@STARTMSG 2221:0 @!@!@
  ||line 244, col 24 to line 244, col 29 of module SplitLess_replica_group_expenses: 413466
@!@!@ENDMSG 2221 @!@!@
@!@!@STARTMSG 2221:0 @!@!@
  line 245, col 15 to line 245, col 66 of module SplitLess_replica_group_expenses: 310099
@!@!@ENDMSG 2221 @!@!@
@!@!@STARTMSG 2221:0 @!@!@
  line 246, col 17 to line 247, col 126 of module SplitLess_replica_group_expenses: 26409
@!@!@ENDMSG 2221 @!@!@
@!@!@STARTMSG 2775:0 @!@!@
  |line 246, col 17 to line 246, col 45 of module SplitLess_replica_group_expenses: 16392:30558
@!@!@ENDMSG 2775 @!@!@
@!@!@STARTMSG 2221:0 @!@!@
  ||line 246, col 32 to line 246, col 44 of module SplitLess_replica_group_expenses: 32784
@!@!@ENDMSG 2221 @!@!@
@!@!@STARTMSG 2221:0 @!@!@
  ||line 246, col 24 to line 246, col 28 of module SplitLess_replica_group_expenses: 16392
@!@!@ENDMSG 2221 @!@!@
@!@!@STARTMSG 2221:0 @!@!@
  |line 247, col 27 to line 247, col 126 of module SplitLess_replica_group_expenses: 16392
@!@!@ENDMSG 2221 @!@!@
@!@!@STARTMSG 2221:0 @!@!@
  ||line 247, col 42 to line 247, col 125 of module SplitLess_replica_group_expenses: 32784
@!@!@ENDMSG 2221 @!@!@
@!@!@STARTMSG 2221:0 @!@!@
  ||line 247, col 34 to line 247, col 38 of module SplitLess_replica_group_expenses: 16392
@!@!@ENDMSG 2221 @!@!@
@!@!@STARTMSG 2221:0 @!@!@
  line 248, col 17 to line 248, col 20 of module SplitLess_replica_group_expenses: 293707
@!@!@ENDMSG 2221 @!@!@
@!@!@STARTMSG 2221:0 @!@!@
  line 261, col 18 to line 261, col 66 of module SplitLess_replica_group_expenses: 303724
@!@!@ENDMSG 2221 @!@!@
@!@!@STARTMSG 2221:0 @!@!@
  |line 261, col 30 to line 261, col 66 of module SplitLess_replica_group_expenses: 303724
@!@!@ENDMSG 2221 @!@!@
@!@!@STARTMSG 2221:0 @!@!@
  ||line 261, col 31 to line 261, col 38 of module SplitLess_replica_group_expenses: 303724
@!@!@ENDMSG 2221 @!@!@
@!@!@STARTMSG 2221:0 @!@!@
  ||line 261, col 47 to line 261, col 65 of module SplitLess_replica_group_expenses: 303724
@!@!@ENDMSG 2221 @!@!@
@!@!@STARTMSG 2221:0 @!@!@
  ||line 261, col 56 to line 261, col 65 of module SplitLess_replica_group_expenses: 303724
@!@!@ENDMSG 2221 @!@!@
@!@!@STARTMSG 2221:0 @!@!@
  |||line 259, col 16 to line 260, col 60 of module SplitLess_replica_group_expenses: 303724
@!@!@ENDMSG 2221 @!@!@
@!@!@STARTMSG 2221:0 @!@!@
  ||||line 259, col 18 to line 259, col 30 of module SplitLess_replica_group_expenses: 303724
@!@!@ENDMSG 2221 @!@!@
@!@!@STARTMSG 2221:0 @!@!@
  ||||line 259, col 60 to line 259, col 70 of module SplitLess_replica_group_expenses: 303724
@!@!@ENDMSG 2221 @!@!@
@!@!@STARTMSG 2221:0 @!@!@
  |||||line 250, col 16 to line 253, col 42 of module SplitLess_replica_group_expenses: 303724
@!@!@ENDMSG 2221 @!@!@
@!@!@STARTMSG 2221:0 @!@!@
  ||||||line 250, col 18 to line 250, col 47 of module SplitLess_replica_group_expenses: 303724
@!@!@ENDMSG 2221 @!@!@
@!@!@STARTMSG 2221:0 @!@!@
  ||||||line 251, col 19 to line 251, col 40 of module SplitLess_replica_group_expenses: 303724
@!@!@ENDMSG 2221 @!@!@
@!@!@STARTMSG 2221:0 @!@!@
  ||||||line 252, col 19 to line 252, col 53 of module SplitLess_replica_group_expenses: 303724
@!@!@ENDMSG 2221 @!@!@
@!@!@STARTMSG 2221:0 @!@!@
  ||||||line 252, col 35 to line 252, col 53 of module SplitLess_replica_group_expenses: 303724
@!@!@ENDMSG 2221 @!@!@
@!@!@STARTMSG 2221:0 @!@!@
  |||||||line 73, col 7 to line 75, col 65 of module SplitLess_replica_group_expenses: 911172
@!@!@ENDMSG 2221 @!@!@
@!@!@STARTMSG 2221:0 @!@!@
  ||||||||line 73, col 10 to line 73, col 22 of module SplitLess_replica_group_expenses: 911172
@!@!@ENDMSG 2221 @!@!@
@!@!@STARTMSG 2221:0 @!@!@
  ||||||||line 74, col 21 to line 74, col 48 of module SplitLess_replica_group_expenses: 607448
@!@!@ENDMSG 2221 @!@!@
@!@!@STARTMSG 2221:0 @!@!@
  ||||||||line 75, col 15 to line 75, col 65 of module SplitLess_replica_group_expenses: 607448
@!@!@ENDMSG 2221 @!@!@
@!@!@STARTMSG 2221:0 @!@!@
  |||||||line 252, col 47 to line 252, col 52 of module SplitLess_replica_group_expenses: 303724
@!@!@ENDMSG 2221 @!@!@
@!@!@STARTMSG 2221:0 @!@!@
  ||||||line 253, col 19 to line 253, col 40 of module SplitLess_replica_group_expenses: 303724
@!@!@ENDMSG 2221 @!@!@
@!@!@STARTMSG 2221:0 @!@!@
  ||||line 260, col 50 to line 260, col 58 of module SplitLess_replica_group_expenses: 303724
@!@!@ENDMSG 2221 @!@!@
@!@!@STARTMSG 2221:0 @!@!@
  |||||line 255, col 16 to line 257, col 66 of module SplitLess_replica_group_expenses: 303724
@!@!@ENDMSG 2221 @!@!@
@!@!@STARTMSG 2221:0 @!@!@
  ||||||line 255, col 19 to line 255, col 70 of module SplitLess_replica_group_expenses: 303724
@!@!@ENDMSG 2221 @!@!@
@!@!@STARTMSG 2221:0 @!@!@
  ||||||line 256, col 21 to line 256, col 40 of module SplitLess_replica_group_expenses: 293707
@!@!@ENDMSG 2221 @!@!@
@!@!@STARTMSG 2221:0 @!@!@
  ||||||line 257, col 21 to line 257, col 66 of module SplitLess_replica_group_expenses: 10017
@!@!@ENDMSG 2221 @!@!@
@!@!@STARTMSG 2775:0 @!@!@
  |||||||line 107, col 7 to line 112, col 7 of module SplitLess_replica_group_expenses: 10017:20034
@!@!@ENDMSG 2775 @!@!@
@!@!@STARTMSG 2221:0 @!@!@
  |||||||line 257, col 33 to line 257, col 52 of module SplitLess_replica_group_expenses: 10017
@!@!@ENDMSG 2221 @!@!@
@!@!@STARTMSG 2221:0 @!@!@
  |||||||line 257, col 55 to line 257, col 65 of module SplitLess_replica_group_expenses: 10017
@!@!@ENDMSG 2221 @!@!@
@!@!@STARTMSG 2221:0 @!@!@
  ||||||||line 250, col 16 to line 253, col 42 of module SplitLess_replica_group_expenses: 10017
@!@!@ENDMSG 2221 @!@!@
@!@!@STARTMSG 2221:0 @!@!@
  |||||||||line 250, col 18 to line 250, col 47 of module SplitLess_replica_group_expenses: 10017
@!@!@ENDMSG 2221 @!@!@
@!@!@STARTMSG 2221:0 @!@!@
  |||||||||line 251, col 19 to line 251, col 40 of module SplitLess_replica_group_expenses: 10017
@!@!@ENDMSG 2221 @!@!@
@!@!@STARTMSG 2221:0 @!@!@
  |||||||||line 252, col 19 to line 252, col 53 of module SplitLess_replica_group_expenses: 10017
@!@!@ENDMSG 2221 @!@!@
@!@!@STARTMSG 2221:0 @!@!@
  |||||||||line 252, col 35 to line 252, col 53 of module SplitLess_replica_group_expenses: 10017
@!@!@ENDMSG 2221 @!@!@
@!@!@STARTMSG 2221:0 @!@!@
  ||||||||||line 73, col 7 to line 75, col 65 of module SplitLess_replica_group_expenses: 30051
@!@!@ENDMSG 2221 @!@!@
@!@!@STARTMSG 2221:0 @!@!@
  |||||||||||line 73, col 10 to line 73, col 22 of module SplitLess_replica_group_expenses: 30051
@!@!@ENDMSG 2221 @!@!@
@!@!@STARTMSG 2221:0 @!@!@
  |||||||||||line 74, col 21 to line 74, col 48 of module SplitLess_replica_group_expenses: 20034
@!@!@ENDMSG 2221 @!@!@
@!@!@STARTMSG 2221:0 @!@!@
  |||||||||||line 75, col 15 to line 75, col 65 of module SplitLess_replica_group_expenses: 20034
@!@!@ENDMSG 2221 @!@!@
@!@!@STARTMSG 2221:0 @!@!@
  ||||||||||line 252, col 47 to line 252, col 52 of module SplitLess_replica_group_expenses: 10017
@!@!@ENDMSG 2221 @!@!@
@!@!@STARTMSG 2221:0 @!@!@
  |||||||||line 253, col 19 to line 253, col 40 of module SplitLess_replica_group_expenses: 10017
@!@!@ENDMSG 2221 @!@!@
@!@!@STARTMSG 2221:0 @!@!@
  line 262, col 18 to line 262, col 51 of module SplitLess_replica_group_expenses: 303724
@!@!@ENDMSG 2221 @!@!@
@!@!@STARTMSG 2772:0 @!@!@
<DeleteExpense line 264, col 1 to line 264, col 13 of module SplitLess_replica_group_expenses (268 9 283 51)>: 22889:85180
@!@!@ENDMSG 2772 @!@!@
@!@!@STARTMSG 2221:0 @!@!@
  line 268, col 12 to line 268, col 40 of module SplitLess_replica_group_expenses: 591132
@!@!@ENDMSG 2221 @!@!@
@!@!@STARTMSG 2221:0 @!@!@
  |line 268, col 12 to line 268, col 34 of module SplitLess_replica_group_expenses: 505952
@!@!@ENDMSG 2221 @!@!@
@!@!@STARTMSG 2221:0 @!@!@
  |line 268, col 38 to line 268, col 40 of module SplitLess_replica_group_expenses: 505952
@!@!@ENDMSG 2221 @!@!@
@!@!@STARTMSG 2221:0 @!@!@
  line 269, col 12 to line 269, col 59 of module SplitLess_replica_group_expenses: 338156
@!@!@ENDMSG 2221 @!@!@
@!@!@STARTMSG 2221:0 @!@!@
  |line 269, col 12 to line 269, col 46 of module SplitLess_replica_group_expenses: 252976
@!@!@ENDMSG 2221 @!@!@
@!@!@STARTMSG 2221:0 @!@!@
  |line 269, col 50 to line 269, col 59 of module SplitLess_replica_group_expenses: 252976
@!@!@ENDMSG 2221 @!@!@
@!@!@STARTMSG 2221:0 @!@!@
  line 270, col 12 to line 270, col 60 of module SplitLess_replica_group_expenses: 240008
@!@!@ENDMSG 2221 @!@!@
@!@!@STARTMSG 2221:0 @!@!@
  |line 270, col 12 to line 270, col 52 of module SplitLess_replica_group_expenses: 154828
@!@!@ENDMSG 2221 @!@!@
@!@!@STARTMSG 2221:0 @!@!@
  |line 270, col 56 to line 270, col 60 of module SplitLess_replica_group_expenses: 154828
@!@!@ENDMSG 2221 @!@!@
@!@!@STARTMSG 2221:0 @!@!@
  line 271, col 12 to line 271, col 62 of module SplitLess_replica_group_expenses: 188546
@!@!@ENDMSG 2221 @!@!@
@!@!@STARTMSG 2221:0 @!@!@
  |line 271, col 12 to line 271, col 54 of module SplitLess_replica_group_expenses: 103366
@!@!@ENDMSG 2221 @!@!@
@!@!@STARTMSG 2221:0 @!@!@
  |line 271, col 58 to line 271, col 62 of module SplitLess_replica_group_expenses: 103366
@!@!@ENDMSG 2221 @!@!@
@!@!@STARTMSG 2221:0 @!@!@
  line 272, col 15 to line 272, col 66 of module SplitLess_replica_group_expenses: 85576
@!@!@ENDMSG 2221 @!@!@
@!@!@STARTMSG 2221:0 @!@!@
  line 66, col 3 to line 66, col 23 of module SplitLess_replica_group_expenses: 9562
@!@!@ENDMSG 2221 @!@!@
@!@!@STARTMSG 2221:0 @!@!@
  |line 66, col 3 to line 66, col 19 of module SplitLess_replica_group_expenses: 4979
@!@!@ENDMSG 2221 @!@!@
@!@!@STARTMSG 2221:0 @!@!@
  line 273, col 29 to line 273, col 106 of module SplitLess_replica_group_expenses: 4979
@!@!@ENDMSG 2221 @!@!@
@!@!@STARTMSG 2221:0 @!@!@
  line 274, col 17 to line 274, col 20 of module SplitLess_replica_group_expenses: 80597
@!@!@ENDMSG 2221 @!@!@
@!@!@STARTMSG 2221:0 @!@!@
  line 282, col 18 to line 282, col 66 of module SplitLess_replica_group_expenses: 85180
@!@!@ENDMSG 2221 @!@!@
@!@!@STARTMSG 2221:0 @!@!@
  |line 282, col 30 to line 282, col 66 of module SplitLess_replica_group_expenses: 85180
@!@!@ENDMSG 2221 @!@!@
@!@!@STARTMSG 2221:0 @!@!@
  ||line 282, col 31 to line 282, col 38 of module SplitLess_replica_group_expenses: 85180
@!@!@ENDMSG 2221 @!@!@
@!@!@STARTMSG 2221:0 @!@!@
  ||line 282, col 47 to line 282, col 65 of module SplitLess_replica_group_expenses: 85180
@!@!@ENDMSG 2221 @!@!@
@!@!@STARTMSG 2221:0 @!@!@
  ||line 282, col 56 to line 282, col 65 of module SplitLess_replica_group_expenses: 85180
@!@!@ENDMSG 2221 @!@!@
@!@!@STARTMSG 2221:0 @!@!@
  |||line 280, col 16 to line 281, col 60 of module SplitLess_replica_group_expenses: 85180
@!@!@ENDMSG 2221 @!@!@
@!@!@STARTMSG 2221:0 @!@!@
  ||||line 280, col 18 to line 280, col 30 of module SplitLess_replica_group_expenses: 85180
@!@!@ENDMSG 2221 @!@!@
@!@!@STARTMSG 2221:0 @!@!@
  ||||line 280, col 39 to line 280, col 70 of module SplitLess_replica_group_expenses: 85180
@!@!@ENDMSG 2221 @!@!@
@!@!@STARTMSG 2221:0 @!@!@
  ||||line 281, col 50 to line 281, col 58 of module SplitLess_replica_group_expenses: 85180
@!@!@ENDMSG 2221 @!@!@
@!@!@STARTMSG 2221:0 @!@!@
  |||||line 278, col 16 to line 278, col 61 of module SplitLess_replica_group_expenses: 85180
@!@!@ENDMSG 2221 @!@!@
@!@!@STARTMSG 2775:0 @!@!@
  ||||||line 107, col 7 to line 112, col 7 of module SplitLess_replica_group_expenses: 85180:170360
@!@!@ENDMSG 2775 @!@!@
@!@!@STARTMSG 2221:0 @!@!@
  ||||||line 278, col 28 to line 278, col 47 of module SplitLess_replica_group_expenses: 85180
@!@!@ENDMSG 2221 @!@!@
@!@!@STARTMSG 2221:0 @!@!@
  ||||||line 278, col 50 to line 278, col 60 of module SplitLess_replica_group_expenses: 56148
@!@!@ENDMSG 2221 @!@!@
@!@!@STARTMSG 2221:0 @!@!@
  line 283, col 18 to line 283, col 51 of module SplitLess_replica_group_expenses: 85180
@!@!@ENDMSG 2221 @!@!@
@!@!@STARTMSG 2772:0 @!@!@
<MergeReplicas line 328, col 1 to line 328, col 13 of module SplitLess_replica_group_expenses (330 5 349 35)>: 30973:126484
@!@!@ENDMSG 2772 @!@!@
@!@!@STARTMSG 2221:0 @!@!@
  line 330, col 8 to line 330, col 24 of module SplitLess_replica_group_expenses: 379450
@!@!@ENDMSG 2221 @!@!@
@!@!@STARTMSG 2221:0 @!@!@
  |line 330, col 8 to line 330, col 13 of module SplitLess_replica_group_expenses: 252968
@!@!@ENDMSG 2221 @!@!@
@!@!@STARTMSG 2221:0 @!@!@
  |line 330, col 17 to line 330, col 24 of module SplitLess_replica_group_expenses: 252968
@!@!@ENDMSG 2221 @!@!@
@!@!@STARTMSG 2221:0 @!@!@
  line 348, col 10 to line 348, col 61 of module SplitLess_replica_group_expenses: 126482
@!@!@ENDMSG 2221 @!@!@
@!@!@STARTMSG 2221:0 @!@!@
  |line 348, col 22 to line 348, col 61 of module SplitLess_replica_group_expenses: 126484
@!@!@ENDMSG 2221 @!@!@
@!@!@STARTMSG 2221:0 @!@!@
  line 349, col 13 to line 349, col 35 of module SplitLess_replica_group_expenses: 126482
@!@!@ENDMSG 2221 @!@!@
@!@!@STARTMSG 2772:0 @!@!@
<Next line 355, col 1 to line 355, col 4 of module SplitLess_replica_group_expenses (365 8 365 44)>: 0:63240
@!@!@ENDMSG 2772 @!@!@
@!@!@STARTMSG 2221:0 @!@!@
  line 365, col 8 to line 365, col 44 of module SplitLess_replica_group_expenses: 63240
@!@!@ENDMSG 2221 @!@!@
@!@!@STARTMSG 2774:0 @!@!@
<TypeOK line 378, col 1 to line 378, col 6 of module SplitLess_replica_group_expenses>
@!@!@ENDMSG 2774 @!@!@
@!@!@STARTMSG 2221:0 @!@!@
  line 379, col 3 to line 383, col 60 of module SplitLess_replica_group_expenses: 617441
@!@!@ENDMSG 2221 @!@!@
@!@!@STARTMSG 2221:0 @!@!@
  |line 380, col 5 to line 383, col 60 of module SplitLess_replica_group_expenses: 1234882
@!@!@ENDMSG 2221 @!@!@
@!@!@STARTMSG 2221:0 @!@!@
  |line 379, col 14 to line 379, col 33 of module SplitLess_replica_group_expenses: 617441
@!@!@ENDMSG 2221 @!@!@
@!@!@STARTMSG 2774:0 @!@!@
<Inv_Conservation_of_amount line 385, col 1 to line 385, col 26 of module SplitLess_replica_group_expenses>
@!@!@ENDMSG 2774 @!@!@
@!@!@STARTMSG 2221:0 @!@!@
  line 386, col 3 to line 390, col 43 of module SplitLess_replica_group_expenses: 617441
@!@!@ENDMSG 2221 @!@!@
@!@!@STARTMSG 2221:0 @!@!@
  |line 387, col 5 to line 390, col 43 of module SplitLess_replica_group_expenses: 1234882
@!@!@ENDMSG 2221 @!@!@
@!@!@STARTMSG 2221:0 @!@!@
  ||line 388, col 7 to line 390, col 43 of module SplitLess_replica_group_expenses: 2469764
@!@!@ENDMSG 2221 @!@!@
@!@!@STARTMSG 2221:0 @!@!@
  |||line 388, col 7 to line 388, col 54 of module SplitLess_replica_group_expenses: 2469764
@!@!@ENDMSG 2221 @!@!@
@!@!@STARTMSG 2221:0 @!@!@
  |||line 389, col 18 to line 389, col 52 of module SplitLess_replica_group_expenses: 1628885
@!@!@ENDMSG 2221 @!@!@
@!@!@STARTMSG 2221:0 @!@!@
  |||line 390, col 12 to line 390, col 43 of module SplitLess_replica_group_expenses: 1628885
@!@!@ENDMSG 2221 @!@!@
@!@!@STARTMSG 2221:0 @!@!@
  ||||line 390, col 12 to line 390, col 19 of module SplitLess_replica_group_expenses: 1628885
@!@!@ENDMSG 2221 @!@!@
@!@!@STARTMSG 2221:0 @!@!@
  ||||line 390, col 23 to line 390, col 43 of module SplitLess_replica_group_expenses: 1628885
@!@!@ENDMSG 2221 @!@!@
@!@!@STARTMSG 2221:0 @!@!@
  |||||line 73, col 7 to line 75, col 65 of module SplitLess_replica_group_expenses: 4886655
@!@!@ENDMSG 2221 @!@!@
@!@!@STARTMSG 2221:0 @!@!@
  ||||||line 73, col 10 to line 73, col 22 of module SplitLess_replica_group_expenses: 4886655
@!@!@ENDMSG 2221 @!@!@
@!@!@STARTMSG 2221:0 @!@!@
  ||||||line 74, col 21 to line 74, col 48 of module SplitLess_replica_group_expenses: 3257770
@!@!@ENDMSG 2221 @!@!@
@!@!@STARTMSG 2221:0 @!@!@
  ||||||line 75, col 15 to line 75, col 65 of module SplitLess_replica_group_expenses: 3257770
@!@!@ENDMSG 2221 @!@!@
@!@!@STARTMSG 2221:0 @!@!@
  |||||line 390, col 35 to line 390, col 42 of module SplitLess_replica_group_expenses: 1628885
@!@!@ENDMSG 2221 @!@!@
@!@!@STARTMSG 2221:0 @!@!@
  ||line 387, col 16 to line 387, col 35 of module SplitLess_replica_group_expenses: 1234882
@!@!@ENDMSG 2221 @!@!@
@!@!@STARTMSG 2221:0 @!@!@
  |line 386, col 14 to line 386, col 33 of module SplitLess_replica_group_expenses: 617441
@!@!@ENDMSG 2221 @!@!@
@!@!@STARTMSG 2774:0 @!@!@
<Inv_ExpenseGroupExists line 392, col 1 to line 392, col 22 of module SplitLess_replica_group_expenses>
@!@!@ENDMSG 2774 @!@!@
@!@!@STARTMSG 2221:0 @!@!@
  line 393, col 3 to line 399, col 85 of module SplitLess_replica_group_expenses: 617441
@!@!@ENDMSG 2221 @!@!@
@!@!@STARTMSG 2221:0 @!@!@
  |line 394, col 5 to line 399, col 85 of module SplitLess_replica_group_expenses: 1234882
@!@!@ENDMSG 2221 @!@!@
@!@!@STARTMSG 2221:0 @!@!@
  ||line 395, col 7 to line 399, col 85 of module SplitLess_replica_group_expenses: 2469764
@!@!@ENDMSG 2221 @!@!@
@!@!@STARTMSG 2221:0 @!@!@
  |||line 395, col 7 to line 397, col 61 of module SplitLess_replica_group_expenses: 2469764
@!@!@ENDMSG 2221 @!@!@
@!@!@STARTMSG 2221:0 @!@!@
  ||||line 395, col 10 to line 395, col 57 of module SplitLess_replica_group_expenses: 2469764
@!@!@ENDMSG 2221 @!@!@
@!@!@STARTMSG 2221:0 @!@!@
  ||||line 396, col 10 to line 396, col 60 of module SplitLess_replica_group_expenses: 1628885
@!@!@ENDMSG 2221 @!@!@
@!@!@STARTMSG 2221:0 @!@!@
  ||||line 397, col 10 to line 397, col 61 of module SplitLess_replica_group_expenses: 1335473
@!@!@ENDMSG 2221 @!@!@
@!@!@STARTMSG 2221:0 @!@!@
  |||line 399, col 10 to line 399, col 85 of module SplitLess_replica_group_expenses: 92676
@!@!@ENDMSG 2221 @!@!@
@!@!@STARTMSG 2221:0 @!@!@
  ||line 394, col 16 to line 394, col 35 of module SplitLess_replica_group_expenses: 1234882
@!@!@ENDMSG 2221 @!@!@
@!@!@STARTMSG 2221:0 @!@!@
  |line 393, col 14 to line 393, col 33 of module SplitLess_replica_group_expenses: 617441
@!@!@ENDMSG 2221 @!@!@
@!@!@STARTMSG 2774:0 @!@!@
<Inv_GroupBalanceZero line 402, col 1 to line 402, col 20 of module SplitLess_replica_group_expenses>
@!@!@ENDMSG 2774 @!@!@
@!@!@STARTMSG 2221:0 @!@!@
  line 403, col 3 to line 411, col 60 of module SplitLess_replica_group_expenses: 617441
@!@!@ENDMSG 2221 @!@!@
@!@!@STARTMSG 2221:0 @!@!@
  |line 404, col 5 to line 411, col 60 of module SplitLess_replica_group_expenses: 1234882
@!@!@ENDMSG 2221 @!@!@
@!@!@STARTMSG 2221:0 @!@!@
  ||line 405, col 7 to line 411, col 60 of module SplitLess_replica_group_expenses: 2469764
@!@!@ENDMSG 2221 @!@!@
@!@!@STARTMSG 2221:0 @!@!@
  |||line 405, col 7 to line 405, col 42 of module SplitLess_replica_group_expenses: 2469764
@!@!@ENDMSG 2221 @!@!@
@!@!@STARTMSG 2775:0 @!@!@
  |||line 408, col 15 to line 408, col 82 of module SplitLess_replica_group_expenses: 1451929:3338957
@!@!@ENDMSG 2775 @!@!@
@!@!@STARTMSG 2221:0 @!@!@
  ||||line 408, col 31 to line 408, col 81 of module SplitLess_replica_group_expenses: 2903858
@!@!@ENDMSG 2221 @!@!@
@!@!@STARTMSG 2221:0 @!@!@
  ||||line 408, col 23 to line 408, col 27 of module SplitLess_replica_group_expenses: 1451929
@!@!@ENDMSG 2221 @!@!@
@!@!@STARTMSG 2221:0 @!@!@
  |||line 410, col 15 to line 410, col 80 of module SplitLess_replica_group_expenses: 1451929
@!@!@ENDMSG 2221 @!@!@
@!@!@STARTMSG 2221:0 @!@!@
  ||||line 73, col 7 to line 75, col 65 of module SplitLess_replica_group_expenses: 3338957
@!@!@ENDMSG 2221 @!@!@
@!@!@STARTMSG 2221:0 @!@!@
  |||||line 73, col 10 to line 73, col 22 of module SplitLess_replica_group_expenses: 3338957
@!@!@ENDMSG 2221 @!@!@
@!@!@STARTMSG 2221:0 @!@!@
  |||||line 74, col 21 to line 74, col 48 of module SplitLess_replica_group_expenses: 1887028
@!@!@ENDMSG 2221 @!@!@
@!@!@STARTMSG 2221:0 @!@!@
  |||||line 75, col 15 to line 75, col 65 of module SplitLess_replica_group_expenses: 1887028
@!@!@ENDMSG 2221 @!@!@
@!@!@STARTMSG 2775:0 @!@!@
  ||||line 410, col 27 to line 410, col 79 of module SplitLess_replica_group_expenses: 1451929:1887028
@!@!@ENDMSG 2775 @!@!@
@!@!@STARTMSG 2221:0 @!@!@
  |||line 411, col 12 to line 411, col 60 of module SplitLess_replica_group_expenses: 1451929
@!@!@ENDMSG 2221 @!@!@
@!@!@STARTMSG 2221:0 @!@!@
  ||line 404, col 16 to line 404, col 33 of module SplitLess_replica_group_expenses: 1234882
@!@!@ENDMSG 2221 @!@!@
@!@!@STARTMSG 2221:0 @!@!@
  |line 403, col 14 to line 403, col 33 of module SplitLess_replica_group_expenses: 617441
@!@!@ENDMSG 2221 @!@!@
@!@!@STARTMSG 2202:0 @!@!@
End of statistics.
@!@!@ENDMSG 2202 @!@!@
@!@!@STARTMSG 2200:0 @!@!@
Progress(9) at 2025-11-03 10:08:47: 961,670 states generated (3,372,111 s/min), 131,319 distinct states found (460,472 ds/min), 68,075 states left on queue.
@!@!@ENDMSG 2200 @!@!@
@!@!@STARTMSG 2199:0 @!@!@
961670 states generated, 131319 distinct states found, 68075 states left on queue.
@!@!@ENDMSG 2199 @!@!@
@!@!@STARTMSG 2194:0 @!@!@
The depth of the complete state graph search is 9.
@!@!@ENDMSG 2194 @!@!@
@!@!@STARTMSG 2268:0 @!@!@
The average outdegree of the complete state graph is 2 (minimum is 0, the maximum 18 and the 95th percentile is 9).
@!@!@ENDMSG 2268 @!@!@
@!@!@STARTMSG 2186:0 @!@!@
Finished in 17121ms at (2025-11-03 10:08:47)
@!@!@ENDMSG 2186 @!@!@
