@!@!@STARTMSG 2262:0 @!@!@
TLC2 Version 2.16 of 31 December 2020 (rev: cdddf55)
@!@!@ENDMSG 2262 @!@!@
@!@!@STARTMSG 2187:0 @!@!@
Running breadth-first search Model-Checking with fp 58 and seed 1287236666841666736 with 7 workers on 8 cores with 3262MB heap and 7335MB offheap memory [pid: 10321] (Linux 6.14.0-33-generic amd64, AdoptOpenJDK 14.0.1 x86_64, OffHeapDiskFPSet, DiskStateQueue).
@!@!@ENDMSG 2187 @!@!@
@!@!@STARTMSG 2220:0 @!@!@
Starting SANY...
@!@!@ENDMSG 2220 @!@!@
Parsing file /home/floyd/Desktop/Uni/Master/2_Semester/Masters Project/TLA+ Toolbox/SplitLess/SplitLess_groups_expenses.toolbox/Model_1/MC.tla
Parsing file /home/floyd/Desktop/Uni/Master/2_Semester/Masters Project/TLA+ Toolbox/SplitLess/SplitLess_groups_expenses.toolbox/Model_1/SplitLess_groups_expenses.tla
Parsing file /home/floyd/Desktop/Uni/Master/2_Semester/Masters Project/TLA+ Toolbox/toolbox/plugins/org.lamport.tlatools_1.0.0.202012311918/tla2sany/StandardModules/TLC.tla
Parsing file /home/floyd/Desktop/Uni/Master/2_Semester/Masters Project/TLA+ Toolbox/toolbox/plugins/org.lamport.tlatools_1.0.0.202012311918/tla2sany/StandardModules/Naturals.tla
Parsing file /home/floyd/Desktop/Uni/Master/2_Semester/Masters Project/TLA+ Toolbox/toolbox/plugins/org.lamport.tlatools_1.0.0.202012311918/tla2sany/StandardModules/Sequences.tla
Parsing file /home/floyd/Desktop/Uni/Master/2_Semester/Masters Project/TLA+ Toolbox/toolbox/plugins/org.lamport.tlatools_1.0.0.202012311918/tla2sany/StandardModules/FiniteSets.tla
Semantic processing of module Naturals
Semantic processing of module Sequences
Semantic processing of module FiniteSets
Semantic processing of module SplitLess_groups_expenses
Semantic processing of module TLC
Semantic processing of module MC
@!@!@STARTMSG 2219:0 @!@!@
SANY finished.
@!@!@ENDMSG 2219 @!@!@
@!@!@STARTMSG 2185:0 @!@!@
Starting... (2025-10-23 15:58:59)
@!@!@ENDMSG 2185 @!@!@
@!@!@STARTMSG 2189:0 @!@!@
Computing initial states...
@!@!@ENDMSG 2189 @!@!@
@!@!@STARTMSG 2190:0 @!@!@
Finished computing initial states: 1 distinct state generated at 2025-10-23 15:59:00.
@!@!@ENDMSG 2190 @!@!@
@!@!@STARTMSG 2200:0 @!@!@
Progress(9) at 2025-10-23 15:59:03: 286,279 states generated (286,279 s/min), 37,980 distinct states found (37,980 ds/min), 19,001 states left on queue.
@!@!@ENDMSG 2200 @!@!@
@!@!@STARTMSG 2193:0 @!@!@
Model checking completed. No error has been found.
  Estimates of the probability that TLC did not check all reachable states
  because two distinct states had the same fingerprint:
  calculated (optimistic):  val = 1.0E-8
  based on the actual fingerprints:  val = 3.4E-9
@!@!@ENDMSG 2193 @!@!@
@!@!@STARTMSG 2201:0 @!@!@
The coverage statistics at 2025-10-23 15:59:20
@!@!@ENDMSG 2201 @!@!@
@!@!@STARTMSG 2773:0 @!@!@
<Init line 16, col 1 to line 16, col 4 of module SplitLess_groups_expenses>: 1:1
@!@!@ENDMSG 2773 @!@!@
@!@!@STARTMSG 2221:0 @!@!@
  line 17, col 5 to line 18, col 58 of module SplitLess_groups_expenses: 1
@!@!@ENDMSG 2221 @!@!@
@!@!@STARTMSG 2772:0 @!@!@
<CreateGroup line 72, col 1 to line 72, col 11 of module SplitLess_groups_expenses (75 9 82 41)>: 8:23060
@!@!@ENDMSG 2772 @!@!@
@!@!@STARTMSG 2221:0 @!@!@
  line 75, col 12 to line 75, col 33 of module SplitLess_groups_expenses: 582104
@!@!@ENDMSG 2221 @!@!@
@!@!@STARTMSG 2221:0 @!@!@
  |line 75, col 12 to line 75, col 22 of module SplitLess_groups_expenses: 559044
@!@!@ENDMSG 2221 @!@!@
@!@!@STARTMSG 2221:0 @!@!@
  |line 75, col 26 to line 75, col 33 of module SplitLess_groups_expenses: 559044
@!@!@ENDMSG 2221 @!@!@
@!@!@STARTMSG 2221:0 @!@!@
  line 81, col 15 to line 81, col 57 of module SplitLess_groups_expenses: 23060
@!@!@ENDMSG 2221 @!@!@
@!@!@STARTMSG 2221:0 @!@!@
  line 82, col 12 to line 82, col 41 of module SplitLess_groups_expenses: 23060
@!@!@ENDMSG 2221 @!@!@
@!@!@STARTMSG 2772:0 @!@!@
<AddMember line 84, col 1 to line 84, col 9 of module SplitLess_groups_expenses (87 9 91 41)>: 9874:127260
@!@!@ENDMSG 2772 @!@!@
@!@!@STARTMSG 2221:0 @!@!@
  line 87, col 12 to line 87, col 33 of module SplitLess_groups_expenses: 1245348
@!@!@ENDMSG 2221 @!@!@
@!@!@STARTMSG 2221:0 @!@!@
  |line 87, col 12 to line 87, col 22 of module SplitLess_groups_expenses: 1118088
@!@!@ENDMSG 2221 @!@!@
@!@!@STARTMSG 2221:0 @!@!@
  |line 87, col 26 to line 87, col 33 of module SplitLess_groups_expenses: 1118088
@!@!@ENDMSG 2221 @!@!@
@!@!@STARTMSG 2221:0 @!@!@
  line 88, col 12 to line 88, col 44 of module SplitLess_groups_expenses: 1199228
@!@!@ENDMSG 2221 @!@!@
@!@!@STARTMSG 2221:0 @!@!@
  |line 88, col 12 to line 88, col 37 of module SplitLess_groups_expenses: 1071968
@!@!@ENDMSG 2221 @!@!@
@!@!@STARTMSG 2221:0 @!@!@
  |line 88, col 41 to line 88, col 44 of module SplitLess_groups_expenses: 1071968
@!@!@ENDMSG 2221 @!@!@
@!@!@STARTMSG 2221:0 @!@!@
  line 89, col 12 to line 89, col 49 of module SplitLess_groups_expenses: 659620
@!@!@ENDMSG 2221 @!@!@
@!@!@STARTMSG 2221:0 @!@!@
  |line 89, col 12 to line 89, col 41 of module SplitLess_groups_expenses: 532360
@!@!@ENDMSG 2221 @!@!@
@!@!@STARTMSG 2221:0 @!@!@
  |line 89, col 45 to line 89, col 49 of module SplitLess_groups_expenses: 532360
@!@!@ENDMSG 2221 @!@!@
@!@!@STARTMSG 2221:0 @!@!@
  line 90, col 12 to line 90, col 111 of module SplitLess_groups_expenses: 127260
@!@!@ENDMSG 2221 @!@!@
@!@!@STARTMSG 2221:0 @!@!@
  line 91, col 12 to line 91, col 41 of module SplitLess_groups_expenses: 127260
@!@!@ENDMSG 2221 @!@!@
@!@!@STARTMSG 2772:0 @!@!@
<LeaveGroup line 93, col 1 to line 93, col 10 of module SplitLess_groups_expenses (96 9 101 47)>: 45888:228260
@!@!@ENDMSG 2772 @!@!@
@!@!@STARTMSG 2221:0 @!@!@
  line 96, col 12 to line 96, col 33 of module SplitLess_groups_expenses: 787304
@!@!@ENDMSG 2221 @!@!@
@!@!@STARTMSG 2221:0 @!@!@
  |line 96, col 12 to line 96, col 22 of module SplitLess_groups_expenses: 559044
@!@!@ENDMSG 2221 @!@!@
@!@!@STARTMSG 2221:0 @!@!@
  |line 96, col 26 to line 96, col 33 of module SplitLess_groups_expenses: 559044
@!@!@ENDMSG 2221 @!@!@
@!@!@STARTMSG 2221:0 @!@!@
  line 97, col 12 to line 97, col 44 of module SplitLess_groups_expenses: 764244
@!@!@ENDMSG 2221 @!@!@
@!@!@STARTMSG 2221:0 @!@!@
  |line 97, col 12 to line 97, col 37 of module SplitLess_groups_expenses: 535984
@!@!@ENDMSG 2221 @!@!@
@!@!@STARTMSG 2221:0 @!@!@
  |line 97, col 41 to line 97, col 44 of module SplitLess_groups_expenses: 535984
@!@!@ENDMSG 2221 @!@!@
@!@!@STARTMSG 2221:0 @!@!@
  line 98, col 12 to line 98, col 35 of module SplitLess_groups_expenses: 228260
@!@!@ENDMSG 2221 @!@!@
@!@!@STARTMSG 2221:0 @!@!@
  |line 98, col 12 to line 98, col 30 of module SplitLess_groups_expenses: 266180
@!@!@ENDMSG 2221 @!@!@
@!@!@STARTMSG 2775:0 @!@!@
  ||line 31, col 26 to line 33, col 70 of module SplitLess_groups_expenses: 266180:735608
@!@!@ENDMSG 2775 @!@!@
@!@!@STARTMSG 2221:0 @!@!@
  |||line 32, col 29 to line 33, col 68 of module SplitLess_groups_expenses: 187280
@!@!@ENDMSG 2221 @!@!@
@!@!@STARTMSG 2221:0 @!@!@
  |||line 31, col 36 to line 31, col 57 of module SplitLess_groups_expenses: 266180
@!@!@ENDMSG 2221 @!@!@
@!@!@STARTMSG 2221:0 @!@!@
  ||line 35, col 9 to line 37, col 42 of module SplitLess_groups_expenses: 266180
@!@!@ENDMSG 2221 @!@!@
@!@!@STARTMSG 2221:0 @!@!@
  |||line 35, col 9 to line 36, col 81 of module SplitLess_groups_expenses: 266180
@!@!@ENDMSG 2221 @!@!@
@!@!@STARTMSG 2221:0 @!@!@
  ||||line 35, col 9 to line 35, col 126 of module SplitLess_groups_expenses: 266180
@!@!@ENDMSG 2221 @!@!@
@!@!@STARTMSG 2221:0 @!@!@
  |||||line 25, col 3 to line 27, col 61 of module SplitLess_groups_expenses: 367804
@!@!@ENDMSG 2221 @!@!@
@!@!@STARTMSG 2221:0 @!@!@
  ||||||line 25, col 6 to line 25, col 18 of module SplitLess_groups_expenses: 367804
@!@!@ENDMSG 2221 @!@!@
@!@!@STARTMSG 2221:0 @!@!@
  ||||||line 26, col 17 to line 26, col 43 of module SplitLess_groups_expenses: 101624
@!@!@ENDMSG 2221 @!@!@
@!@!@STARTMSG 2221:0 @!@!@
  ||||||line 27, col 11 to line 27, col 61 of module SplitLess_groups_expenses: 101624
@!@!@ENDMSG 2221 @!@!@
@!@!@STARTMSG 2775:0 @!@!@
  |||||line 35, col 21 to line 35, col 125 of module SplitLess_groups_expenses: 266180:101624
@!@!@ENDMSG 2775 @!@!@
@!@!@STARTMSG 2221:0 @!@!@
  ||||line 36, col 9 to line 36, col 81 of module SplitLess_groups_expenses: 266180
@!@!@ENDMSG 2221 @!@!@
@!@!@STARTMSG 2221:0 @!@!@
  |||||line 25, col 3 to line 27, col 61 of module SplitLess_groups_expenses: 367804
@!@!@ENDMSG 2221 @!@!@
@!@!@STARTMSG 2221:0 @!@!@
  ||||||line 25, col 6 to line 25, col 18 of module SplitLess_groups_expenses: 367804
@!@!@ENDMSG 2221 @!@!@
@!@!@STARTMSG 2221:0 @!@!@
  ||||||line 26, col 17 to line 26, col 43 of module SplitLess_groups_expenses: 101624
@!@!@ENDMSG 2221 @!@!@
@!@!@STARTMSG 2221:0 @!@!@
  ||||||line 27, col 11 to line 27, col 61 of module SplitLess_groups_expenses: 101624
@!@!@ENDMSG 2221 @!@!@
@!@!@STARTMSG 2775:0 @!@!@
  |||||line 36, col 21 to line 36, col 80 of module SplitLess_groups_expenses: 266180:101624
@!@!@ENDMSG 2775 @!@!@
@!@!@STARTMSG 2221:0 @!@!@
  |||line 37, col 9 to line 37, col 42 of module SplitLess_groups_expenses: 266180
@!@!@ENDMSG 2221 @!@!@
@!@!@STARTMSG 2221:0 @!@!@
  ||line 98, col 20 to line 98, col 24 of module SplitLess_groups_expenses: 266180
@!@!@ENDMSG 2221 @!@!@
@!@!@STARTMSG 2221:0 @!@!@
  ||line 98, col 27 to line 98, col 29 of module SplitLess_groups_expenses: 266180
@!@!@ENDMSG 2221 @!@!@
@!@!@STARTMSG 2221:0 @!@!@
  line 100, col 18 to line 100, col 71 of module SplitLess_groups_expenses: 228260
@!@!@ENDMSG 2221 @!@!@
@!@!@STARTMSG 2221:0 @!@!@
  |line 100, col 28 to line 100, col 71 of module SplitLess_groups_expenses: 228260
@!@!@ENDMSG 2221 @!@!@
@!@!@STARTMSG 2775:0 @!@!@
  ||line 61, col 3 to line 66, col 3 of module SplitLess_groups_expenses: 228260:456520
@!@!@ENDMSG 2775 @!@!@
@!@!@STARTMSG 2221:0 @!@!@
  ||line 100, col 40 to line 100, col 52 of module SplitLess_groups_expenses: 228260
@!@!@ENDMSG 2221 @!@!@
@!@!@STARTMSG 2221:0 @!@!@
  ||line 100, col 55 to line 100, col 70 of module SplitLess_groups_expenses: 158080
@!@!@ENDMSG 2221 @!@!@
@!@!@STARTMSG 2221:0 @!@!@
  line 101, col 18 to line 101, col 47 of module SplitLess_groups_expenses: 228260
@!@!@ENDMSG 2221 @!@!@
@!@!@STARTMSG 2772:0 @!@!@
<CreateExpense line 107, col 1 to line 107, col 13 of module SplitLess_groups_expenses (111 13 115 41)>: 8639:112632
@!@!@ENDMSG 2772 @!@!@
@!@!@STARTMSG 2221:0 @!@!@
  line 111, col 16 to line 111, col 38 of module SplitLess_groups_expenses: 112632
@!@!@ENDMSG 2221 @!@!@
@!@!@STARTMSG 2221:0 @!@!@
  |line 111, col 16 to line 111, col 34 of module SplitLess_groups_expenses: 4472352
@!@!@ENDMSG 2221 @!@!@
@!@!@STARTMSG 2221:0 @!@!@
  ||line 25, col 3 to line 27, col 61 of module SplitLess_groups_expenses: 13417056
@!@!@ENDMSG 2221 @!@!@
@!@!@STARTMSG 2221:0 @!@!@
  |||line 25, col 6 to line 25, col 18 of module SplitLess_groups_expenses: 13417056
@!@!@ENDMSG 2221 @!@!@
@!@!@STARTMSG 2221:0 @!@!@
  |||line 26, col 17 to line 26, col 43 of module SplitLess_groups_expenses: 8944704
@!@!@ENDMSG 2221 @!@!@
@!@!@STARTMSG 2221:0 @!@!@
  |||line 27, col 11 to line 27, col 61 of module SplitLess_groups_expenses: 8944704
@!@!@ENDMSG 2221 @!@!@
@!@!@STARTMSG 2221:0 @!@!@
  ||line 111, col 28 to line 111, col 33 of module SplitLess_groups_expenses: 4472352
@!@!@ENDMSG 2221 @!@!@
@!@!@STARTMSG 2221:0 @!@!@
  line 112, col 16 to line 112, col 49 of module SplitLess_groups_expenses: 3466896
@!@!@ENDMSG 2221 @!@!@
@!@!@STARTMSG 2221:0 @!@!@
  |line 112, col 16 to line 112, col 36 of module SplitLess_groups_expenses: 3354264
@!@!@ENDMSG 2221 @!@!@
@!@!@STARTMSG 2221:0 @!@!@
  |line 112, col 40 to line 112, col 49 of module SplitLess_groups_expenses: 3354264
@!@!@ENDMSG 2221 @!@!@
@!@!@STARTMSG 2221:0 @!@!@
  line 114, col 22 to line 114, col 87 of module SplitLess_groups_expenses: 112632
@!@!@ENDMSG 2221 @!@!@
@!@!@STARTMSG 2221:0 @!@!@
  |line 114, col 42 to line 114, col 87 of module SplitLess_groups_expenses: 112632
@!@!@ENDMSG 2221 @!@!@
@!@!@STARTMSG 2221:0 @!@!@
  ||line 114, col 44 to line 114, col 59 of module SplitLess_groups_expenses: 112632
@!@!@ENDMSG 2221 @!@!@
@!@!@STARTMSG 2221:0 @!@!@
  ||line 114, col 68 to line 114, col 86 of module SplitLess_groups_expenses: 112632
@!@!@ENDMSG 2221 @!@!@
@!@!@STARTMSG 2221:0 @!@!@
  ||line 114, col 77 to line 114, col 86 of module SplitLess_groups_expenses: 112632
@!@!@ENDMSG 2221 @!@!@
@!@!@STARTMSG 2221:0 @!@!@
  |||line 113, col 34 to line 113, col 153 of module SplitLess_groups_expenses: 112632
@!@!@ENDMSG 2221 @!@!@
@!@!@STARTMSG 2221:0 @!@!@
  ||||line 113, col 36 to line 113, col 45 of module SplitLess_groups_expenses: 112632
@!@!@ENDMSG 2221 @!@!@
@!@!@STARTMSG 2221:0 @!@!@
  ||||line 113, col 48 to line 113, col 65 of module SplitLess_groups_expenses: 112632
@!@!@ENDMSG 2221 @!@!@
@!@!@STARTMSG 2221:0 @!@!@
  ||||line 113, col 68 to line 113, col 82 of module SplitLess_groups_expenses: 112632
@!@!@ENDMSG 2221 @!@!@
@!@!@STARTMSG 2221:0 @!@!@
  ||||line 113, col 96 to line 113, col 114 of module SplitLess_groups_expenses: 112632
@!@!@ENDMSG 2221 @!@!@
@!@!@STARTMSG 2221:0 @!@!@
  |||||line 25, col 3 to line 27, col 61 of module SplitLess_groups_expenses: 337896
@!@!@ENDMSG 2221 @!@!@
@!@!@STARTMSG 2221:0 @!@!@
  ||||||line 25, col 6 to line 25, col 18 of module SplitLess_groups_expenses: 337896
@!@!@ENDMSG 2221 @!@!@
@!@!@STARTMSG 2221:0 @!@!@
  ||||||line 26, col 17 to line 26, col 43 of module SplitLess_groups_expenses: 225264
@!@!@ENDMSG 2221 @!@!@
@!@!@STARTMSG 2221:0 @!@!@
  ||||||line 27, col 11 to line 27, col 61 of module SplitLess_groups_expenses: 225264
@!@!@ENDMSG 2221 @!@!@
@!@!@STARTMSG 2221:0 @!@!@
  |||||line 113, col 108 to line 113, col 113 of module SplitLess_groups_expenses: 112632
@!@!@ENDMSG 2221 @!@!@
@!@!@STARTMSG 2221:0 @!@!@
  ||||line 113, col 117 to line 113, col 133 of module SplitLess_groups_expenses: 112632
@!@!@ENDMSG 2221 @!@!@
@!@!@STARTMSG 2221:0 @!@!@
  ||||line 113, col 136 to line 113, col 152 of module SplitLess_groups_expenses: 112632
@!@!@ENDMSG 2221 @!@!@
@!@!@STARTMSG 2221:0 @!@!@
  line 115, col 22 to line 115, col 41 of module SplitLess_groups_expenses: 112632
@!@!@ENDMSG 2221 @!@!@
@!@!@STARTMSG 2772:0 @!@!@
<AddExpenseToGroup line 117, col 1 to line 117, col 17 of module SplitLess_groups_expenses (121 13 129 80)>: 18264:108112
@!@!@ENDMSG 2772 @!@!@
@!@!@STARTMSG 2221:0 @!@!@
  line 121, col 16 to line 121, col 37 of module SplitLess_groups_expenses: 1226200
@!@!@ENDMSG 2221 @!@!@
@!@!@STARTMSG 2221:0 @!@!@
  |line 121, col 16 to line 121, col 26 of module SplitLess_groups_expenses: 1118088
@!@!@ENDMSG 2221 @!@!@
@!@!@STARTMSG 2221:0 @!@!@
  |line 121, col 30 to line 121, col 37 of module SplitLess_groups_expenses: 1118088
@!@!@ENDMSG 2221 @!@!@
@!@!@STARTMSG 2221:0 @!@!@
  line 122, col 16 to line 122, col 49 of module SplitLess_groups_expenses: 1180080
@!@!@ENDMSG 2221 @!@!@
@!@!@STARTMSG 2221:0 @!@!@
  |line 122, col 16 to line 122, col 36 of module SplitLess_groups_expenses: 1071968
@!@!@ENDMSG 2221 @!@!@
@!@!@STARTMSG 2221:0 @!@!@
  |line 122, col 40 to line 122, col 49 of module SplitLess_groups_expenses: 1071968
@!@!@ENDMSG 2221 @!@!@
@!@!@STARTMSG 2221:0 @!@!@
  line 123, col 16 to line 123, col 48 of module SplitLess_groups_expenses: 1144656
@!@!@ENDMSG 2221 @!@!@
@!@!@STARTMSG 2221:0 @!@!@
  |line 123, col 16 to line 123, col 41 of module SplitLess_groups_expenses: 1036544
@!@!@ENDMSG 2221 @!@!@
@!@!@STARTMSG 2221:0 @!@!@
  |line 123, col 45 to line 123, col 48 of module SplitLess_groups_expenses: 1036544
@!@!@ENDMSG 2221 @!@!@
@!@!@STARTMSG 2221:0 @!@!@
  line 124, col 16 to line 124, col 53 of module SplitLess_groups_expenses: 624256
@!@!@ENDMSG 2221 @!@!@
@!@!@STARTMSG 2221:0 @!@!@
  |line 124, col 16 to line 124, col 42 of module SplitLess_groups_expenses: 516144
@!@!@ENDMSG 2221 @!@!@
@!@!@STARTMSG 2221:0 @!@!@
  |line 124, col 46 to line 124, col 53 of module SplitLess_groups_expenses: 516144
@!@!@ENDMSG 2221 @!@!@
@!@!@STARTMSG 2221:0 @!@!@
  line 125, col 16 to line 125, col 70 of module SplitLess_groups_expenses: 302704
@!@!@ENDMSG 2221 @!@!@
@!@!@STARTMSG 2221:0 @!@!@
  |line 125, col 16 to line 125, col 63 of module SplitLess_groups_expenses: 194592
@!@!@ENDMSG 2221 @!@!@
@!@!@STARTMSG 2221:0 @!@!@
  |line 125, col 67 to line 125, col 70 of module SplitLess_groups_expenses: 194592
@!@!@ENDMSG 2221 @!@!@
@!@!@STARTMSG 2221:0 @!@!@
  line 126, col 16 to line 126, col 122 of module SplitLess_groups_expenses: 250816
@!@!@ENDMSG 2221 @!@!@
@!@!@STARTMSG 2775:0 @!@!@
  |line 126, col 16 to line 126, col 66 of module SplitLess_groups_expenses: 142704:289736
@!@!@ENDMSG 2775 @!@!@
@!@!@STARTMSG 2221:0 @!@!@
  ||line 126, col 31 to line 126, col 65 of module SplitLess_groups_expenses: 285408
@!@!@ENDMSG 2221 @!@!@
@!@!@STARTMSG 2221:0 @!@!@
  ||line 126, col 23 to line 126, col 27 of module SplitLess_groups_expenses: 142704
@!@!@ENDMSG 2221 @!@!@
@!@!@STARTMSG 2221:0 @!@!@
  |line 126, col 78 to line 126, col 122 of module SplitLess_groups_expenses: 142704
@!@!@ENDMSG 2221 @!@!@
@!@!@STARTMSG 2221:0 @!@!@
  ||line 126, col 93 to line 126, col 121 of module SplitLess_groups_expenses: 285408
@!@!@ENDMSG 2221 @!@!@
@!@!@STARTMSG 2221:0 @!@!@
  ||line 126, col 85 to line 126, col 89 of module SplitLess_groups_expenses: 142704
@!@!@ENDMSG 2221 @!@!@
@!@!@STARTMSG 2221:0 @!@!@
  line 128, col 19 to line 129, col 80 of module SplitLess_groups_expenses: 108112
@!@!@ENDMSG 2221 @!@!@
@!@!@STARTMSG 2772:0 @!@!@
<RemoveExpenseFromGroup line 131, col 1 to line 131, col 22 of module SplitLess_groups_expenses (135 13 146 70)>: 0:89648
@!@!@ENDMSG 2772 @!@!@
@!@!@STARTMSG 2221:0 @!@!@
  line 135, col 16 to line 135, col 37 of module SplitLess_groups_expenses: 1207736
@!@!@ENDMSG 2221 @!@!@
@!@!@STARTMSG 2221:0 @!@!@
  |line 135, col 16 to line 135, col 26 of module SplitLess_groups_expenses: 1118088
@!@!@ENDMSG 2221 @!@!@
@!@!@STARTMSG 2221:0 @!@!@
  |line 135, col 30 to line 135, col 37 of module SplitLess_groups_expenses: 1118088
@!@!@ENDMSG 2221 @!@!@
@!@!@STARTMSG 2221:0 @!@!@
  line 136, col 16 to line 136, col 49 of module SplitLess_groups_expenses: 1161616
@!@!@ENDMSG 2221 @!@!@
@!@!@STARTMSG 2221:0 @!@!@
  |line 136, col 16 to line 136, col 36 of module SplitLess_groups_expenses: 1071968
@!@!@ENDMSG 2221 @!@!@
@!@!@STARTMSG 2221:0 @!@!@
  |line 136, col 40 to line 136, col 49 of module SplitLess_groups_expenses: 1071968
@!@!@ENDMSG 2221 @!@!@
@!@!@STARTMSG 2221:0 @!@!@
  line 137, col 16 to line 137, col 48 of module SplitLess_groups_expenses: 1126192
@!@!@ENDMSG 2221 @!@!@
@!@!@STARTMSG 2221:0 @!@!@
  |line 137, col 16 to line 137, col 41 of module SplitLess_groups_expenses: 1036544
@!@!@ENDMSG 2221 @!@!@
@!@!@STARTMSG 2221:0 @!@!@
  |line 137, col 45 to line 137, col 48 of module SplitLess_groups_expenses: 1036544
@!@!@ENDMSG 2221 @!@!@
@!@!@STARTMSG 2221:0 @!@!@
  line 138, col 16 to line 138, col 49 of module SplitLess_groups_expenses: 605792
@!@!@ENDMSG 2221 @!@!@
@!@!@STARTMSG 2221:0 @!@!@
  |line 138, col 16 to line 138, col 36 of module SplitLess_groups_expenses: 516144
@!@!@ENDMSG 2221 @!@!@
@!@!@STARTMSG 2221:0 @!@!@
  |line 138, col 40 to line 138, col 49 of module SplitLess_groups_expenses: 516144
@!@!@ENDMSG 2221 @!@!@
@!@!@STARTMSG 2221:0 @!@!@
  line 139, col 16 to line 139, col 48 of module SplitLess_groups_expenses: 605792
@!@!@ENDMSG 2221 @!@!@
@!@!@STARTMSG 2221:0 @!@!@
  |line 139, col 16 to line 139, col 42 of module SplitLess_groups_expenses: 516144
@!@!@ENDMSG 2221 @!@!@
@!@!@STARTMSG 2221:0 @!@!@
  |line 139, col 46 to line 139, col 48 of module SplitLess_groups_expenses: 516144
@!@!@ENDMSG 2221 @!@!@
@!@!@STARTMSG 2221:0 @!@!@
  line 140, col 16 to line 140, col 50 of module SplitLess_groups_expenses: 276928
@!@!@ENDMSG 2221 @!@!@
@!@!@STARTMSG 2221:0 @!@!@
  |line 140, col 16 to line 140, col 42 of module SplitLess_groups_expenses: 187280
@!@!@ENDMSG 2221 @!@!@
@!@!@STARTMSG 2221:0 @!@!@
  |line 140, col 46 to line 140, col 50 of module SplitLess_groups_expenses: 187280
@!@!@ENDMSG 2221 @!@!@
@!@!@STARTMSG 2221:0 @!@!@
  line 145, col 22 to line 145, col 52 of module SplitLess_groups_expenses: 89648
@!@!@ENDMSG 2221 @!@!@
@!@!@STARTMSG 2221:0 @!@!@
  line 146, col 22 to line 146, col 70 of module SplitLess_groups_expenses: 89648
@!@!@ENDMSG 2221 @!@!@
@!@!@STARTMSG 2221:0 @!@!@
  |line 146, col 32 to line 146, col 70 of module SplitLess_groups_expenses: 89648
@!@!@ENDMSG 2221 @!@!@
@!@!@STARTMSG 2775:0 @!@!@
  ||line 61, col 3 to line 66, col 3 of module SplitLess_groups_expenses: 89648:179296
@!@!@ENDMSG 2775 @!@!@
@!@!@STARTMSG 2221:0 @!@!@
  ||line 146, col 44 to line 146, col 56 of module SplitLess_groups_expenses: 89648
@!@!@ENDMSG 2221 @!@!@
@!@!@STARTMSG 2221:0 @!@!@
  ||line 146, col 59 to line 146, col 69 of module SplitLess_groups_expenses: 22880
@!@!@ENDMSG 2221 @!@!@
@!@!@STARTMSG 2772:0 @!@!@
<ModifyExpenseParameters line 149, col 1 to line 149, col 23 of module SplitLess_groups_expenses (153 13 167 58)>: 0:584056
@!@!@ENDMSG 2772 @!@!@
@!@!@STARTMSG 2221:0 @!@!@
  line 153, col 16 to line 153, col 49 of module SplitLess_groups_expenses: 2820232
@!@!@ENDMSG 2221 @!@!@
@!@!@STARTMSG 2221:0 @!@!@
  |line 153, col 16 to line 153, col 36 of module SplitLess_groups_expenses: 2236176
@!@!@ENDMSG 2221 @!@!@
@!@!@STARTMSG 2221:0 @!@!@
  |line 153, col 40 to line 153, col 49 of module SplitLess_groups_expenses: 2236176
@!@!@ENDMSG 2221 @!@!@
@!@!@STARTMSG 2221:0 @!@!@
  line 154, col 16 to line 154, col 50 of module SplitLess_groups_expenses: 2745144
@!@!@ENDMSG 2221 @!@!@
@!@!@STARTMSG 2221:0 @!@!@
  |line 154, col 16 to line 154, col 42 of module SplitLess_groups_expenses: 2161088
@!@!@ENDMSG 2221 @!@!@
@!@!@STARTMSG 2221:0 @!@!@
  |line 154, col 46 to line 154, col 50 of module SplitLess_groups_expenses: 2161088
@!@!@ENDMSG 2221 @!@!@
@!@!@STARTMSG 2221:0 @!@!@
  line 155, col 16 to line 155, col 38 of module SplitLess_groups_expenses: 584056
@!@!@ENDMSG 2221 @!@!@
@!@!@STARTMSG 2221:0 @!@!@
  |line 155, col 16 to line 155, col 34 of module SplitLess_groups_expenses: 1080544
@!@!@ENDMSG 2221 @!@!@
@!@!@STARTMSG 2221:0 @!@!@
  ||line 25, col 3 to line 27, col 61 of module SplitLess_groups_expenses: 3241632
@!@!@ENDMSG 2221 @!@!@
@!@!@STARTMSG 2221:0 @!@!@
  |||line 25, col 6 to line 25, col 18 of module SplitLess_groups_expenses: 3241632
@!@!@ENDMSG 2221 @!@!@
@!@!@STARTMSG 2221:0 @!@!@
  |||line 26, col 17 to line 26, col 43 of module SplitLess_groups_expenses: 2161088
@!@!@ENDMSG 2221 @!@!@
@!@!@STARTMSG 2221:0 @!@!@
  |||line 27, col 11 to line 27, col 61 of module SplitLess_groups_expenses: 2161088
@!@!@ENDMSG 2221 @!@!@
@!@!@STARTMSG 2221:0 @!@!@
  ||line 155, col 28 to line 155, col 33 of module SplitLess_groups_expenses: 1080544
@!@!@ENDMSG 2221 @!@!@
@!@!@STARTMSG 2221:0 @!@!@
  line 156, col 19 to line 156, col 56 of module SplitLess_groups_expenses: 810408
@!@!@ENDMSG 2221 @!@!@
@!@!@STARTMSG 2221:0 @!@!@
  line 158, col 21 to line 158, col 129 of module SplitLess_groups_expenses: 718672
@!@!@ENDMSG 2221 @!@!@
@!@!@STARTMSG 2775:0 @!@!@
  |line 158, col 21 to line 158, col 49 of module SplitLess_groups_expenses: 472512:812312
@!@!@ENDMSG 2775 @!@!@
@!@!@STARTMSG 2221:0 @!@!@
  ||line 158, col 36 to line 158, col 48 of module SplitLess_groups_expenses: 945024
@!@!@ENDMSG 2221 @!@!@
@!@!@STARTMSG 2221:0 @!@!@
  ||line 158, col 28 to line 158, col 32 of module SplitLess_groups_expenses: 472512
@!@!@ENDMSG 2221 @!@!@
@!@!@STARTMSG 2221:0 @!@!@
  |line 158, col 61 to line 158, col 129 of module SplitLess_groups_expenses: 472512
@!@!@ENDMSG 2221 @!@!@
@!@!@STARTMSG 2221:0 @!@!@
  ||line 158, col 76 to line 158, col 128 of module SplitLess_groups_expenses: 945024
@!@!@ENDMSG 2221 @!@!@
@!@!@STARTMSG 2221:0 @!@!@
  ||line 158, col 68 to line 158, col 72 of module SplitLess_groups_expenses: 472512
@!@!@ENDMSG 2221 @!@!@
@!@!@STARTMSG 2221:0 @!@!@
  line 159, col 21 to line 159, col 24 of module SplitLess_groups_expenses: 337896
@!@!@ENDMSG 2221 @!@!@
@!@!@STARTMSG 2221:0 @!@!@
  line 160, col 19 to line 160, col 56 of module SplitLess_groups_expenses: 584056
@!@!@ENDMSG 2221 @!@!@
@!@!@STARTMSG 2221:0 @!@!@
  line 162, col 24 to line 162, col 129 of module SplitLess_groups_expenses: 337896
@!@!@ENDMSG 2221 @!@!@
@!@!@STARTMSG 2221:0 @!@!@
  |line 162, col 44 to line 162, col 129 of module SplitLess_groups_expenses: 337896
@!@!@ENDMSG 2221 @!@!@
@!@!@STARTMSG 2221:0 @!@!@
  ||line 162, col 46 to line 162, col 61 of module SplitLess_groups_expenses: 337896
@!@!@ENDMSG 2221 @!@!@
@!@!@STARTMSG 2221:0 @!@!@
  ||line 162, col 70 to line 162, col 91 of module SplitLess_groups_expenses: 337896
@!@!@ENDMSG 2221 @!@!@
@!@!@STARTMSG 2221:0 @!@!@
  ||line 162, col 94 to line 162, col 128 of module SplitLess_groups_expenses: 337896
@!@!@ENDMSG 2221 @!@!@
@!@!@STARTMSG 2221:0 @!@!@
  ||line 162, col 110 to line 162, col 128 of module SplitLess_groups_expenses: 337896
@!@!@ENDMSG 2221 @!@!@
@!@!@STARTMSG 2221:0 @!@!@
  |||line 25, col 3 to line 27, col 61 of module SplitLess_groups_expenses: 1013688
@!@!@ENDMSG 2221 @!@!@
@!@!@STARTMSG 2221:0 @!@!@
  ||||line 25, col 6 to line 25, col 18 of module SplitLess_groups_expenses: 1013688
@!@!@ENDMSG 2221 @!@!@
@!@!@STARTMSG 2221:0 @!@!@
  ||||line 26, col 17 to line 26, col 43 of module SplitLess_groups_expenses: 675792
@!@!@ENDMSG 2221 @!@!@
@!@!@STARTMSG 2221:0 @!@!@
  ||||line 27, col 11 to line 27, col 61 of module SplitLess_groups_expenses: 675792
@!@!@ENDMSG 2221 @!@!@
@!@!@STARTMSG 2221:0 @!@!@
  |||line 162, col 122 to line 162, col 127 of module SplitLess_groups_expenses: 337896
@!@!@ENDMSG 2221 @!@!@
@!@!@STARTMSG 2221:0 @!@!@
  line 163, col 24 to line 163, col 43 of module SplitLess_groups_expenses: 337896
@!@!@ENDMSG 2221 @!@!@
@!@!@STARTMSG 2221:0 @!@!@
  line 166, col 28 to line 166, col 69 of module SplitLess_groups_expenses: 246160
@!@!@ENDMSG 2221 @!@!@
@!@!@STARTMSG 2221:0 @!@!@
  |line 166, col 38 to line 166, col 69 of module SplitLess_groups_expenses: 246160
@!@!@ENDMSG 2221 @!@!@
@!@!@STARTMSG 2775:0 @!@!@
  ||line 61, col 3 to line 66, col 3 of module SplitLess_groups_expenses: 246160:492320
@!@!@ENDMSG 2775 @!@!@
@!@!@STARTMSG 2221:0 @!@!@
  ||line 166, col 50 to line 166, col 55 of module SplitLess_groups_expenses: 246160
@!@!@ENDMSG 2221 @!@!@
@!@!@STARTMSG 2221:0 @!@!@
  ||line 166, col 58 to line 166, col 68 of module SplitLess_groups_expenses: 94096
@!@!@ENDMSG 2221 @!@!@
@!@!@STARTMSG 2221:0 @!@!@
  |||line 164, col 40 to line 164, col 124 of module SplitLess_groups_expenses: 94096
@!@!@ENDMSG 2221 @!@!@
@!@!@STARTMSG 2221:0 @!@!@
  ||||line 164, col 41 to line 164, col 56 of module SplitLess_groups_expenses: 94096
@!@!@ENDMSG 2221 @!@!@
@!@!@STARTMSG 2221:0 @!@!@
  ||||line 164, col 65 to line 164, col 86 of module SplitLess_groups_expenses: 94096
@!@!@ENDMSG 2221 @!@!@
@!@!@STARTMSG 2221:0 @!@!@
  ||||line 164, col 89 to line 164, col 123 of module SplitLess_groups_expenses: 94096
@!@!@ENDMSG 2221 @!@!@
@!@!@STARTMSG 2221:0 @!@!@
  ||||line 164, col 105 to line 164, col 123 of module SplitLess_groups_expenses: 94096
@!@!@ENDMSG 2221 @!@!@
@!@!@STARTMSG 2221:0 @!@!@
  |||||line 25, col 3 to line 27, col 61 of module SplitLess_groups_expenses: 282288
@!@!@ENDMSG 2221 @!@!@
@!@!@STARTMSG 2221:0 @!@!@
  ||||||line 25, col 6 to line 25, col 18 of module SplitLess_groups_expenses: 282288
@!@!@ENDMSG 2221 @!@!@
@!@!@STARTMSG 2221:0 @!@!@
  ||||||line 26, col 17 to line 26, col 43 of module SplitLess_groups_expenses: 188192
@!@!@ENDMSG 2221 @!@!@
@!@!@STARTMSG 2221:0 @!@!@
  ||||||line 27, col 11 to line 27, col 61 of module SplitLess_groups_expenses: 188192
@!@!@ENDMSG 2221 @!@!@
@!@!@STARTMSG 2221:0 @!@!@
  |||||line 164, col 117 to line 164, col 122 of module SplitLess_groups_expenses: 94096
@!@!@ENDMSG 2221 @!@!@
@!@!@STARTMSG 2221:0 @!@!@
  line 167, col 28 to line 167, col 58 of module SplitLess_groups_expenses: 246160
@!@!@ENDMSG 2221 @!@!@
@!@!@STARTMSG 2221:0 @!@!@
  |line 167, col 48 to line 167, col 58 of module SplitLess_groups_expenses: 246160
@!@!@ENDMSG 2221 @!@!@
@!@!@STARTMSG 2221:0 @!@!@
  ||line 164, col 40 to line 164, col 124 of module SplitLess_groups_expenses: 246160
@!@!@ENDMSG 2221 @!@!@
@!@!@STARTMSG 2221:0 @!@!@
  |||line 164, col 41 to line 164, col 56 of module SplitLess_groups_expenses: 246160
@!@!@ENDMSG 2221 @!@!@
@!@!@STARTMSG 2221:0 @!@!@
  |||line 164, col 65 to line 164, col 86 of module SplitLess_groups_expenses: 246160
@!@!@ENDMSG 2221 @!@!@
@!@!@STARTMSG 2221:0 @!@!@
  |||line 164, col 89 to line 164, col 123 of module SplitLess_groups_expenses: 246160
@!@!@ENDMSG 2221 @!@!@
@!@!@STARTMSG 2221:0 @!@!@
  |||line 164, col 105 to line 164, col 123 of module SplitLess_groups_expenses: 246160
@!@!@ENDMSG 2221 @!@!@
@!@!@STARTMSG 2221:0 @!@!@
  ||||line 25, col 3 to line 27, col 61 of module SplitLess_groups_expenses: 738480
@!@!@ENDMSG 2221 @!@!@
@!@!@STARTMSG 2221:0 @!@!@
  |||||line 25, col 6 to line 25, col 18 of module SplitLess_groups_expenses: 738480
@!@!@ENDMSG 2221 @!@!@
@!@!@STARTMSG 2221:0 @!@!@
  |||||line 26, col 17 to line 26, col 43 of module SplitLess_groups_expenses: 492320
@!@!@ENDMSG 2221 @!@!@
@!@!@STARTMSG 2221:0 @!@!@
  |||||line 27, col 11 to line 27, col 61 of module SplitLess_groups_expenses: 492320
@!@!@ENDMSG 2221 @!@!@
@!@!@STARTMSG 2221:0 @!@!@
  ||||line 164, col 117 to line 164, col 122 of module SplitLess_groups_expenses: 246160
@!@!@ENDMSG 2221 @!@!@
@!@!@STARTMSG 2772:0 @!@!@
<DeleteExpense line 169, col 1 to line 169, col 13 of module SplitLess_groups_expenses (172 13 180 63)>: 57087:101972
@!@!@ENDMSG 2772 @!@!@
@!@!@STARTMSG 2221:0 @!@!@
  line 172, col 16 to line 172, col 49 of module SplitLess_groups_expenses: 661016
@!@!@ENDMSG 2221 @!@!@
@!@!@STARTMSG 2221:0 @!@!@
  |line 172, col 16 to line 172, col 36 of module SplitLess_groups_expenses: 559044
@!@!@ENDMSG 2221 @!@!@
@!@!@STARTMSG 2221:0 @!@!@
  |line 172, col 40 to line 172, col 49 of module SplitLess_groups_expenses: 559044
@!@!@ENDMSG 2221 @!@!@
@!@!@STARTMSG 2221:0 @!@!@
  line 173, col 16 to line 173, col 50 of module SplitLess_groups_expenses: 642244
@!@!@ENDMSG 2221 @!@!@
@!@!@STARTMSG 2221:0 @!@!@
  |line 173, col 16 to line 173, col 42 of module SplitLess_groups_expenses: 540272
@!@!@ENDMSG 2221 @!@!@
@!@!@STARTMSG 2221:0 @!@!@
  |line 173, col 46 to line 173, col 50 of module SplitLess_groups_expenses: 540272
@!@!@ENDMSG 2221 @!@!@
@!@!@STARTMSG 2221:0 @!@!@
  line 174, col 16 to line 174, col 52 of module SplitLess_groups_expenses: 372108
@!@!@ENDMSG 2221 @!@!@
@!@!@STARTMSG 2221:0 @!@!@
  |line 174, col 16 to line 174, col 44 of module SplitLess_groups_expenses: 270136
@!@!@ENDMSG 2221 @!@!@
@!@!@STARTMSG 2221:0 @!@!@
  |line 174, col 48 to line 174, col 52 of module SplitLess_groups_expenses: 270136
@!@!@ENDMSG 2221 @!@!@
@!@!@STARTMSG 2221:0 @!@!@
  line 175, col 19 to line 175, col 56 of module SplitLess_groups_expenses: 130828
@!@!@ENDMSG 2221 @!@!@
@!@!@STARTMSG 2221:0 @!@!@
  line 176, col 24 to line 176, col 80 of module SplitLess_groups_expenses: 120168
@!@!@ENDMSG 2221 @!@!@
@!@!@STARTMSG 2221:0 @!@!@
  |line 176, col 24 to line 176, col 73 of module SplitLess_groups_expenses: 74512
@!@!@ENDMSG 2221 @!@!@
@!@!@STARTMSG 2221:0 @!@!@
  |line 176, col 77 to line 176, col 80 of module SplitLess_groups_expenses: 74512
@!@!@ENDMSG 2221 @!@!@
@!@!@STARTMSG 2221:0 @!@!@
  line 177, col 21 to line 177, col 24 of module SplitLess_groups_expenses: 56316
@!@!@ENDMSG 2221 @!@!@
@!@!@STARTMSG 2221:0 @!@!@
  line 179, col 22 to line 179, col 52 of module SplitLess_groups_expenses: 101972
@!@!@ENDMSG 2221 @!@!@
@!@!@STARTMSG 2221:0 @!@!@
  line 180, col 22 to line 180, col 63 of module SplitLess_groups_expenses: 101972
@!@!@ENDMSG 2221 @!@!@
@!@!@STARTMSG 2221:0 @!@!@
  |line 180, col 32 to line 180, col 63 of module SplitLess_groups_expenses: 101972
@!@!@ENDMSG 2221 @!@!@
@!@!@STARTMSG 2775:0 @!@!@
  ||line 61, col 3 to line 66, col 3 of module SplitLess_groups_expenses: 101972:203944
@!@!@ENDMSG 2775 @!@!@
@!@!@STARTMSG 2221:0 @!@!@
  ||line 180, col 44 to line 180, col 49 of module SplitLess_groups_expenses: 101972
@!@!@ENDMSG 2221 @!@!@
@!@!@STARTMSG 2221:0 @!@!@
  ||line 180, col 52 to line 180, col 62 of module SplitLess_groups_expenses: 34568
@!@!@ENDMSG 2221 @!@!@
@!@!@STARTMSG 2772:0 @!@!@
<Next line 227, col 1 to line 227, col 4 of module SplitLess_groups_expenses (236 8 236 45)>: 0:139761
@!@!@ENDMSG 2772 @!@!@
@!@!@STARTMSG 2221:0 @!@!@
  line 236, col 8 to line 236, col 45 of module SplitLess_groups_expenses: 139761
@!@!@ENDMSG 2221 @!@!@
@!@!@STARTMSG 2774:0 @!@!@
<TypeOK line 246, col 1 to line 246, col 6 of module SplitLess_groups_expenses>
@!@!@ENDMSG 2774 @!@!@
@!@!@STARTMSG 2221:0 @!@!@
  line 247, col 3 to line 248, col 63 of module SplitLess_groups_expenses: 139761
@!@!@ENDMSG 2221 @!@!@
@!@!@STARTMSG 2774:0 @!@!@
<Inv_Conservertaion_of_amount line 251, col 1 to line 251, col 28 of module SplitLess_groups_expenses>
@!@!@ENDMSG 2774 @!@!@
@!@!@STARTMSG 2221:0 @!@!@
  line 252, col 3 to line 255, col 41 of module SplitLess_groups_expenses: 139761
@!@!@ENDMSG 2221 @!@!@
@!@!@STARTMSG 2221:0 @!@!@
  |line 253, col 5 to line 255, col 41 of module SplitLess_groups_expenses: 279522
@!@!@ENDMSG 2221 @!@!@
@!@!@STARTMSG 2221:0 @!@!@
  ||line 253, col 5 to line 253, col 38 of module SplitLess_groups_expenses: 279522
@!@!@ENDMSG 2221 @!@!@
@!@!@STARTMSG 2221:0 @!@!@
  ||line 254, col 16 to line 254, col 36 of module SplitLess_groups_expenses: 270136
@!@!@ENDMSG 2221 @!@!@
@!@!@STARTMSG 2221:0 @!@!@
  ||line 255, col 10 to line 255, col 41 of module SplitLess_groups_expenses: 270136
@!@!@ENDMSG 2221 @!@!@
@!@!@STARTMSG 2221:0 @!@!@
  |||line 255, col 10 to line 255, col 17 of module SplitLess_groups_expenses: 270136
@!@!@ENDMSG 2221 @!@!@
@!@!@STARTMSG 2221:0 @!@!@
  |||line 255, col 21 to line 255, col 41 of module SplitLess_groups_expenses: 270136
@!@!@ENDMSG 2221 @!@!@
@!@!@STARTMSG 2221:0 @!@!@
  ||||line 25, col 3 to line 27, col 61 of module SplitLess_groups_expenses: 810408
@!@!@ENDMSG 2221 @!@!@
@!@!@STARTMSG 2221:0 @!@!@
  |||||line 25, col 6 to line 25, col 18 of module SplitLess_groups_expenses: 810408
@!@!@ENDMSG 2221 @!@!@
@!@!@STARTMSG 2221:0 @!@!@
  |||||line 26, col 17 to line 26, col 43 of module SplitLess_groups_expenses: 540272
@!@!@ENDMSG 2221 @!@!@
@!@!@STARTMSG 2221:0 @!@!@
  |||||line 27, col 11 to line 27, col 61 of module SplitLess_groups_expenses: 540272
@!@!@ENDMSG 2221 @!@!@
@!@!@STARTMSG 2221:0 @!@!@
  ||||line 255, col 33 to line 255, col 40 of module SplitLess_groups_expenses: 270136
@!@!@ENDMSG 2221 @!@!@
@!@!@STARTMSG 2221:0 @!@!@
  |line 252, col 14 to line 252, col 36 of module SplitLess_groups_expenses: 139761
@!@!@ENDMSG 2221 @!@!@
@!@!@STARTMSG 2774:0 @!@!@
<inv_1761227939010278000 line 40, col 1 to line 40, col 23 of module MC>
@!@!@ENDMSG 2774 @!@!@
@!@!@STARTMSG 2221:0 @!@!@
  line 41, col 1 to line 41, col 34 of module MC: 139761
@!@!@ENDMSG 2221 @!@!@
@!@!@STARTMSG 2221:0 @!@!@
  |line 41, col 4 to line 41, col 34 of module MC: 139761
@!@!@ENDMSG 2221 @!@!@
@!@!@STARTMSG 2221:0 @!@!@
  ||line 267, col 3 to line 270, col 45 of module SplitLess_groups_expenses: 139761
@!@!@ENDMSG 2221 @!@!@
@!@!@STARTMSG 2221:0 @!@!@
  |||line 268, col 5 to line 270, col 45 of module SplitLess_groups_expenses: 279522
@!@!@ENDMSG 2221 @!@!@
@!@!@STARTMSG 2221:0 @!@!@
  ||||line 268, col 5 to line 268, col 26 of module SplitLess_groups_expenses: 279522
@!@!@ENDMSG 2221 @!@!@
@!@!@STARTMSG 2221:0 @!@!@
  ||||line 269, col 7 to line 270, col 45 of module SplitLess_groups_expenses: 267992
@!@!@ENDMSG 2221 @!@!@
@!@!@STARTMSG 2221:0 @!@!@
  |||||line 270, col 10 to line 270, col 45 of module SplitLess_groups_expenses: 157504
@!@!@ENDMSG 2221 @!@!@
@!@!@STARTMSG 2221:0 @!@!@
  |||||line 269, col 18 to line 269, col 39 of module SplitLess_groups_expenses: 267992
@!@!@ENDMSG 2221 @!@!@
@!@!@STARTMSG 2221:0 @!@!@
  |||line 267, col 14 to line 267, col 31 of module SplitLess_groups_expenses: 139761
@!@!@ENDMSG 2221 @!@!@
@!@!@STARTMSG 2774:0 @!@!@
<inv_1761227939010279000 line 44, col 1 to line 44, col 23 of module MC>
@!@!@ENDMSG 2774 @!@!@
@!@!@STARTMSG 2221:0 @!@!@
  line 45, col 1 to line 45, col 23 of module MC: 139761
@!@!@ENDMSG 2221 @!@!@
@!@!@STARTMSG 2221:0 @!@!@
  |line 45, col 4 to line 45, col 23 of module MC: 139761
@!@!@ENDMSG 2221 @!@!@
@!@!@STARTMSG 2221:0 @!@!@
  ||line 274, col 3 to line 278, col 44 of module SplitLess_groups_expenses: 139761
@!@!@ENDMSG 2221 @!@!@
@!@!@STARTMSG 2221:0 @!@!@
  |||line 275, col 5 to line 278, col 44 of module SplitLess_groups_expenses: 279522
@!@!@ENDMSG 2221 @!@!@
@!@!@STARTMSG 2221:0 @!@!@
  ||||line 275, col 5 to line 275, col 26 of module SplitLess_groups_expenses: 279522
@!@!@ENDMSG 2221 @!@!@
@!@!@STARTMSG 2775:0 @!@!@
  ||||line 276, col 23 to line 276, col 69 of module SplitLess_groups_expenses: 267992:534172
@!@!@ENDMSG 2775 @!@!@
@!@!@STARTMSG 2221:0 @!@!@
  |||||line 276, col 39 to line 276, col 67 of module SplitLess_groups_expenses: 535984
@!@!@ENDMSG 2221 @!@!@
@!@!@STARTMSG 2221:0 @!@!@
  |||||line 276, col 31 to line 276, col 35 of module SplitLess_groups_expenses: 267992
@!@!@ENDMSG 2221 @!@!@
@!@!@STARTMSG 2221:0 @!@!@
  ||||line 277, col 20 to line 277, col 70 of module SplitLess_groups_expenses: 267992
@!@!@ENDMSG 2221 @!@!@
@!@!@STARTMSG 2221:0 @!@!@
  |||||line 25, col 3 to line 27, col 61 of module SplitLess_groups_expenses: 534172
@!@!@ENDMSG 2221 @!@!@
@!@!@STARTMSG 2221:0 @!@!@
  ||||||line 25, col 6 to line 25, col 18 of module SplitLess_groups_expenses: 534172
@!@!@ENDMSG 2221 @!@!@
@!@!@STARTMSG 2221:0 @!@!@
  ||||||line 26, col 17 to line 26, col 43 of module SplitLess_groups_expenses: 266180
@!@!@ENDMSG 2221 @!@!@
@!@!@STARTMSG 2221:0 @!@!@
  ||||||line 27, col 11 to line 27, col 61 of module SplitLess_groups_expenses: 266180
@!@!@ENDMSG 2221 @!@!@
@!@!@STARTMSG 2775:0 @!@!@
  |||||line 277, col 32 to line 277, col 69 of module SplitLess_groups_expenses: 267992:266180
@!@!@ENDMSG 2775 @!@!@
@!@!@STARTMSG 2221:0 @!@!@
  ||||line 278, col 10 to line 278, col 44 of module SplitLess_groups_expenses: 267992
@!@!@ENDMSG 2221 @!@!@
@!@!@STARTMSG 2221:0 @!@!@
  |||line 274, col 14 to line 274, col 31 of module SplitLess_groups_expenses: 139761
@!@!@ENDMSG 2221 @!@!@
@!@!@STARTMSG 2202:0 @!@!@
End of statistics.
@!@!@ENDMSG 2202 @!@!@
@!@!@STARTMSG 2200:0 @!@!@
Progress(15) at 2025-10-23 15:59:20: 1,514,762 states generated (4,198,924 s/min), 139,761 distinct states found (387,417 ds/min), 0 states left on queue.
@!@!@ENDMSG 2200 @!@!@
@!@!@STARTMSG 2199:0 @!@!@
1514762 states generated, 139761 distinct states found, 0 states left on queue.
@!@!@ENDMSG 2199 @!@!@
@!@!@STARTMSG 2194:0 @!@!@
The depth of the complete state graph search is 15.
@!@!@ENDMSG 2194 @!@!@
@!@!@STARTMSG 2268:0 @!@!@
The average outdegree of the complete state graph is 1 (minimum is 0, the maximum 16 and the 95th percentile is 3).
@!@!@ENDMSG 2268 @!@!@
@!@!@STARTMSG 2186:0 @!@!@
Finished in 21660ms at (2025-10-23 15:59:20)
@!@!@ENDMSG 2186 @!@!@
