@!@!@STARTMSG 2262:0 @!@!@
TLC2 Version 2.16 of 31 December 2020 (rev: cdddf55)
@!@!@ENDMSG 2262 @!@!@
@!@!@STARTMSG 2187:0 @!@!@
Running breadth-first search Model-Checking with fp 72 and seed -2880747836847163243 with 8 workers on 8 cores with 3547MB heap and 7973MB offheap memory [pid: 12915] (Linux 6.14.0-33-generic amd64, AdoptOpenJDK 14.0.1 x86_64, OffHeapDiskFPSet, DiskStateQueue).
@!@!@ENDMSG 2187 @!@!@
@!@!@STARTMSG 2220:0 @!@!@
Starting SANY...
@!@!@ENDMSG 2220 @!@!@
Parsing file /home/floyd/Desktop/Uni/Master/2_Semester/Masters Project/TLA/SplitLess/SplitLess_replica_group_expenses.toolbox/Model_1/MC.tla
Parsing file /home/floyd/Desktop/Uni/Master/2_Semester/Masters Project/TLA/SplitLess/SplitLess_replica_group_expenses.toolbox/Model_1/SplitLess_replica_group_expenses.tla
Parsing file /home/floyd/Desktop/Uni/Master/2_Semester/Masters Project/TLA/toolbox/plugins/org.lamport.tlatools_1.0.0.202012311918/tla2sany/StandardModules/TLC.tla
Parsing file /home/floyd/Desktop/Uni/Master/2_Semester/Masters Project/TLA/toolbox/plugins/org.lamport.tlatools_1.0.0.202012311918/tla2sany/StandardModules/Naturals.tla
Parsing file /home/floyd/Desktop/Uni/Master/2_Semester/Masters Project/TLA/toolbox/plugins/org.lamport.tlatools_1.0.0.202012311918/tla2sany/StandardModules/Sequences.tla
Parsing file /home/floyd/Desktop/Uni/Master/2_Semester/Masters Project/TLA/toolbox/plugins/org.lamport.tlatools_1.0.0.202012311918/tla2sany/StandardModules/FiniteSets.tla
Semantic processing of module Naturals
Semantic processing of module Sequences
Semantic processing of module FiniteSets
Semantic processing of module SplitLess_replica_group_expenses
Semantic processing of module TLC
Semantic processing of module MC
@!@!@STARTMSG 2219:0 @!@!@
SANY finished.
@!@!@ENDMSG 2219 @!@!@
@!@!@STARTMSG 2185:0 @!@!@
Starting... (2025-11-06 14:22:20)
@!@!@ENDMSG 2185 @!@!@
@!@!@STARTMSG 2284:3 @!@!@
Declaring state or action constraints during liveness checking is dangerous: Please read section 14.3.5 on page 247 of Specifying Systems (https://lamport.azurewebsites.net/tla/book.html) and optionally the discussion at https://discuss.tlapl.us/msg00994.html for more details.
@!@!@ENDMSG 2284 @!@!@
@!@!@STARTMSG 2212:0 @!@!@
Implied-temporal checking--satisfiability problem has 1 branches.
@!@!@ENDMSG 2212 @!@!@
@!@!@STARTMSG 2189:0 @!@!@
Computing initial states...
@!@!@ENDMSG 2189 @!@!@
@!@!@STARTMSG 2190:0 @!@!@
Finished computing initial states: 1 distinct state generated at 2025-11-06 14:22:21.
@!@!@ENDMSG 2190 @!@!@
@!@!@STARTMSG 2192:0 @!@!@
Checking temporal properties for the current state space with 1482 total distinct states at (2025-11-06 14:22:24)
@!@!@ENDMSG 2192 @!@!@
@!@!@STARTMSG 2267:0 @!@!@
Finished checking temporal properties in 00s at 2025-11-06 14:22:24
@!@!@ENDMSG 2267 @!@!@
@!@!@STARTMSG 2200:0 @!@!@
Progress(7) at 2025-11-06 14:22:24: 24,233 states generated (24,233 s/min), 9,385 distinct states found (9,385 ds/min), 7,900 states left on queue.
@!@!@ENDMSG 2200 @!@!@
@!@!@STARTMSG 2192:0 @!@!@
Checking temporal properties for the current state space with 60234 total distinct states at (2025-11-06 14:23:24)
@!@!@ENDMSG 2192 @!@!@
@!@!@STARTMSG 2267:0 @!@!@
Finished checking temporal properties in 03s at 2025-11-06 14:23:28
@!@!@ENDMSG 2267 @!@!@
@!@!@STARTMSG 2200:0 @!@!@
Progress(9) at 2025-11-06 14:23:28: 917,024 states generated (892,791 s/min), 212,760 distinct states found (203,375 ds/min), 152,520 states left on queue.
@!@!@ENDMSG 2200 @!@!@
