This is pdfTeX, Version 3.141592653-2.6-1.40.25 (TeX Live 2023/Debian) (preloaded format=pdflatex 2025.1.22)  30 OCT 2025 13:26
entering extended mode
 restricted \write18 enabled.
 %&-line parsing enabled.
**SplitLess_replica_group_expenses.tex
(./SplitLess_replica_group_expenses.tex
LaTeX2e <2023-11-01> patch level 1
L3 programming layer <2024-01-22>

(/usr/share/texlive/texmf-dist/tex/latex/base/article.cls
Document Class: article 2023/05/17 v1.4n Standard LaTeX document class
(/usr/share/texlive/texmf-dist/tex/latex/base/size10.clo
File: size10.clo 2023/05/17 v1.4n Standard LaTeX file (size option)
)
\c@part=\count187
\c@section=\count188
\c@subsection=\count189
\c@subsubsection=\count190
\c@paragraph=\count191
\c@subparagraph=\count192
\c@figure=\count193
\c@table=\count194
\abovecaptionskip=\skip48
\belowcaptionskip=\skip49
\bibindent=\dimen140
) (/usr/share/texlive/texmf-dist/tex/latex/graphics/color.sty
Package: color 2022/01/06 v1.3d Standard LaTeX Color (DPC)
(/usr/share/texlive/texmf-dist/tex/latex/graphics-cfg/color.cfg
File: color.cfg 2016/01/02 v1.6 sample color configuration
)
Package color Info: Driver file: pdftex.def on input line 149.
(/usr/share/texlive/texmf-dist/tex/latex/graphics-def/pdftex.def
File: pdftex.def 2022/09/22 v1.2b Graphics/color driver for pdftex
) (/usr/share/texlive/texmf-dist/tex/latex/graphics/mathcolor.ltx)) (/usr/share
/texlive/texmf-dist/tex/latex/base/latexsym.sty
Package: latexsym 1998/08/17 v2.2e Standard LaTeX package (lasy symbols)
\symlasy=\mathgroup4
LaTeX Font Info:    Overwriting symbol font `lasy' in version `bold'
(Font)                  U/lasy/m/n --> U/lasy/b/n on input line 52.
) (/usr/share/texlive/texmf-dist/tex/latex/base/ifthen.sty
Package: ifthen 2022/04/13 v1.1d Standard LaTeX ifthen package (DPC)
)
\symlength=\skip50
\equalswidth=\skip51
\charwidth=\skip52
\boxrulewd=\skip53
\boxlineht=\skip54
\boxruleht=\skip55
\boxruledp=\skip56
\pcalvspace=\skip57
\lcomindent=\skip58
\@xlen=\skip59
\templena=\skip60
\templenb=\skip61
\tempboxa=\box51
\vshadelen=\skip62
\boxwidth=\skip63
\multicommentdepth=\skip64
\c@pardepth=\count195
\tempsbox=\box52
\@cparht=\skip65
\@cpardp=\skip66
\xmcomlen=\skip67
\spacewidth=\skip68
\alignboxwidth=\skip69
\alignwidth=\skip70
\alignbox=\box53
\symtlaitalics=\mathgroup5
\c@tlx@ctr=\count196
(/usr/share/texlive/texmf-dist/tex/latex/tools/verbatim.sty
Package: verbatim 2023-11-06 v1.5v LaTeX2e package for verbatim enhancements
\every@verbatim=\toks17
\verbatim@line=\toks18
\verbatim@in@stream=\read2
) (/usr/share/texlive/texmf-dist/tex/latex/l3backend/l3backend-pdftex.def
File: l3backend-pdftex.def 2024-01-04 L3 backend support: PDF output (pdfTeX)
\l__color_backend_stack_int=\count197
\l__pdf_internal_box=\box54
) (./SplitLess_replica_group_expenses.aux)
\openout1 = `SplitLess_replica_group_expenses.aux'.

LaTeX Font Info:    Checking defaults for OML/cmm/m/it on input line 939.
LaTeX Font Info:    ... okay on input line 939.
LaTeX Font Info:    Checking defaults for OMS/cmsy/m/n on input line 939.
LaTeX Font Info:    ... okay on input line 939.
LaTeX Font Info:    Checking defaults for OT1/cmr/m/n on input line 939.
LaTeX Font Info:    ... okay on input line 939.
LaTeX Font Info:    Checking defaults for T1/cmr/m/n on input line 939.
LaTeX Font Info:    ... okay on input line 939.
LaTeX Font Info:    Checking defaults for TS1/cmr/m/n on input line 939.
LaTeX Font Info:    ... okay on input line 939.
LaTeX Font Info:    Checking defaults for OMX/cmex/m/n on input line 939.
LaTeX Font Info:    ... okay on input line 939.
LaTeX Font Info:    Checking defaults for U/cmr/m/n on input line 939.
LaTeX Font Info:    ... okay on input line 939.
(/usr/share/texlive/texmf-dist/tex/context/base/mkii/supp-pdf.mkii
[Loading MPS to PDF converter (version 2006.09.02).]
\scratchcounter=\count198
\scratchdimen=\dimen141
\scratchbox=\box55
\nofMPsegments=\count199
\nofMParguments=\count266
\everyMPshowfont=\toks19
\MPscratchCnt=\count267
\MPscratchDim=\dimen142
\MPnumerator=\count268
\makeMPintoPDFobject=\count269
\everyMPtoPDFconversion=\toks20
)
LaTeX Font Info:    External font `cmex10' loaded for size
(Font)              <7> on input line 942.
LaTeX Font Info:    External font `cmex10' loaded for size
(Font)              <5> on input line 942.
LaTeX Font Info:    Trying to load font information for U+lasy on input line 94
2.
(/usr/share/texlive/texmf-dist/tex/latex/base/ulasy.fd
File: ulasy.fd 1998/08/17 v2.2e LaTeX symbol font definitions
)
Overfull \hbox (32.8025pt too wide) in paragraph at lines 977--983
[][][][] 
 []


Overfull \hbox (84.2118pt too wide) in paragraph at lines 983--988
[][][][] 
 []


Overfull \hbox (249.62688pt too wide) in paragraph at lines 988--994
[][][][] 
 []


Overfull \hbox (44.19377pt too wide) in paragraph at lines 1014--1016
[][] 
 []

[1

{/var/lib/texmf/fonts/map/pdftex/updmap/pdftex.map}]
Overfull \hbox (37.20691pt too wide) in paragraph at lines 1039--1041
[][] 
 []


Overfull \hbox (13.26962pt too wide) in paragraph at lines 1080--1082
[][] 
 []


Overfull \hbox (57.55501pt too wide) in paragraph at lines 1082--1083
[][] 
 []


Overfull \hbox (93.82933pt too wide) in paragraph at lines 1090--1091
[][] 
 []


Overfull \hbox (29.94547pt too wide) in paragraph at lines 1096--1097
[][] 
 []

[2]
Overfull \hbox (60.45706pt too wide) in paragraph at lines 1106--1108
[][] 
 []

LaTeX Font Info:    External font `cmex10' loaded for size
(Font)              <8> on input line 1146.
LaTeX Font Info:    External font `cmex10' loaded for size
(Font)              <6> on input line 1146.

Overfull \hbox (445.62128pt too wide) in paragraph at lines 1142--1148
[][][][] 
 []

[3]
Overfull \hbox (17.4368pt too wide) in paragraph at lines 1196--1197
[][] 
 []


Overfull \hbox (502.8118pt too wide) in paragraph at lines 1229--1235
[][][][] 
 []


Overfull \hbox (40.72876pt too wide) in paragraph at lines 1247--1249
[][] 
 []

[4]
Overfull \hbox (83.45694pt too wide) in paragraph at lines 1281--1282
[][] 
 []


Overfull \hbox (207.41043pt too wide) in paragraph at lines 1313--1315
[][] 
 []


Overfull \hbox (47.06879pt too wide) in paragraph at lines 1315--1317
[][] 
 []


Overfull \hbox (44.5163pt too wide) in paragraph at lines 1317--1319
[][] 
 []


Overfull \hbox (27.43451pt too wide) in paragraph at lines 1321--1322
[][] 
 []

[5]
Overfull \hbox (150.91212pt too wide) in paragraph at lines 1344--1345
[][] 
 []


Overfull \hbox (94.24158pt too wide) in paragraph at lines 1380--1381
[][] 
 []

[6]
Overfull \hbox (223.08488pt too wide) in paragraph at lines 1425--1426
[][] 
 []


Overfull \hbox (254.39581pt too wide) in paragraph at lines 1429--1430
[][] 
 []


Overfull \hbox (254.39581pt too wide) in paragraph at lines 1433--1434
[][] 
 []


Overfull \hbox (42.46432pt too wide) in paragraph at lines 1454--1456
[][] 
 []


Overfull \hbox (21.14272pt too wide) in paragraph at lines 1456--1457
[][] 
 []


Overfull \hbox (24.44551pt too wide) in paragraph at lines 1459--1461
[][] 
 []


Overfull \hbox (75.06744pt too wide) in paragraph at lines 1461--1462
[][] 
 []

[7]
Overfull \hbox (108.70384pt too wide) in paragraph at lines 1479--1480
[][] 
 []


Overfull \hbox (140.01477pt too wide) in paragraph at lines 1482--1483
[][] 
 []


Overfull \hbox (140.01477pt too wide) in paragraph at lines 1486--1487
[][] 
 []


Overfull \hbox (0.37943pt too wide) in paragraph at lines 1495--1497
[][] 
 []


Overfull \hbox (237.40196pt too wide) in paragraph at lines 1498--1504
[][][][] 
 []

[8]
Overfull \hbox (19.46217pt too wide) in paragraph at lines 1572--1573
[][] 
 []

[9]
Overfull \hbox (87.38145pt too wide) in paragraph at lines 1622--1629
[][][][] 
 []


Overfull \hbox (387.14302pt too wide) in paragraph at lines 1629--1635
[][][][] 
 []


Overfull \hbox (25.51443pt too wide) in paragraph at lines 1663--1668
[][][][] 
 []


Overfull \hbox (5.29347pt too wide) in paragraph at lines 1672--1677
[][][][] 
 []


Overfull \hbox (109.9219pt too wide) in paragraph at lines 1681--1686
[][][][] 
 []


Overfull \hbox (26.07137pt too wide) in paragraph at lines 1688--1690
[][] 
 []


Overfull \hbox (43.15166pt too wide) in paragraph at lines 1692--1697
[][][][] 
 []


Overfull \hbox (380.27692pt too wide) in paragraph at lines 1704--1711
[][][][] 
 []


Overfull \hbox (4.10233pt too wide) in paragraph at lines 1718--1719
[][] 
 []

[10]
Overfull \hbox (24.30016pt too wide) in paragraph at lines 1722--1727
[][][][] 
 []


Overfull \hbox (99.50235pt too wide) in paragraph at lines 1733--1738
[][][][] 
 []

[11] (./SplitLess_replica_group_expenses.aux)
 ***********
LaTeX2e <2023-11-01> patch level 1
L3 programming layer <2024-01-22>
 ***********
 ) 
Here is how much of TeX's memory you used:
 1391 strings out of 476182
 21084 string characters out of 5795595
 1946975 words of memory out of 5000000
 23425 multiletter control sequences out of 15000+600000
 562934 words of font info for 55 fonts, out of 8000000 for 9000
 14 hyphenation exceptions out of 8191
 42i,10n,50p,213b,249s stack positions out of 10000i,1000n,20000p,200000b,200000s
</usr/share/texlive/texmf-dist/fonts/type1/public/amsfonts/cm/cmcsc10.pfb></u
sr/share/texlive/texmf-dist/fonts/type1/public/amsfonts/cm/cmmi10.pfb></usr/sha
re/texlive/texmf-dist/fonts/type1/public/amsfonts/cm/cmmi7.pfb></usr/share/texl
ive/texmf-dist/fonts/type1/public/amsfonts/cm/cmmi8.pfb></usr/share/texlive/tex
mf-dist/fonts/type1/public/amsfonts/cm/cmr10.pfb></usr/share/texlive/texmf-dist
/fonts/type1/public/amsfonts/cm/cmr5.pfb></usr/share/texlive/texmf-dist/fonts/t
ype1/public/amsfonts/cm/cmr8.pfb></usr/share/texlive/texmf-dist/fonts/type1/pub
lic/amsfonts/cm/cmr9.pfb></usr/share/texlive/texmf-dist/fonts/type1/public/amsf
onts/cm/cmsy10.pfb></usr/share/texlive/texmf-dist/fonts/type1/public/amsfonts/c
m/cmsy7.pfb></usr/share/texlive/texmf-dist/fonts/type1/public/amsfonts/cm/cmsy8
.pfb></usr/share/texlive/texmf-dist/fonts/type1/public/amsfonts/cm/cmti10.pfb><
/usr/share/texlive/texmf-dist/fonts/type1/public/amsfonts/cm/cmti7.pfb></usr/sh
are/texlive/texmf-dist/fonts/type1/public/amsfonts/cm/cmti8.pfb></usr/share/tex
live/texmf-dist/fonts/type1/public/amsfonts/latxfont/lasy10.pfb>
Output written on SplitLess_replica_group_expenses.pdf (11 pages, 192480 bytes)
.
PDF statistics:
 115 PDF objects out of 1000 (max. 8388607)
 71 compressed objects within 1 object stream
 0 named destinations out of 1000 (max. 500000)
 1 words of extra memory for PDF output out of 10000 (max. 10000000)

