@!@!@STARTMSG 2262:0 @!@!@
TLC2 Version 2.16 of 31 December 2020 (rev: cdddf55)
@!@!@ENDMSG 2262 @!@!@
@!@!@STARTMSG 2187:0 @!@!@
Running breadth-first search Model-Checking with fp 39 and seed 4303270673528196212 with 8 workers on 8 cores with 3547MB heap and 7973MB offheap memory [pid: 14089] (Linux 6.14.0-33-generic amd64, AdoptOpenJDK 14.0.1 x86_64, OffHeapDiskFPSet, DiskStateQueue).
@!@!@ENDMSG 2187 @!@!@
@!@!@STARTMSG 2220:0 @!@!@
Starting SANY...
@!@!@ENDMSG 2220 @!@!@
Parsing file /home/floyd/Desktop/Uni/Master/2_Semester/Masters Project/TLA/SplitLess/SplitLess_replica_group_expenses.toolbox/Model_1/MC.tla
Parsing file /home/floyd/Desktop/Uni/Master/2_Semester/Masters Project/TLA/SplitLess/SplitLess_replica_group_expenses.toolbox/Model_1/SplitLess_replica_group_expenses.tla
Parsing file /home/floyd/Desktop/Uni/Master/2_Semester/Masters Project/TLA/toolbox/plugins/org.lamport.tlatools_1.0.0.202012311918/tla2sany/StandardModules/TLC.tla
Parsing file /home/floyd/Desktop/Uni/Master/2_Semester/Masters Project/TLA/toolbox/plugins/org.lamport.tlatools_1.0.0.202012311918/tla2sany/StandardModules/Naturals.tla
Parsing file /home/floyd/Desktop/Uni/Master/2_Semester/Masters Project/TLA/toolbox/plugins/org.lamport.tlatools_1.0.0.202012311918/tla2sany/StandardModules/Sequences.tla
Parsing file /home/floyd/Desktop/Uni/Master/2_Semester/Masters Project/TLA/toolbox/plugins/org.lamport.tlatools_1.0.0.202012311918/tla2sany/StandardModules/FiniteSets.tla
Semantic processing of module Naturals
Semantic processing of module Sequences
Semantic processing of module FiniteSets
Semantic processing of module SplitLess_replica_group_expenses
Semantic processing of module TLC
Semantic processing of module MC
@!@!@STARTMSG 2219:0 @!@!@
SANY finished.
@!@!@ENDMSG 2219 @!@!@
@!@!@STARTMSG 2185:0 @!@!@
Starting... (2025-11-06 14:30:13)
@!@!@ENDMSG 2185 @!@!@
@!@!@STARTMSG 2189:0 @!@!@
Computing initial states...
@!@!@ENDMSG 2189 @!@!@
@!@!@STARTMSG 2190:0 @!@!@
Finished computing initial states: 1 distinct state generated at 2025-11-06 14:30:15.
@!@!@ENDMSG 2190 @!@!@
@!@!@STARTMSG 2200:0 @!@!@
Progress(7) at 2025-11-06 14:30:18: 79,959 states generated (79,959 s/min), 15,412 distinct states found (15,412 ds/min), 10,277 states left on queue.
@!@!@ENDMSG 2200 @!@!@
@!@!@STARTMSG 2193:0 @!@!@
Model checking completed. No error has been found.
  Estimates of the probability that TLC did not check all reachable states
  because two distinct states had the same fingerprint:
  calculated (optimistic):  val = 4.6E-10
  based on the actual fingerprints:  val = 1.2E-11
@!@!@ENDMSG 2193 @!@!@
@!@!@STARTMSG 2201:0 @!@!@
The coverage statistics at 2025-11-06 14:30:29
@!@!@ENDMSG 2201 @!@!@
@!@!@STARTMSG 2773:0 @!@!@
<Init line 44, col 1 to line 44, col 4 of module SplitLess_replica_group_expenses>: 1:1
@!@!@ENDMSG 2773 @!@!@
@!@!@STARTMSG 2221:0 @!@!@
  line 45, col 8 to line 52, col 27 of module SplitLess_replica_group_expenses: 1
@!@!@ENDMSG 2221 @!@!@
@!@!@STARTMSG 2772:0 @!@!@
<CreateGroup line 119, col 1 to line 119, col 11 of module SplitLess_replica_group_expenses (123 9 134 51)>: 1367:56640
@!@!@ENDMSG 2772 @!@!@
@!@!@STARTMSG 2221:0 @!@!@
  line 123, col 12 to line 123, col 40 of module SplitLess_replica_group_expenses: 253848
@!@!@ENDMSG 2221 @!@!@
@!@!@STARTMSG 2221:0 @!@!@
  |line 123, col 12 to line 123, col 34 of module SplitLess_replica_group_expenses: 197208
@!@!@ENDMSG 2221 @!@!@
@!@!@STARTMSG 2221:0 @!@!@
  |line 123, col 38 to line 123, col 40 of module SplitLess_replica_group_expenses: 197208
@!@!@ENDMSG 2221 @!@!@
@!@!@STARTMSG 2221:0 @!@!@
  line 125, col 51 to line 125, col 91 of module SplitLess_replica_group_expenses: 278456
@!@!@ENDMSG 2221 @!@!@
@!@!@STARTMSG 2221:0 @!@!@
  |line 125, col 51 to line 125, col 80 of module SplitLess_replica_group_expenses: 165176
@!@!@ENDMSG 2221 @!@!@
@!@!@STARTMSG 2221:0 @!@!@
  |line 125, col 84 to line 125, col 91 of module SplitLess_replica_group_expenses: 165176
@!@!@ENDMSG 2221 @!@!@
@!@!@STARTMSG 2221:0 @!@!@
  line 125, col 28 to line 125, col 47 of module SplitLess_replica_group_expenses: 98604
@!@!@ENDMSG 2221 @!@!@
@!@!@STARTMSG 2221:0 @!@!@
  line 133, col 15 to line 134, col 51 of module SplitLess_replica_group_expenses: 56640
@!@!@ENDMSG 2221 @!@!@
@!@!@STARTMSG 2772:0 @!@!@
<AddMember line 136, col 1 to line 136, col 9 of module SplitLess_replica_group_expenses (140 9 148 51)>: 412:17264
@!@!@ENDMSG 2772 @!@!@
@!@!@STARTMSG 2221:0 @!@!@
  line 140, col 12 to line 140, col 40 of module SplitLess_replica_group_expenses: 411680
@!@!@ENDMSG 2221 @!@!@
@!@!@STARTMSG 2221:0 @!@!@
  |line 140, col 12 to line 140, col 34 of module SplitLess_replica_group_expenses: 394416
@!@!@ENDMSG 2221 @!@!@
@!@!@STARTMSG 2221:0 @!@!@
  |line 140, col 38 to line 140, col 40 of module SplitLess_replica_group_expenses: 394416
@!@!@ENDMSG 2221 @!@!@
@!@!@STARTMSG 2221:0 @!@!@
  line 141, col 12 to line 141, col 47 of module SplitLess_replica_group_expenses: 214472
@!@!@ENDMSG 2221 @!@!@
@!@!@STARTMSG 2221:0 @!@!@
  |line 141, col 12 to line 141, col 36 of module SplitLess_replica_group_expenses: 197208
@!@!@ENDMSG 2221 @!@!@
@!@!@STARTMSG 2221:0 @!@!@
  |line 141, col 40 to line 141, col 47 of module SplitLess_replica_group_expenses: 197208
@!@!@ENDMSG 2221 @!@!@
@!@!@STARTMSG 2221:0 @!@!@
  line 66, col 3 to line 66, col 23 of module SplitLess_replica_group_expenses: 81328
@!@!@ENDMSG 2221 @!@!@
@!@!@STARTMSG 2221:0 @!@!@
  |line 66, col 3 to line 66, col 19 of module SplitLess_replica_group_expenses: 64064
@!@!@ENDMSG 2221 @!@!@
@!@!@STARTMSG 2221:0 @!@!@
  line 142, col 21 to line 142, col 60 of module SplitLess_replica_group_expenses: 64064
@!@!@ENDMSG 2221 @!@!@
@!@!@STARTMSG 2221:0 @!@!@
  line 143, col 12 to line 143, col 66 of module SplitLess_replica_group_expenses: 55848
@!@!@ENDMSG 2221 @!@!@
@!@!@STARTMSG 2221:0 @!@!@
  |line 143, col 13 to line 143, col 66 of module SplitLess_replica_group_expenses: 38584
@!@!@ENDMSG 2221 @!@!@
@!@!@STARTMSG 2221:0 @!@!@
  line 147, col 15 to line 148, col 51 of module SplitLess_replica_group_expenses: 17264
@!@!@ENDMSG 2221 @!@!@
@!@!@STARTMSG 2772:0 @!@!@
<LeaveGroup line 150, col 1 to line 150, col 10 of module SplitLess_replica_group_expenses (154 9 165 51)>: 418:19292
@!@!@ENDMSG 2772 @!@!@
@!@!@STARTMSG 2221:0 @!@!@
  line 154, col 12 to line 154, col 40 of module SplitLess_replica_group_expenses: 216500
@!@!@ENDMSG 2221 @!@!@
@!@!@STARTMSG 2221:0 @!@!@
  |line 154, col 12 to line 154, col 34 of module SplitLess_replica_group_expenses: 197208
@!@!@ENDMSG 2221 @!@!@
@!@!@STARTMSG 2221:0 @!@!@
  |line 154, col 38 to line 154, col 40 of module SplitLess_replica_group_expenses: 197208
@!@!@ENDMSG 2221 @!@!@
@!@!@STARTMSG 2221:0 @!@!@
  line 155, col 12 to line 155, col 47 of module SplitLess_replica_group_expenses: 117896
@!@!@ENDMSG 2221 @!@!@
@!@!@STARTMSG 2221:0 @!@!@
  |line 155, col 12 to line 155, col 36 of module SplitLess_replica_group_expenses: 98604
@!@!@ENDMSG 2221 @!@!@
@!@!@STARTMSG 2221:0 @!@!@
  |line 155, col 40 to line 155, col 47 of module SplitLess_replica_group_expenses: 98604
@!@!@ENDMSG 2221 @!@!@
@!@!@STARTMSG 2221:0 @!@!@
  line 66, col 3 to line 66, col 23 of module SplitLess_replica_group_expenses: 51324
@!@!@ENDMSG 2221 @!@!@
@!@!@STARTMSG 2221:0 @!@!@
  |line 66, col 3 to line 66, col 19 of module SplitLess_replica_group_expenses: 32032
@!@!@ENDMSG 2221 @!@!@
@!@!@STARTMSG 2221:0 @!@!@
  line 156, col 21 to line 156, col 60 of module SplitLess_replica_group_expenses: 32032
@!@!@ENDMSG 2221 @!@!@
@!@!@STARTMSG 2221:0 @!@!@
  line 157, col 12 to line 157, col 50 of module SplitLess_replica_group_expenses: 19292
@!@!@ENDMSG 2221 @!@!@
@!@!@STARTMSG 2221:0 @!@!@
  |line 157, col 12 to line 157, col 45 of module SplitLess_replica_group_expenses: 19292
@!@!@ENDMSG 2221 @!@!@
@!@!@STARTMSG 2221:0 @!@!@
  ||line 79, col 30 to line 79, col 75 of module SplitLess_replica_group_expenses: 19292
@!@!@ENDMSG 2221 @!@!@
@!@!@STARTMSG 2775:0 @!@!@
  |||line 60, col 3 to line 63, col 46 of module SplitLess_replica_group_expenses: 19292:39624
@!@!@ENDMSG 2775 @!@!@
@!@!@STARTMSG 2221:0 @!@!@
  ||||line 61, col 7 to line 63, col 44 of module SplitLess_replica_group_expenses: 38584
@!@!@ENDMSG 2221 @!@!@
@!@!@STARTMSG 2221:0 @!@!@
  |||||line 61, col 10 to line 61, col 45 of module SplitLess_replica_group_expenses: 38584
@!@!@ENDMSG 2221 @!@!@
@!@!@STARTMSG 2221:0 @!@!@
  |||||line 62, col 10 to line 62, col 48 of module SplitLess_replica_group_expenses: 28696
@!@!@ENDMSG 2221 @!@!@
@!@!@STARTMSG 2221:0 @!@!@
  |||||line 63, col 10 to line 63, col 44 of module SplitLess_replica_group_expenses: 26200
@!@!@ENDMSG 2221 @!@!@
@!@!@STARTMSG 2221:0 @!@!@
  ||||line 60, col 13 to line 60, col 32 of module SplitLess_replica_group_expenses: 19292
@!@!@ENDMSG 2221 @!@!@
@!@!@STARTMSG 2221:0 @!@!@
  |||line 79, col 46 to line 79, col 48 of module SplitLess_replica_group_expenses: 17308
@!@!@ENDMSG 2221 @!@!@
@!@!@STARTMSG 2221:0 @!@!@
  |||line 79, col 51 to line 79, col 74 of module SplitLess_replica_group_expenses: 19292
@!@!@ENDMSG 2221 @!@!@
@!@!@STARTMSG 2221:0 @!@!@
  ||line 80, col 12 to line 84, col 55 of module SplitLess_replica_group_expenses: 19292
@!@!@ENDMSG 2221 @!@!@
@!@!@STARTMSG 2221:0 @!@!@
  |||line 80, col 12 to line 83, col 95 of module SplitLess_replica_group_expenses: 19292
@!@!@ENDMSG 2221 @!@!@
@!@!@STARTMSG 2221:0 @!@!@
  ||||line 80, col 12 to line 82, col 79 of module SplitLess_replica_group_expenses: 19292
@!@!@ENDMSG 2221 @!@!@
@!@!@STARTMSG 2221:0 @!@!@
  |||||line 73, col 7 to line 75, col 65 of module SplitLess_replica_group_expenses: 19812
@!@!@ENDMSG 2221 @!@!@
@!@!@STARTMSG 2221:0 @!@!@
  ||||||line 73, col 10 to line 73, col 22 of module SplitLess_replica_group_expenses: 19812
@!@!@ENDMSG 2221 @!@!@
@!@!@STARTMSG 2221:0 @!@!@
  ||||||line 74, col 21 to line 74, col 48 of module SplitLess_replica_group_expenses: 520
@!@!@ENDMSG 2221 @!@!@
@!@!@STARTMSG 2221:0 @!@!@
  ||||||line 75, col 15 to line 75, col 65 of module SplitLess_replica_group_expenses: 520
@!@!@ENDMSG 2221 @!@!@
@!@!@STARTMSG 2775:0 @!@!@
  |||||line 80, col 24 to line 82, col 78 of module SplitLess_replica_group_expenses: 19292:520
@!@!@ENDMSG 2775 @!@!@
@!@!@STARTMSG 2221:0 @!@!@
  ||||line 83, col 14 to line 83, col 95 of module SplitLess_replica_group_expenses: 19292
@!@!@ENDMSG 2221 @!@!@
@!@!@STARTMSG 2221:0 @!@!@
  |||||line 73, col 7 to line 75, col 65 of module SplitLess_replica_group_expenses: 19812
@!@!@ENDMSG 2221 @!@!@
@!@!@STARTMSG 2221:0 @!@!@
  ||||||line 73, col 10 to line 73, col 22 of module SplitLess_replica_group_expenses: 19812
@!@!@ENDMSG 2221 @!@!@
@!@!@STARTMSG 2221:0 @!@!@
  ||||||line 74, col 21 to line 74, col 48 of module SplitLess_replica_group_expenses: 520
@!@!@ENDMSG 2221 @!@!@
@!@!@STARTMSG 2221:0 @!@!@
  ||||||line 75, col 15 to line 75, col 65 of module SplitLess_replica_group_expenses: 520
@!@!@ENDMSG 2221 @!@!@
@!@!@STARTMSG 2775:0 @!@!@
  |||||line 83, col 26 to line 83, col 94 of module SplitLess_replica_group_expenses: 19292:520
@!@!@ENDMSG 2775 @!@!@
@!@!@STARTMSG 2221:0 @!@!@
  |||line 84, col 14 to line 84, col 55 of module SplitLess_replica_group_expenses: 19292
@!@!@ENDMSG 2221 @!@!@
@!@!@STARTMSG 2221:0 @!@!@
  ||line 157, col 20 to line 157, col 24 of module SplitLess_replica_group_expenses: 19292
@!@!@ENDMSG 2221 @!@!@
@!@!@STARTMSG 2221:0 @!@!@
  ||line 157, col 27 to line 157, col 29 of module SplitLess_replica_group_expenses: 19292
@!@!@ENDMSG 2221 @!@!@
@!@!@STARTMSG 2221:0 @!@!@
  ||line 157, col 32 to line 157, col 44 of module SplitLess_replica_group_expenses: 19292
@!@!@ENDMSG 2221 @!@!@
@!@!@STARTMSG 2221:0 @!@!@
  line 164, col 18 to line 164, col 66 of module SplitLess_replica_group_expenses: 19292
@!@!@ENDMSG 2221 @!@!@
@!@!@STARTMSG 2221:0 @!@!@
  |line 164, col 30 to line 164, col 66 of module SplitLess_replica_group_expenses: 19292
@!@!@ENDMSG 2221 @!@!@
@!@!@STARTMSG 2221:0 @!@!@
  ||line 164, col 31 to line 164, col 38 of module SplitLess_replica_group_expenses: 19292
@!@!@ENDMSG 2221 @!@!@
@!@!@STARTMSG 2221:0 @!@!@
  ||line 164, col 47 to line 164, col 65 of module SplitLess_replica_group_expenses: 19292
@!@!@ENDMSG 2221 @!@!@
@!@!@STARTMSG 2221:0 @!@!@
  ||line 164, col 56 to line 164, col 65 of module SplitLess_replica_group_expenses: 19292
@!@!@ENDMSG 2221 @!@!@
@!@!@STARTMSG 2221:0 @!@!@
  |||line 163, col 16 to line 163, col 60 of module SplitLess_replica_group_expenses: 19292
@!@!@ENDMSG 2221 @!@!@
@!@!@STARTMSG 2221:0 @!@!@
  ||||line 163, col 18 to line 163, col 30 of module SplitLess_replica_group_expenses: 19292
@!@!@ENDMSG 2221 @!@!@
@!@!@STARTMSG 2221:0 @!@!@
  ||||line 163, col 50 to line 163, col 58 of module SplitLess_replica_group_expenses: 19292
@!@!@ENDMSG 2221 @!@!@
@!@!@STARTMSG 2221:0 @!@!@
  |||||line 161, col 27 to line 161, col 84 of module SplitLess_replica_group_expenses: 19292
@!@!@ENDMSG 2221 @!@!@
@!@!@STARTMSG 2775:0 @!@!@
  ||||||line 107, col 7 to line 112, col 7 of module SplitLess_replica_group_expenses: 19292:38584
@!@!@ENDMSG 2775 @!@!@
@!@!@STARTMSG 2221:0 @!@!@
  ||||||line 161, col 39 to line 161, col 51 of module SplitLess_replica_group_expenses: 19292
@!@!@ENDMSG 2221 @!@!@
@!@!@STARTMSG 2221:0 @!@!@
  ||||||line 161, col 54 to line 161, col 83 of module SplitLess_replica_group_expenses: 6084
@!@!@ENDMSG 2221 @!@!@
@!@!@STARTMSG 2221:0 @!@!@
  line 165, col 18 to line 165, col 51 of module SplitLess_replica_group_expenses: 19292
@!@!@ENDMSG 2221 @!@!@
@!@!@STARTMSG 2772:0 @!@!@
<CreateExpense line 172, col 1 to line 172, col 13 of module SplitLess_replica_group_expenses (177 9 193 43)>: 4199:13980
@!@!@ENDMSG 2772 @!@!@
@!@!@STARTMSG 2221:0 @!@!@
  line 177, col 12 to line 177, col 40 of module SplitLess_replica_group_expenses: 802812
@!@!@ENDMSG 2221 @!@!@
@!@!@STARTMSG 2221:0 @!@!@
  |line 177, col 12 to line 177, col 34 of module SplitLess_replica_group_expenses: 788832
@!@!@ENDMSG 2221 @!@!@
@!@!@STARTMSG 2221:0 @!@!@
  |line 177, col 38 to line 177, col 40 of module SplitLess_replica_group_expenses: 788832
@!@!@ENDMSG 2221 @!@!@
@!@!@STARTMSG 2221:0 @!@!@
  line 178, col 12 to line 178, col 34 of module SplitLess_replica_group_expenses: 13980
@!@!@ENDMSG 2221 @!@!@
@!@!@STARTMSG 2221:0 @!@!@
  |line 178, col 12 to line 178, col 30 of module SplitLess_replica_group_expenses: 394416
@!@!@ENDMSG 2221 @!@!@
@!@!@STARTMSG 2221:0 @!@!@
  ||line 73, col 7 to line 75, col 65 of module SplitLess_replica_group_expenses: 1183248
@!@!@ENDMSG 2221 @!@!@
@!@!@STARTMSG 2221:0 @!@!@
  |||line 73, col 10 to line 73, col 22 of module SplitLess_replica_group_expenses: 1183248
@!@!@ENDMSG 2221 @!@!@
@!@!@STARTMSG 2221:0 @!@!@
  |||line 74, col 21 to line 74, col 48 of module SplitLess_replica_group_expenses: 788832
@!@!@ENDMSG 2221 @!@!@
@!@!@STARTMSG 2221:0 @!@!@
  |||line 75, col 15 to line 75, col 65 of module SplitLess_replica_group_expenses: 788832
@!@!@ENDMSG 2221 @!@!@
@!@!@STARTMSG 2221:0 @!@!@
  ||line 178, col 24 to line 178, col 29 of module SplitLess_replica_group_expenses: 394416
@!@!@ENDMSG 2221 @!@!@
@!@!@STARTMSG 2221:0 @!@!@
  line 180, col 51 to line 180, col 103 of module SplitLess_replica_group_expenses: 393132
@!@!@ENDMSG 2221 @!@!@
@!@!@STARTMSG 2221:0 @!@!@
  |line 180, col 51 to line 180, col 90 of module SplitLess_replica_group_expenses: 365172
@!@!@ENDMSG 2221 @!@!@
@!@!@STARTMSG 2221:0 @!@!@
  |line 180, col 94 to line 180, col 103 of module SplitLess_replica_group_expenses: 365172
@!@!@ENDMSG 2221 @!@!@
@!@!@STARTMSG 2221:0 @!@!@
  line 180, col 28 to line 180, col 47 of module SplitLess_replica_group_expenses: 295812
@!@!@ENDMSG 2221 @!@!@
@!@!@STARTMSG 2221:0 @!@!@
  line 191, col 18 to line 191, col 66 of module SplitLess_replica_group_expenses: 13980
@!@!@ENDMSG 2221 @!@!@
@!@!@STARTMSG 2221:0 @!@!@
  |line 191, col 30 to line 191, col 66 of module SplitLess_replica_group_expenses: 13980
@!@!@ENDMSG 2221 @!@!@
@!@!@STARTMSG 2221:0 @!@!@
  ||line 191, col 31 to line 191, col 38 of module SplitLess_replica_group_expenses: 13980
@!@!@ENDMSG 2221 @!@!@
@!@!@STARTMSG 2221:0 @!@!@
  ||line 191, col 47 to line 191, col 65 of module SplitLess_replica_group_expenses: 13980
@!@!@ENDMSG 2221 @!@!@
@!@!@STARTMSG 2221:0 @!@!@
  ||line 191, col 56 to line 191, col 65 of module SplitLess_replica_group_expenses: 13980
@!@!@ENDMSG 2221 @!@!@
@!@!@STARTMSG 2221:0 @!@!@
  |||line 190, col 16 to line 190, col 91 of module SplitLess_replica_group_expenses: 13980
@!@!@ENDMSG 2221 @!@!@
@!@!@STARTMSG 2221:0 @!@!@
  ||||line 190, col 18 to line 190, col 30 of module SplitLess_replica_group_expenses: 13980
@!@!@ENDMSG 2221 @!@!@
@!@!@STARTMSG 2221:0 @!@!@
  ||||line 190, col 60 to line 190, col 89 of module SplitLess_replica_group_expenses: 13980
@!@!@ENDMSG 2221 @!@!@
@!@!@STARTMSG 2221:0 @!@!@
  |||||line 190, col 70 to line 190, col 88 of module SplitLess_replica_group_expenses: 13980
@!@!@ENDMSG 2221 @!@!@
@!@!@STARTMSG 2221:0 @!@!@
  |||||line 190, col 79 to line 190, col 88 of module SplitLess_replica_group_expenses: 13980
@!@!@ENDMSG 2221 @!@!@
@!@!@STARTMSG 2221:0 @!@!@
  ||||||line 182, col 15 to line 188, col 35 of module SplitLess_replica_group_expenses: 13980
@!@!@ENDMSG 2221 @!@!@
@!@!@STARTMSG 2221:0 @!@!@
  |||||||line 182, col 17 to line 182, col 26 of module SplitLess_replica_group_expenses: 13980
@!@!@ENDMSG 2221 @!@!@
@!@!@STARTMSG 2221:0 @!@!@
  |||||||line 183, col 17 to line 183, col 34 of module SplitLess_replica_group_expenses: 13980
@!@!@ENDMSG 2221 @!@!@
@!@!@STARTMSG 2221:0 @!@!@
  |||||||line 185, col 17 to line 185, col 31 of module SplitLess_replica_group_expenses: 13980
@!@!@ENDMSG 2221 @!@!@
@!@!@STARTMSG 2221:0 @!@!@
  |||||||line 186, col 28 to line 186, col 46 of module SplitLess_replica_group_expenses: 13980
@!@!@ENDMSG 2221 @!@!@
@!@!@STARTMSG 2221:0 @!@!@
  ||||||||line 73, col 7 to line 75, col 65 of module SplitLess_replica_group_expenses: 41940
@!@!@ENDMSG 2221 @!@!@
@!@!@STARTMSG 2221:0 @!@!@
  |||||||||line 73, col 10 to line 73, col 22 of module SplitLess_replica_group_expenses: 41940
@!@!@ENDMSG 2221 @!@!@
@!@!@STARTMSG 2221:0 @!@!@
  |||||||||line 74, col 21 to line 74, col 48 of module SplitLess_replica_group_expenses: 27960
@!@!@ENDMSG 2221 @!@!@
@!@!@STARTMSG 2221:0 @!@!@
  |||||||||line 75, col 15 to line 75, col 65 of module SplitLess_replica_group_expenses: 27960
@!@!@ENDMSG 2221 @!@!@
@!@!@STARTMSG 2221:0 @!@!@
  ||||||||line 186, col 40 to line 186, col 45 of module SplitLess_replica_group_expenses: 13980
@!@!@ENDMSG 2221 @!@!@
@!@!@STARTMSG 2221:0 @!@!@
  |||||||line 187, col 17 to line 187, col 33 of module SplitLess_replica_group_expenses: 13980
@!@!@ENDMSG 2221 @!@!@
@!@!@STARTMSG 2221:0 @!@!@
  |||||||line 188, col 17 to line 188, col 33 of module SplitLess_replica_group_expenses: 13980
@!@!@ENDMSG 2221 @!@!@
@!@!@STARTMSG 2221:0 @!@!@
  line 193, col 18 to line 193, col 43 of module SplitLess_replica_group_expenses: 13980
@!@!@ENDMSG 2221 @!@!@
@!@!@STARTMSG 2772:0 @!@!@
<AddExpenseToGroup line 195, col 1 to line 195, col 17 of module SplitLess_replica_group_expenses (200 9 215 51)>: 347:7232
@!@!@ENDMSG 2772 @!@!@
@!@!@STARTMSG 2221:0 @!@!@
  line 200, col 12 to line 200, col 40 of module SplitLess_replica_group_expenses: 401648
@!@!@ENDMSG 2221 @!@!@
@!@!@STARTMSG 2221:0 @!@!@
  |line 200, col 12 to line 200, col 34 of module SplitLess_replica_group_expenses: 394416
@!@!@ENDMSG 2221 @!@!@
@!@!@STARTMSG 2221:0 @!@!@
  |line 200, col 38 to line 200, col 40 of module SplitLess_replica_group_expenses: 394416
@!@!@ENDMSG 2221 @!@!@
@!@!@STARTMSG 2221:0 @!@!@
  line 201, col 12 to line 201, col 47 of module SplitLess_replica_group_expenses: 204440
@!@!@ENDMSG 2221 @!@!@
@!@!@STARTMSG 2221:0 @!@!@
  |line 201, col 12 to line 201, col 36 of module SplitLess_replica_group_expenses: 197208
@!@!@ENDMSG 2221 @!@!@
@!@!@STARTMSG 2221:0 @!@!@
  |line 201, col 40 to line 201, col 47 of module SplitLess_replica_group_expenses: 197208
@!@!@ENDMSG 2221 @!@!@
@!@!@STARTMSG 2221:0 @!@!@
  line 202, col 12 to line 202, col 59 of module SplitLess_replica_group_expenses: 71296
@!@!@ENDMSG 2221 @!@!@
@!@!@STARTMSG 2221:0 @!@!@
  |line 202, col 12 to line 202, col 46 of module SplitLess_replica_group_expenses: 64064
@!@!@ENDMSG 2221 @!@!@
@!@!@STARTMSG 2221:0 @!@!@
  |line 202, col 50 to line 202, col 59 of module SplitLess_replica_group_expenses: 64064
@!@!@ENDMSG 2221 @!@!@
@!@!@STARTMSG 2221:0 @!@!@
  line 66, col 3 to line 66, col 23 of module SplitLess_replica_group_expenses: 54472
@!@!@ENDMSG 2221 @!@!@
@!@!@STARTMSG 2221:0 @!@!@
  |line 66, col 3 to line 66, col 19 of module SplitLess_replica_group_expenses: 47240
@!@!@ENDMSG 2221 @!@!@
@!@!@STARTMSG 2221:0 @!@!@
  line 203, col 21 to line 203, col 60 of module SplitLess_replica_group_expenses: 47240
@!@!@ENDMSG 2221 @!@!@
@!@!@STARTMSG 2221:0 @!@!@
  line 204, col 12 to line 204, col 60 of module SplitLess_replica_group_expenses: 35928
@!@!@ENDMSG 2221 @!@!@
@!@!@STARTMSG 2221:0 @!@!@
  |line 204, col 12 to line 204, col 52 of module SplitLess_replica_group_expenses: 28696
@!@!@ENDMSG 2221 @!@!@
@!@!@STARTMSG 2221:0 @!@!@
  |line 204, col 56 to line 204, col 60 of module SplitLess_replica_group_expenses: 28696
@!@!@ENDMSG 2221 @!@!@
@!@!@STARTMSG 2221:0 @!@!@
  line 205, col 12 to line 205, col 63 of module SplitLess_replica_group_expenses: 25704
@!@!@ENDMSG 2221 @!@!@
@!@!@STARTMSG 2221:0 @!@!@
  |line 205, col 12 to line 205, col 52 of module SplitLess_replica_group_expenses: 18472
@!@!@ENDMSG 2221 @!@!@
@!@!@STARTMSG 2221:0 @!@!@
  |line 205, col 56 to line 205, col 63 of module SplitLess_replica_group_expenses: 18472
@!@!@ENDMSG 2221 @!@!@
@!@!@STARTMSG 2221:0 @!@!@
  line 206, col 12 to line 207, col 86 of module SplitLess_replica_group_expenses: 25184
@!@!@ENDMSG 2221 @!@!@
@!@!@STARTMSG 2775:0 @!@!@
  |line 206, col 12 to line 206, col 76 of module SplitLess_replica_group_expenses: 17952:28488
@!@!@ENDMSG 2775 @!@!@
@!@!@STARTMSG 2221:0 @!@!@
  ||line 206, col 27 to line 206, col 75 of module SplitLess_replica_group_expenses: 35904
@!@!@ENDMSG 2221 @!@!@
@!@!@STARTMSG 2221:0 @!@!@
  ||line 206, col 19 to line 206, col 23 of module SplitLess_replica_group_expenses: 17952
@!@!@ENDMSG 2221 @!@!@
@!@!@STARTMSG 2221:0 @!@!@
  |line 207, col 25 to line 207, col 86 of module SplitLess_replica_group_expenses: 17952
@!@!@ENDMSG 2221 @!@!@
@!@!@STARTMSG 2221:0 @!@!@
  ||line 207, col 40 to line 207, col 85 of module SplitLess_replica_group_expenses: 35904
@!@!@ENDMSG 2221 @!@!@
@!@!@STARTMSG 2221:0 @!@!@
  ||line 207, col 32 to line 207, col 36 of module SplitLess_replica_group_expenses: 17952
@!@!@ENDMSG 2221 @!@!@
@!@!@STARTMSG 2221:0 @!@!@
  line 214, col 15 to line 215, col 51 of module SplitLess_replica_group_expenses: 7232
@!@!@ENDMSG 2221 @!@!@
@!@!@STARTMSG 2772:0 @!@!@
<RemoveExpenseFromGroup line 217, col 1 to line 217, col 22 of module SplitLess_replica_group_expenses (222 9 234 47)>: 0:520
@!@!@ENDMSG 2772 @!@!@
@!@!@STARTMSG 2221:0 @!@!@
  line 222, col 12 to line 222, col 40 of module SplitLess_replica_group_expenses: 394936
@!@!@ENDMSG 2221 @!@!@
@!@!@STARTMSG 2221:0 @!@!@
  |line 222, col 12 to line 222, col 34 of module SplitLess_replica_group_expenses: 394416
@!@!@ENDMSG 2221 @!@!@
@!@!@STARTMSG 2221:0 @!@!@
  |line 222, col 38 to line 222, col 40 of module SplitLess_replica_group_expenses: 394416
@!@!@ENDMSG 2221 @!@!@
@!@!@STARTMSG 2221:0 @!@!@
  line 223, col 12 to line 223, col 47 of module SplitLess_replica_group_expenses: 197728
@!@!@ENDMSG 2221 @!@!@
@!@!@STARTMSG 2221:0 @!@!@
  |line 223, col 12 to line 223, col 36 of module SplitLess_replica_group_expenses: 197208
@!@!@ENDMSG 2221 @!@!@
@!@!@STARTMSG 2221:0 @!@!@
  |line 223, col 40 to line 223, col 47 of module SplitLess_replica_group_expenses: 197208
@!@!@ENDMSG 2221 @!@!@
@!@!@STARTMSG 2221:0 @!@!@
  line 224, col 12 to line 224, col 59 of module SplitLess_replica_group_expenses: 64584
@!@!@ENDMSG 2221 @!@!@
@!@!@STARTMSG 2221:0 @!@!@
  |line 224, col 12 to line 224, col 46 of module SplitLess_replica_group_expenses: 64064
@!@!@ENDMSG 2221 @!@!@
@!@!@STARTMSG 2221:0 @!@!@
  |line 224, col 50 to line 224, col 59 of module SplitLess_replica_group_expenses: 64064
@!@!@ENDMSG 2221 @!@!@
@!@!@STARTMSG 2221:0 @!@!@
  line 66, col 3 to line 66, col 23 of module SplitLess_replica_group_expenses: 47760
@!@!@ENDMSG 2221 @!@!@
@!@!@STARTMSG 2221:0 @!@!@
  |line 66, col 3 to line 66, col 19 of module SplitLess_replica_group_expenses: 47240
@!@!@ENDMSG 2221 @!@!@
@!@!@STARTMSG 2221:0 @!@!@
  line 225, col 21 to line 225, col 60 of module SplitLess_replica_group_expenses: 47240
@!@!@ENDMSG 2221 @!@!@
@!@!@STARTMSG 2221:0 @!@!@
  line 226, col 12 to line 226, col 58 of module SplitLess_replica_group_expenses: 29216
@!@!@ENDMSG 2221 @!@!@
@!@!@STARTMSG 2221:0 @!@!@
  |line 226, col 12 to line 226, col 52 of module SplitLess_replica_group_expenses: 28696
@!@!@ENDMSG 2221 @!@!@
@!@!@STARTMSG 2221:0 @!@!@
  |line 226, col 56 to line 226, col 58 of module SplitLess_replica_group_expenses: 28696
@!@!@ENDMSG 2221 @!@!@
@!@!@STARTMSG 2221:0 @!@!@
  line 227, col 12 to line 227, col 60 of module SplitLess_replica_group_expenses: 1040
@!@!@ENDMSG 2221 @!@!@
@!@!@STARTMSG 2221:0 @!@!@
  |line 227, col 12 to line 227, col 52 of module SplitLess_replica_group_expenses: 520
@!@!@ENDMSG 2221 @!@!@
@!@!@STARTMSG 2221:0 @!@!@
  |line 227, col 56 to line 227, col 60 of module SplitLess_replica_group_expenses: 520
@!@!@ENDMSG 2221 @!@!@
@!@!@STARTMSG 2221:0 @!@!@
  line 233, col 15 to line 234, col 47 of module SplitLess_replica_group_expenses: 520
@!@!@ENDMSG 2221 @!@!@
@!@!@STARTMSG 2772:0 @!@!@
<ModifyExpenseParameters line 236, col 1 to line 236, col 23 of module SplitLess_replica_group_expenses (241 9 262 51)>: 6650:139876
@!@!@ENDMSG 2772 @!@!@
@!@!@STARTMSG 2221:0 @!@!@
  line 241, col 12 to line 241, col 40 of module SplitLess_replica_group_expenses: 928708
@!@!@ENDMSG 2221 @!@!@
@!@!@STARTMSG 2221:0 @!@!@
  |line 241, col 12 to line 241, col 34 of module SplitLess_replica_group_expenses: 788832
@!@!@ENDMSG 2221 @!@!@
@!@!@STARTMSG 2221:0 @!@!@
  |line 241, col 38 to line 241, col 40 of module SplitLess_replica_group_expenses: 788832
@!@!@ENDMSG 2221 @!@!@
@!@!@STARTMSG 2221:0 @!@!@
  line 242, col 12 to line 242, col 59 of module SplitLess_replica_group_expenses: 534292
@!@!@ENDMSG 2221 @!@!@
@!@!@STARTMSG 2221:0 @!@!@
  |line 242, col 12 to line 242, col 46 of module SplitLess_replica_group_expenses: 394416
@!@!@ENDMSG 2221 @!@!@
@!@!@STARTMSG 2221:0 @!@!@
  |line 242, col 50 to line 242, col 59 of module SplitLess_replica_group_expenses: 394416
@!@!@ENDMSG 2221 @!@!@
@!@!@STARTMSG 2221:0 @!@!@
  line 243, col 12 to line 243, col 60 of module SplitLess_replica_group_expenses: 441812
@!@!@ENDMSG 2221 @!@!@
@!@!@STARTMSG 2221:0 @!@!@
  |line 243, col 12 to line 243, col 52 of module SplitLess_replica_group_expenses: 301936
@!@!@ENDMSG 2221 @!@!@
@!@!@STARTMSG 2221:0 @!@!@
  |line 243, col 56 to line 243, col 60 of module SplitLess_replica_group_expenses: 301936
@!@!@ENDMSG 2221 @!@!@
@!@!@STARTMSG 2221:0 @!@!@
  line 244, col 12 to line 244, col 34 of module SplitLess_replica_group_expenses: 139876
@!@!@ENDMSG 2221 @!@!@
@!@!@STARTMSG 2221:0 @!@!@
  |line 244, col 12 to line 244, col 30 of module SplitLess_replica_group_expenses: 187888
@!@!@ENDMSG 2221 @!@!@
@!@!@STARTMSG 2221:0 @!@!@
  ||line 73, col 7 to line 75, col 65 of module SplitLess_replica_group_expenses: 563664
@!@!@ENDMSG 2221 @!@!@
@!@!@STARTMSG 2221:0 @!@!@
  |||line 73, col 10 to line 73, col 22 of module SplitLess_replica_group_expenses: 563664
@!@!@ENDMSG 2221 @!@!@
@!@!@STARTMSG 2221:0 @!@!@
  |||line 74, col 21 to line 74, col 48 of module SplitLess_replica_group_expenses: 375776
@!@!@ENDMSG 2221 @!@!@
@!@!@STARTMSG 2221:0 @!@!@
  |||line 75, col 15 to line 75, col 65 of module SplitLess_replica_group_expenses: 375776
@!@!@ENDMSG 2221 @!@!@
@!@!@STARTMSG 2221:0 @!@!@
  ||line 244, col 24 to line 244, col 29 of module SplitLess_replica_group_expenses: 187888
@!@!@ENDMSG 2221 @!@!@
@!@!@STARTMSG 2221:0 @!@!@
  line 245, col 15 to line 245, col 66 of module SplitLess_replica_group_expenses: 140916
@!@!@ENDMSG 2221 @!@!@
@!@!@STARTMSG 2221:0 @!@!@
  line 246, col 17 to line 247, col 126 of module SplitLess_replica_group_expenses: 2080
@!@!@ENDMSG 2221 @!@!@
@!@!@STARTMSG 2775:0 @!@!@
  |line 246, col 17 to line 246, col 45 of module SplitLess_replica_group_expenses: 1560:2340
@!@!@ENDMSG 2775 @!@!@
@!@!@STARTMSG 2221:0 @!@!@
  ||line 246, col 32 to line 246, col 44 of module SplitLess_replica_group_expenses: 3120
@!@!@ENDMSG 2221 @!@!@
@!@!@STARTMSG 2221:0 @!@!@
  ||line 246, col 24 to line 246, col 28 of module SplitLess_replica_group_expenses: 1560
@!@!@ENDMSG 2221 @!@!@
@!@!@STARTMSG 2221:0 @!@!@
  |line 247, col 27 to line 247, col 126 of module SplitLess_replica_group_expenses: 1560
@!@!@ENDMSG 2221 @!@!@
@!@!@STARTMSG 2221:0 @!@!@
  ||line 247, col 42 to line 247, col 125 of module SplitLess_replica_group_expenses: 3120
@!@!@ENDMSG 2221 @!@!@
@!@!@STARTMSG 2221:0 @!@!@
  ||line 247, col 34 to line 247, col 38 of module SplitLess_replica_group_expenses: 1560
@!@!@ENDMSG 2221 @!@!@
@!@!@STARTMSG 2221:0 @!@!@
  line 248, col 17 to line 248, col 20 of module SplitLess_replica_group_expenses: 139356
@!@!@ENDMSG 2221 @!@!@
@!@!@STARTMSG 2221:0 @!@!@
  line 261, col 18 to line 261, col 66 of module SplitLess_replica_group_expenses: 139876
@!@!@ENDMSG 2221 @!@!@
@!@!@STARTMSG 2221:0 @!@!@
  |line 261, col 30 to line 261, col 66 of module SplitLess_replica_group_expenses: 139876
@!@!@ENDMSG 2221 @!@!@
@!@!@STARTMSG 2221:0 @!@!@
  ||line 261, col 31 to line 261, col 38 of module SplitLess_replica_group_expenses: 139876
@!@!@ENDMSG 2221 @!@!@
@!@!@STARTMSG 2221:0 @!@!@
  ||line 261, col 47 to line 261, col 65 of module SplitLess_replica_group_expenses: 139876
@!@!@ENDMSG 2221 @!@!@
@!@!@STARTMSG 2221:0 @!@!@
  ||line 261, col 56 to line 261, col 65 of module SplitLess_replica_group_expenses: 139876
@!@!@ENDMSG 2221 @!@!@
@!@!@STARTMSG 2221:0 @!@!@
  |||line 259, col 16 to line 260, col 60 of module SplitLess_replica_group_expenses: 139876
@!@!@ENDMSG 2221 @!@!@
@!@!@STARTMSG 2221:0 @!@!@
  ||||line 259, col 18 to line 259, col 30 of module SplitLess_replica_group_expenses: 139876
@!@!@ENDMSG 2221 @!@!@
@!@!@STARTMSG 2221:0 @!@!@
  ||||line 259, col 60 to line 259, col 70 of module SplitLess_replica_group_expenses: 139876
@!@!@ENDMSG 2221 @!@!@
@!@!@STARTMSG 2221:0 @!@!@
  |||||line 250, col 16 to line 253, col 42 of module SplitLess_replica_group_expenses: 139876
@!@!@ENDMSG 2221 @!@!@
@!@!@STARTMSG 2221:0 @!@!@
  ||||||line 250, col 18 to line 250, col 47 of module SplitLess_replica_group_expenses: 139876
@!@!@ENDMSG 2221 @!@!@
@!@!@STARTMSG 2221:0 @!@!@
  ||||||line 251, col 19 to line 251, col 40 of module SplitLess_replica_group_expenses: 139876
@!@!@ENDMSG 2221 @!@!@
@!@!@STARTMSG 2221:0 @!@!@
  ||||||line 252, col 19 to line 252, col 53 of module SplitLess_replica_group_expenses: 139876
@!@!@ENDMSG 2221 @!@!@
@!@!@STARTMSG 2221:0 @!@!@
  ||||||line 252, col 35 to line 252, col 53 of module SplitLess_replica_group_expenses: 139876
@!@!@ENDMSG 2221 @!@!@
@!@!@STARTMSG 2221:0 @!@!@
  |||||||line 73, col 7 to line 75, col 65 of module SplitLess_replica_group_expenses: 419628
@!@!@ENDMSG 2221 @!@!@
@!@!@STARTMSG 2221:0 @!@!@
  ||||||||line 73, col 10 to line 73, col 22 of module SplitLess_replica_group_expenses: 419628
@!@!@ENDMSG 2221 @!@!@
@!@!@STARTMSG 2221:0 @!@!@
  ||||||||line 74, col 21 to line 74, col 48 of module SplitLess_replica_group_expenses: 279752
@!@!@ENDMSG 2221 @!@!@
@!@!@STARTMSG 2221:0 @!@!@
  ||||||||line 75, col 15 to line 75, col 65 of module SplitLess_replica_group_expenses: 279752
@!@!@ENDMSG 2221 @!@!@
@!@!@STARTMSG 2221:0 @!@!@
  |||||||line 252, col 47 to line 252, col 52 of module SplitLess_replica_group_expenses: 139876
@!@!@ENDMSG 2221 @!@!@
@!@!@STARTMSG 2221:0 @!@!@
  ||||||line 253, col 19 to line 253, col 40 of module SplitLess_replica_group_expenses: 139876
@!@!@ENDMSG 2221 @!@!@
@!@!@STARTMSG 2221:0 @!@!@
  ||||line 260, col 50 to line 260, col 58 of module SplitLess_replica_group_expenses: 139876
@!@!@ENDMSG 2221 @!@!@
@!@!@STARTMSG 2221:0 @!@!@
  |||||line 255, col 16 to line 257, col 66 of module SplitLess_replica_group_expenses: 139876
@!@!@ENDMSG 2221 @!@!@
@!@!@STARTMSG 2221:0 @!@!@
  ||||||line 255, col 19 to line 255, col 70 of module SplitLess_replica_group_expenses: 139876
@!@!@ENDMSG 2221 @!@!@
@!@!@STARTMSG 2221:0 @!@!@
  ||||||line 256, col 21 to line 256, col 40 of module SplitLess_replica_group_expenses: 139356
@!@!@ENDMSG 2221 @!@!@
@!@!@STARTMSG 2221:0 @!@!@
  ||||||line 257, col 21 to line 257, col 66 of module SplitLess_replica_group_expenses: 520
@!@!@ENDMSG 2221 @!@!@
@!@!@STARTMSG 2775:0 @!@!@
  |||||||line 107, col 7 to line 112, col 7 of module SplitLess_replica_group_expenses: 520:1040
@!@!@ENDMSG 2775 @!@!@
@!@!@STARTMSG 2221:0 @!@!@
  |||||||line 257, col 33 to line 257, col 52 of module SplitLess_replica_group_expenses: 520
@!@!@ENDMSG 2221 @!@!@
@!@!@STARTMSG 2221:0 @!@!@
  |||||||line 257, col 55 to line 257, col 65 of module SplitLess_replica_group_expenses: 520
@!@!@ENDMSG 2221 @!@!@
@!@!@STARTMSG 2221:0 @!@!@
  ||||||||line 250, col 16 to line 253, col 42 of module SplitLess_replica_group_expenses: 520
@!@!@ENDMSG 2221 @!@!@
@!@!@STARTMSG 2221:0 @!@!@
  |||||||||line 250, col 18 to line 250, col 47 of module SplitLess_replica_group_expenses: 520
@!@!@ENDMSG 2221 @!@!@
@!@!@STARTMSG 2221:0 @!@!@
  |||||||||line 251, col 19 to line 251, col 40 of module SplitLess_replica_group_expenses: 520
@!@!@ENDMSG 2221 @!@!@
@!@!@STARTMSG 2221:0 @!@!@
  |||||||||line 252, col 19 to line 252, col 53 of module SplitLess_replica_group_expenses: 520
@!@!@ENDMSG 2221 @!@!@
@!@!@STARTMSG 2221:0 @!@!@
  |||||||||line 252, col 35 to line 252, col 53 of module SplitLess_replica_group_expenses: 520
@!@!@ENDMSG 2221 @!@!@
@!@!@STARTMSG 2221:0 @!@!@
  ||||||||||line 73, col 7 to line 75, col 65 of module SplitLess_replica_group_expenses: 1560
@!@!@ENDMSG 2221 @!@!@
@!@!@STARTMSG 2221:0 @!@!@
  |||||||||||line 73, col 10 to line 73, col 22 of module SplitLess_replica_group_expenses: 1560
@!@!@ENDMSG 2221 @!@!@
@!@!@STARTMSG 2221:0 @!@!@
  |||||||||||line 74, col 21 to line 74, col 48 of module SplitLess_replica_group_expenses: 1040
@!@!@ENDMSG 2221 @!@!@
@!@!@STARTMSG 2221:0 @!@!@
  |||||||||||line 75, col 15 to line 75, col 65 of module SplitLess_replica_group_expenses: 1040
@!@!@ENDMSG 2221 @!@!@
@!@!@STARTMSG 2221:0 @!@!@
  ||||||||||line 252, col 47 to line 252, col 52 of module SplitLess_replica_group_expenses: 520
@!@!@ENDMSG 2221 @!@!@
@!@!@STARTMSG 2221:0 @!@!@
  |||||||||line 253, col 19 to line 253, col 40 of module SplitLess_replica_group_expenses: 520
@!@!@ENDMSG 2221 @!@!@
@!@!@STARTMSG 2221:0 @!@!@
  line 262, col 18 to line 262, col 51 of module SplitLess_replica_group_expenses: 139876
@!@!@ENDMSG 2221 @!@!@
@!@!@STARTMSG 2772:0 @!@!@
<DeleteExpense line 264, col 1 to line 264, col 13 of module SplitLess_replica_group_expenses (268 9 283 51)>: 3611:39628
@!@!@ENDMSG 2772 @!@!@
@!@!@STARTMSG 2221:0 @!@!@
  line 268, col 12 to line 268, col 40 of module SplitLess_replica_group_expenses: 236836
@!@!@ENDMSG 2221 @!@!@
@!@!@STARTMSG 2221:0 @!@!@
  |line 268, col 12 to line 268, col 34 of module SplitLess_replica_group_expenses: 197208
@!@!@ENDMSG 2221 @!@!@
@!@!@STARTMSG 2221:0 @!@!@
  |line 268, col 38 to line 268, col 40 of module SplitLess_replica_group_expenses: 197208
@!@!@ENDMSG 2221 @!@!@
@!@!@STARTMSG 2221:0 @!@!@
  line 269, col 12 to line 269, col 59 of module SplitLess_replica_group_expenses: 138232
@!@!@ENDMSG 2221 @!@!@
@!@!@STARTMSG 2221:0 @!@!@
  |line 269, col 12 to line 269, col 46 of module SplitLess_replica_group_expenses: 98604
@!@!@ENDMSG 2221 @!@!@
@!@!@STARTMSG 2221:0 @!@!@
  |line 269, col 50 to line 269, col 59 of module SplitLess_replica_group_expenses: 98604
@!@!@ENDMSG 2221 @!@!@
@!@!@STARTMSG 2221:0 @!@!@
  line 270, col 12 to line 270, col 60 of module SplitLess_replica_group_expenses: 115112
@!@!@ENDMSG 2221 @!@!@
@!@!@STARTMSG 2221:0 @!@!@
  |line 270, col 12 to line 270, col 52 of module SplitLess_replica_group_expenses: 75484
@!@!@ENDMSG 2221 @!@!@
@!@!@STARTMSG 2221:0 @!@!@
  |line 270, col 56 to line 270, col 60 of module SplitLess_replica_group_expenses: 75484
@!@!@ENDMSG 2221 @!@!@
@!@!@STARTMSG 2221:0 @!@!@
  line 271, col 12 to line 271, col 62 of module SplitLess_replica_group_expenses: 86600
@!@!@ENDMSG 2221 @!@!@
@!@!@STARTMSG 2221:0 @!@!@
  |line 271, col 12 to line 271, col 54 of module SplitLess_replica_group_expenses: 46972
@!@!@ENDMSG 2221 @!@!@
@!@!@STARTMSG 2221:0 @!@!@
  |line 271, col 58 to line 271, col 62 of module SplitLess_replica_group_expenses: 46972
@!@!@ENDMSG 2221 @!@!@
@!@!@STARTMSG 2221:0 @!@!@
  line 272, col 15 to line 272, col 66 of module SplitLess_replica_group_expenses: 39628
@!@!@ENDMSG 2221 @!@!@
@!@!@STARTMSG 2221:0 @!@!@
  line 66, col 3 to line 66, col 23 of module SplitLess_replica_group_expenses: 1040
@!@!@ENDMSG 2221 @!@!@
@!@!@STARTMSG 2221:0 @!@!@
  |line 66, col 3 to line 66, col 19 of module SplitLess_replica_group_expenses: 520
@!@!@ENDMSG 2221 @!@!@
@!@!@STARTMSG 2221:0 @!@!@
  line 273, col 29 to line 273, col 106 of module SplitLess_replica_group_expenses: 520
@!@!@ENDMSG 2221 @!@!@
@!@!@STARTMSG 2221:0 @!@!@
  line 274, col 17 to line 274, col 20 of module SplitLess_replica_group_expenses: 39108
@!@!@ENDMSG 2221 @!@!@
@!@!@STARTMSG 2221:0 @!@!@
  line 282, col 18 to line 282, col 66 of module SplitLess_replica_group_expenses: 39628
@!@!@ENDMSG 2221 @!@!@
@!@!@STARTMSG 2221:0 @!@!@
  |line 282, col 30 to line 282, col 66 of module SplitLess_replica_group_expenses: 39628
@!@!@ENDMSG 2221 @!@!@
@!@!@STARTMSG 2221:0 @!@!@
  ||line 282, col 31 to line 282, col 38 of module SplitLess_replica_group_expenses: 39628
@!@!@ENDMSG 2221 @!@!@
@!@!@STARTMSG 2221:0 @!@!@
  ||line 282, col 47 to line 282, col 65 of module SplitLess_replica_group_expenses: 39628
@!@!@ENDMSG 2221 @!@!@
@!@!@STARTMSG 2221:0 @!@!@
  ||line 282, col 56 to line 282, col 65 of module SplitLess_replica_group_expenses: 39628
@!@!@ENDMSG 2221 @!@!@
@!@!@STARTMSG 2221:0 @!@!@
  |||line 280, col 16 to line 281, col 60 of module SplitLess_replica_group_expenses: 39628
@!@!@ENDMSG 2221 @!@!@
@!@!@STARTMSG 2221:0 @!@!@
  ||||line 280, col 18 to line 280, col 30 of module SplitLess_replica_group_expenses: 39628
@!@!@ENDMSG 2221 @!@!@
@!@!@STARTMSG 2221:0 @!@!@
  ||||line 280, col 39 to line 280, col 70 of module SplitLess_replica_group_expenses: 39628
@!@!@ENDMSG 2221 @!@!@
@!@!@STARTMSG 2221:0 @!@!@
  ||||line 281, col 50 to line 281, col 58 of module SplitLess_replica_group_expenses: 39628
@!@!@ENDMSG 2221 @!@!@
@!@!@STARTMSG 2221:0 @!@!@
  |||||line 278, col 16 to line 278, col 61 of module SplitLess_replica_group_expenses: 39628
@!@!@ENDMSG 2221 @!@!@
@!@!@STARTMSG 2775:0 @!@!@
  ||||||line 107, col 7 to line 112, col 7 of module SplitLess_replica_group_expenses: 39628:79256
@!@!@ENDMSG 2775 @!@!@
@!@!@STARTMSG 2221:0 @!@!@
  ||||||line 278, col 28 to line 278, col 47 of module SplitLess_replica_group_expenses: 39628
@!@!@ENDMSG 2221 @!@!@
@!@!@STARTMSG 2221:0 @!@!@
  ||||||line 278, col 50 to line 278, col 60 of module SplitLess_replica_group_expenses: 22168
@!@!@ENDMSG 2221 @!@!@
@!@!@STARTMSG 2221:0 @!@!@
  line 283, col 18 to line 283, col 51 of module SplitLess_replica_group_expenses: 39628
@!@!@ENDMSG 2221 @!@!@
@!@!@STARTMSG 2772:0 @!@!@
<MergeReplicas line 328, col 1 to line 328, col 13 of module SplitLess_replica_group_expenses (330 5 349 35)>: 7646:49302
@!@!@ENDMSG 2772 @!@!@
@!@!@STARTMSG 2221:0 @!@!@
  line 330, col 8 to line 330, col 24 of module SplitLess_replica_group_expenses: 147906
@!@!@ENDMSG 2221 @!@!@
@!@!@STARTMSG 2221:0 @!@!@
  |line 330, col 8 to line 330, col 13 of module SplitLess_replica_group_expenses: 98604
@!@!@ENDMSG 2221 @!@!@
@!@!@STARTMSG 2221:0 @!@!@
  |line 330, col 17 to line 330, col 24 of module SplitLess_replica_group_expenses: 98604
@!@!@ENDMSG 2221 @!@!@
@!@!@STARTMSG 2221:0 @!@!@
  line 348, col 10 to line 348, col 61 of module SplitLess_replica_group_expenses: 49302
@!@!@ENDMSG 2221 @!@!@
@!@!@STARTMSG 2221:0 @!@!@
  line 349, col 13 to line 349, col 35 of module SplitLess_replica_group_expenses: 49302
@!@!@ENDMSG 2221 @!@!@
@!@!@STARTMSG 2772:0 @!@!@
<Next line 355, col 1 to line 355, col 4 of module SplitLess_replica_group_expenses (365 8 365 44)>: 0:24651
@!@!@ENDMSG 2772 @!@!@
@!@!@STARTMSG 2221:0 @!@!@
  line 365, col 8 to line 365, col 44 of module SplitLess_replica_group_expenses: 24651
@!@!@ENDMSG 2221 @!@!@
@!@!@STARTMSG 2774:0 @!@!@
<TypeOK line 378, col 1 to line 378, col 6 of module SplitLess_replica_group_expenses>
@!@!@ENDMSG 2774 @!@!@
@!@!@STARTMSG 2221:0 @!@!@
  line 379, col 3 to line 383, col 60 of module SplitLess_replica_group_expenses: 273247
@!@!@ENDMSG 2221 @!@!@
@!@!@STARTMSG 2221:0 @!@!@
  |line 380, col 5 to line 383, col 60 of module SplitLess_replica_group_expenses: 546494
@!@!@ENDMSG 2221 @!@!@
@!@!@STARTMSG 2221:0 @!@!@
  |line 379, col 14 to line 379, col 33 of module SplitLess_replica_group_expenses: 273247
@!@!@ENDMSG 2221 @!@!@
@!@!@STARTMSG 2774:0 @!@!@
<Inv_Conservation_of_amount line 385, col 1 to line 385, col 26 of module SplitLess_replica_group_expenses>
@!@!@ENDMSG 2774 @!@!@
@!@!@STARTMSG 2221:0 @!@!@
  line 386, col 3 to line 390, col 43 of module SplitLess_replica_group_expenses: 273247
@!@!@ENDMSG 2221 @!@!@
@!@!@STARTMSG 2221:0 @!@!@
  |line 387, col 5 to line 390, col 43 of module SplitLess_replica_group_expenses: 546494
@!@!@ENDMSG 2221 @!@!@
@!@!@STARTMSG 2221:0 @!@!@
  ||line 388, col 7 to line 390, col 43 of module SplitLess_replica_group_expenses: 1092988
@!@!@ENDMSG 2221 @!@!@
@!@!@STARTMSG 2221:0 @!@!@
  |||line 388, col 7 to line 388, col 54 of module SplitLess_replica_group_expenses: 1092988
@!@!@ENDMSG 2221 @!@!@
@!@!@STARTMSG 2221:0 @!@!@
  |||line 389, col 18 to line 389, col 52 of module SplitLess_replica_group_expenses: 853368
@!@!@ENDMSG 2221 @!@!@
@!@!@STARTMSG 2221:0 @!@!@
  |||line 390, col 12 to line 390, col 43 of module SplitLess_replica_group_expenses: 853368
@!@!@ENDMSG 2221 @!@!@
@!@!@STARTMSG 2221:0 @!@!@
  ||||line 390, col 12 to line 390, col 19 of module SplitLess_replica_group_expenses: 853368
@!@!@ENDMSG 2221 @!@!@
@!@!@STARTMSG 2221:0 @!@!@
  ||||line 390, col 23 to line 390, col 43 of module SplitLess_replica_group_expenses: 853368
@!@!@ENDMSG 2221 @!@!@
@!@!@STARTMSG 2221:0 @!@!@
  |||||line 73, col 7 to line 75, col 65 of module SplitLess_replica_group_expenses: 2560104
@!@!@ENDMSG 2221 @!@!@
@!@!@STARTMSG 2221:0 @!@!@
  ||||||line 73, col 10 to line 73, col 22 of module SplitLess_replica_group_expenses: 2560104
@!@!@ENDMSG 2221 @!@!@
@!@!@STARTMSG 2221:0 @!@!@
  ||||||line 74, col 21 to line 74, col 48 of module SplitLess_replica_group_expenses: 1706736
@!@!@ENDMSG 2221 @!@!@
@!@!@STARTMSG 2221:0 @!@!@
  ||||||line 75, col 15 to line 75, col 65 of module SplitLess_replica_group_expenses: 1706736
@!@!@ENDMSG 2221 @!@!@
@!@!@STARTMSG 2221:0 @!@!@
  |||||line 390, col 35 to line 390, col 42 of module SplitLess_replica_group_expenses: 853368
@!@!@ENDMSG 2221 @!@!@
@!@!@STARTMSG 2221:0 @!@!@
  ||line 387, col 16 to line 387, col 35 of module SplitLess_replica_group_expenses: 546494
@!@!@ENDMSG 2221 @!@!@
@!@!@STARTMSG 2221:0 @!@!@
  |line 386, col 14 to line 386, col 33 of module SplitLess_replica_group_expenses: 273247
@!@!@ENDMSG 2221 @!@!@
@!@!@STARTMSG 2774:0 @!@!@
<Inv_ExpenseGroupExists line 392, col 1 to line 392, col 22 of module SplitLess_replica_group_expenses>
@!@!@ENDMSG 2774 @!@!@
@!@!@STARTMSG 2221:0 @!@!@
  line 393, col 3 to line 399, col 85 of module SplitLess_replica_group_expenses: 273247
@!@!@ENDMSG 2221 @!@!@
@!@!@STARTMSG 2221:0 @!@!@
  |line 394, col 5 to line 399, col 85 of module SplitLess_replica_group_expenses: 546494
@!@!@ENDMSG 2221 @!@!@
@!@!@STARTMSG 2221:0 @!@!@
  ||line 395, col 7 to line 399, col 85 of module SplitLess_replica_group_expenses: 1092988
@!@!@ENDMSG 2221 @!@!@
@!@!@STARTMSG 2221:0 @!@!@
  |||line 395, col 7 to line 397, col 61 of module SplitLess_replica_group_expenses: 1092988
@!@!@ENDMSG 2221 @!@!@
@!@!@STARTMSG 2221:0 @!@!@
  ||||line 395, col 10 to line 395, col 57 of module SplitLess_replica_group_expenses: 1092988
@!@!@ENDMSG 2221 @!@!@
@!@!@STARTMSG 2221:0 @!@!@
  ||||line 396, col 10 to line 396, col 60 of module SplitLess_replica_group_expenses: 853368
@!@!@ENDMSG 2221 @!@!@
@!@!@STARTMSG 2221:0 @!@!@
  ||||line 397, col 10 to line 397, col 61 of module SplitLess_replica_group_expenses: 707392
@!@!@ENDMSG 2221 @!@!@
@!@!@STARTMSG 2221:0 @!@!@
  |||line 399, col 10 to line 399, col 85 of module SplitLess_replica_group_expenses: 12544
@!@!@ENDMSG 2221 @!@!@
@!@!@STARTMSG 2221:0 @!@!@
  ||line 394, col 16 to line 394, col 35 of module SplitLess_replica_group_expenses: 546494
@!@!@ENDMSG 2221 @!@!@
@!@!@STARTMSG 2221:0 @!@!@
  |line 393, col 14 to line 393, col 33 of module SplitLess_replica_group_expenses: 273247
@!@!@ENDMSG 2221 @!@!@
@!@!@STARTMSG 2774:0 @!@!@
<Inv_GroupBalanceZero line 402, col 1 to line 402, col 20 of module SplitLess_replica_group_expenses>
@!@!@ENDMSG 2774 @!@!@
@!@!@STARTMSG 2221:0 @!@!@
  line 403, col 3 to line 411, col 60 of module SplitLess_replica_group_expenses: 273247
@!@!@ENDMSG 2221 @!@!@
@!@!@STARTMSG 2221:0 @!@!@
  |line 404, col 5 to line 411, col 60 of module SplitLess_replica_group_expenses: 546494
@!@!@ENDMSG 2221 @!@!@
@!@!@STARTMSG 2221:0 @!@!@
  ||line 405, col 7 to line 411, col 60 of module SplitLess_replica_group_expenses: 1092988
@!@!@ENDMSG 2221 @!@!@
@!@!@STARTMSG 2221:0 @!@!@
  |||line 405, col 7 to line 405, col 42 of module SplitLess_replica_group_expenses: 1092988
@!@!@ENDMSG 2221 @!@!@
@!@!@STARTMSG 2775:0 @!@!@
  |||line 408, col 15 to line 408, col 82 of module SplitLess_replica_group_expenses: 424552:891276
@!@!@ENDMSG 2775 @!@!@
@!@!@STARTMSG 2221:0 @!@!@
  ||||line 408, col 31 to line 408, col 81 of module SplitLess_replica_group_expenses: 849104
@!@!@ENDMSG 2221 @!@!@
@!@!@STARTMSG 2221:0 @!@!@
  ||||line 408, col 23 to line 408, col 27 of module SplitLess_replica_group_expenses: 424552
@!@!@ENDMSG 2221 @!@!@
@!@!@STARTMSG 2221:0 @!@!@
  |||line 410, col 15 to line 410, col 80 of module SplitLess_replica_group_expenses: 424552
@!@!@ENDMSG 2221 @!@!@
@!@!@STARTMSG 2221:0 @!@!@
  ||||line 73, col 7 to line 75, col 65 of module SplitLess_replica_group_expenses: 891276
@!@!@ENDMSG 2221 @!@!@
@!@!@STARTMSG 2221:0 @!@!@
  |||||line 73, col 10 to line 73, col 22 of module SplitLess_replica_group_expenses: 891276
@!@!@ENDMSG 2221 @!@!@
@!@!@STARTMSG 2221:0 @!@!@
  |||||line 74, col 21 to line 74, col 48 of module SplitLess_replica_group_expenses: 466724
@!@!@ENDMSG 2221 @!@!@
@!@!@STARTMSG 2221:0 @!@!@
  |||||line 75, col 15 to line 75, col 65 of module SplitLess_replica_group_expenses: 466724
@!@!@ENDMSG 2221 @!@!@
@!@!@STARTMSG 2775:0 @!@!@
  ||||line 410, col 27 to line 410, col 79 of module SplitLess_replica_group_expenses: 424552:466724
@!@!@ENDMSG 2775 @!@!@
@!@!@STARTMSG 2221:0 @!@!@
  |||line 411, col 12 to line 411, col 60 of module SplitLess_replica_group_expenses: 424552
@!@!@ENDMSG 2221 @!@!@
@!@!@STARTMSG 2221:0 @!@!@
  ||line 404, col 16 to line 404, col 33 of module SplitLess_replica_group_expenses: 546494
@!@!@ENDMSG 2221 @!@!@
@!@!@STARTMSG 2221:0 @!@!@
  |line 403, col 14 to line 403, col 33 of module SplitLess_replica_group_expenses: 273247
@!@!@ENDMSG 2221 @!@!@
@!@!@STARTMSG 2202:0 @!@!@
End of statistics.
@!@!@ENDMSG 2202 @!@!@
@!@!@STARTMSG 2200:0 @!@!@
Progress(7) at 2025-11-06 14:30:29: 368,386 states generated (1,319,434 s/min), 24,651 distinct states found (88,291 ds/min), 0 states left on queue.
@!@!@ENDMSG 2200 @!@!@
@!@!@STARTMSG 2199:0 @!@!@
368386 states generated, 24651 distinct states found, 0 states left on queue.
@!@!@ENDMSG 2199 @!@!@
@!@!@STARTMSG 2194:0 @!@!@
The depth of the complete state graph search is 7.
@!@!@ENDMSG 2194 @!@!@
@!@!@STARTMSG 2268:0 @!@!@
The average outdegree of the complete state graph is 1 (minimum is 0, the maximum 17 and the 95th percentile is 6).
@!@!@ENDMSG 2268 @!@!@
@!@!@STARTMSG 2186:0 @!@!@
Finished in 16760ms at (2025-11-06 14:30:29)
@!@!@ENDMSG 2186 @!@!@
