@!@!@STARTMSG 2262:0 @!@!@
TLC2 Version 2.16 of 31 December 2020 (rev: cdddf55)
@!@!@ENDMSG 2262 @!@!@
@!@!@STARTMSG 2187:0 @!@!@
Running breadth-first search Model-Checking with fp 23 and seed 1854027785600635587 with 8 workers on 8 cores with 3547MB heap and 7973MB offheap memory [pid: 5329] (Linux 6.14.0-33-generic amd64, AdoptOpenJDK 14.0.1 x86_64, OffHeapDiskFPSet, DiskStateQueue).
@!@!@ENDMSG 2187 @!@!@
@!@!@STARTMSG 2220:0 @!@!@
Starting SANY...
@!@!@ENDMSG 2220 @!@!@
Parsing file /home/floyd/Desktop/Uni/Master/2_Semester/Masters Project/TLA+ Toolbox/SplitLess/SplitLess_replica_group_expenses.toolbox/Model_1/MC.tla
Parsing file /home/floyd/Desktop/Uni/Master/2_Semester/Masters Project/TLA+ Toolbox/SplitLess/SplitLess_replica_group_expenses.toolbox/Model_1/SplitLess_replica_group_expenses.tla
Parsing file /home/floyd/Desktop/Uni/Master/2_Semester/Masters Project/TLA+ Toolbox/toolbox/plugins/org.lamport.tlatools_1.0.0.202012311918/tla2sany/StandardModules/TLC.tla
Parsing file /home/floyd/Desktop/Uni/Master/2_Semester/Masters Project/TLA+ Toolbox/toolbox/plugins/org.lamport.tlatools_1.0.0.202012311918/tla2sany/StandardModules/Naturals.tla
Parsing file /home/floyd/Desktop/Uni/Master/2_Semester/Masters Project/TLA+ Toolbox/toolbox/plugins/org.lamport.tlatools_1.0.0.202012311918/tla2sany/StandardModules/Sequences.tla
Parsing file /home/floyd/Desktop/Uni/Master/2_Semester/Masters Project/TLA+ Toolbox/toolbox/plugins/org.lamport.tlatools_1.0.0.202012311918/tla2sany/StandardModules/FiniteSets.tla
Semantic processing of module Naturals
Semantic processing of module Sequences
Semantic processing of module FiniteSets
Semantic processing of module SplitLess_replica_group_expenses
Semantic processing of module TLC
Semantic processing of module MC
@!@!@STARTMSG 2219:0 @!@!@
SANY finished.
@!@!@ENDMSG 2219 @!@!@
@!@!@STARTMSG 2185:0 @!@!@
Starting... (2025-11-03 10:24:16)
@!@!@ENDMSG 2185 @!@!@
@!@!@STARTMSG 2189:0 @!@!@
Computing initial states...
@!@!@ENDMSG 2189 @!@!@
@!@!@STARTMSG 2190:0 @!@!@
Finished computing initial states: 1 distinct state generated at 2025-11-03 10:24:18.
@!@!@ENDMSG 2190 @!@!@
@!@!@STARTMSG 2200:0 @!@!@
Progress(8) at 2025-11-03 10:24:21: 101,657 states generated (101,657 s/min), 34,739 distinct states found (34,739 ds/min), 28,326 states left on queue.
@!@!@ENDMSG 2200 @!@!@
@!@!@STARTMSG 2200:0 @!@!@
Progress(10) at 2025-11-03 10:25:21: 4,396,805 states generated (4,295,148 s/min), 565,088 distinct states found (530,349 ds/min), 263,768 states left on queue.
@!@!@ENDMSG 2200 @!@!@
