@!@!@STARTMSG 2262:0 @!@!@
TLC2 Version 2.16 of 31 December 2020 (rev: cdddf55)
@!@!@ENDMSG 2262 @!@!@
@!@!@STARTMSG 2187:0 @!@!@
Running breadth-first search Model-Checking with fp 4 and seed 9021325549785422390 with 8 workers on 8 cores with 4350MB heap and 9783MB offheap memory [pid: 13569] (Linux 6.14.0-37-generic amd64, AdoptOpenJDK 14.0.1 x86_64, OffHeapDiskFPSet, DiskStateQueue).
@!@!@ENDMSG 2187 @!@!@
@!@!@STARTMSG 2220:0 @!@!@
Starting SANY...
@!@!@ENDMSG 2220 @!@!@
Parsing file /home/floyd/Desktop/Uni/Master/2_Semester/Masters_Project/SplitLess/TLA/SplitLess/SplitLess_replica_group_expenses.toolbox/Model_1/MC.tla
Parsing file /home/floyd/Desktop/Uni/Master/2_Semester/Masters_Project/SplitLess/TLA/SplitLess/SplitLess_replica_group_expenses.toolbox/Model_1/SplitLess_replica_group_expenses.tla
Parsing file /home/floyd/Desktop/Uni/Master/2_Semester/Masters_Project/SplitLess/TLA/toolbox/plugins/org.lamport.tlatools_1.0.0.202012311918/tla2sany/StandardModules/TLC.tla
Parsing file /home/floyd/Desktop/Uni/Master/2_Semester/Masters_Project/SplitLess/TLA/toolbox/plugins/org.lamport.tlatools_1.0.0.202012311918/tla2sany/StandardModules/Naturals.tla
Parsing file /home/floyd/Desktop/Uni/Master/2_Semester/Masters_Project/SplitLess/TLA/toolbox/plugins/org.lamport.tlatools_1.0.0.202012311918/tla2sany/StandardModules/Sequences.tla
Parsing file /home/floyd/Desktop/Uni/Master/2_Semester/Masters_Project/SplitLess/TLA/toolbox/plugins/org.lamport.tlatools_1.0.0.202012311918/tla2sany/StandardModules/FiniteSets.tla
Semantic processing of module Naturals
Semantic processing of module Sequences
Semantic processing of module FiniteSets
Semantic processing of module SplitLess_replica_group_expenses
Semantic processing of module TLC
Semantic processing of module MC
@!@!@STARTMSG 2219:0 @!@!@
SANY finished.
@!@!@ENDMSG 2219 @!@!@
@!@!@STARTMSG 2185:0 @!@!@
Starting... (2025-12-13 12:25:23)
@!@!@ENDMSG 2185 @!@!@
@!@!@STARTMSG 2284:3 @!@!@
Declaring state or action constraints during liveness checking is dangerous: Please read section 14.3.5 on page 247 of Specifying Systems (https://lamport.azurewebsites.net/tla/book.html) and optionally the discussion at https://discuss.tlapl.us/msg00994.html for more details.
@!@!@ENDMSG 2284 @!@!@
@!@!@STARTMSG 2212:0 @!@!@
Implied-temporal checking--satisfiability problem has 1 branches.
@!@!@ENDMSG 2212 @!@!@
@!@!@STARTMSG 2189:0 @!@!@
Computing initial states...
@!@!@ENDMSG 2189 @!@!@
@!@!@STARTMSG 2190:0 @!@!@
Finished computing initial states: 1 distinct state generated at 2025-12-13 12:25:25.
@!@!@ENDMSG 2190 @!@!@
@!@!@STARTMSG 2192:0 @!@!@
Checking temporal properties for the current state space with 1885 total distinct states at (2025-12-13 12:25:28)
@!@!@ENDMSG 2192 @!@!@
@!@!@STARTMSG 2267:0 @!@!@
Finished checking temporal properties in 00s at 2025-12-13 12:25:28
@!@!@ENDMSG 2267 @!@!@
@!@!@STARTMSG 2200:0 @!@!@
Progress(7) at 2025-12-13 12:25:28: 23,644 states generated (23,644 s/min), 9,264 distinct states found (9,264 ds/min), 7,378 states left on queue.
@!@!@ENDMSG 2200 @!@!@
@!@!@STARTMSG 2192:0 @!@!@
Checking temporal properties for the current state space with 110464 total distinct states at (2025-12-13 12:26:28)
@!@!@ENDMSG 2192 @!@!@
@!@!@STARTMSG 2267:0 @!@!@
Finished checking temporal properties in 12s at 2025-12-13 12:26:40
@!@!@ENDMSG 2267 @!@!@
@!@!@STARTMSG 2200:0 @!@!@
Progress(10) at 2025-12-13 12:26:40: 1,219,581 states generated (1,195,937 s/min), 190,911 distinct states found (181,647 ds/min), 80,440 states left on queue.
@!@!@ENDMSG 2200 @!@!@
@!@!@STARTMSG 2110:1 @!@!@
Invariant Inv_Conservation_of_amount is violated.
@!@!@ENDMSG 2110 @!@!@
@!@!@STARTMSG 2121:1 @!@!@
The behavior up to this point is:
@!@!@ENDMSG 2121 @!@!@
@!@!@STARTMSG 2217:4 @!@!@
1: <Initial predicate>
/\ actionCounter = 0
/\ replicas = (r1 :> [id |-> r1, recordedExpenses |-> (eid1 :> NO_EXPENSE @@ eid2 :> NO_EXPENSE), groups |-> (gid1 :> NO_GROUP)] @@ r2 :> [id |-> r2, recordedExpenses |-> (eid1 :> NO_EXPENSE @@ eid2 :> NO_EXPENSE), groups |-> (gid1 :> NO_GROUP)])

@!@!@ENDMSG 2217 @!@!@
@!@!@STARTMSG 2217:4 @!@!@
2: <CreateGroup line 128, col 9 to line 139, col 51 of module SplitLess_replica_group_expenses>
/\ actionCounter = 1
/\ replicas = (r1 :> [id |-> r1, recordedExpenses |-> (eid1 :> NO_EXPENSE @@ eid2 :> NO_EXPENSE), groups |-> (gid1 :> NO_GROUP)] @@ r2 :> [id |-> r2, recordedExpenses |-> (eid1 :> NO_EXPENSE @@ eid2 :> NO_EXPENSE), groups |-> (gid1 :> [id |-> gid1, members |-> (a :> 0 @@ b :> 1), totalGifted |-> 0, individualGiftsSent |-> (a :> 0 @@ b :> 0)])])

@!@!@ENDMSG 2217 @!@!@
@!@!@STARTMSG 2217:4 @!@!@
3: <AddMember line 145, col 9 to line 153, col 51 of module SplitLess_replica_group_expenses>
/\ actionCounter = 2
/\ replicas = (r1 :> [id |-> r1, recordedExpenses |-> (eid1 :> NO_EXPENSE @@ eid2 :> NO_EXPENSE), groups |-> (gid1 :> NO_GROUP)] @@ r2 :> [id |-> r2, recordedExpenses |-> (eid1 :> NO_EXPENSE @@ eid2 :> NO_EXPENSE), groups |-> (gid1 :> [id |-> gid1, members |-> (a :> 1 @@ b :> 1), totalGifted |-> 0, individualGiftsSent |-> (a :> 0 @@ b :> 0)])])

@!@!@ENDMSG 2217 @!@!@
@!@!@STARTMSG 2217:4 @!@!@
4: <CreateExpense line 182, col 9 to line 197, col 51 of module SplitLess_replica_group_expenses>
/\ actionCounter = 3
/\ replicas = (r1 :> [id |-> r1, recordedExpenses |-> (eid1 :> [id |-> eid1, group |-> NO_GROUP, version |-> 0, payer |-> a, amount |-> 1, shares |-> (a :> 0 @@ b :> 1), acknowledged_shares |-> (a :> FALSE @@ b :> FALSE), deleted |-> FALSE] @@ eid2 :> NO_EXPENSE), groups |-> (gid1 :> NO_GROUP)] @@ r2 :> [id |-> r2, recordedExpenses |-> (eid1 :> NO_EXPENSE @@ eid2 :> NO_EXPENSE), groups |-> (gid1 :> [id |-> gid1, members |-> (a :> 1 @@ b :> 1), totalGifted |-> 0, individualGiftsSent |-> (a :> 0 @@ b :> 0)])])

@!@!@ENDMSG 2217 @!@!@
@!@!@STARTMSG 2217:4 @!@!@
5: <MergeReplicas line 426, col 5 to line 445, col 35 of module SplitLess_replica_group_expenses>
/\ actionCounter = 3
/\ replicas = (r1 :> [id |-> r1, recordedExpenses |-> (eid1 :> [id |-> eid1, group |-> NO_GROUP, version |-> 0, payer |-> a, amount |-> 1, shares |-> (a :> 0 @@ b :> 1), acknowledged_shares |-> (a :> FALSE @@ b :> FALSE), deleted |-> FALSE] @@ eid2 :> NO_EXPENSE), groups |-> (gid1 :> [id |-> gid1, members |-> (a :> 1 @@ b :> 1), totalGifted |-> 0, individualGiftsSent |-> (a :> 0 @@ b :> 0)])] @@ r2 :> [id |-> r2, recordedExpenses |-> (eid1 :> NO_EXPENSE @@ eid2 :> NO_EXPENSE), groups |-> (gid1 :> [id |-> gid1, members |-> (a :> 1 @@ b :> 1), totalGifted |-> 0, individualGiftsSent |-> (a :> 0 @@ b :> 0)])])

@!@!@ENDMSG 2217 @!@!@
@!@!@STARTMSG 2217:4 @!@!@
6: <LeaveGroup line 159, col 9 to line 170, col 51 of module SplitLess_replica_group_expenses>
/\ actionCounter = 4
/\ replicas = (r1 :> [id |-> r1, recordedExpenses |-> (eid1 :> [id |-> eid1, group |-> NO_GROUP, version |-> 0, payer |-> a, amount |-> 1, shares |-> (a :> 0 @@ b :> 1), acknowledged_shares |-> (a :> FALSE @@ b :> FALSE), deleted |-> FALSE] @@ eid2 :> NO_EXPENSE), groups |-> (gid1 :> [id |-> gid1, members |-> (a :> 1 @@ b :> 1), totalGifted |-> 0, individualGiftsSent |-> (a :> 0 @@ b :> 0)])] @@ r2 :> [id |-> r2, recordedExpenses |-> (eid1 :> NO_EXPENSE @@ eid2 :> NO_EXPENSE), groups |-> (gid1 :> [id |-> gid1, members |-> (a :> 1 @@ b :> 2), totalGifted |-> 0, individualGiftsSent |-> (a :> 0 @@ b :> 0)])])

@!@!@ENDMSG 2217 @!@!@
@!@!@STARTMSG 2217:4 @!@!@
7: <AddExpenseToGroup line 204, col 9 to line 219, col 51 of module SplitLess_replica_group_expenses>
/\ actionCounter = 5
/\ replicas = (r1 :> [id |-> r1, recordedExpenses |-> (eid1 :> [id |-> eid1, group |-> gid1, version |-> 1, payer |-> a, amount |-> 1, shares |-> (a :> 0 @@ b :> 1), acknowledged_shares |-> (a :> FALSE @@ b :> FALSE), deleted |-> FALSE] @@ eid2 :> NO_EXPENSE), groups |-> (gid1 :> [id |-> gid1, members |-> (a :> 1 @@ b :> 1), totalGifted |-> 0, individualGiftsSent |-> (a :> 0 @@ b :> 0)])] @@ r2 :> [id |-> r2, recordedExpenses |-> (eid1 :> NO_EXPENSE @@ eid2 :> NO_EXPENSE), groups |-> (gid1 :> [id |-> gid1, members |-> (a :> 1 @@ b :> 2), totalGifted |-> 0, individualGiftsSent |-> (a :> 0 @@ b :> 0)])])

@!@!@ENDMSG 2217 @!@!@
@!@!@STARTMSG 2217:4 @!@!@
8: <MergeReplicas line 426, col 5 to line 445, col 35 of module SplitLess_replica_group_expenses>
/\ actionCounter = 5
/\ replicas = (r1 :> [id |-> r1, recordedExpenses |-> (eid1 :> [id |-> eid1, group |-> gid1, version |-> 1, payer |-> a, amount |-> 1, shares |-> (a :> 0 @@ b :> 1), acknowledged_shares |-> (a :> FALSE @@ b :> FALSE), deleted |-> FALSE] @@ eid2 :> NO_EXPENSE), groups |-> (gid1 :> [id |-> gid1, members |-> (a :> 1 @@ b :> 2), totalGifted |-> 0, individualGiftsSent |-> (a :> 0 @@ b :> 0)])] @@ r2 :> [id |-> r2, recordedExpenses |-> (eid1 :> NO_EXPENSE @@ eid2 :> NO_EXPENSE), groups |-> (gid1 :> [id |-> gid1, members |-> (a :> 1 @@ b :> 2), totalGifted |-> 0, individualGiftsSent |-> (a :> 0 @@ b :> 0)])])

@!@!@ENDMSG 2217 @!@!@
@!@!@STARTMSG 2217:4 @!@!@
9: <LeaveGroup line 159, col 9 to line 170, col 51 of module SplitLess_replica_group_expenses>
/\ actionCounter = 6
/\ replicas = (r1 :> [id |-> r1, recordedExpenses |-> (eid1 :> [id |-> eid1, group |-> gid1, version |-> 1, payer |-> a, amount |-> 1, shares |-> (a :> 0 @@ b :> 1), acknowledged_shares |-> (a :> FALSE @@ b :> FALSE), deleted |-> FALSE] @@ eid2 :> NO_EXPENSE), groups |-> (gid1 :> [id |-> gid1, members |-> (a :> 2 @@ b :> 2), totalGifted |-> 0, individualGiftsSent |-> (a :> 0 @@ b :> 0)])] @@ r2 :> [id |-> r2, recordedExpenses |-> (eid1 :> NO_EXPENSE @@ eid2 :> NO_EXPENSE), groups |-> (gid1 :> [id |-> gid1, members |-> (a :> 1 @@ b :> 2), totalGifted |-> 0, individualGiftsSent |-> (a :> 0 @@ b :> 0)])])

@!@!@ENDMSG 2217 @!@!@
@!@!@STARTMSG 2217:4 @!@!@
10: <PayerAbsorbsLeftMemberShare line 320, col 9 to line 349, col 46 of module SplitLess_replica_group_expenses>
/\ actionCounter = 6
/\ replicas = (r1 :> [id |-> r1, recordedExpenses |-> (eid1 :> [id |-> eid1, group |-> gid1, version |-> 2, payer |-> a, amount |-> 1, shares |-> (a :> 1 @@ b :> 0), acknowledged_shares |-> (a :> FALSE @@ b :> FALSE), deleted |-> FALSE] @@ eid2 :> NO_EXPENSE), groups |-> (gid1 :> [id |-> gid1, members |-> (a :> 2 @@ b :> 2), totalGifted |-> 0, individualGiftsSent |-> (a :> 0 @@ b :> 0)])] @@ r2 :> [id |-> r2, recordedExpenses |-> (eid1 :> NO_EXPENSE @@ eid2 :> NO_EXPENSE), groups |-> (gid1 :> [id |-> gid1, members |-> (a :> 1 @@ b :> 2), totalGifted |-> 0, individualGiftsSent |-> (a :> 0 @@ b :> 0)])])

@!@!@ENDMSG 2217 @!@!@
@!@!@STARTMSG 2217:4 @!@!@
11: <PayerAbsorbsLeftMemberShare line 320, col 9 to line 349, col 46 of module SplitLess_replica_group_expenses>
/\ actionCounter = 6
/\ replicas = (r1 :> [id |-> r1, recordedExpenses |-> (eid1 :> [id |-> eid1, group |-> gid1, version |-> 3, payer |-> a, amount |-> 1, shares |-> (a :> 2 @@ b :> 0), acknowledged_shares |-> (a :> FALSE @@ b :> FALSE), deleted |-> FALSE] @@ eid2 :> NO_EXPENSE), groups |-> (gid1 :> [id |-> gid1, members |-> (a :> 2 @@ b :> 2), totalGifted |-> 0, individualGiftsSent |-> (a :> 0 @@ b :> 0)])] @@ r2 :> [id |-> r2, recordedExpenses |-> (eid1 :> NO_EXPENSE @@ eid2 :> NO_EXPENSE), groups |-> (gid1 :> [id |-> gid1, members |-> (a :> 1 @@ b :> 2), totalGifted |-> 0, individualGiftsSent |-> (a :> 0 @@ b :> 0)])])

@!@!@ENDMSG 2217 @!@!@
@!@!@STARTMSG 2201:0 @!@!@
The coverage statistics at 2025-12-13 12:27:08
@!@!@ENDMSG 2201 @!@!@
@!@!@STARTMSG 2773:0 @!@!@
<Init line 46, col 1 to line 46, col 4 of module SplitLess_replica_group_expenses>: 2:2
@!@!@ENDMSG 2773 @!@!@
@!@!@STARTMSG 2221:0 @!@!@
  line 47, col 8 to line 54, col 27 of module SplitLess_replica_group_expenses: 2
@!@!@ENDMSG 2221 @!@!@
@!@!@STARTMSG 2772:0 @!@!@
<CreateGroup line 124, col 1 to line 124, col 11 of module SplitLess_replica_group_expenses (128 9 139 51)>: 2698:60316
@!@!@ENDMSG 2772 @!@!@
@!@!@STARTMSG 2221:0 @!@!@
  line 128, col 12 to line 128, col 40 of module SplitLess_replica_group_expenses: 788136
@!@!@ENDMSG 2221 @!@!@
@!@!@STARTMSG 2221:0 @!@!@
  |line 128, col 12 to line 128, col 34 of module SplitLess_replica_group_expenses: 727820
@!@!@ENDMSG 2221 @!@!@
@!@!@STARTMSG 2221:0 @!@!@
  |line 128, col 38 to line 128, col 40 of module SplitLess_replica_group_expenses: 727820
@!@!@ENDMSG 2221 @!@!@
@!@!@STARTMSG 2221:0 @!@!@
  line 130, col 51 to line 130, col 91 of module SplitLess_replica_group_expenses: 594982
@!@!@ENDMSG 2221 @!@!@
@!@!@STARTMSG 2221:0 @!@!@
  |line 130, col 51 to line 130, col 80 of module SplitLess_replica_group_expenses: 474350
@!@!@ENDMSG 2221 @!@!@
@!@!@STARTMSG 2221:0 @!@!@
  |line 130, col 84 to line 130, col 91 of module SplitLess_replica_group_expenses: 474350
@!@!@ENDMSG 2221 @!@!@
@!@!@STARTMSG 2221:0 @!@!@
  line 130, col 28 to line 130, col 47 of module SplitLess_replica_group_expenses: 363910
@!@!@ENDMSG 2221 @!@!@
@!@!@STARTMSG 2221:0 @!@!@
  line 138, col 15 to line 139, col 51 of module SplitLess_replica_group_expenses: 60316
@!@!@ENDMSG 2221 @!@!@
@!@!@STARTMSG 2772:0 @!@!@
<AddMember line 141, col 1 to line 141, col 9 of module SplitLess_replica_group_expenses (145 9 153 51)>: 3856:68250
@!@!@ENDMSG 2772 @!@!@
@!@!@STARTMSG 2221:0 @!@!@
  line 145, col 12 to line 145, col 40 of module SplitLess_replica_group_expenses: 1523878
@!@!@ENDMSG 2221 @!@!@
@!@!@STARTMSG 2221:0 @!@!@
  |line 145, col 12 to line 145, col 34 of module SplitLess_replica_group_expenses: 1455628
@!@!@ENDMSG 2221 @!@!@
@!@!@STARTMSG 2221:0 @!@!@
  |line 145, col 38 to line 145, col 40 of module SplitLess_replica_group_expenses: 1455628
@!@!@ENDMSG 2221 @!@!@
@!@!@STARTMSG 2221:0 @!@!@
  line 146, col 12 to line 146, col 47 of module SplitLess_replica_group_expenses: 796064
@!@!@ENDMSG 2221 @!@!@
@!@!@STARTMSG 2221:0 @!@!@
  |line 146, col 12 to line 146, col 36 of module SplitLess_replica_group_expenses: 727814
@!@!@ENDMSG 2221 @!@!@
@!@!@STARTMSG 2221:0 @!@!@
  |line 146, col 40 to line 146, col 47 of module SplitLess_replica_group_expenses: 727814
@!@!@ENDMSG 2221 @!@!@
@!@!@STARTMSG 2221:0 @!@!@
  line 71, col 3 to line 71, col 23 of module SplitLess_replica_group_expenses: 566941
@!@!@ENDMSG 2221 @!@!@
@!@!@STARTMSG 2221:0 @!@!@
  |line 71, col 3 to line 71, col 19 of module SplitLess_replica_group_expenses: 498691
@!@!@ENDMSG 2221 @!@!@
@!@!@STARTMSG 2221:0 @!@!@
  line 147, col 21 to line 147, col 60 of module SplitLess_replica_group_expenses: 498691
@!@!@ENDMSG 2221 @!@!@
@!@!@STARTMSG 2221:0 @!@!@
  line 148, col 12 to line 148, col 66 of module SplitLess_replica_group_expenses: 317599
@!@!@ENDMSG 2221 @!@!@
@!@!@STARTMSG 2221:0 @!@!@
  |line 148, col 13 to line 148, col 66 of module SplitLess_replica_group_expenses: 249349
@!@!@ENDMSG 2221 @!@!@
@!@!@STARTMSG 2221:0 @!@!@
  line 152, col 15 to line 153, col 51 of module SplitLess_replica_group_expenses: 68250
@!@!@ENDMSG 2221 @!@!@
@!@!@STARTMSG 2772:0 @!@!@
<LeaveGroup line 155, col 1 to line 155, col 10 of module SplitLess_replica_group_expenses (159 9 170 51)>: 9377:123023
@!@!@ENDMSG 2772 @!@!@
@!@!@STARTMSG 2221:0 @!@!@
  line 159, col 12 to line 159, col 40 of module SplitLess_replica_group_expenses: 850832
@!@!@ENDMSG 2221 @!@!@
@!@!@STARTMSG 2221:0 @!@!@
  |line 159, col 12 to line 159, col 34 of module SplitLess_replica_group_expenses: 727809
@!@!@ENDMSG 2221 @!@!@
@!@!@STARTMSG 2221:0 @!@!@
  |line 159, col 38 to line 159, col 40 of module SplitLess_replica_group_expenses: 727809
@!@!@ENDMSG 2221 @!@!@
@!@!@STARTMSG 2221:0 @!@!@
  line 160, col 12 to line 160, col 47 of module SplitLess_replica_group_expenses: 486928
@!@!@ENDMSG 2221 @!@!@
@!@!@STARTMSG 2221:0 @!@!@
  |line 160, col 12 to line 160, col 36 of module SplitLess_replica_group_expenses: 363905
@!@!@ENDMSG 2221 @!@!@
@!@!@STARTMSG 2221:0 @!@!@
  |line 160, col 40 to line 160, col 47 of module SplitLess_replica_group_expenses: 363905
@!@!@ENDMSG 2221 @!@!@
@!@!@STARTMSG 2221:0 @!@!@
  line 71, col 3 to line 71, col 23 of module SplitLess_replica_group_expenses: 372367
@!@!@ENDMSG 2221 @!@!@
@!@!@STARTMSG 2221:0 @!@!@
  |line 71, col 3 to line 71, col 19 of module SplitLess_replica_group_expenses: 249344
@!@!@ENDMSG 2221 @!@!@
@!@!@STARTMSG 2221:0 @!@!@
  line 161, col 21 to line 161, col 60 of module SplitLess_replica_group_expenses: 249344
@!@!@ENDMSG 2221 @!@!@
@!@!@STARTMSG 2221:0 @!@!@
  line 162, col 12 to line 162, col 50 of module SplitLess_replica_group_expenses: 123023
@!@!@ENDMSG 2221 @!@!@
@!@!@STARTMSG 2221:0 @!@!@
  |line 162, col 12 to line 162, col 45 of module SplitLess_replica_group_expenses: 124674
@!@!@ENDMSG 2221 @!@!@
@!@!@STARTMSG 2221:0 @!@!@
  ||line 84, col 30 to line 84, col 75 of module SplitLess_replica_group_expenses: 124674
@!@!@ENDMSG 2221 @!@!@
@!@!@STARTMSG 2775:0 @!@!@
  |||line 62, col 3 to line 68, col 70 of module SplitLess_replica_group_expenses: 124674:274204
@!@!@ENDMSG 2775 @!@!@
@!@!@STARTMSG 2221:0 @!@!@
  ||||line 63, col 7 to line 68, col 69 of module SplitLess_replica_group_expenses: 249348
@!@!@ENDMSG 2221 @!@!@
@!@!@STARTMSG 2221:0 @!@!@
  |||||line 63, col 10 to line 63, col 45 of module SplitLess_replica_group_expenses: 249348
@!@!@ENDMSG 2221 @!@!@
@!@!@STARTMSG 2221:0 @!@!@
  |||||line 64, col 10 to line 64, col 48 of module SplitLess_replica_group_expenses: 201880
@!@!@ENDMSG 2221 @!@!@
@!@!@STARTMSG 2221:0 @!@!@
  |||||line 65, col 10 to line 65, col 44 of module SplitLess_replica_group_expenses: 160442
@!@!@ENDMSG 2221 @!@!@
@!@!@STARTMSG 2221:0 @!@!@
  |||||line 66, col 10 to line 68, col 69 of module SplitLess_replica_group_expenses: 21646
@!@!@ENDMSG 2221 @!@!@
@!@!@STARTMSG 2221:0 @!@!@
  ||||||line 67, col 12 to line 68, col 69 of module SplitLess_replica_group_expenses: 38782
@!@!@ENDMSG 2221 @!@!@
@!@!@STARTMSG 2221:0 @!@!@
  |||||||line 67, col 13 to line 67, col 49 of module SplitLess_replica_group_expenses: 38782
@!@!@ENDMSG 2221 @!@!@
@!@!@STARTMSG 2221:0 @!@!@
  |||||||line 68, col 17 to line 68, col 69 of module SplitLess_replica_group_expenses: 24799
@!@!@ENDMSG 2221 @!@!@
@!@!@STARTMSG 2221:0 @!@!@
  ||||||line 66, col 19 to line 66, col 55 of module SplitLess_replica_group_expenses: 21646
@!@!@ENDMSG 2221 @!@!@
@!@!@STARTMSG 2221:0 @!@!@
  ||||line 62, col 13 to line 62, col 32 of module SplitLess_replica_group_expenses: 124674
@!@!@ENDMSG 2221 @!@!@
@!@!@STARTMSG 2221:0 @!@!@
  |||line 84, col 46 to line 84, col 48 of module SplitLess_replica_group_expenses: 108831
@!@!@ENDMSG 2221 @!@!@
@!@!@STARTMSG 2221:0 @!@!@
  |||line 84, col 51 to line 84, col 74 of module SplitLess_replica_group_expenses: 124674
@!@!@ENDMSG 2221 @!@!@
@!@!@STARTMSG 2221:0 @!@!@
  ||line 85, col 12 to line 89, col 55 of module SplitLess_replica_group_expenses: 124674
@!@!@ENDMSG 2221 @!@!@
@!@!@STARTMSG 2221:0 @!@!@
  |||line 85, col 12 to line 88, col 95 of module SplitLess_replica_group_expenses: 124674
@!@!@ENDMSG 2221 @!@!@
@!@!@STARTMSG 2221:0 @!@!@
  ||||line 85, col 12 to line 87, col 79 of module SplitLess_replica_group_expenses: 124674
@!@!@ENDMSG 2221 @!@!@
@!@!@STARTMSG 2221:0 @!@!@
  |||||line 78, col 7 to line 80, col 65 of module SplitLess_replica_group_expenses: 137102
@!@!@ENDMSG 2221 @!@!@
@!@!@STARTMSG 2221:0 @!@!@
  ||||||line 78, col 10 to line 78, col 22 of module SplitLess_replica_group_expenses: 137102
@!@!@ENDMSG 2221 @!@!@
@!@!@STARTMSG 2221:0 @!@!@
  ||||||line 79, col 21 to line 79, col 48 of module SplitLess_replica_group_expenses: 12428
@!@!@ENDMSG 2221 @!@!@
@!@!@STARTMSG 2221:0 @!@!@
  ||||||line 80, col 15 to line 80, col 65 of module SplitLess_replica_group_expenses: 12428
@!@!@ENDMSG 2221 @!@!@
@!@!@STARTMSG 2775:0 @!@!@
  |||||line 85, col 24 to line 87, col 78 of module SplitLess_replica_group_expenses: 124674:12428
@!@!@ENDMSG 2775 @!@!@
@!@!@STARTMSG 2221:0 @!@!@
  ||||line 88, col 14 to line 88, col 95 of module SplitLess_replica_group_expenses: 124674
@!@!@ENDMSG 2221 @!@!@
@!@!@STARTMSG 2221:0 @!@!@
  |||||line 78, col 7 to line 80, col 65 of module SplitLess_replica_group_expenses: 137102
@!@!@ENDMSG 2221 @!@!@
@!@!@STARTMSG 2221:0 @!@!@
  ||||||line 78, col 10 to line 78, col 22 of module SplitLess_replica_group_expenses: 137102
@!@!@ENDMSG 2221 @!@!@
@!@!@STARTMSG 2221:0 @!@!@
  ||||||line 79, col 21 to line 79, col 48 of module SplitLess_replica_group_expenses: 12428
@!@!@ENDMSG 2221 @!@!@
@!@!@STARTMSG 2221:0 @!@!@
  ||||||line 80, col 15 to line 80, col 65 of module SplitLess_replica_group_expenses: 12428
@!@!@ENDMSG 2221 @!@!@
@!@!@STARTMSG 2775:0 @!@!@
  |||||line 88, col 26 to line 88, col 94 of module SplitLess_replica_group_expenses: 124674:12428
@!@!@ENDMSG 2775 @!@!@
@!@!@STARTMSG 2221:0 @!@!@
  |||line 89, col 14 to line 89, col 55 of module SplitLess_replica_group_expenses: 124674
@!@!@ENDMSG 2221 @!@!@
@!@!@STARTMSG 2221:0 @!@!@
  ||line 162, col 20 to line 162, col 24 of module SplitLess_replica_group_expenses: 124674
@!@!@ENDMSG 2221 @!@!@
@!@!@STARTMSG 2221:0 @!@!@
  ||line 162, col 27 to line 162, col 29 of module SplitLess_replica_group_expenses: 124674
@!@!@ENDMSG 2221 @!@!@
@!@!@STARTMSG 2221:0 @!@!@
  ||line 162, col 32 to line 162, col 44 of module SplitLess_replica_group_expenses: 124674
@!@!@ENDMSG 2221 @!@!@
@!@!@STARTMSG 2221:0 @!@!@
  line 169, col 15 to line 170, col 51 of module SplitLess_replica_group_expenses: 123023
@!@!@ENDMSG 2221 @!@!@
@!@!@STARTMSG 2772:0 @!@!@
<CreateExpense line 177, col 1 to line 177, col 13 of module SplitLess_replica_group_expenses (182 9 197 51)>: 7494:100555
@!@!@ENDMSG 2772 @!@!@
@!@!@STARTMSG 2221:0 @!@!@
  line 182, col 12 to line 182, col 40 of module SplitLess_replica_group_expenses: 5922960
@!@!@ENDMSG 2221 @!@!@
@!@!@STARTMSG 2221:0 @!@!@
  |line 182, col 12 to line 182, col 34 of module SplitLess_replica_group_expenses: 5822405
@!@!@ENDMSG 2221 @!@!@
@!@!@STARTMSG 2221:0 @!@!@
  |line 182, col 38 to line 182, col 40 of module SplitLess_replica_group_expenses: 5822405
@!@!@ENDMSG 2221 @!@!@
@!@!@STARTMSG 2221:0 @!@!@
  line 183, col 12 to line 183, col 34 of module SplitLess_replica_group_expenses: 100555
@!@!@ENDMSG 2221 @!@!@
@!@!@STARTMSG 2221:0 @!@!@
  |line 183, col 12 to line 183, col 30 of module SplitLess_replica_group_expenses: 2911203
@!@!@ENDMSG 2221 @!@!@
@!@!@STARTMSG 2221:0 @!@!@
  ||line 78, col 7 to line 80, col 65 of module SplitLess_replica_group_expenses: 8733609
@!@!@ENDMSG 2221 @!@!@
@!@!@STARTMSG 2221:0 @!@!@
  |||line 78, col 10 to line 78, col 22 of module SplitLess_replica_group_expenses: 8733609
@!@!@ENDMSG 2221 @!@!@
@!@!@STARTMSG 2221:0 @!@!@
  |||line 79, col 21 to line 79, col 48 of module SplitLess_replica_group_expenses: 5822406
@!@!@ENDMSG 2221 @!@!@
@!@!@STARTMSG 2221:0 @!@!@
  |||line 80, col 15 to line 80, col 65 of module SplitLess_replica_group_expenses: 5822406
@!@!@ENDMSG 2221 @!@!@
@!@!@STARTMSG 2221:0 @!@!@
  ||line 183, col 24 to line 183, col 29 of module SplitLess_replica_group_expenses: 2911203
@!@!@ENDMSG 2221 @!@!@
@!@!@STARTMSG 2221:0 @!@!@
  line 184, col 51 to line 184, col 103 of module SplitLess_replica_group_expenses: 2801584
@!@!@ENDMSG 2221 @!@!@
@!@!@STARTMSG 2221:0 @!@!@
  |line 184, col 51 to line 184, col 90 of module SplitLess_replica_group_expenses: 2600474
@!@!@ENDMSG 2221 @!@!@
@!@!@STARTMSG 2221:0 @!@!@
  |line 184, col 94 to line 184, col 103 of module SplitLess_replica_group_expenses: 2600474
@!@!@ENDMSG 2221 @!@!@
@!@!@STARTMSG 2221:0 @!@!@
  line 184, col 28 to line 184, col 47 of module SplitLess_replica_group_expenses: 2183401
@!@!@ENDMSG 2221 @!@!@
@!@!@STARTMSG 2221:0 @!@!@
  line 196, col 18 to line 196, col 66 of module SplitLess_replica_group_expenses: 100555
@!@!@ENDMSG 2221 @!@!@
@!@!@STARTMSG 2221:0 @!@!@
  |line 196, col 30 to line 196, col 66 of module SplitLess_replica_group_expenses: 100555
@!@!@ENDMSG 2221 @!@!@
@!@!@STARTMSG 2221:0 @!@!@
  ||line 196, col 31 to line 196, col 38 of module SplitLess_replica_group_expenses: 100555
@!@!@ENDMSG 2221 @!@!@
@!@!@STARTMSG 2221:0 @!@!@
  ||line 196, col 47 to line 196, col 65 of module SplitLess_replica_group_expenses: 100555
@!@!@ENDMSG 2221 @!@!@
@!@!@STARTMSG 2221:0 @!@!@
  ||line 196, col 56 to line 196, col 65 of module SplitLess_replica_group_expenses: 100555
@!@!@ENDMSG 2221 @!@!@
@!@!@STARTMSG 2221:0 @!@!@
  |||line 195, col 16 to line 195, col 91 of module SplitLess_replica_group_expenses: 100555
@!@!@ENDMSG 2221 @!@!@
@!@!@STARTMSG 2221:0 @!@!@
  ||||line 195, col 18 to line 195, col 30 of module SplitLess_replica_group_expenses: 100555
@!@!@ENDMSG 2221 @!@!@
@!@!@STARTMSG 2221:0 @!@!@
  ||||line 195, col 60 to line 195, col 89 of module SplitLess_replica_group_expenses: 100555
@!@!@ENDMSG 2221 @!@!@
@!@!@STARTMSG 2221:0 @!@!@
  |||||line 195, col 70 to line 195, col 88 of module SplitLess_replica_group_expenses: 100555
@!@!@ENDMSG 2221 @!@!@
@!@!@STARTMSG 2221:0 @!@!@
  |||||line 195, col 79 to line 195, col 88 of module SplitLess_replica_group_expenses: 100555
@!@!@ENDMSG 2221 @!@!@
@!@!@STARTMSG 2221:0 @!@!@
  ||||||line 186, col 15 to line 193, col 35 of module SplitLess_replica_group_expenses: 100555
@!@!@ENDMSG 2221 @!@!@
@!@!@STARTMSG 2221:0 @!@!@
  |||||||line 186, col 17 to line 186, col 26 of module SplitLess_replica_group_expenses: 100555
@!@!@ENDMSG 2221 @!@!@
@!@!@STARTMSG 2221:0 @!@!@
  |||||||line 187, col 17 to line 187, col 34 of module SplitLess_replica_group_expenses: 100555
@!@!@ENDMSG 2221 @!@!@
@!@!@STARTMSG 2221:0 @!@!@
  |||||||line 189, col 17 to line 189, col 31 of module SplitLess_replica_group_expenses: 100555
@!@!@ENDMSG 2221 @!@!@
@!@!@STARTMSG 2221:0 @!@!@
  |||||||line 190, col 28 to line 190, col 46 of module SplitLess_replica_group_expenses: 100555
@!@!@ENDMSG 2221 @!@!@
@!@!@STARTMSG 2221:0 @!@!@
  ||||||||line 78, col 7 to line 80, col 65 of module SplitLess_replica_group_expenses: 301665
@!@!@ENDMSG 2221 @!@!@
@!@!@STARTMSG 2221:0 @!@!@
  |||||||||line 78, col 10 to line 78, col 22 of module SplitLess_replica_group_expenses: 301665
@!@!@ENDMSG 2221 @!@!@
@!@!@STARTMSG 2221:0 @!@!@
  |||||||||line 79, col 21 to line 79, col 48 of module SplitLess_replica_group_expenses: 201110
@!@!@ENDMSG 2221 @!@!@
@!@!@STARTMSG 2221:0 @!@!@
  |||||||||line 80, col 15 to line 80, col 65 of module SplitLess_replica_group_expenses: 201110
@!@!@ENDMSG 2221 @!@!@
@!@!@STARTMSG 2221:0 @!@!@
  ||||||||line 190, col 40 to line 190, col 45 of module SplitLess_replica_group_expenses: 100555
@!@!@ENDMSG 2221 @!@!@
@!@!@STARTMSG 2221:0 @!@!@
  |||||||line 191, col 17 to line 191, col 33 of module SplitLess_replica_group_expenses: 100555
@!@!@ENDMSG 2221 @!@!@
@!@!@STARTMSG 2221:0 @!@!@
  |||||||line 192, col 17 to line 192, col 108 of module SplitLess_replica_group_expenses: 100555
@!@!@ENDMSG 2221 @!@!@
@!@!@STARTMSG 2221:0 @!@!@
  |||||||line 193, col 17 to line 193, col 33 of module SplitLess_replica_group_expenses: 100555
@!@!@ENDMSG 2221 @!@!@
@!@!@STARTMSG 2221:0 @!@!@
  line 197, col 18 to line 197, col 51 of module SplitLess_replica_group_expenses: 100555
@!@!@ENDMSG 2221 @!@!@
@!@!@STARTMSG 2772:0 @!@!@
<AddExpenseToGroup line 199, col 1 to line 199, col 17 of module SplitLess_replica_group_expenses (204 9 219 51)>: 7178:64877
@!@!@ENDMSG 2772 @!@!@
@!@!@STARTMSG 2221:0 @!@!@
  line 204, col 12 to line 204, col 40 of module SplitLess_replica_group_expenses: 1520470
@!@!@ENDMSG 2221 @!@!@
@!@!@STARTMSG 2221:0 @!@!@
  |line 204, col 12 to line 204, col 34 of module SplitLess_replica_group_expenses: 1455593
@!@!@ENDMSG 2221 @!@!@
@!@!@STARTMSG 2221:0 @!@!@
  |line 204, col 38 to line 204, col 40 of module SplitLess_replica_group_expenses: 1455593
@!@!@ENDMSG 2221 @!@!@
@!@!@STARTMSG 2221:0 @!@!@
  line 205, col 12 to line 205, col 47 of module SplitLess_replica_group_expenses: 792674
@!@!@ENDMSG 2221 @!@!@
@!@!@STARTMSG 2221:0 @!@!@
  |line 205, col 12 to line 205, col 36 of module SplitLess_replica_group_expenses: 727797
@!@!@ENDMSG 2221 @!@!@
@!@!@STARTMSG 2221:0 @!@!@
  |line 205, col 40 to line 205, col 47 of module SplitLess_replica_group_expenses: 727797
@!@!@ENDMSG 2221 @!@!@
@!@!@STARTMSG 2221:0 @!@!@
  line 206, col 12 to line 206, col 59 of module SplitLess_replica_group_expenses: 563554
@!@!@ENDMSG 2221 @!@!@
@!@!@STARTMSG 2221:0 @!@!@
  |line 206, col 12 to line 206, col 46 of module SplitLess_replica_group_expenses: 498677
@!@!@ENDMSG 2221 @!@!@
@!@!@STARTMSG 2221:0 @!@!@
  |line 206, col 50 to line 206, col 59 of module SplitLess_replica_group_expenses: 498677
@!@!@ENDMSG 2221 @!@!@
@!@!@STARTMSG 2221:0 @!@!@
  line 71, col 3 to line 71, col 23 of module SplitLess_replica_group_expenses: 462881
@!@!@ENDMSG 2221 @!@!@
@!@!@STARTMSG 2221:0 @!@!@
  |line 71, col 3 to line 71, col 19 of module SplitLess_replica_group_expenses: 398004
@!@!@ENDMSG 2221 @!@!@
@!@!@STARTMSG 2221:0 @!@!@
  line 207, col 21 to line 207, col 60 of module SplitLess_replica_group_expenses: 398004
@!@!@ENDMSG 2221 @!@!@
@!@!@STARTMSG 2221:0 @!@!@
  line 208, col 12 to line 208, col 60 of module SplitLess_replica_group_expenses: 266755
@!@!@ENDMSG 2221 @!@!@
@!@!@STARTMSG 2221:0 @!@!@
  |line 208, col 12 to line 208, col 52 of module SplitLess_replica_group_expenses: 201878
@!@!@ENDMSG 2221 @!@!@
@!@!@STARTMSG 2221:0 @!@!@
  |line 208, col 56 to line 208, col 60 of module SplitLess_replica_group_expenses: 201878
@!@!@ENDMSG 2221 @!@!@
@!@!@STARTMSG 2221:0 @!@!@
  line 209, col 12 to line 209, col 63 of module SplitLess_replica_group_expenses: 193782
@!@!@ENDMSG 2221 @!@!@
@!@!@STARTMSG 2221:0 @!@!@
  |line 209, col 12 to line 209, col 52 of module SplitLess_replica_group_expenses: 128905
@!@!@ENDMSG 2221 @!@!@
@!@!@STARTMSG 2221:0 @!@!@
  |line 209, col 56 to line 209, col 63 of module SplitLess_replica_group_expenses: 128905
@!@!@ENDMSG 2221 @!@!@
@!@!@STARTMSG 2221:0 @!@!@
  line 210, col 12 to line 211, col 86 of module SplitLess_replica_group_expenses: 171892
@!@!@ENDMSG 2221 @!@!@
@!@!@STARTMSG 2775:0 @!@!@
  |line 210, col 12 to line 210, col 76 of module SplitLess_replica_group_expenses: 107015:196961
@!@!@ENDMSG 2775 @!@!@
@!@!@STARTMSG 2221:0 @!@!@
  ||line 210, col 27 to line 210, col 75 of module SplitLess_replica_group_expenses: 214030
@!@!@ENDMSG 2221 @!@!@
@!@!@STARTMSG 2221:0 @!@!@
  ||line 210, col 19 to line 210, col 23 of module SplitLess_replica_group_expenses: 107015
@!@!@ENDMSG 2221 @!@!@
@!@!@STARTMSG 2221:0 @!@!@
  |line 211, col 25 to line 211, col 86 of module SplitLess_replica_group_expenses: 107015
@!@!@ENDMSG 2221 @!@!@
@!@!@STARTMSG 2221:0 @!@!@
  ||line 211, col 40 to line 211, col 85 of module SplitLess_replica_group_expenses: 214030
@!@!@ENDMSG 2221 @!@!@
@!@!@STARTMSG 2221:0 @!@!@
  ||line 211, col 32 to line 211, col 36 of module SplitLess_replica_group_expenses: 107015
@!@!@ENDMSG 2221 @!@!@
@!@!@STARTMSG 2221:0 @!@!@
  line 218, col 15 to line 219, col 51 of module SplitLess_replica_group_expenses: 64877
@!@!@ENDMSG 2221 @!@!@
@!@!@STARTMSG 2772:0 @!@!@
<RemoveExpenseFromGroup line 221, col 1 to line 221, col 22 of module SplitLess_replica_group_expenses (226 9 238 47)>: 1795:21890
@!@!@ENDMSG 2772 @!@!@
@!@!@STARTMSG 2221:0 @!@!@
  line 226, col 12 to line 226, col 40 of module SplitLess_replica_group_expenses: 1477482
@!@!@ENDMSG 2221 @!@!@
@!@!@STARTMSG 2221:0 @!@!@
  |line 226, col 12 to line 226, col 34 of module SplitLess_replica_group_expenses: 1455592
@!@!@ENDMSG 2221 @!@!@
@!@!@STARTMSG 2221:0 @!@!@
  |line 226, col 38 to line 226, col 40 of module SplitLess_replica_group_expenses: 1455592
@!@!@ENDMSG 2221 @!@!@
@!@!@STARTMSG 2221:0 @!@!@
  line 227, col 12 to line 227, col 47 of module SplitLess_replica_group_expenses: 749686
@!@!@ENDMSG 2221 @!@!@
@!@!@STARTMSG 2221:0 @!@!@
  |line 227, col 12 to line 227, col 36 of module SplitLess_replica_group_expenses: 727796
@!@!@ENDMSG 2221 @!@!@
@!@!@STARTMSG 2221:0 @!@!@
  |line 227, col 40 to line 227, col 47 of module SplitLess_replica_group_expenses: 727796
@!@!@ENDMSG 2221 @!@!@
@!@!@STARTMSG 2221:0 @!@!@
  line 228, col 12 to line 228, col 59 of module SplitLess_replica_group_expenses: 520566
@!@!@ENDMSG 2221 @!@!@
@!@!@STARTMSG 2221:0 @!@!@
  |line 228, col 12 to line 228, col 46 of module SplitLess_replica_group_expenses: 498676
@!@!@ENDMSG 2221 @!@!@
@!@!@STARTMSG 2221:0 @!@!@
  |line 228, col 50 to line 228, col 59 of module SplitLess_replica_group_expenses: 498676
@!@!@ENDMSG 2221 @!@!@
@!@!@STARTMSG 2221:0 @!@!@
  line 71, col 3 to line 71, col 23 of module SplitLess_replica_group_expenses: 419893
@!@!@ENDMSG 2221 @!@!@
@!@!@STARTMSG 2221:0 @!@!@
  |line 71, col 3 to line 71, col 19 of module SplitLess_replica_group_expenses: 398003
@!@!@ENDMSG 2221 @!@!@
@!@!@STARTMSG 2221:0 @!@!@
  line 229, col 21 to line 229, col 60 of module SplitLess_replica_group_expenses: 398003
@!@!@ENDMSG 2221 @!@!@
@!@!@STARTMSG 2221:0 @!@!@
  line 230, col 12 to line 230, col 58 of module SplitLess_replica_group_expenses: 223767
@!@!@ENDMSG 2221 @!@!@
@!@!@STARTMSG 2221:0 @!@!@
  |line 230, col 12 to line 230, col 52 of module SplitLess_replica_group_expenses: 201877
@!@!@ENDMSG 2221 @!@!@
@!@!@STARTMSG 2221:0 @!@!@
  |line 230, col 56 to line 230, col 58 of module SplitLess_replica_group_expenses: 201877
@!@!@ENDMSG 2221 @!@!@
@!@!@STARTMSG 2221:0 @!@!@
  line 231, col 12 to line 231, col 60 of module SplitLess_replica_group_expenses: 48197
@!@!@ENDMSG 2221 @!@!@
@!@!@STARTMSG 2221:0 @!@!@
  |line 231, col 12 to line 231, col 52 of module SplitLess_replica_group_expenses: 26307
@!@!@ENDMSG 2221 @!@!@
@!@!@STARTMSG 2221:0 @!@!@
  |line 231, col 56 to line 231, col 60 of module SplitLess_replica_group_expenses: 26307
@!@!@ENDMSG 2221 @!@!@
@!@!@STARTMSG 2221:0 @!@!@
  line 237, col 18 to line 237, col 66 of module SplitLess_replica_group_expenses: 21890
@!@!@ENDMSG 2221 @!@!@
@!@!@STARTMSG 2221:0 @!@!@
  |line 237, col 30 to line 237, col 66 of module SplitLess_replica_group_expenses: 21890
@!@!@ENDMSG 2221 @!@!@
@!@!@STARTMSG 2221:0 @!@!@
  ||line 237, col 31 to line 237, col 38 of module SplitLess_replica_group_expenses: 21890
@!@!@ENDMSG 2221 @!@!@
@!@!@STARTMSG 2221:0 @!@!@
  ||line 237, col 47 to line 237, col 65 of module SplitLess_replica_group_expenses: 21890
@!@!@ENDMSG 2221 @!@!@
@!@!@STARTMSG 2221:0 @!@!@
  ||line 237, col 56 to line 237, col 65 of module SplitLess_replica_group_expenses: 21890
@!@!@ENDMSG 2221 @!@!@
@!@!@STARTMSG 2221:0 @!@!@
  |||line 235, col 30 to line 236, col 70 of module SplitLess_replica_group_expenses: 21890
@!@!@ENDMSG 2221 @!@!@
@!@!@STARTMSG 2221:0 @!@!@
  ||||line 235, col 32 to line 235, col 44 of module SplitLess_replica_group_expenses: 21890
@!@!@ENDMSG 2221 @!@!@
@!@!@STARTMSG 2221:0 @!@!@
  ||||line 235, col 53 to line 235, col 84 of module SplitLess_replica_group_expenses: 21890
@!@!@ENDMSG 2221 @!@!@
@!@!@STARTMSG 2221:0 @!@!@
  ||||line 236, col 60 to line 236, col 68 of module SplitLess_replica_group_expenses: 21890
@!@!@ENDMSG 2221 @!@!@
@!@!@STARTMSG 2221:0 @!@!@
  |||||line 234, col 29 to line 234, col 74 of module SplitLess_replica_group_expenses: 21890
@!@!@ENDMSG 2221 @!@!@
@!@!@STARTMSG 2775:0 @!@!@
  ||||||line 112, col 7 to line 117, col 7 of module SplitLess_replica_group_expenses: 21890:21890
@!@!@ENDMSG 2775 @!@!@
@!@!@STARTMSG 2221:0 @!@!@
  ||||||line 234, col 41 to line 234, col 60 of module SplitLess_replica_group_expenses: 21890
@!@!@ENDMSG 2221 @!@!@
@!@!@STARTMSG 2221:0 @!@!@
  ||||||line 234, col 63 to line 234, col 73 of module SplitLess_replica_group_expenses: 9022
@!@!@ENDMSG 2221 @!@!@
@!@!@STARTMSG 2221:0 @!@!@
  line 238, col 14 to line 238, col 47 of module SplitLess_replica_group_expenses: 21890
@!@!@ENDMSG 2221 @!@!@
@!@!@STARTMSG 2772:0 @!@!@
<ModifyExpenseParameters line 240, col 1 to line 240, col 23 of module SplitLess_replica_group_expenses (245 9 268 51)>: 82683:726170
@!@!@ENDMSG 2772 @!@!@
@!@!@STARTMSG 2221:0 @!@!@
  line 245, col 12 to line 245, col 40 of module SplitLess_replica_group_expenses: 6548538
@!@!@ENDMSG 2221 @!@!@
@!@!@STARTMSG 2221:0 @!@!@
  |line 245, col 12 to line 245, col 34 of module SplitLess_replica_group_expenses: 5822368
@!@!@ENDMSG 2221 @!@!@
@!@!@STARTMSG 2221:0 @!@!@
  |line 245, col 38 to line 245, col 40 of module SplitLess_replica_group_expenses: 5822368
@!@!@ENDMSG 2221 @!@!@
@!@!@STARTMSG 2221:0 @!@!@
  line 246, col 12 to line 246, col 59 of module SplitLess_replica_group_expenses: 3637354
@!@!@ENDMSG 2221 @!@!@
@!@!@STARTMSG 2221:0 @!@!@
  |line 246, col 12 to line 246, col 46 of module SplitLess_replica_group_expenses: 2911184
@!@!@ENDMSG 2221 @!@!@
@!@!@STARTMSG 2221:0 @!@!@
  |line 246, col 50 to line 246, col 59 of module SplitLess_replica_group_expenses: 2911184
@!@!@ENDMSG 2221 @!@!@
@!@!@STARTMSG 2221:0 @!@!@
  line 247, col 12 to line 247, col 60 of module SplitLess_replica_group_expenses: 3069382
@!@!@ENDMSG 2221 @!@!@
@!@!@STARTMSG 2221:0 @!@!@
  |line 247, col 12 to line 247, col 52 of module SplitLess_replica_group_expenses: 2343212
@!@!@ENDMSG 2221 @!@!@
@!@!@STARTMSG 2221:0 @!@!@
  |line 247, col 56 to line 247, col 60 of module SplitLess_replica_group_expenses: 2343212
@!@!@ENDMSG 2221 @!@!@
@!@!@STARTMSG 2221:0 @!@!@
  line 248, col 12 to line 248, col 34 of module SplitLess_replica_group_expenses: 726170
@!@!@ENDMSG 2221 @!@!@
@!@!@STARTMSG 2221:0 @!@!@
  |line 248, col 12 to line 248, col 30 of module SplitLess_replica_group_expenses: 1388560
@!@!@ENDMSG 2221 @!@!@
@!@!@STARTMSG 2221:0 @!@!@
  ||line 78, col 7 to line 80, col 65 of module SplitLess_replica_group_expenses: 4165680
@!@!@ENDMSG 2221 @!@!@
@!@!@STARTMSG 2221:0 @!@!@
  |||line 78, col 10 to line 78, col 22 of module SplitLess_replica_group_expenses: 4165680
@!@!@ENDMSG 2221 @!@!@
@!@!@STARTMSG 2221:0 @!@!@
  |||line 79, col 21 to line 79, col 48 of module SplitLess_replica_group_expenses: 2777120
@!@!@ENDMSG 2221 @!@!@
@!@!@STARTMSG 2221:0 @!@!@
  |||line 80, col 15 to line 80, col 65 of module SplitLess_replica_group_expenses: 2777120
@!@!@ENDMSG 2221 @!@!@
@!@!@STARTMSG 2221:0 @!@!@
  ||line 248, col 24 to line 248, col 29 of module SplitLess_replica_group_expenses: 1388560
@!@!@ENDMSG 2221 @!@!@
@!@!@STARTMSG 2221:0 @!@!@
  line 249, col 12 to line 249, col 55 of module SplitLess_replica_group_expenses: 1767590
@!@!@ENDMSG 2221 @!@!@
@!@!@STARTMSG 2221:0 @!@!@
  |line 249, col 13 to line 249, col 55 of module SplitLess_replica_group_expenses: 1041420
@!@!@ENDMSG 2221 @!@!@
@!@!@STARTMSG 2221:0 @!@!@
  line 250, col 15 to line 250, col 66 of module SplitLess_replica_group_expenses: 748623
@!@!@ENDMSG 2221 @!@!@
@!@!@STARTMSG 2221:0 @!@!@
  line 251, col 17 to line 252, col 126 of module SplitLess_replica_group_expenses: 104003
@!@!@ENDMSG 2221 @!@!@
@!@!@STARTMSG 2775:0 @!@!@
  |line 251, col 17 to line 251, col 45 of module SplitLess_replica_group_expenses: 63228:118998
@!@!@ENDMSG 2775 @!@!@
@!@!@STARTMSG 2221:0 @!@!@
  ||line 251, col 32 to line 251, col 44 of module SplitLess_replica_group_expenses: 126456
@!@!@ENDMSG 2221 @!@!@
@!@!@STARTMSG 2221:0 @!@!@
  ||line 251, col 24 to line 251, col 28 of module SplitLess_replica_group_expenses: 63228
@!@!@ENDMSG 2221 @!@!@
@!@!@STARTMSG 2221:0 @!@!@
  |line 252, col 27 to line 252, col 126 of module SplitLess_replica_group_expenses: 63228
@!@!@ENDMSG 2221 @!@!@
@!@!@STARTMSG 2221:0 @!@!@
  ||line 252, col 42 to line 252, col 125 of module SplitLess_replica_group_expenses: 126456
@!@!@ENDMSG 2221 @!@!@
@!@!@STARTMSG 2221:0 @!@!@
  ||line 252, col 34 to line 252, col 38 of module SplitLess_replica_group_expenses: 63228
@!@!@ENDMSG 2221 @!@!@
@!@!@STARTMSG 2221:0 @!@!@
  line 253, col 17 to line 253, col 20 of module SplitLess_replica_group_expenses: 685395
@!@!@ENDMSG 2221 @!@!@
@!@!@STARTMSG 2221:0 @!@!@
  line 267, col 18 to line 267, col 66 of module SplitLess_replica_group_expenses: 726170
@!@!@ENDMSG 2221 @!@!@
@!@!@STARTMSG 2221:0 @!@!@
  |line 267, col 30 to line 267, col 66 of module SplitLess_replica_group_expenses: 726170
@!@!@ENDMSG 2221 @!@!@
@!@!@STARTMSG 2221:0 @!@!@
  ||line 267, col 31 to line 267, col 38 of module SplitLess_replica_group_expenses: 726170
@!@!@ENDMSG 2221 @!@!@
@!@!@STARTMSG 2221:0 @!@!@
  ||line 267, col 47 to line 267, col 65 of module SplitLess_replica_group_expenses: 726170
@!@!@ENDMSG 2221 @!@!@
@!@!@STARTMSG 2221:0 @!@!@
  ||line 267, col 56 to line 267, col 65 of module SplitLess_replica_group_expenses: 726170
@!@!@ENDMSG 2221 @!@!@
@!@!@STARTMSG 2221:0 @!@!@
  |||line 265, col 16 to line 266, col 60 of module SplitLess_replica_group_expenses: 726170
@!@!@ENDMSG 2221 @!@!@
@!@!@STARTMSG 2221:0 @!@!@
  ||||line 265, col 18 to line 265, col 30 of module SplitLess_replica_group_expenses: 726170
@!@!@ENDMSG 2221 @!@!@
@!@!@STARTMSG 2221:0 @!@!@
  ||||line 265, col 60 to line 265, col 70 of module SplitLess_replica_group_expenses: 726170
@!@!@ENDMSG 2221 @!@!@
@!@!@STARTMSG 2221:0 @!@!@
  |||||line 255, col 16 to line 259, col 42 of module SplitLess_replica_group_expenses: 726170
@!@!@ENDMSG 2221 @!@!@
@!@!@STARTMSG 2221:0 @!@!@
  ||||||line 255, col 18 to line 255, col 47 of module SplitLess_replica_group_expenses: 726170
@!@!@ENDMSG 2221 @!@!@
@!@!@STARTMSG 2221:0 @!@!@
  ||||||line 256, col 19 to line 256, col 40 of module SplitLess_replica_group_expenses: 726170
@!@!@ENDMSG 2221 @!@!@
@!@!@STARTMSG 2221:0 @!@!@
  ||||||line 257, col 19 to line 257, col 115 of module SplitLess_replica_group_expenses: 726170
@!@!@ENDMSG 2221 @!@!@
@!@!@STARTMSG 2221:0 @!@!@
  ||||||line 258, col 19 to line 258, col 53 of module SplitLess_replica_group_expenses: 726170
@!@!@ENDMSG 2221 @!@!@
@!@!@STARTMSG 2221:0 @!@!@
  ||||||line 258, col 35 to line 258, col 53 of module SplitLess_replica_group_expenses: 726170
@!@!@ENDMSG 2221 @!@!@
@!@!@STARTMSG 2221:0 @!@!@
  |||||||line 78, col 7 to line 80, col 65 of module SplitLess_replica_group_expenses: 2178510
@!@!@ENDMSG 2221 @!@!@
@!@!@STARTMSG 2221:0 @!@!@
  ||||||||line 78, col 10 to line 78, col 22 of module SplitLess_replica_group_expenses: 2178510
@!@!@ENDMSG 2221 @!@!@
@!@!@STARTMSG 2221:0 @!@!@
  ||||||||line 79, col 21 to line 79, col 48 of module SplitLess_replica_group_expenses: 1452340
@!@!@ENDMSG 2221 @!@!@
@!@!@STARTMSG 2221:0 @!@!@
  ||||||||line 80, col 15 to line 80, col 65 of module SplitLess_replica_group_expenses: 1452340
@!@!@ENDMSG 2221 @!@!@
@!@!@STARTMSG 2221:0 @!@!@
  |||||||line 258, col 47 to line 258, col 52 of module SplitLess_replica_group_expenses: 726170
@!@!@ENDMSG 2221 @!@!@
@!@!@STARTMSG 2221:0 @!@!@
  ||||||line 259, col 19 to line 259, col 40 of module SplitLess_replica_group_expenses: 726170
@!@!@ENDMSG 2221 @!@!@
@!@!@STARTMSG 2221:0 @!@!@
  ||||line 266, col 50 to line 266, col 58 of module SplitLess_replica_group_expenses: 726170
@!@!@ENDMSG 2221 @!@!@
@!@!@STARTMSG 2221:0 @!@!@
  |||||line 261, col 16 to line 263, col 66 of module SplitLess_replica_group_expenses: 726170
@!@!@ENDMSG 2221 @!@!@
@!@!@STARTMSG 2221:0 @!@!@
  ||||||line 261, col 19 to line 261, col 70 of module SplitLess_replica_group_expenses: 726170
@!@!@ENDMSG 2221 @!@!@
@!@!@STARTMSG 2221:0 @!@!@
  ||||||line 262, col 21 to line 262, col 40 of module SplitLess_replica_group_expenses: 685395
@!@!@ENDMSG 2221 @!@!@
@!@!@STARTMSG 2221:0 @!@!@
  ||||||line 263, col 21 to line 263, col 66 of module SplitLess_replica_group_expenses: 40775
@!@!@ENDMSG 2221 @!@!@
@!@!@STARTMSG 2775:0 @!@!@
  |||||||line 112, col 7 to line 117, col 7 of module SplitLess_replica_group_expenses: 40775:40775
@!@!@ENDMSG 2775 @!@!@
@!@!@STARTMSG 2221:0 @!@!@
  |||||||line 263, col 33 to line 263, col 52 of module SplitLess_replica_group_expenses: 40775
@!@!@ENDMSG 2221 @!@!@
@!@!@STARTMSG 2221:0 @!@!@
  |||||||line 263, col 55 to line 263, col 65 of module SplitLess_replica_group_expenses: 8390
@!@!@ENDMSG 2221 @!@!@
@!@!@STARTMSG 2221:0 @!@!@
  ||||||||line 255, col 16 to line 259, col 42 of module SplitLess_replica_group_expenses: 8390
@!@!@ENDMSG 2221 @!@!@
@!@!@STARTMSG 2221:0 @!@!@
  |||||||||line 255, col 18 to line 255, col 47 of module SplitLess_replica_group_expenses: 8390
@!@!@ENDMSG 2221 @!@!@
@!@!@STARTMSG 2221:0 @!@!@
  |||||||||line 256, col 19 to line 256, col 40 of module SplitLess_replica_group_expenses: 8390
@!@!@ENDMSG 2221 @!@!@
@!@!@STARTMSG 2221:0 @!@!@
  |||||||||line 257, col 19 to line 257, col 115 of module SplitLess_replica_group_expenses: 8390
@!@!@ENDMSG 2221 @!@!@
@!@!@STARTMSG 2221:0 @!@!@
  |||||||||line 258, col 19 to line 258, col 53 of module SplitLess_replica_group_expenses: 8390
@!@!@ENDMSG 2221 @!@!@
@!@!@STARTMSG 2221:0 @!@!@
  |||||||||line 258, col 35 to line 258, col 53 of module SplitLess_replica_group_expenses: 8390
@!@!@ENDMSG 2221 @!@!@
@!@!@STARTMSG 2221:0 @!@!@
  ||||||||||line 78, col 7 to line 80, col 65 of module SplitLess_replica_group_expenses: 25170
@!@!@ENDMSG 2221 @!@!@
@!@!@STARTMSG 2221:0 @!@!@
  |||||||||||line 78, col 10 to line 78, col 22 of module SplitLess_replica_group_expenses: 25170
@!@!@ENDMSG 2221 @!@!@
@!@!@STARTMSG 2221:0 @!@!@
  |||||||||||line 79, col 21 to line 79, col 48 of module SplitLess_replica_group_expenses: 16780
@!@!@ENDMSG 2221 @!@!@
@!@!@STARTMSG 2221:0 @!@!@
  |||||||||||line 80, col 15 to line 80, col 65 of module SplitLess_replica_group_expenses: 16780
@!@!@ENDMSG 2221 @!@!@
@!@!@STARTMSG 2221:0 @!@!@
  ||||||||||line 258, col 47 to line 258, col 52 of module SplitLess_replica_group_expenses: 8390
@!@!@ENDMSG 2221 @!@!@
@!@!@STARTMSG 2221:0 @!@!@
  |||||||||line 259, col 19 to line 259, col 40 of module SplitLess_replica_group_expenses: 8390
@!@!@ENDMSG 2221 @!@!@
@!@!@STARTMSG 2221:0 @!@!@
  line 268, col 18 to line 268, col 51 of module SplitLess_replica_group_expenses: 726170
@!@!@ENDMSG 2221 @!@!@
@!@!@STARTMSG 2772:0 @!@!@
<DeleteExpense line 270, col 1 to line 270, col 13 of module SplitLess_replica_group_expenses (274 9 289 51)>: 62114:245897
@!@!@ENDMSG 2772 @!@!@
@!@!@STARTMSG 2221:0 @!@!@
  line 274, col 12 to line 274, col 40 of module SplitLess_replica_group_expenses: 1701489
@!@!@ENDMSG 2221 @!@!@
@!@!@STARTMSG 2221:0 @!@!@
  |line 274, col 12 to line 274, col 34 of module SplitLess_replica_group_expenses: 1455592
@!@!@ENDMSG 2221 @!@!@
@!@!@STARTMSG 2221:0 @!@!@
  |line 274, col 38 to line 274, col 40 of module SplitLess_replica_group_expenses: 1455592
@!@!@ENDMSG 2221 @!@!@
@!@!@STARTMSG 2221:0 @!@!@
  line 275, col 12 to line 275, col 59 of module SplitLess_replica_group_expenses: 973693
@!@!@ENDMSG 2221 @!@!@
@!@!@STARTMSG 2221:0 @!@!@
  |line 275, col 12 to line 275, col 46 of module SplitLess_replica_group_expenses: 727796
@!@!@ENDMSG 2221 @!@!@
@!@!@STARTMSG 2221:0 @!@!@
  |line 275, col 50 to line 275, col 59 of module SplitLess_replica_group_expenses: 727796
@!@!@ENDMSG 2221 @!@!@
@!@!@STARTMSG 2221:0 @!@!@
  line 276, col 12 to line 276, col 60 of module SplitLess_replica_group_expenses: 831700
@!@!@ENDMSG 2221 @!@!@
@!@!@STARTMSG 2221:0 @!@!@
  |line 276, col 12 to line 276, col 52 of module SplitLess_replica_group_expenses: 585803
@!@!@ENDMSG 2221 @!@!@
@!@!@STARTMSG 2221:0 @!@!@
  |line 276, col 56 to line 276, col 60 of module SplitLess_replica_group_expenses: 585803
@!@!@ENDMSG 2221 @!@!@
@!@!@STARTMSG 2221:0 @!@!@
  line 277, col 12 to line 277, col 62 of module SplitLess_replica_group_expenses: 593037
@!@!@ENDMSG 2221 @!@!@
@!@!@STARTMSG 2221:0 @!@!@
  |line 277, col 12 to line 277, col 54 of module SplitLess_replica_group_expenses: 347140
@!@!@ENDMSG 2221 @!@!@
@!@!@STARTMSG 2221:0 @!@!@
  |line 277, col 58 to line 277, col 62 of module SplitLess_replica_group_expenses: 347140
@!@!@ENDMSG 2221 @!@!@
@!@!@STARTMSG 2221:0 @!@!@
  line 278, col 15 to line 278, col 66 of module SplitLess_replica_group_expenses: 249541
@!@!@ENDMSG 2221 @!@!@
@!@!@STARTMSG 2221:0 @!@!@
  line 71, col 3 to line 71, col 23 of module SplitLess_replica_group_expenses: 38508
@!@!@ENDMSG 2221 @!@!@
@!@!@STARTMSG 2221:0 @!@!@
  |line 71, col 3 to line 71, col 19 of module SplitLess_replica_group_expenses: 21076
@!@!@ENDMSG 2221 @!@!@
@!@!@STARTMSG 2221:0 @!@!@
  line 279, col 29 to line 279, col 106 of module SplitLess_replica_group_expenses: 21076
@!@!@ENDMSG 2221 @!@!@
@!@!@STARTMSG 2221:0 @!@!@
  line 280, col 17 to line 280, col 20 of module SplitLess_replica_group_expenses: 228465
@!@!@ENDMSG 2221 @!@!@
@!@!@STARTMSG 2221:0 @!@!@
  line 288, col 18 to line 288, col 66 of module SplitLess_replica_group_expenses: 245897
@!@!@ENDMSG 2221 @!@!@
@!@!@STARTMSG 2221:0 @!@!@
  |line 288, col 30 to line 288, col 66 of module SplitLess_replica_group_expenses: 245897
@!@!@ENDMSG 2221 @!@!@
@!@!@STARTMSG 2221:0 @!@!@
  ||line 288, col 31 to line 288, col 38 of module SplitLess_replica_group_expenses: 245897
@!@!@ENDMSG 2221 @!@!@
@!@!@STARTMSG 2221:0 @!@!@
  ||line 288, col 47 to line 288, col 65 of module SplitLess_replica_group_expenses: 245897
@!@!@ENDMSG 2221 @!@!@
@!@!@STARTMSG 2221:0 @!@!@
  ||line 288, col 56 to line 288, col 65 of module SplitLess_replica_group_expenses: 245897
@!@!@ENDMSG 2221 @!@!@
@!@!@STARTMSG 2221:0 @!@!@
  |||line 286, col 16 to line 287, col 60 of module SplitLess_replica_group_expenses: 245897
@!@!@ENDMSG 2221 @!@!@
@!@!@STARTMSG 2221:0 @!@!@
  ||||line 286, col 18 to line 286, col 30 of module SplitLess_replica_group_expenses: 245897
@!@!@ENDMSG 2221 @!@!@
@!@!@STARTMSG 2221:0 @!@!@
  ||||line 286, col 39 to line 286, col 70 of module SplitLess_replica_group_expenses: 245897
@!@!@ENDMSG 2221 @!@!@
@!@!@STARTMSG 2221:0 @!@!@
  ||||line 287, col 50 to line 287, col 58 of module SplitLess_replica_group_expenses: 245897
@!@!@ENDMSG 2221 @!@!@
@!@!@STARTMSG 2221:0 @!@!@
  |||||line 284, col 16 to line 284, col 61 of module SplitLess_replica_group_expenses: 245897
@!@!@ENDMSG 2221 @!@!@
@!@!@STARTMSG 2775:0 @!@!@
  ||||||line 112, col 7 to line 117, col 7 of module SplitLess_replica_group_expenses: 245897:245897
@!@!@ENDMSG 2775 @!@!@
@!@!@STARTMSG 2221:0 @!@!@
  ||||||line 284, col 28 to line 284, col 47 of module SplitLess_replica_group_expenses: 245897
@!@!@ENDMSG 2221 @!@!@
@!@!@STARTMSG 2221:0 @!@!@
  ||||||line 284, col 50 to line 284, col 60 of module SplitLess_replica_group_expenses: 127274
@!@!@ENDMSG 2221 @!@!@
@!@!@STARTMSG 2221:0 @!@!@
  line 289, col 18 to line 289, col 51 of module SplitLess_replica_group_expenses: 245897
@!@!@ENDMSG 2221 @!@!@
@!@!@STARTMSG 2772:0 @!@!@
<AcknowledgeShare line 291, col 1 to line 291, col 16 of module SplitLess_replica_group_expenses (295 9 311 40)>: 1600:1752
@!@!@ENDMSG 2772 @!@!@
@!@!@STARTMSG 2221:0 @!@!@
  line 295, col 12 to line 295, col 40 of module SplitLess_replica_group_expenses: 1457344
@!@!@ENDMSG 2221 @!@!@
@!@!@STARTMSG 2221:0 @!@!@
  |line 295, col 12 to line 295, col 34 of module SplitLess_replica_group_expenses: 1455592
@!@!@ENDMSG 2221 @!@!@
@!@!@STARTMSG 2221:0 @!@!@
  |line 295, col 38 to line 295, col 40 of module SplitLess_replica_group_expenses: 1455592
@!@!@ENDMSG 2221 @!@!@
@!@!@STARTMSG 2221:0 @!@!@
  line 296, col 12 to line 296, col 59 of module SplitLess_replica_group_expenses: 729548
@!@!@ENDMSG 2221 @!@!@
@!@!@STARTMSG 2221:0 @!@!@
  |line 296, col 12 to line 296, col 46 of module SplitLess_replica_group_expenses: 727796
@!@!@ENDMSG 2221 @!@!@
@!@!@STARTMSG 2221:0 @!@!@
  |line 296, col 50 to line 296, col 59 of module SplitLess_replica_group_expenses: 727796
@!@!@ENDMSG 2221 @!@!@
@!@!@STARTMSG 2221:0 @!@!@
  line 297, col 12 to line 297, col 62 of module SplitLess_replica_group_expenses: 587555
@!@!@ENDMSG 2221 @!@!@
@!@!@STARTMSG 2221:0 @!@!@
  |line 297, col 12 to line 297, col 54 of module SplitLess_replica_group_expenses: 585803
@!@!@ENDMSG 2221 @!@!@
@!@!@STARTMSG 2221:0 @!@!@
  |line 297, col 58 to line 297, col 62 of module SplitLess_replica_group_expenses: 585803
@!@!@ENDMSG 2221 @!@!@
@!@!@STARTMSG 2221:0 @!@!@
  line 298, col 12 to line 298, col 63 of module SplitLess_replica_group_expenses: 465929
@!@!@ENDMSG 2221 @!@!@
@!@!@STARTMSG 2221:0 @!@!@
  |line 298, col 12 to line 298, col 52 of module SplitLess_replica_group_expenses: 464177
@!@!@ENDMSG 2221 @!@!@
@!@!@STARTMSG 2221:0 @!@!@
  |line 298, col 56 to line 298, col 63 of module SplitLess_replica_group_expenses: 464177
@!@!@ENDMSG 2221 @!@!@
@!@!@STARTMSG 2221:0 @!@!@
  line 71, col 3 to line 71, col 23 of module SplitLess_replica_group_expenses: 30882
@!@!@ENDMSG 2221 @!@!@
@!@!@STARTMSG 2221:0 @!@!@
  |line 71, col 3 to line 71, col 19 of module SplitLess_replica_group_expenses: 29130
@!@!@ENDMSG 2221 @!@!@
@!@!@STARTMSG 2221:0 @!@!@
  line 299, col 21 to line 299, col 98 of module SplitLess_replica_group_expenses: 29130
@!@!@ENDMSG 2221 @!@!@
@!@!@STARTMSG 2221:0 @!@!@
  line 300, col 12 to line 300, col 64 of module SplitLess_replica_group_expenses: 1752
@!@!@ENDMSG 2221 @!@!@
@!@!@STARTMSG 2221:0 @!@!@
  |line 300, col 12 to line 300, col 60 of module SplitLess_replica_group_expenses: 21645
@!@!@ENDMSG 2221 @!@!@
@!@!@STARTMSG 2221:0 @!@!@
  line 301, col 12 to line 301, col 81 of module SplitLess_replica_group_expenses: 18636
@!@!@ENDMSG 2221 @!@!@
@!@!@STARTMSG 2221:0 @!@!@
  |line 301, col 12 to line 301, col 73 of module SplitLess_replica_group_expenses: 16884
@!@!@ENDMSG 2221 @!@!@
@!@!@STARTMSG 2221:0 @!@!@
  |line 301, col 77 to line 301, col 81 of module SplitLess_replica_group_expenses: 16884
@!@!@ENDMSG 2221 @!@!@
@!@!@STARTMSG 2221:0 @!@!@
  line 309, col 18 to line 309, col 66 of module SplitLess_replica_group_expenses: 1752
@!@!@ENDMSG 2221 @!@!@
@!@!@STARTMSG 2221:0 @!@!@
  |line 309, col 30 to line 309, col 66 of module SplitLess_replica_group_expenses: 1752
@!@!@ENDMSG 2221 @!@!@
@!@!@STARTMSG 2221:0 @!@!@
  ||line 309, col 31 to line 309, col 38 of module SplitLess_replica_group_expenses: 1752
@!@!@ENDMSG 2221 @!@!@
@!@!@STARTMSG 2221:0 @!@!@
  ||line 309, col 47 to line 309, col 65 of module SplitLess_replica_group_expenses: 1752
@!@!@ENDMSG 2221 @!@!@
@!@!@STARTMSG 2221:0 @!@!@
  ||line 309, col 56 to line 309, col 65 of module SplitLess_replica_group_expenses: 1752
@!@!@ENDMSG 2221 @!@!@
@!@!@STARTMSG 2221:0 @!@!@
  |||line 307, col 16 to line 308, col 60 of module SplitLess_replica_group_expenses: 1752
@!@!@ENDMSG 2221 @!@!@
@!@!@STARTMSG 2221:0 @!@!@
  ||||line 307, col 18 to line 307, col 30 of module SplitLess_replica_group_expenses: 1752
@!@!@ENDMSG 2221 @!@!@
@!@!@STARTMSG 2221:0 @!@!@
  ||||line 307, col 39 to line 307, col 70 of module SplitLess_replica_group_expenses: 1752
@!@!@ENDMSG 2221 @!@!@
@!@!@STARTMSG 2221:0 @!@!@
  ||||line 308, col 50 to line 308, col 58 of module SplitLess_replica_group_expenses: 1752
@!@!@ENDMSG 2221 @!@!@
@!@!@STARTMSG 2221:0 @!@!@
  |||||line 305, col 16 to line 305, col 61 of module SplitLess_replica_group_expenses: 1752
@!@!@ENDMSG 2221 @!@!@
@!@!@STARTMSG 2775:0 @!@!@
  ||||||line 112, col 7 to line 117, col 7 of module SplitLess_replica_group_expenses: 1752:1752
@!@!@ENDMSG 2775 @!@!@
@!@!@STARTMSG 2221:0 @!@!@
  ||||||line 305, col 28 to line 305, col 47 of module SplitLess_replica_group_expenses: 1752
@!@!@ENDMSG 2221 @!@!@
@!@!@STARTMSG 2221:0 @!@!@
  ||||||line 305, col 50 to line 305, col 60 of module SplitLess_replica_group_expenses: 162
@!@!@ENDMSG 2221 @!@!@
@!@!@STARTMSG 2221:0 @!@!@
  line 311, col 18 to line 311, col 40 of module SplitLess_replica_group_expenses: 1752
@!@!@ENDMSG 2221 @!@!@
@!@!@STARTMSG 2772:0 @!@!@
<PayerAbsorbsLeftMemberShare line 315, col 1 to line 315, col 27 of module SplitLess_replica_group_expenses (320 9 349 46)>: 392:419
@!@!@ENDMSG 2772 @!@!@
@!@!@STARTMSG 2221:0 @!@!@
  line 320, col 12 to line 320, col 40 of module SplitLess_replica_group_expenses: 2911559
@!@!@ENDMSG 2221 @!@!@
@!@!@STARTMSG 2221:0 @!@!@
  |line 320, col 12 to line 320, col 34 of module SplitLess_replica_group_expenses: 2911141
@!@!@ENDMSG 2221 @!@!@
@!@!@STARTMSG 2221:0 @!@!@
  |line 320, col 38 to line 320, col 40 of module SplitLess_replica_group_expenses: 2911141
@!@!@ENDMSG 2221 @!@!@
@!@!@STARTMSG 2221:0 @!@!@
  line 321, col 12 to line 321, col 59 of module SplitLess_replica_group_expenses: 1455990
@!@!@ENDMSG 2221 @!@!@
@!@!@STARTMSG 2221:0 @!@!@
  |line 321, col 12 to line 321, col 46 of module SplitLess_replica_group_expenses: 1455572
@!@!@ENDMSG 2221 @!@!@
@!@!@STARTMSG 2221:0 @!@!@
  |line 321, col 50 to line 321, col 59 of module SplitLess_replica_group_expenses: 1455572
@!@!@ENDMSG 2221 @!@!@
@!@!@STARTMSG 2221:0 @!@!@
  line 322, col 12 to line 322, col 62 of module SplitLess_replica_group_expenses: 1172022
@!@!@ENDMSG 2221 @!@!@
@!@!@STARTMSG 2221:0 @!@!@
  |line 322, col 12 to line 322, col 54 of module SplitLess_replica_group_expenses: 1171604
@!@!@ENDMSG 2221 @!@!@
@!@!@STARTMSG 2221:0 @!@!@
  |line 322, col 58 to line 322, col 62 of module SplitLess_replica_group_expenses: 1171604
@!@!@ENDMSG 2221 @!@!@
@!@!@STARTMSG 2221:0 @!@!@
  line 323, col 12 to line 323, col 60 of module SplitLess_replica_group_expenses: 928770
@!@!@ENDMSG 2221 @!@!@
@!@!@STARTMSG 2221:0 @!@!@
  |line 323, col 12 to line 323, col 52 of module SplitLess_replica_group_expenses: 928352
@!@!@ENDMSG 2221 @!@!@
@!@!@STARTMSG 2221:0 @!@!@
  |line 323, col 56 to line 323, col 60 of module SplitLess_replica_group_expenses: 928352
@!@!@ENDMSG 2221 @!@!@
@!@!@STARTMSG 2221:0 @!@!@
  line 324, col 12 to line 324, col 63 of module SplitLess_replica_group_expenses: 499498
@!@!@ENDMSG 2221 @!@!@
@!@!@STARTMSG 2221:0 @!@!@
  |line 324, col 12 to line 324, col 52 of module SplitLess_replica_group_expenses: 499080
@!@!@ENDMSG 2221 @!@!@
@!@!@STARTMSG 2221:0 @!@!@
  |line 324, col 56 to line 324, col 63 of module SplitLess_replica_group_expenses: 499080
@!@!@ENDMSG 2221 @!@!@
@!@!@STARTMSG 2221:0 @!@!@
  line 326, col 18 to line 326, col 53 of module SplitLess_replica_group_expenses: 42568
@!@!@ENDMSG 2221 @!@!@
@!@!@STARTMSG 2221:0 @!@!@
  |line 326, col 18 to line 326, col 42 of module SplitLess_replica_group_expenses: 42150
@!@!@ENDMSG 2221 @!@!@
@!@!@STARTMSG 2221:0 @!@!@
  |line 326, col 46 to line 326, col 53 of module SplitLess_replica_group_expenses: 42150
@!@!@ENDMSG 2221 @!@!@
@!@!@STARTMSG 2221:0 @!@!@
  line 327, col 18 to line 327, col 73 of module SplitLess_replica_group_expenses: 42568
@!@!@ENDMSG 2221 @!@!@
@!@!@STARTMSG 2221:0 @!@!@
  |line 327, col 19 to line 327, col 73 of module SplitLess_replica_group_expenses: 42150
@!@!@ENDMSG 2221 @!@!@
@!@!@STARTMSG 2221:0 @!@!@
  line 74, col 3 to line 74, col 19 of module SplitLess_replica_group_expenses: 418
@!@!@ENDMSG 2221 @!@!@
@!@!@STARTMSG 2221:0 @!@!@
  |line 74, col 3 to line 74, col 15 of module SplitLess_replica_group_expenses: 12170
@!@!@ENDMSG 2221 @!@!@
@!@!@STARTMSG 2221:0 @!@!@
  line 328, col 32 to line 328, col 76 of module SplitLess_replica_group_expenses: 12170
@!@!@ENDMSG 2221 @!@!@
@!@!@STARTMSG 2221:0 @!@!@
  line 329, col 18 to line 329, col 75 of module SplitLess_replica_group_expenses: 418
@!@!@ENDMSG 2221 @!@!@
@!@!@STARTMSG 2221:0 @!@!@
  |line 329, col 18 to line 329, col 71 of module SplitLess_replica_group_expenses: 4333
@!@!@ENDMSG 2221 @!@!@
@!@!@STARTMSG 2221:0 @!@!@
  line 330, col 18 to line 330, col 92 of module SplitLess_replica_group_expenses: 3829
@!@!@ENDMSG 2221 @!@!@
@!@!@STARTMSG 2221:0 @!@!@
  |line 330, col 18 to line 330, col 84 of module SplitLess_replica_group_expenses: 3411
@!@!@ENDMSG 2221 @!@!@
@!@!@STARTMSG 2221:0 @!@!@
  |line 330, col 88 to line 330, col 92 of module SplitLess_replica_group_expenses: 3411
@!@!@ENDMSG 2221 @!@!@
@!@!@STARTMSG 2221:0 @!@!@
  line 348, col 24 to line 348, col 72 of module SplitLess_replica_group_expenses: 418
@!@!@ENDMSG 2221 @!@!@
@!@!@STARTMSG 2221:0 @!@!@
  |line 348, col 36 to line 348, col 72 of module SplitLess_replica_group_expenses: 419
@!@!@ENDMSG 2221 @!@!@
@!@!@STARTMSG 2221:0 @!@!@
  line 349, col 24 to line 349, col 46 of module SplitLess_replica_group_expenses: 418
@!@!@ENDMSG 2221 @!@!@
@!@!@STARTMSG 2772:0 @!@!@
<RejoinToAcknowledge line 353, col 1 to line 353, col 19 of module SplitLess_replica_group_expenses (357 9 371 40)>: 407:424
@!@!@ENDMSG 2772 @!@!@
@!@!@STARTMSG 2221:0 @!@!@
  line 357, col 12 to line 357, col 42 of module SplitLess_replica_group_expenses: 1455992
@!@!@ENDMSG 2221 @!@!@
@!@!@STARTMSG 2221:0 @!@!@
  |line 357, col 12 to line 357, col 36 of module SplitLess_replica_group_expenses: 1455568
@!@!@ENDMSG 2221 @!@!@
@!@!@STARTMSG 2221:0 @!@!@
  |line 357, col 40 to line 357, col 42 of module SplitLess_replica_group_expenses: 1455568
@!@!@ENDMSG 2221 @!@!@
@!@!@STARTMSG 2221:0 @!@!@
  line 358, col 12 to line 358, col 47 of module SplitLess_replica_group_expenses: 728208
@!@!@ENDMSG 2221 @!@!@
@!@!@STARTMSG 2221:0 @!@!@
  |line 358, col 12 to line 358, col 36 of module SplitLess_replica_group_expenses: 727784
@!@!@ENDMSG 2221 @!@!@
@!@!@STARTMSG 2221:0 @!@!@
  |line 358, col 40 to line 358, col 47 of module SplitLess_replica_group_expenses: 727784
@!@!@ENDMSG 2221 @!@!@
@!@!@STARTMSG 2221:0 @!@!@
  line 71, col 3 to line 71, col 23 of module SplitLess_replica_group_expenses: 499088
@!@!@ENDMSG 2221 @!@!@
@!@!@STARTMSG 2221:0 @!@!@
  |line 71, col 3 to line 71, col 19 of module SplitLess_replica_group_expenses: 498664
@!@!@ENDMSG 2221 @!@!@
@!@!@STARTMSG 2221:0 @!@!@
  line 359, col 21 to line 359, col 62 of module SplitLess_replica_group_expenses: 498664
@!@!@ENDMSG 2221 @!@!@
@!@!@STARTMSG 2221:0 @!@!@
  line 360, col 12 to line 360, col 65 of module SplitLess_replica_group_expenses: 249762
@!@!@ENDMSG 2221 @!@!@
@!@!@STARTMSG 2221:0 @!@!@
  |line 360, col 13 to line 360, col 65 of module SplitLess_replica_group_expenses: 249338
@!@!@ENDMSG 2221 @!@!@
@!@!@STARTMSG 2221:0 @!@!@
  line 74, col 3 to line 74, col 19 of module SplitLess_replica_group_expenses: 424
@!@!@ENDMSG 2221 @!@!@
@!@!@STARTMSG 2221:0 @!@!@
  |line 74, col 3 to line 74, col 15 of module SplitLess_replica_group_expenses: 68248
@!@!@ENDMSG 2221 @!@!@
@!@!@STARTMSG 2221:0 @!@!@
  line 361, col 26 to line 361, col 68 of module SplitLess_replica_group_expenses: 68248
@!@!@ENDMSG 2221 @!@!@
@!@!@STARTMSG 2221:0 @!@!@
  line 363, col 17 to line 363, col 64 of module SplitLess_replica_group_expenses: 9014
@!@!@ENDMSG 2221 @!@!@
@!@!@STARTMSG 2221:0 @!@!@
  |line 363, col 17 to line 363, col 51 of module SplitLess_replica_group_expenses: 8590
@!@!@ENDMSG 2221 @!@!@
@!@!@STARTMSG 2221:0 @!@!@
  |line 363, col 55 to line 363, col 64 of module SplitLess_replica_group_expenses: 8590
@!@!@ENDMSG 2221 @!@!@
@!@!@STARTMSG 2221:0 @!@!@
  line 364, col 17 to line 364, col 63 of module SplitLess_replica_group_expenses: 6740
@!@!@ENDMSG 2221 @!@!@
@!@!@STARTMSG 2221:0 @!@!@
  |line 364, col 17 to line 364, col 57 of module SplitLess_replica_group_expenses: 6316
@!@!@ENDMSG 2221 @!@!@
@!@!@STARTMSG 2221:0 @!@!@
  |line 364, col 61 to line 364, col 63 of module SplitLess_replica_group_expenses: 6316
@!@!@ENDMSG 2221 @!@!@
@!@!@STARTMSG 2221:0 @!@!@
  line 365, col 17 to line 365, col 72 of module SplitLess_replica_group_expenses: 424
@!@!@ENDMSG 2221 @!@!@
@!@!@STARTMSG 2221:0 @!@!@
  |line 365, col 17 to line 365, col 68 of module SplitLess_replica_group_expenses: 1012
@!@!@ENDMSG 2221 @!@!@
@!@!@STARTMSG 2221:0 @!@!@
  line 366, col 17 to line 366, col 89 of module SplitLess_replica_group_expenses: 1031
@!@!@ENDMSG 2221 @!@!@
@!@!@STARTMSG 2221:0 @!@!@
  |line 366, col 17 to line 366, col 81 of module SplitLess_replica_group_expenses: 607
@!@!@ENDMSG 2221 @!@!@
@!@!@STARTMSG 2221:0 @!@!@
  |line 366, col 85 to line 366, col 89 of module SplitLess_replica_group_expenses: 607
@!@!@ENDMSG 2221 @!@!@
@!@!@STARTMSG 2221:0 @!@!@
  line 362, col 23 to line 362, col 42 of module SplitLess_replica_group_expenses: 4295
@!@!@ENDMSG 2221 @!@!@
@!@!@STARTMSG 2221:0 @!@!@
  line 370, col 18 to line 370, col 66 of module SplitLess_replica_group_expenses: 424
@!@!@ENDMSG 2221 @!@!@
@!@!@STARTMSG 2221:0 @!@!@
  line 371, col 18 to line 371, col 40 of module SplitLess_replica_group_expenses: 424
@!@!@ENDMSG 2221 @!@!@
@!@!@STARTMSG 2772:0 @!@!@
<MergeReplicas line 424, col 1 to line 424, col 13 of module SplitLess_replica_group_expenses (426 5 445 35)>: 45459:363892
@!@!@ENDMSG 2772 @!@!@
@!@!@STARTMSG 2221:0 @!@!@
  line 426, col 8 to line 426, col 24 of module SplitLess_replica_group_expenses: 1091674
@!@!@ENDMSG 2221 @!@!@
@!@!@STARTMSG 2221:0 @!@!@
  |line 426, col 8 to line 426, col 13 of module SplitLess_replica_group_expenses: 727782
@!@!@ENDMSG 2221 @!@!@
@!@!@STARTMSG 2221:0 @!@!@
  |line 426, col 17 to line 426, col 24 of module SplitLess_replica_group_expenses: 727782
@!@!@ENDMSG 2221 @!@!@
@!@!@STARTMSG 2221:0 @!@!@
  line 444, col 10 to line 444, col 61 of module SplitLess_replica_group_expenses: 363892
@!@!@ENDMSG 2221 @!@!@
@!@!@STARTMSG 2221:0 @!@!@
  line 445, col 13 to line 445, col 35 of module SplitLess_replica_group_expenses: 363892
@!@!@ENDMSG 2221 @!@!@
@!@!@STARTMSG 2772:0 @!@!@
<Next line 451, col 1 to line 451, col 4 of module SplitLess_replica_group_expenses (464 8 464 44)>: 0:181944
@!@!@ENDMSG 2772 @!@!@
@!@!@STARTMSG 2221:0 @!@!@
  line 464, col 8 to line 464, col 44 of module SplitLess_replica_group_expenses: 181944
@!@!@ENDMSG 2221 @!@!@
@!@!@STARTMSG 2774:0 @!@!@
<TypeOK line 472, col 1 to line 472, col 6 of module SplitLess_replica_group_expenses>
@!@!@ENDMSG 2774 @!@!@
@!@!@STARTMSG 2221:0 @!@!@
  line 473, col 3 to line 477, col 60 of module SplitLess_replica_group_expenses: 1090693
@!@!@ENDMSG 2221 @!@!@
@!@!@STARTMSG 2221:0 @!@!@
  |line 474, col 5 to line 477, col 60 of module SplitLess_replica_group_expenses: 2181386
@!@!@ENDMSG 2221 @!@!@
@!@!@STARTMSG 2221:0 @!@!@
  |line 473, col 14 to line 473, col 33 of module SplitLess_replica_group_expenses: 1090693
@!@!@ENDMSG 2221 @!@!@
@!@!@STARTMSG 2774:0 @!@!@
<Inv_Conservation_of_amount line 479, col 1 to line 479, col 26 of module SplitLess_replica_group_expenses>
@!@!@ENDMSG 2774 @!@!@
@!@!@STARTMSG 2221:0 @!@!@
  line 480, col 3 to line 484, col 43 of module SplitLess_replica_group_expenses: 1090693
@!@!@ENDMSG 2221 @!@!@
@!@!@STARTMSG 2221:0 @!@!@
  |line 481, col 5 to line 484, col 43 of module SplitLess_replica_group_expenses: 2181385
@!@!@ENDMSG 2221 @!@!@
@!@!@STARTMSG 2221:0 @!@!@
  ||line 482, col 7 to line 484, col 43 of module SplitLess_replica_group_expenses: 4362769
@!@!@ENDMSG 2221 @!@!@
@!@!@STARTMSG 2221:0 @!@!@
  |||line 482, col 7 to line 482, col 54 of module SplitLess_replica_group_expenses: 4362769
@!@!@ENDMSG 2221 @!@!@
@!@!@STARTMSG 2221:0 @!@!@
  |||line 483, col 18 to line 483, col 52 of module SplitLess_replica_group_expenses: 3598757
@!@!@ENDMSG 2221 @!@!@
@!@!@STARTMSG 2221:0 @!@!@
  |||line 484, col 12 to line 484, col 43 of module SplitLess_replica_group_expenses: 3598757
@!@!@ENDMSG 2221 @!@!@
@!@!@STARTMSG 2221:0 @!@!@
  ||||line 484, col 12 to line 484, col 19 of module SplitLess_replica_group_expenses: 3598757
@!@!@ENDMSG 2221 @!@!@
@!@!@STARTMSG 2221:0 @!@!@
  ||||line 484, col 23 to line 484, col 43 of module SplitLess_replica_group_expenses: 3598757
@!@!@ENDMSG 2221 @!@!@
@!@!@STARTMSG 2221:0 @!@!@
  |||||line 78, col 7 to line 80, col 65 of module SplitLess_replica_group_expenses: 10796271
@!@!@ENDMSG 2221 @!@!@
@!@!@STARTMSG 2221:0 @!@!@
  ||||||line 78, col 10 to line 78, col 22 of module SplitLess_replica_group_expenses: 10796271
@!@!@ENDMSG 2221 @!@!@
@!@!@STARTMSG 2221:0 @!@!@
  ||||||line 79, col 21 to line 79, col 48 of module SplitLess_replica_group_expenses: 7197514
@!@!@ENDMSG 2221 @!@!@
@!@!@STARTMSG 2221:0 @!@!@
  ||||||line 80, col 15 to line 80, col 65 of module SplitLess_replica_group_expenses: 7197514
@!@!@ENDMSG 2221 @!@!@
@!@!@STARTMSG 2221:0 @!@!@
  |||||line 484, col 35 to line 484, col 42 of module SplitLess_replica_group_expenses: 3598757
@!@!@ENDMSG 2221 @!@!@
@!@!@STARTMSG 2221:0 @!@!@
  ||line 481, col 16 to line 481, col 35 of module SplitLess_replica_group_expenses: 2181385
@!@!@ENDMSG 2221 @!@!@
@!@!@STARTMSG 2221:0 @!@!@
  |line 480, col 14 to line 480, col 33 of module SplitLess_replica_group_expenses: 1090693
@!@!@ENDMSG 2221 @!@!@
@!@!@STARTMSG 2774:0 @!@!@
<Inv_ExpenseGroupExists line 486, col 1 to line 486, col 22 of module SplitLess_replica_group_expenses>
@!@!@ENDMSG 2774 @!@!@
@!@!@STARTMSG 2221:0 @!@!@
  line 487, col 3 to line 493, col 85 of module SplitLess_replica_group_expenses: 1090692
@!@!@ENDMSG 2221 @!@!@
@!@!@STARTMSG 2221:0 @!@!@
  |line 488, col 5 to line 493, col 85 of module SplitLess_replica_group_expenses: 2181384
@!@!@ENDMSG 2221 @!@!@
@!@!@STARTMSG 2221:0 @!@!@
  ||line 489, col 7 to line 493, col 85 of module SplitLess_replica_group_expenses: 4362768
@!@!@ENDMSG 2221 @!@!@
@!@!@STARTMSG 2221:0 @!@!@
  |||line 489, col 7 to line 491, col 61 of module SplitLess_replica_group_expenses: 4362768
@!@!@ENDMSG 2221 @!@!@
@!@!@STARTMSG 2221:0 @!@!@
  ||||line 489, col 10 to line 489, col 57 of module SplitLess_replica_group_expenses: 4362768
@!@!@ENDMSG 2221 @!@!@
@!@!@STARTMSG 2221:0 @!@!@
  ||||line 490, col 10 to line 490, col 60 of module SplitLess_replica_group_expenses: 3598756
@!@!@ENDMSG 2221 @!@!@
@!@!@STARTMSG 2221:0 @!@!@
  ||||line 491, col 10 to line 491, col 61 of module SplitLess_replica_group_expenses: 2892224
@!@!@ENDMSG 2221 @!@!@
@!@!@STARTMSG 2221:0 @!@!@
  |||line 493, col 10 to line 493, col 85 of module SplitLess_replica_group_expenses: 253628
@!@!@ENDMSG 2221 @!@!@
@!@!@STARTMSG 2221:0 @!@!@
  ||line 488, col 16 to line 488, col 35 of module SplitLess_replica_group_expenses: 2181384
@!@!@ENDMSG 2221 @!@!@
@!@!@STARTMSG 2221:0 @!@!@
  |line 487, col 14 to line 487, col 33 of module SplitLess_replica_group_expenses: 1090692
@!@!@ENDMSG 2221 @!@!@
@!@!@STARTMSG 2774:0 @!@!@
<Inv_GroupBalanceZero line 496, col 1 to line 496, col 20 of module SplitLess_replica_group_expenses>
@!@!@ENDMSG 2774 @!@!@
@!@!@STARTMSG 2221:0 @!@!@
  line 497, col 3 to line 505, col 60 of module SplitLess_replica_group_expenses: 1090692
@!@!@ENDMSG 2221 @!@!@
@!@!@STARTMSG 2221:0 @!@!@
  |line 498, col 5 to line 505, col 60 of module SplitLess_replica_group_expenses: 2181384
@!@!@ENDMSG 2221 @!@!@
@!@!@STARTMSG 2221:0 @!@!@
  ||line 499, col 7 to line 505, col 60 of module SplitLess_replica_group_expenses: 2181384
@!@!@ENDMSG 2221 @!@!@
@!@!@STARTMSG 2221:0 @!@!@
  |||line 499, col 7 to line 499, col 42 of module SplitLess_replica_group_expenses: 2181384
@!@!@ENDMSG 2221 @!@!@
@!@!@STARTMSG 2775:0 @!@!@
  |||line 502, col 15 to line 502, col 82 of module SplitLess_replica_group_expenses: 1637743:3962871
@!@!@ENDMSG 2775 @!@!@
@!@!@STARTMSG 2221:0 @!@!@
  ||||line 502, col 31 to line 502, col 81 of module SplitLess_replica_group_expenses: 3275486
@!@!@ENDMSG 2221 @!@!@
@!@!@STARTMSG 2221:0 @!@!@
  ||||line 502, col 23 to line 502, col 27 of module SplitLess_replica_group_expenses: 1637743
@!@!@ENDMSG 2221 @!@!@
@!@!@STARTMSG 2221:0 @!@!@
  |||line 504, col 15 to line 504, col 80 of module SplitLess_replica_group_expenses: 1637743
@!@!@ENDMSG 2221 @!@!@
@!@!@STARTMSG 2221:0 @!@!@
  ||||line 78, col 7 to line 80, col 65 of module SplitLess_replica_group_expenses: 3962871
@!@!@ENDMSG 2221 @!@!@
@!@!@STARTMSG 2221:0 @!@!@
  |||||line 78, col 10 to line 78, col 22 of module SplitLess_replica_group_expenses: 3962871
@!@!@ENDMSG 2221 @!@!@
@!@!@STARTMSG 2221:0 @!@!@
  |||||line 79, col 21 to line 79, col 48 of module SplitLess_replica_group_expenses: 2325128
@!@!@ENDMSG 2221 @!@!@
@!@!@STARTMSG 2221:0 @!@!@
  |||||line 80, col 15 to line 80, col 65 of module SplitLess_replica_group_expenses: 2325128
@!@!@ENDMSG 2221 @!@!@
@!@!@STARTMSG 2775:0 @!@!@
  ||||line 504, col 27 to line 504, col 79 of module SplitLess_replica_group_expenses: 1637743:2325128
@!@!@ENDMSG 2775 @!@!@
@!@!@STARTMSG 2221:0 @!@!@
  |||line 505, col 12 to line 505, col 60 of module SplitLess_replica_group_expenses: 1637743
@!@!@ENDMSG 2221 @!@!@
@!@!@STARTMSG 2221:0 @!@!@
  ||line 498, col 16 to line 498, col 33 of module SplitLess_replica_group_expenses: 2181384
@!@!@ENDMSG 2221 @!@!@
@!@!@STARTMSG 2221:0 @!@!@
  |line 497, col 14 to line 497, col 33 of module SplitLess_replica_group_expenses: 1090692
@!@!@ENDMSG 2221 @!@!@
@!@!@STARTMSG 2202:0 @!@!@
End of statistics.
@!@!@ENDMSG 2202 @!@!@
@!@!@STARTMSG 2200:0 @!@!@
Progress(11) at 2025-12-13 12:27:08: 1,959,352 states generated (1,106,770 s/min), 225,054 distinct states found (127,125 ds/min), 43,108 states left on queue.
@!@!@ENDMSG 2200 @!@!@
@!@!@STARTMSG 2199:0 @!@!@
1959352 states generated, 225054 distinct states found, 43108 states left on queue.
@!@!@ENDMSG 2199 @!@!@
@!@!@STARTMSG 2194:0 @!@!@
The depth of the complete state graph search is 11.
@!@!@ENDMSG 2194 @!@!@
@!@!@STARTMSG 2268:0 @!@!@
The average outdegree of the complete state graph is 1 (minimum is 0, the maximum 15 and the 95th percentile is 6).
@!@!@ENDMSG 2268 @!@!@
@!@!@STARTMSG 2186:0 @!@!@
Finished in 106239ms at (2025-12-13 12:27:08)
@!@!@ENDMSG 2186 @!@!@
